(869, 'Audit Success', '0000-00-00 00:00:00.000000', 'Microsoft-Windows-Security-Auditing', '5140', 'File Share', 'A network share object was accessed.\r\n	\r\nSubject:\r\n	Security ID:		ATOM\\WINDOWS10$\r\n	Account Name:		WINDOWS10$\r\n	Account Domain:		ATOM\r\n	Logon ID:		0x3C8F0F\r\n\r\nNetwork Information:	\r\n	Object Type:		File\r\n	Source Address:		172.16.117.35\r\n	Source Port:		50607\r\n	\r\nShare Information:\r\n	Share Name:		\\\\*\\IPC$\r\n	Share Path:		\r\n\r\nAccess Request Information:\r\n	Access Mask:		0x1\r\n	Accesses:		ReadData (or ListDirectory)\r\n				\r\n'),
(870, 'Audit Success', '0000-00-00 00:00:00.000000', 'Microsoft-Windows-Security-Auditing', '5140', 'File Share', 'A network share object was accessed.\r\n	\r\nSubject:\r\n	Security ID:		SYSTEM\r\n	Account Name:		SERVER2019$\r\n	Account Domain:		ATOM\r\n	Logon ID:		0x3C7F47\r\n\r\nNetwork Information:	\r\n	Object Type:		File\r\n	Source Address:		fe80::18fd:2a50:fe66:a983\r\n	Source Port:		57243\r\n	\r\nShare Information:\r\n	Share Name:		\\\\*\\SYSVOL\r\n	Share Path:		\\??\\C:\\Windows\\SYSVOL\\sysvol\r\n\r\nAccess Request Information:\r\n	Access Mask:		0x1\r\n	Accesses:		ReadData (or ListDirectory)\r\n				\r\n'),
(871, 'Audit Success', '0000-00-00 00:00:00.000000', 'Microsoft-Windows-Security-Auditing', '5140', 'File Share', 'A network share object was accessed.\r\n	\r\nSubject:\r\n	Security ID:		SYSTEM\r\n	Account Name:		SERVER2019$\r\n	Account Domain:		ATOM\r\n	Logon ID:		0x3B81F5\r\n\r\nNetwork Information:	\r\n	Object Type:		File\r\n	Source Address:		fe80::18fd:2a50:fe66:a983\r\n	Source Port:		56931\r\n	\r\nShare Information:\r\n	Share Name:		\\\\*\\SYSVOL\r\n	Share Path:		\\??\\C:\\Windows\\SYSVOL\\sysvol\r\n\r\nAccess Request Information:\r\n	Access Mask:		0x1\r\n	Accesses:		ReadData (or ListDirectory)\r\n				\r\n'),
(872, 'Audit Success', '0000-00-00 00:00:00.000000', 'Microsoft-Windows-Security-Auditing', '5140', 'File Share', 'A network share object was accessed.\r\n	\r\nSubject:\r\n	Security ID:		SYSTEM\r\n	Account Name:		SERVER2019$\r\n	Account Domain:		ATOM\r\n	Logon ID:		0x3C2461\r\n\r\nNetwork Information:	\r\n	Object Type:		File\r\n	Source Address:		fe80::18fd:2a50:fe66:a983\r\n	Source Port:		56931\r\n	\r\nShare Information:\r\n	Share Name:		\\\\*\\IPC$\r\n	Share Path:		\r\n\r\nAccess Request Information:\r\n	Access Mask:		0x1\r\n	Accesses:		ReadData (or ListDirectory)\r\n				\r\n'),
(873, 'Audit Success', '0000-00-00 00:00:00.000000', 'Microsoft-Windows-Security-Auditing', '5140', 'File Share', 'A network share object was accessed.\r\n	\r\nSubject:\r\n	Security ID:		SYSTEM\r\n	Account Name:		SERVER2019$\r\n	Account Domain:		ATOM\r\n	Logon ID:		0x3BECF0\r\n\r\nNetwork Information:	\r\n	Object Type:		File\r\n	Source Address:		fe80::18fd:2a50:fe66:a983\r\n	Source Port:		57238\r\n	\r\nShare Information:\r\n	Share Name:		\\\\*\\SYSVOL\r\n	Share Path:		\\??\\C:\\Windows\\SYSVOL\\sysvol\r\n\r\nAccess Request Information:\r\n	Access Mask:		0x1\r\n	Accesses:		ReadData (or ListDirectory)\r\n				\r\n');
INSERT INTO `adsecurity` (`ID`, `level`, `date`, `source`, `event_id`, `task-category`, `description`) VALUES
(874, 'Audit Success', '0000-00-00 00:00:00.000000', 'Microsoft-Windows-Security-Auditing', '5140', 'File Share', 'A network share object was accessed.\r\n	\r\nSubject:\r\n	Security ID:		SYSTEM\r\n	Account Name:		SERVER2019$\r\n	Account Domain:		ATOM\r\n	Logon ID:		0x3C2461\r\n\r\nNetwork Information:	\r\n	Object Type:		File\r\n	Source Address:		fe80::18fd:2a50:fe66:a983\r\n	Source Port:		56931\r\n	\r\nShare Information:\r\n	Share Name:		\\\\*\\SYSVOL\r\n	Share Path:		\\??\\C:\\Windows\\SYSVOL\\sysvol\r\n\r\nAccess Request Information:\r\n	Access Mask:		0x1\r\n	Accesses:		ReadData (or ListDirectory)\r\n				\r\n'),
(875, 'Audit Success', '0000-00-00 00:00:00.000000', 'Microsoft-Windows-Security-Auditing', '5140', 'File Share', 'A network share object was accessed.\r\n	\r\nSubject:\r\n	Security ID:		SYSTEM\r\n	Account Name:		SERVER2019$\r\n	Account Domain:		ATOM\r\n	Logon ID:		0x3B9E5D\r\n\r\nNetwork Information:	\r\n	Object Type:		File\r\n	Source Address:		fe80::18fd:2a50:fe66:a983\r\n	Source Port:		57227\r\n	\r\nShare Information:\r\n	Share Name:		\\\\*\\SYSVOL\r\n	Share Path:		\\??\\C:\\Windows\\SYSVOL\\sysvol\r\n\r\nAccess Request Information:\r\n	Access Mask:		0x1\r\n	Accesses:		ReadData (or ListDirectory)\r\n				\r\n'),
(876, 'Audit Success', '0000-00-00 00:00:00.000000', 'Microsoft-Windows-Security-Auditing', '5140', 'File Share', 'A network share object was accessed.\r\n	\r\nSubject:\r\n	Security ID:		ATOM\\WINDOWS10$\r\n	Account Name:		WINDOWS10$\r\n	Account Domain:		ATOM\r\n	Logon ID:		0x3D8606\r\n\r\nNetwork Information:	\r\n	Object Type:		File\r\n	Source Address:		172.16.117.35\r\n	Source Port:		50651\r\n	\r\nShare Information:\r\n	Share Name:		\\\\*\\IPC$\r\n	Share Path:		\r\n\r\nAccess Request Information:\r\n	Access Mask:		0x1\r\n	Accesses:		ReadData (or ListDirectory)\r\n				\r\n'),
(877, 'Audit Success', '0000-00-00 00:00:00.000000', 'Microsoft-Windows-Security-Auditing', '5140', 'File Share', 'A network share object was accessed.\r\n	\r\nSubject:\r\n	Security ID:		SYSTEM\r\n	Account Name:		SERVER2019$\r\n	Account Domain:		ATOM\r\n	Logon ID:		0x3D7972\r\n\r\nNetwork Information:	\r\n	Object Type:		File\r\n	Source Address:		fe80::18fd:2a50:fe66:a983\r\n	Source Port:		57282\r\n	\r\nShare Information:\r\n	Share Name:		\\\\*\\SYSVOL\r\n	Share Path:		\\??\\C:\\Windows\\SYSVOL\\sysvol\r\n\r\nAccess Request Information:\r\n	Access Mask:		0x1\r\n	Accesses:		ReadData (or ListDirectory)\r\n				\r\n'),
(878, 'Audit Success', '0000-00-00 00:00:00.000000', 'Microsoft-Windows-Security-Auditing', '5140', 'File Share', 'A network share object was accessed.\r\n	\r\nSubject:\r\n	Security ID:		NETWORK SERVICE\r\n	Account Name:		SERVER2019$\r\n	Account Domain:		ATOM\r\n	Logon ID:		0x3E4\r\n\r\nNetwork Information:	\r\n	Object Type:		File\r\n	Source Address:		fe80::18fd:2a50:fe66:a983\r\n	Source Port:		57208\r\n	\r\nShare Information:\r\n	Share Name:		\\\\*\\IPC$\r\n	Share Path:		\r\n\r\nAccess Request Information:\r\n	Access Mask:		0x1\r\n	Accesses:		ReadData (or ListDirectory)\r\n				\r\n'),
(879, 'Audit Success', '0000-00-00 00:00:00.000000', 'Microsoft-Windows-Security-Auditing', '5140', 'File Share', 'A network share object was accessed.\r\n	\r\nSubject:\r\n	Security ID:		SYSTEM\r\n	Account Name:		SERVER2019$\r\n	Account Domain:		ATOM\r\n	Logon ID:		0x3DAC17\r\n\r\nNetwork Information:	\r\n	Object Type:		File\r\n	Source Address:		fe80::18fd:2a50:fe66:a983\r\n	Source Port:		56931\r\n	\r\nShare Information:\r\n	Share Name:		\\\\*\\IPC$\r\n	Share Path:		\r\n\r\nAccess Request Information:\r\n	Access Mask:		0x1\r\n	Accesses:		ReadData (or ListDirectory)\r\n				\r\n'),
(880, 'Audit Success', '0000-00-00 00:00:00.000000', 'Microsoft-Windows-Security-Auditing', '5140', 'File Share', 'A network share object was accessed.\r\n	\r\nSubject:\r\n	Security ID:		NETWORK SERVICE\r\n	Account Name:		SERVER2019$\r\n	Account Domain:		ATOM\r\n	Logon ID:		0x3E4\r\n\r\nNetwork Information:	\r\n	Object Type:		File\r\n	Source Address:		fe80::18fd:2a50:fe66:a983\r\n	Source Port:		57282\r\n	\r\nShare Information:\r\n	Share Name:		\\\\*\\IPC$\r\n	Share Path:		\r\n\r\nAccess Request Information:\r\n	Access Mask:		0x1\r\n	Accesses:		ReadData (or ListDirectory)\r\n				\r\n'),
(881, 'Audit Success', '0000-00-00 00:00:00.000000', 'Microsoft-Windows-Security-Auditing', '5140', 'File Share', 'A network share object was accessed.\r\n	\r\nSubject:\r\n	Security ID:		SYSTEM\r\n	Account Name:		SERVER2019$\r\n	Account Domain:		ATOM\r\n	Logon ID:		0x3D0568\r\n\r\nNetwork Information:	\r\n	Object Type:		File\r\n	Source Address:		fe80::18fd:2a50:fe66:a983\r\n	Source Port:		56931\r\n	\r\nShare Information:\r\n	Share Name:		\\\\*\\SYSVOL\r\n	Share Path:		\\??\\C:\\Windows\\SYSVOL\\sysvol\r\n\r\nAccess Request Information:\r\n	Access Mask:		0x1\r\n	Accesses:		ReadData (or ListDirectory)\r\n				\r\n'),
(882, 'Audit Success', '0000-00-00 00:00:00.000000', 'Microsoft-Windows-Security-Auditing', '5140', 'File Share', 'A network share object was accessed.\r\n	\r\nSubject:\r\n	Security ID:		SYSTEM\r\n	Account Name:		SERVER2019$\r\n	Account Domain:		ATOM\r\n	Logon ID:		0x3CD48A\r\n\r\nNetwork Information:	\r\n	Object Type:		File\r\n	Source Address:		fe80::18fd:2a50:fe66:a983\r\n	Source Port:		57264\r\n	\r\nShare Information:\r\n	Share Name:		\\\\*\\SYSVOL\r\n	Share Path:		\\??\\C:\\Windows\\SYSVOL\\sysvol\r\n\r\nAccess Request Information:\r\n	Access Mask:		0x1\r\n	Accesses:		ReadData (or ListDirectory)\r\n				\r\n'),
(883, 'Audit Success', '0000-00-00 00:00:00.000000', 'Microsoft-Windows-Security-Auditing', '5140', 'File Share', 'A network share object was accessed.\r\n	\r\nSubject:\r\n	Security ID:		SYSTEM\r\n	Account Name:		SERVER2019$\r\n	Account Domain:		ATOM\r\n	Logon ID:		0x3D2B3D\r\n\r\nNetwork Information:	\r\n	Object Type:		File\r\n	Source Address:		fe80::18fd:2a50:fe66:a983\r\n	Source Port:		57277\r\n	\r\nShare Information:\r\n	Share Name:		\\\\*\\SYSVOL\r\n	Share Path:		\\??\\C:\\Windows\\SYSVOL\\sysvol\r\n\r\nAccess Request Information:\r\n	Access Mask:		0x1\r\n	Accesses:		ReadData (or ListDirectory)\r\n				\r\n'),
(884, 'Audit Success', '0000-00-00 00:00:00.000000', 'Microsoft-Windows-Security-Auditing', '5140', 'File Share', 'A network share object was accessed.\r\n	\r\nSubject:\r\n	Security ID:		SYSTEM\r\n	Account Name:		SERVER2019$\r\n	Account Domain:		ATOM\r\n	Logon ID:		0x3B42CC\r\n\r\nNetwork Information:	\r\n	Object Type:		File\r\n	Source Address:		fe80::18fd:2a50:fe66:a983\r\n	Source Port:		57208\r\n	\r\nShare Information:\r\n	Share Name:		\\\\*\\SYSVOL\r\n	Share Path:		\\??\\C:\\Windows\\SYSVOL\\sysvol\r\n\r\nAccess Request Information:\r\n	Access Mask:		0x1\r\n	Accesses:		ReadData (or ListDirectory)\r\n				\r\n'),
(885, 'Audit Success', '0000-00-00 00:00:00.000000', 'Microsoft-Windows-Security-Auditing', '5140', 'File Share', 'A network share object was accessed.\r\n	\r\nSubject:\r\n	Security ID:		SYSTEM\r\n	Account Name:		SERVER2019$\r\n	Account Domain:		ATOM\r\n	Logon ID:		0x4006AA\r\n\r\nNetwork Information:	\r\n	Object Type:		File\r\n	Source Address:		fe80::18fd:2a50:fe66:a983\r\n	Source Port:		57370\r\n	\r\nShare Information:\r\n	Share Name:		\\\\*\\SYSVOL\r\n	Share Path:		\\??\\C:\\Windows\\SYSVOL\\sysvol\r\n\r\nAccess Request Information:\r\n	Access Mask:		0x1\r\n	Accesses:		ReadData (or ListDirectory)\r\n				\r\n'),
(886, 'Audit Success', '0000-00-00 00:00:00.000000', 'Microsoft-Windows-Security-Auditing', '5140', 'File Share', 'A network share object was accessed.\r\n	\r\nSubject:\r\n	Security ID:		NETWORK SERVICE\r\n	Account Name:		SERVER2019$\r\n	Account Domain:		ATOM\r\n	Logon ID:		0x3E4\r\n\r\nNetwork Information:	\r\n	Object Type:		File\r\n	Source Address:		fe80::18fd:2a50:fe66:a983\r\n	Source Port:		57363\r\n	\r\nShare Information:\r\n	Share Name:		\\\\*\\IPC$\r\n	Share Path:		\r\n\r\nAccess Request Information:\r\n	Access Mask:		0x1\r\n	Accesses:		ReadData (or ListDirectory)\r\n				\r\n'),
(887, 'Audit Success', '0000-00-00 00:00:00.000000', 'Microsoft-Windows-Security-Auditing', '5140', 'File Share', 'A network share object was accessed.\r\n	\r\nSubject:\r\n	Security ID:		ATOM\\Administrator\r\n	Account Name:		Administrator\r\n	Account Domain:		ATOM\r\n	Logon ID:		0x4E754\r\n\r\nNetwork Information:	\r\n	Object Type:		File\r\n	Source Address:		fe80::18fd:2a50:fe66:a983\r\n	Source Port:		49800\r\n	\r\nShare Information:\r\n	Share Name:		\\\\*\\SYSVOL\r\n	Share Path:		\\??\\C:\\Windows\\SYSVOL\\sysvol\r\n\r\nAccess Request Information:\r\n	Access Mask:		0x1\r\n	Accesses:		ReadData (or ListDirectory)\r\n				\r\n'),
(888, 'Audit Success', '0000-00-00 00:00:00.000000', 'Microsoft-Windows-Security-Auditing', '5140', 'File Share', 'A network share object was accessed.\r\n	\r\nSubject:\r\n	Security ID:		ATOM\\WINDOWS10$\r\n	Account Name:		WINDOWS10$\r\n	Account Domain:		ATOM\r\n	Logon ID:		0x401684\r\n\r\nNetwork Information:	\r\n	Object Type:		File\r\n	Source Address:		172.16.117.35\r\n	Source Port:		50705\r\n	\r\nShare Information:\r\n	Share Name:		\\\\*\\IPC$\r\n	Share Path:		\r\n\r\nAccess Request Information:\r\n	Access Mask:		0x1\r\n	Accesses:		ReadData (or ListDirectory)\r\n				\r\n'),
(889, 'Audit Success', '0000-00-00 00:00:00.000000', 'Microsoft-Windows-Security-Auditing', '5140', 'File Share', 'A network share object was accessed.\r\n	\r\nSubject:\r\n	Security ID:		SYSTEM\r\n	Account Name:		SERVER2019$\r\n	Account Domain:		ATOM\r\n	Logon ID:		0xE7986\r\n\r\nNetwork Information:	\r\n	Object Type:		File\r\n	Source Address:		fe80::18fd:2a50:fe66:a983\r\n	Source Port:		49800\r\n	\r\nShare Information:\r\n	Share Name:		\\\\*\\IPC$\r\n	Share Path:		\r\n\r\nAccess Request Information:\r\n	Access Mask:		0x1\r\n	Accesses:		ReadData (or ListDirectory)\r\n				\r\n'),
(890, 'Audit Success', '0000-00-00 00:00:00.000000', 'Microsoft-Windows-Security-Auditing', '5140', 'File Share', 'A network share object was accessed.\r\n	\r\nSubject:\r\n	Security ID:		SYSTEM\r\n	Account Name:		SERVER2019$\r\n	Account Domain:		ATOM\r\n	Logon ID:		0xAED96\r\n\r\nNetwork Information:	\r\n	Object Type:		File\r\n	Source Address:		fe80::18fd:2a50:fe66:a983\r\n	Source Port:		49750\r\n	\r\nShare Information:\r\n	Share Name:		\\\\*\\SYSVOL\r\n	Share Path:		\\??\\C:\\Windows\\SYSVOL\\sysvol\r\n\r\nAccess Request Information:\r\n	Access Mask:		0x1\r\n	Accesses:		ReadData (or ListDirectory)\r\n				\r\n'),
(891, 'Audit Success', '0000-00-00 00:00:00.000000', 'Microsoft-Windows-Security-Auditing', '5140', 'File Share', 'A network share object was accessed.\r\n	\r\nSubject:\r\n	Security ID:		SYSTEM\r\n	Account Name:		SERVER2019$\r\n	Account Domain:		ATOM\r\n	Logon ID:		0x2B8649\r\n\r\nNetwork Information:	\r\n	Object Type:		File\r\n	Source Address:		fe80::18fd:2a50:fe66:a983\r\n	Source Port:		56883\r\n	\r\nShare Information:\r\n	Share Name:		\\\\*\\SYSVOL\r\n	Share Path:		\\??\\C:\\Windows\\SYSVOL\\sysvol\r\n\r\nAccess Request Information:\r\n	Access Mask:		0x1\r\n	Accesses:		ReadData (or ListDirectory)\r\n				\r\n'),
(892, 'Audit Success', '0000-00-00 00:00:00.000000', 'Microsoft-Windows-Security-Auditing', '5140', 'File Share', 'A network share object was accessed.\r\n	\r\nSubject:\r\n	Security ID:		SYSTEM\r\n	Account Name:		SERVER2019$\r\n	Account Domain:		ATOM\r\n	Logon ID:		0xE7986\r\n\r\nNetwork Information:	\r\n	Object Type:		File\r\n	Source Address:		fe80::18fd:2a50:fe66:a983\r\n	Source Port:		49800\r\n	\r\nShare Information:\r\n	Share Name:		\\\\*\\SYSVOL\r\n	Share Path:		\\??\\C:\\Windows\\SYSVOL\\sysvol\r\n\r\nAccess Request Information:\r\n	Access Mask:		0x1\r\n	Accesses:		ReadData (or ListDirectory)\r\n				\r\n'),
(893, 'Audit Success', '0000-00-00 00:00:00.000000', 'Microsoft-Windows-Security-Auditing', '5140', 'File Share', 'A network share object was accessed.\r\n	\r\nSubject:\r\n	Security ID:		ATOM\\Administrator\r\n	Account Name:		Administrator\r\n	Account Domain:		ATOM\r\n	Logon ID:		0x4E754\r\n\r\nNetwork Information:	\r\n	Object Type:		File\r\n	Source Address:		fe80::18fd:2a50:fe66:a983\r\n	Source Port:		49805\r\n	\r\nShare Information:\r\n	Share Name:		\\\\*\\IPC$\r\n	Share Path:		\r\n\r\nAccess Request Information:\r\n	Access Mask:		0x1\r\n	Accesses:		ReadData (or ListDirectory)\r\n				\r\n'),
(894, 'Audit Success', '0000-00-00 00:00:00.000000', 'Microsoft-Windows-Security-Auditing', '5140', 'File Share', 'A network share object was accessed.\r\n	\r\nSubject:\r\n	Security ID:		ATOM\\Administrator\r\n	Account Name:		Administrator\r\n	Account Domain:		ATOM\r\n	Logon ID:		0x4E754\r\n\r\nNetwork Information:	\r\n	Object Type:		File\r\n	Source Address:		fe80::18fd:2a50:fe66:a983\r\n	Source Port:		49800\r\n	\r\nShare Information:\r\n	Share Name:		\\\\*\\IPC$\r\n	Share Path:		\r\n\r\nAccess Request Information:\r\n	Access Mask:		0x1\r\n	Accesses:		ReadData (or ListDirectory)\r\n				\r\n'),
(895, 'Audit Success', '0000-00-00 00:00:00.000000', 'Microsoft-Windows-Security-Auditing', '5140', 'File Share', 'A network share object was accessed.\r\n	\r\nSubject:\r\n	Security ID:		ATOM\\Administrator\r\n	Account Name:		Administrator\r\n	Account Domain:		ATOM\r\n	Logon ID:		0x4E754\r\n\r\nNetwork Information:	\r\n	Object Type:		File\r\n	Source Address:		fe80::18fd:2a50:fe66:a983\r\n	Source Port:		49797\r\n	\r\nShare Information:\r\n	Share Name:		\\\\*\\SYSVOL\r\n	Share Path:		\\??\\C:\\Windows\\SYSVOL\\sysvol\r\n\r\nAccess Request Information:\r\n	Access Mask:		0x1\r\n	Accesses:		ReadData (or ListDirectory)\r\n				\r\n'),
(896, 'Audit Success', '0000-00-00 00:00:00.000000', 'Microsoft-Windows-Security-Auditing', '5140', 'File Share', 'A network share object was accessed.\r\n	\r\nSubject:\r\n	Security ID:		SYSTEM\r\n	Account Name:		SERVER2019$\r\n	Account Domain:		ATOM\r\n	Logon ID:		0x417168\r\n\r\nNetwork Information:	\r\n	Object Type:		File\r\n	Source Address:		fe80::18fd:2a50:fe66:a983\r\n	Source Port:		57393\r\n	\r\nShare Information:\r\n	Share Name:		\\\\*\\SYSVOL\r\n	Share Path:		\\??\\C:\\Windows\\SYSVOL\\sysvol\r\n\r\nAccess Request Information:\r\n	Access Mask:		0x1\r\n	Accesses:		ReadData (or ListDirectory)\r\n				\r\n'),
(897, 'Audit Success', '0000-00-00 00:00:00.000000', 'Microsoft-Windows-Security-Auditing', '5140', 'File Share', 'A network share object was accessed.\r\n	\r\nSubject:\r\n	Security ID:		ATOM\\Administrator\r\n	Account Name:		Administrator\r\n	Account Domain:		ATOM\r\n	Logon ID:		0x4E754\r\n\r\nNetwork Information:	\r\n	Object Type:		File\r\n	Source Address:		fe80::18fd:2a50:fe66:a983\r\n	Source Port:		57114\r\n	\r\nShare Information:\r\n	Share Name:		\\\\*\\SYSVOL\r\n	Share Path:		\\??\\C:\\Windows\\SYSVOL\\sysvol\r\n\r\nAccess Request Information:\r\n	Access Mask:		0x1\r\n	Accesses:		ReadData (or ListDirectory)\r\n				\r\n'),
(898, 'Audit Success', '0000-00-00 00:00:00.000000', 'Microsoft-Windows-Security-Auditing', '5140', 'File Share', 'A network share object was accessed.\r\n	\r\nSubject:\r\n	Security ID:		ATOM\\Administrator\r\n	Account Name:		Administrator\r\n	Account Domain:		ATOM\r\n	Logon ID:		0x4E754\r\n\r\nNetwork Information:	\r\n	Object Type:		File\r\n	Source Address:		fe80::18fd:2a50:fe66:a983\r\n	Source Port:		49797\r\n	\r\nShare Information:\r\n	Share Name:		\\\\*\\IPC$\r\n	Share Path:		\r\n\r\nAccess Request Information:\r\n	Access Mask:		0x1\r\n	Accesses:		ReadData (or ListDirectory)\r\n				\r\n'),
(899, 'Audit Success', '0000-00-00 00:00:00.000000', 'Microsoft-Windows-Security-Auditing', '5140', 'File Share', 'A network share object was accessed.\r\n	\r\nSubject:\r\n	Security ID:		ATOM\\Administrator\r\n	Account Name:		Administrator\r\n	Account Domain:		ATOM\r\n	Logon ID:		0x4E754\r\n\r\nNetwork Information:	\r\n	Object Type:		File\r\n	Source Address:		fe80::18fd:2a50:fe66:a983\r\n	Source Port:		56710\r\n	\r\nShare Information:\r\n	Share Name:		\\\\*\\SYSVOL\r\n	Share Path:		\\??\\C:\\Windows\\SYSVOL\\sysvol\r\n\r\nAccess Request Information:\r\n	Access Mask:		0x1\r\n	Accesses:		ReadData (or ListDirectory)\r\n				\r\n'),
(900, 'Audit Success', '0000-00-00 00:00:00.000000', 'Microsoft-Windows-Security-Auditing', '5140', 'File Share', 'A network share object was accessed.\r\n	\r\nSubject:\r\n	Security ID:		SYSTEM\r\n	Account Name:		SERVER2019$\r\n	Account Domain:		ATOM\r\n	Logon ID:		0x40CB92\r\n\r\nNetwork Information:	\r\n	Object Type:		File\r\n	Source Address:		fe80::18fd:2a50:fe66:a983\r\n	Source Port:		56931\r\n	\r\nShare Information:\r\n	Share Name:		\\\\*\\SYSVOL\r\n	Share Path:		\\??\\C:\\Windows\\SYSVOL\\sysvol\r\n\r\nAccess Request Information:\r\n	Access Mask:		0x1\r\n	Accesses:		ReadData (or ListDirectory)\r\n				\r\n'),
(901, 'Audit Success', '0000-00-00 00:00:00.000000', 'Microsoft-Windows-Security-Auditing', '5140', 'File Share', 'A network share object was accessed.\r\n	\r\nSubject:\r\n	Security ID:		SYSTEM\r\n	Account Name:		SERVER2019$\r\n	Account Domain:		ATOM\r\n	Logon ID:		0x214588\r\n\r\nNetwork Information:	\r\n	Object Type:		File\r\n	Source Address:		fe80::18fd:2a50:fe66:a983\r\n	Source Port:		56778\r\n	\r\nShare Information:\r\n	Share Name:		\\\\*\\IPC$\r\n	Share Path:		\r\n\r\nAccess Request Information:\r\n	Access Mask:		0x1\r\n	Accesses:		ReadData (or ListDirectory)\r\n				\r\n'),
(902, 'Audit Success', '0000-00-00 00:00:00.000000', 'Microsoft-Windows-Security-Auditing', '5140', 'File Share', 'A network share object was accessed.\r\n	\r\nSubject:\r\n	Security ID:		ATOM\\WINDOWS10$\r\n	Account Name:		WINDOWS10$\r\n	Account Domain:		ATOM\r\n	Logon ID:		0xE6A72\r\n\r\nNetwork Information:	\r\n	Object Type:		File\r\n	Source Address:		172.16.117.35\r\n	Source Port:		49925\r\n	\r\nShare Information:\r\n	Share Name:		\\\\*\\IPC$\r\n	Share Path:		\r\n\r\nAccess Request Information:\r\n	Access Mask:		0x1\r\n	Accesses:		ReadData (or ListDirectory)\r\n				\r\n'),
(903, 'Audit Success', '0000-00-00 00:00:00.000000', 'Microsoft-Windows-Security-Auditing', '5140', 'File Share', 'A network share object was accessed.\r\n	\r\nSubject:\r\n	Security ID:		SYSTEM\r\n	Account Name:		SERVER2019$\r\n	Account Domain:		ATOM\r\n	Logon ID:		0x40EFDE\r\n\r\nNetwork Information:	\r\n	Object Type:		File\r\n	Source Address:		fe80::18fd:2a50:fe66:a983\r\n	Source Port:		57381\r\n	\r\nShare Information:\r\n	Share Name:		\\\\*\\SYSVOL\r\n	Share Path:		\\??\\C:\\Windows\\SYSVOL\\sysvol\r\n\r\nAccess Request Information:\r\n	Access Mask:		0x1\r\n	Accesses:		ReadData (or ListDirectory)\r\n				\r\n'),
(904, 'Audit Success', '0000-00-00 00:00:00.000000', 'Microsoft-Windows-Security-Auditing', '5140', 'File Share', 'A network share object was accessed.\r\n	\r\nSubject:\r\n	Security ID:		SYSTEM\r\n	Account Name:		SERVER2019$\r\n	Account Domain:		ATOM\r\n	Logon ID:		0x3F69CF\r\n\r\nNetwork Information:	\r\n	Object Type:		File\r\n	Source Address:		fe80::18fd:2a50:fe66:a983\r\n	Source Port:		57353\r\n	\r\nShare Information:\r\n	Share Name:		\\\\*\\SYSVOL\r\n	Share Path:		\\??\\C:\\Windows\\SYSVOL\\sysvol\r\n\r\nAccess Request Information:\r\n	Access Mask:		0x1\r\n	Accesses:		ReadData (or ListDirectory)\r\n				\r\n'),
(905, 'Audit Success', '0000-00-00 00:00:00.000000', 'Microsoft-Windows-Security-Auditing', '5140', 'File Share', 'A network share object was accessed.\r\n	\r\nSubject:\r\n	Security ID:		ATOM\\Administrator\r\n	Account Name:		Administrator\r\n	Account Domain:		ATOM\r\n	Logon ID:		0x4E754\r\n\r\nNetwork Information:	\r\n	Object Type:		File\r\n	Source Address:		fe80::18fd:2a50:fe66:a983\r\n	Source Port:		56725\r\n	\r\nShare Information:\r\n	Share Name:		\\\\*\\IPC$\r\n	Share Path:		\r\n\r\nAccess Request Information:\r\n	Access Mask:		0x1\r\n	Accesses:		ReadData (or ListDirectory)\r\n				\r\n'),
(906, 'Audit Success', '0000-00-00 00:00:00.000000', 'Microsoft-Windows-Security-Auditing', '5140', 'File Share', 'A network share object was accessed.\r\n	\r\nSubject:\r\n	Security ID:		ATOM\\Administrator\r\n	Account Name:		Administrator\r\n	Account Domain:		ATOM\r\n	Logon ID:		0x4E754\r\n\r\nNetwork Information:	\r\n	Object Type:		File\r\n	Source Address:		fe80::18fd:2a50:fe66:a983\r\n	Source Port:		56769\r\n	\r\nShare Information:\r\n	Share Name:		\\\\*\\SYSVOL\r\n	Share Path:		\\??\\C:\\Windows\\SYSVOL\\sysvol\r\n\r\nAccess Request Information:\r\n	Access Mask:		0x1\r\n	Accesses:		ReadData (or ListDirectory)\r\n				\r\n'),
(907, 'Audit Success', '0000-00-00 00:00:00.000000', 'Microsoft-Windows-Security-Auditing', '5140', 'File Share', 'A network share object was accessed.\r\n	\r\nSubject:\r\n	Security ID:		ATOM\\Administrator\r\n	Account Name:		Administrator\r\n	Account Domain:		ATOM\r\n	Logon ID:		0x4E754\r\n\r\nNetwork Information:	\r\n	Object Type:		File\r\n	Source Address:		fe80::18fd:2a50:fe66:a983\r\n	Source Port:		56769\r\n	\r\nShare Information:\r\n	Share Name:		\\\\*\\IPC$\r\n	Share Path:		\r\n\r\nAccess Request Information:\r\n	Access Mask:		0x1\r\n	Accesses:		ReadData (or ListDirectory)\r\n				\r\n'),
(908, 'Audit Success', '0000-00-00 00:00:00.000000', 'Microsoft-Windows-Security-Auditing', '5140', 'File Share', 'A network share object was accessed.\r\n	\r\nSubject:\r\n	Security ID:		SYSTEM\r\n	Account Name:		SERVER2019$\r\n	Account Domain:		ATOM\r\n	Logon ID:		0x2CEEB5\r\n\r\nNetwork Information:	\r\n	Object Type:		File\r\n	Source Address:		fe80::18fd:2a50:fe66:a983\r\n	Source Port:		56925\r\n	\r\nShare Information:\r\n	Share Name:		\\\\*\\SYSVOL\r\n	Share Path:		\\??\\C:\\Windows\\SYSVOL\\sysvol\r\n\r\nAccess Request Information:\r\n	Access Mask:		0x1\r\n	Accesses:		ReadData (or ListDirectory)\r\n				\r\n'),
(909, 'Audit Success', '0000-00-00 00:00:00.000000', 'Microsoft-Windows-Security-Auditing', '5140', 'File Share', 'A network share object was accessed.\r\n	\r\nSubject:\r\n	Security ID:		NETWORK SERVICE\r\n	Account Name:		SERVER2019$\r\n	Account Domain:		ATOM\r\n	Logon ID:		0x3E4\r\n\r\nNetwork Information:	\r\n	Object Type:		File\r\n	Source Address:		fe80::18fd:2a50:fe66:a983\r\n	Source Port:		56769\r\n	\r\nShare Information:\r\n	Share Name:		\\\\*\\IPC$\r\n	Share Path:		\r\n\r\nAccess Request Information:\r\n	Access Mask:		0x1\r\n	Accesses:		ReadData (or ListDirectory)\r\n				\r\n'),
(910, 'Audit Success', '0000-00-00 00:00:00.000000', 'Microsoft-Windows-Security-Auditing', '5140', 'File Share', 'A network share object was accessed.\r\n	\r\nSubject:\r\n	Security ID:		ATOM\\Administrator\r\n	Account Name:		Administrator\r\n	Account Domain:		ATOM\r\n	Logon ID:		0x4E754\r\n\r\nNetwork Information:	\r\n	Object Type:		File\r\n	Source Address:		fe80::18fd:2a50:fe66:a983\r\n	Source Port:		56725\r\n	\r\nShare Information:\r\n	Share Name:		\\\\*\\SYSVOL\r\n	Share Path:		\\??\\C:\\Windows\\SYSVOL\\sysvol\r\n\r\nAccess Request Information:\r\n	Access Mask:		0x1\r\n	Accesses:		ReadData (or ListDirectory)\r\n				\r\n'),
(911, 'Audit Success', '0000-00-00 00:00:00.000000', 'Microsoft-Windows-Security-Auditing', '5140', 'File Share', 'A network share object was accessed.\r\n	\r\nSubject:\r\n	Security ID:		SYSTEM\r\n	Account Name:		SERVER2019$\r\n	Account Domain:		ATOM\r\n	Logon ID:		0x1E1AE2\r\n\r\nNetwork Information:	\r\n	Object Type:		File\r\n	Source Address:		fe80::18fd:2a50:fe66:a983\r\n	Source Port:		56769\r\n	\r\nShare Information:\r\n	Share Name:		\\\\*\\SYSVOL\r\n	Share Path:		\\??\\C:\\Windows\\SYSVOL\\sysvol\r\n\r\nAccess Request Information:\r\n	Access Mask:		0x1\r\n	Accesses:		ReadData (or ListDirectory)\r\n				\r\n'),
(912, 'Audit Success', '0000-00-00 00:00:00.000000', 'Microsoft-Windows-Security-Auditing', '5140', 'File Share', 'A network share object was accessed.\r\n	\r\nSubject:\r\n	Security ID:		SYSTEM\r\n	Account Name:		SERVER2019$\r\n	Account Domain:		ATOM\r\n	Logon ID:		0x1E1AE2\r\n\r\nNetwork Information:	\r\n	Object Type:		File\r\n	Source Address:		fe80::18fd:2a50:fe66:a983\r\n	Source Port:		56769\r\n	\r\nShare Information:\r\n	Share Name:		\\\\*\\IPC$\r\n	Share Path:		\r\n\r\nAccess Request Information:\r\n	Access Mask:		0x1\r\n	Accesses:		ReadData (or ListDirectory)\r\n				\r\n'),
(913, 'Audit Success', '0000-00-00 00:00:00.000000', 'Microsoft-Windows-Security-Auditing', '5140', 'File Share', 'A network share object was accessed.\r\n	\r\nSubject:\r\n	Security ID:		ATOM\\Administrator\r\n	Account Name:		Administrator\r\n	Account Domain:		ATOM\r\n	Logon ID:		0x4E754\r\n\r\nNetwork Information:	\r\n	Object Type:		File\r\n	Source Address:		fe80::18fd:2a50:fe66:a983\r\n	Source Port:		56717\r\n	\r\nShare Information:\r\n	Share Name:		\\\\*\\SYSVOL\r\n	Share Path:		\\??\\C:\\Windows\\SYSVOL\\sysvol\r\n\r\nAccess Request Information:\r\n	Access Mask:		0x1\r\n	Accesses:		ReadData (or ListDirectory)\r\n				\r\n'),
(914, 'Audit Success', '0000-00-00 00:00:00.000000', 'Microsoft-Windows-Security-Auditing', '5140', 'File Share', 'A network share object was accessed.\r\n	\r\nSubject:\r\n	Security ID:		SYSTEM\r\n	Account Name:		SERVER2019$\r\n	Account Domain:		ATOM\r\n	Logon ID:		0x2BAC6F\r\n\r\nNetwork Information:	\r\n	Object Type:		File\r\n	Source Address:		fe80::18fd:2a50:fe66:a983\r\n	Source Port:		56890\r\n	\r\nShare Information:\r\n	Share Name:		\\\\*\\SYSVOL\r\n	Share Path:		\\??\\C:\\Windows\\SYSVOL\\sysvol\r\n\r\nAccess Request Information:\r\n	Access Mask:		0x1\r\n	Accesses:		ReadData (or ListDirectory)\r\n				\r\n'),
(915, 'Audit Success', '0000-00-00 00:00:00.000000', 'Microsoft-Windows-Security-Auditing', '5140', 'File Share', 'A network share object was accessed.\r\n	\r\nSubject:\r\n	Security ID:		NETWORK SERVICE\r\n	Account Name:		SERVER2019$\r\n	Account Domain:		ATOM\r\n	Logon ID:		0x3E4\r\n\r\nNetwork Information:	\r\n	Object Type:		File\r\n	Source Address:		fe80::18fd:2a50:fe66:a983\r\n	Source Port:		56899\r\n	\r\nShare Information:\r\n	Share Name:		\\\\*\\IPC$\r\n	Share Path:		\r\n\r\nAccess Request Information:\r\n	Access Mask:		0x1\r\n	Accesses:		ReadData (or ListDirectory)\r\n				\r\n'),
(916, 'Audit Success', '0000-00-00 00:00:00.000000', 'Microsoft-Windows-Security-Auditing', '5140', 'File Share', 'A network share object was accessed.\r\n	\r\nSubject:\r\n	Security ID:		SYSTEM\r\n	Account Name:		SERVER2019$\r\n	Account Domain:		ATOM\r\n	Logon ID:		0x1CEF57\r\n\r\nNetwork Information:	\r\n	Object Type:		File\r\n	Source Address:		fe80::18fd:2a50:fe66:a983\r\n	Source Port:		56738\r\n	\r\nShare Information:\r\n	Share Name:		\\\\*\\SYSVOL\r\n	Share Path:		\\??\\C:\\Windows\\SYSVOL\\sysvol\r\n\r\nAccess Request Information:\r\n	Access Mask:		0x1\r\n	Accesses:		ReadData (or ListDirectory)\r\n				\r\n'),
(917, 'Audit Success', '0000-00-00 00:00:00.000000', 'Microsoft-Windows-Security-Auditing', '5140', 'File Share', 'A network share object was accessed.\r\n	\r\nSubject:\r\n	Security ID:		ATOM\\Administrator\r\n	Account Name:		Administrator\r\n	Account Domain:		ATOM\r\n	Logon ID:		0x4E754\r\n\r\nNetwork Information:	\r\n	Object Type:		File\r\n	Source Address:		fe80::18fd:2a50:fe66:a983\r\n	Source Port:		56710\r\n	\r\nShare Information:\r\n	Share Name:		\\\\*\\IPC$\r\n	Share Path:		\r\n\r\nAccess Request Information:\r\n	Access Mask:		0x1\r\n	Accesses:		ReadData (or ListDirectory)\r\n				\r\n'),
(918, 'Audit Success', '0000-00-00 00:00:00.000000', 'Microsoft-Windows-Security-Auditing', '5140', 'File Share', 'A network share object was accessed.\r\n	\r\nSubject:\r\n	Security ID:		ATOM\\Administrator\r\n	Account Name:		Administrator\r\n	Account Domain:		ATOM\r\n	Logon ID:		0x4E754\r\n\r\nNetwork Information:	\r\n	Object Type:		File\r\n	Source Address:		fe80::18fd:2a50:fe66:a983\r\n	Source Port:		56717\r\n	\r\nShare Information:\r\n	Share Name:		\\\\*\\IPC$\r\n	Share Path:		\r\n\r\nAccess Request Information:\r\n	Access Mask:		0x1\r\n	Accesses:		ReadData (or ListDirectory)\r\n				\r\n'),
(919, 'Audit Success', '0000-00-00 00:00:00.000000', 'Microsoft-Windows-Security-Auditing', '5140', 'File Share', 'A network share object was accessed.\r\n	\r\nSubject:\r\n	Security ID:		SYSTEM\r\n	Account Name:		SERVER2019$\r\n	Account Domain:		ATOM\r\n	Logon ID:		0x2CCB14\r\n\r\nNetwork Information:	\r\n	Object Type:		File\r\n	Source Address:		fe80::18fd:2a50:fe66:a983\r\n	Source Port:		56912\r\n	\r\nShare Information:\r\n	Share Name:		\\\\*\\IPC$\r\n	Share Path:		\r\n\r\nAccess Request Information:\r\n	Access Mask:		0x1\r\n	Accesses:		ReadData (or ListDirectory)\r\n				\r\n'),
(920, 'Audit Success', '0000-00-00 00:00:00.000000', 'Microsoft-Windows-Security-Auditing', '5140', 'File Share', 'A network share object was accessed.\r\n	\r\nSubject:\r\n	Security ID:		SYSTEM\r\n	Account Name:		SERVER2019$\r\n	Account Domain:		ATOM\r\n	Logon ID:		0x2CCB14\r\n\r\nNetwork Information:	\r\n	Object Type:		File\r\n	Source Address:		fe80::18fd:2a50:fe66:a983\r\n	Source Port:		56912\r\n	\r\nShare Information:\r\n	Share Name:		\\\\*\\SYSVOL\r\n	Share Path:		\\??\\C:\\Windows\\SYSVOL\\sysvol\r\n\r\nAccess Request Information:\r\n	Access Mask:		0x1\r\n	Accesses:		ReadData (or ListDirectory)\r\n				\r\n'),
(921, 'Audit Success', '0000-00-00 00:00:00.000000', 'Microsoft-Windows-Security-Auditing', '5140', 'File Share', 'A network share object was accessed.\r\n	\r\nSubject:\r\n	Security ID:		SYSTEM\r\n	Account Name:		SERVER2019$\r\n	Account Domain:		ATOM\r\n	Logon ID:		0x2C20FF\r\n\r\nNetwork Information:	\r\n	Object Type:		File\r\n	Source Address:		fe80::18fd:2a50:fe66:a983\r\n	Source Port:		56899\r\n	\r\nShare Information:\r\n	Share Name:		\\\\*\\SYSVOL\r\n	Share Path:		\\??\\C:\\Windows\\SYSVOL\\sysvol\r\n\r\nAccess Request Information:\r\n	Access Mask:		0x1\r\n	Accesses:		ReadData (or ListDirectory)\r\n				\r\n'),
(922, 'Audit Success', '0000-00-00 00:00:00.000000', 'Microsoft-Windows-Security-Auditing', '5140', 'File Share', 'A network share object was accessed.\r\n	\r\nSubject:\r\n	Security ID:		ATOM\\WINDOWS10$\r\n	Account Name:		WINDOWS10$\r\n	Account Domain:		ATOM\r\n	Logon ID:		0x2C3A91\r\n\r\nNetwork Information:	\r\n	Object Type:		File\r\n	Source Address:		172.16.117.35\r\n	Source Port:		50111\r\n	\r\nShare Information:\r\n	Share Name:		\\\\*\\IPC$\r\n	Share Path:		\r\n\r\nAccess Request Information:\r\n	Access Mask:		0x1\r\n	Accesses:		ReadData (or ListDirectory)\r\n				\r\n'),
(923, 'Audit Success', '0000-00-00 00:00:00.000000', 'Microsoft-Windows-Security-Auditing', '5140', 'File Share', 'A network share object was accessed.\r\n	\r\nSubject:\r\n	Security ID:		ATOM\\Administrator\r\n	Account Name:		Administrator\r\n	Account Domain:		ATOM\r\n	Logon ID:		0x4E754\r\n\r\nNetwork Information:	\r\n	Object Type:		File\r\n	Source Address:		fe80::18fd:2a50:fe66:a983\r\n	Source Port:		49813\r\n	\r\nShare Information:\r\n	Share Name:		\\\\*\\SYSVOL\r\n	Share Path:		\\??\\C:\\Windows\\SYSVOL\\sysvol\r\n\r\nAccess Request Information:\r\n	Access Mask:		0x1\r\n	Accesses:		ReadData (or ListDirectory)\r\n				\r\n'),
(924, 'Audit Success', '0000-00-00 00:00:00.000000', 'Microsoft-Windows-Security-Auditing', '5140', 'File Share', 'A network share object was accessed.\r\n	\r\nSubject:\r\n	Security ID:		SYSTEM\r\n	Account Name:		SERVER2019$\r\n	Account Domain:		ATOM\r\n	Logon ID:		0x13D4B9\r\n\r\nNetwork Information:	\r\n	Object Type:		File\r\n	Source Address:		fe80::18fd:2a50:fe66:a983\r\n	Source Port:		56702\r\n	\r\nShare Information:\r\n	Share Name:		\\\\*\\SYSVOL\r\n	Share Path:		\\??\\C:\\Windows\\SYSVOL\\sysvol\r\n\r\nAccess Request Information:\r\n	Access Mask:		0x1\r\n	Accesses:		ReadData (or ListDirectory)\r\n				\r\n'),
(925, 'Audit Success', '0000-00-00 00:00:00.000000', 'Microsoft-Windows-Security-Auditing', '5140', 'File Share', 'A network share object was accessed.\r\n	\r\nSubject:\r\n	Security ID:		SYSTEM\r\n	Account Name:		SERVER2019$\r\n	Account Domain:		ATOM\r\n	Logon ID:		0x33C0D0\r\n\r\nNetwork Information:	\r\n	Object Type:		File\r\n	Source Address:		fe80::18fd:2a50:fe66:a983\r\n	Source Port:		57035\r\n	\r\nShare Information:\r\n	Share Name:		\\\\*\\SYSVOL\r\n	Share Path:		\\??\\C:\\Windows\\SYSVOL\\sysvol\r\n\r\nAccess Request Information:\r\n	Access Mask:		0x1\r\n	Accesses:		ReadData (or ListDirectory)\r\n				\r\n'),
(926, 'Audit Success', '0000-00-00 00:00:00.000000', 'Microsoft-Windows-Security-Auditing', '5140', 'File Share', 'A network share object was accessed.\r\n	\r\nSubject:\r\n	Security ID:		SYSTEM\r\n	Account Name:		SERVER2019$\r\n	Account Domain:		ATOM\r\n	Logon ID:		0x34B936\r\n\r\nNetwork Information:	\r\n	Object Type:		File\r\n	Source Address:		fe80::18fd:2a50:fe66:a983\r\n	Source Port:		56931\r\n	\r\nShare Information:\r\n	Share Name:		\\\\*\\SYSVOL\r\n	Share Path:		\\??\\C:\\Windows\\SYSVOL\\sysvol\r\n\r\nAccess Request Information:\r\n	Access Mask:		0x1\r\n	Accesses:		ReadData (or ListDirectory)\r\n				\r\n'),
(927, 'Audit Success', '0000-00-00 00:00:00.000000', 'Microsoft-Windows-Security-Auditing', '5140', 'File Share', 'A network share object was accessed.\r\n	\r\nSubject:\r\n	Security ID:		SYSTEM\r\n	Account Name:		SERVER2019$\r\n	Account Domain:		ATOM\r\n	Logon ID:		0x34B936\r\n\r\nNetwork Information:	\r\n	Object Type:		File\r\n	Source Address:		fe80::18fd:2a50:fe66:a983\r\n	Source Port:		56931\r\n	\r\nShare Information:\r\n	Share Name:		\\\\*\\IPC$\r\n	Share Path:		\r\n\r\nAccess Request Information:\r\n	Access Mask:		0x1\r\n	Accesses:		ReadData (or ListDirectory)\r\n				\r\n'),
(928, 'Audit Success', '0000-00-00 00:00:00.000000', 'Microsoft-Windows-Security-Auditing', '5140', 'File Share', 'A network share object was accessed.\r\n	\r\nSubject:\r\n	Security ID:		SYSTEM\r\n	Account Name:		SERVER2019$\r\n	Account Domain:		ATOM\r\n	Logon ID:		0xF06E5\r\n\r\nNetwork Information:	\r\n	Object Type:		File\r\n	Source Address:		fe80::18fd:2a50:fe66:a983\r\n	Source Port:		49814\r\n	\r\nShare Information:\r\n	Share Name:		\\\\*\\SYSVOL\r\n	Share Path:		\\??\\C:\\Windows\\SYSVOL\\sysvol\r\n\r\nAccess Request Information:\r\n	Access Mask:		0x1\r\n	Accesses:		ReadData (or ListDirectory)\r\n				\r\n'),
(929, 'Audit Success', '0000-00-00 00:00:00.000000', 'Microsoft-Windows-Security-Auditing', '5140', 'File Share', 'A network share object was accessed.\r\n	\r\nSubject:\r\n	Security ID:		SYSTEM\r\n	Account Name:		SERVER2019$\r\n	Account Domain:		ATOM\r\n	Logon ID:		0x2F8031\r\n\r\nNetwork Information:	\r\n	Object Type:		File\r\n	Source Address:		fe80::18fd:2a50:fe66:a983\r\n	Source Port:		56931\r\n	\r\nShare Information:\r\n	Share Name:		\\\\*\\IPC$\r\n	Share Path:		\r\n\r\nAccess Request Information:\r\n	Access Mask:		0x1\r\n	Accesses:		ReadData (or ListDirectory)\r\n				\r\n'),
(930, 'Audit Success', '0000-00-00 00:00:00.000000', 'Microsoft-Windows-Security-Auditing', '5140', 'File Share', 'A network share object was accessed.\r\n	\r\nSubject:\r\n	Security ID:		SYSTEM\r\n	Account Name:		SERVER2019$\r\n	Account Domain:		ATOM\r\n	Logon ID:		0x20FF18\r\n\r\nNetwork Information:	\r\n	Object Type:		File\r\n	Source Address:		fe80::18fd:2a50:fe66:a983\r\n	Source Port:		56811\r\n	\r\nShare Information:\r\n	Share Name:		\\\\*\\SYSVOL\r\n	Share Path:		\\??\\C:\\Windows\\SYSVOL\\sysvol\r\n\r\nAccess Request Information:\r\n	Access Mask:		0x1\r\n	Accesses:		ReadData (or ListDirectory)\r\n				\r\n'),
(931, 'Audit Success', '0000-00-00 00:00:00.000000', 'Microsoft-Windows-Security-Auditing', '5140', 'File Share', 'A network share object was accessed.\r\n	\r\nSubject:\r\n	Security ID:		SYSTEM\r\n	Account Name:		SERVER2019$\r\n	Account Domain:		ATOM\r\n	Logon ID:		0xF05F6\r\n\r\nNetwork Information:	\r\n	Object Type:		File\r\n	Source Address:		fe80::18fd:2a50:fe66:a983\r\n	Source Port:		49813\r\n	\r\nShare Information:\r\n	Share Name:		\\\\*\\SYSVOL\r\n	Share Path:		\\??\\C:\\Windows\\SYSVOL\\sysvol\r\n\r\nAccess Request Information:\r\n	Access Mask:		0x1\r\n	Accesses:		ReadData (or ListDirectory)\r\n				\r\n'),
(932, 'Audit Success', '0000-00-00 00:00:00.000000', 'Microsoft-Windows-Security-Auditing', '5140', 'File Share', 'A network share object was accessed.\r\n	\r\nSubject:\r\n	Security ID:		SYSTEM\r\n	Account Name:		SERVER2019$\r\n	Account Domain:		ATOM\r\n	Logon ID:		0xF06E5\r\n\r\nNetwork Information:	\r\n	Object Type:		File\r\n	Source Address:		fe80::18fd:2a50:fe66:a983\r\n	Source Port:		49814\r\n	\r\nShare Information:\r\n	Share Name:		\\\\*\\IPC$\r\n	Share Path:		\r\n\r\nAccess Request Information:\r\n	Access Mask:		0x1\r\n	Accesses:		ReadData (or ListDirectory)\r\n				\r\n'),
(933, 'Audit Success', '0000-00-00 00:00:00.000000', 'Microsoft-Windows-Security-Auditing', '5140', 'File Share', 'A network share object was accessed.\r\n	\r\nSubject:\r\n	Security ID:		ATOM\\Binti\r\n	Account Name:		Binti\r\n	Account Domain:		ATOM\r\n	Logon ID:		0x35839A\r\n\r\nNetwork Information:	\r\n	Object Type:		File\r\n	Source Address:		172.16.117.35\r\n	Source Port:		50258\r\n	\r\nShare Information:\r\n	Share Name:		\\\\*\\IPC$\r\n	Share Path:		\r\n\r\nAccess Request Information:\r\n	Access Mask:		0x1\r\n	Accesses:		ReadData (or ListDirectory)\r\n				\r\n'),
(934, 'Audit Success', '0000-00-00 00:00:00.000000', 'Microsoft-Windows-Security-Auditing', '5140', 'File Share', 'A network share object was accessed.\r\n	\r\nSubject:\r\n	Security ID:		ATOM\\Binti\r\n	Account Name:		Binti\r\n	Account Domain:		ATOM\r\n	Logon ID:		0x358320\r\n\r\nNetwork Information:	\r\n	Object Type:		File\r\n	Source Address:		172.16.117.35\r\n	Source Port:		50248\r\n	\r\nShare Information:\r\n	Share Name:		\\\\*\\NETLOGON\r\n	Share Path:		\\??\\C:\\Windows\\SYSVOL\\sysvol\\atom.local\\SCRIPTS\r\n\r\nAccess Request Information:\r\n	Access Mask:		0x1\r\n	Accesses:		ReadData (or ListDirectory)\r\n				\r\n'),
(935, 'Audit Success', '0000-00-00 00:00:00.000000', 'Microsoft-Windows-Security-Auditing', '5140', 'File Share', 'A network share object was accessed.\r\n	\r\nSubject:\r\n	Security ID:		ATOM\\Franko\r\n	Account Name:		Franko\r\n	Account Domain:		ATOM\r\n	Logon ID:		0x3590AF\r\n\r\nNetwork Information:	\r\n	Object Type:		File\r\n	Source Address:		172.16.117.35\r\n	Source Port:		50297\r\n	\r\nShare Information:\r\n	Share Name:		\\\\*\\NETLOGON\r\n	Share Path:		\\??\\C:\\Windows\\SYSVOL\\sysvol\\atom.local\\SCRIPTS\r\n\r\nAccess Request Information:\r\n	Access Mask:		0x1\r\n	Accesses:		ReadData (or ListDirectory)\r\n				\r\n'),
(936, 'Audit Success', '0000-00-00 00:00:00.000000', 'Microsoft-Windows-Security-Auditing', '5140', 'File Share', 'A network share object was accessed.\r\n	\r\nSubject:\r\n	Security ID:		ATOM\\jose\r\n	Account Name:		jose\r\n	Account Domain:		ATOM\r\n	Logon ID:		0x359FFC\r\n\r\nNetwork Information:	\r\n	Object Type:		File\r\n	Source Address:		172.16.117.35\r\n	Source Port:		50346\r\n	\r\nShare Information:\r\n	Share Name:		\\\\*\\NETLOGON\r\n	Share Path:		\\??\\C:\\Windows\\SYSVOL\\sysvol\\atom.local\\SCRIPTS\r\n\r\nAccess Request Information:\r\n	Access Mask:		0x1\r\n	Accesses:		ReadData (or ListDirectory)\r\n				\r\n'),
(937, 'Audit Success', '0000-00-00 00:00:00.000000', 'Microsoft-Windows-Security-Auditing', '5140', 'File Share', 'A network share object was accessed.\r\n	\r\nSubject:\r\n	Security ID:		ATOM\\Franko\r\n	Account Name:		Franko\r\n	Account Domain:		ATOM\r\n	Logon ID:		0x359116\r\n\r\nNetwork Information:	\r\n	Object Type:		File\r\n	Source Address:		172.16.117.35\r\n	Source Port:		50302\r\n	\r\nShare Information:\r\n	Share Name:		\\\\*\\IPC$\r\n	Share Path:		\r\n\r\nAccess Request Information:\r\n	Access Mask:		0x1\r\n	Accesses:		ReadData (or ListDirectory)\r\n				\r\n'),
(938, 'Audit Success', '0000-00-00 00:00:00.000000', 'Microsoft-Windows-Security-Auditing', '5140', 'File Share', 'A network share object was accessed.\r\n	\r\nSubject:\r\n	Security ID:		NETWORK SERVICE\r\n	Account Name:		SERVER2019$\r\n	Account Domain:		ATOM\r\n	Logon ID:		0x3E4\r\n\r\nNetwork Information:	\r\n	Object Type:		File\r\n	Source Address:		fe80::18fd:2a50:fe66:a983\r\n	Source Port:		57057\r\n	\r\nShare Information:\r\n	Share Name:		\\\\*\\IPC$\r\n	Share Path:		\r\n\r\nAccess Request Information:\r\n	Access Mask:		0x1\r\n	Accesses:		ReadData (or ListDirectory)\r\n				\r\n'),
(939, 'Audit Success', '0000-00-00 00:00:00.000000', 'Microsoft-Windows-Security-Auditing', '5140', 'File Share', 'A network share object was accessed.\r\n	\r\nSubject:\r\n	Security ID:		SYSTEM\r\n	Account Name:		SERVER2019$\r\n	Account Domain:		ATOM\r\n	Logon ID:		0x35266E\r\n\r\nNetwork Information:	\r\n	Object Type:		File\r\n	Source Address:		fe80::18fd:2a50:fe66:a983\r\n	Source Port:		56931\r\n	\r\nShare Information:\r\n	Share Name:		\\\\*\\SYSVOL\r\n	Share Path:		\\??\\C:\\Windows\\SYSVOL\\sysvol\r\n\r\nAccess Request Information:\r\n	Access Mask:		0x1\r\n	Accesses:		ReadData (or ListDirectory)\r\n				\r\n'),
(940, 'Audit Success', '0000-00-00 00:00:00.000000', 'Microsoft-Windows-Security-Auditing', '5140', 'File Share', 'A network share object was accessed.\r\n	\r\nSubject:\r\n	Security ID:		SYSTEM\r\n	Account Name:		SERVER2019$\r\n	Account Domain:		ATOM\r\n	Logon ID:		0x356221\r\n\r\nNetwork Information:	\r\n	Object Type:		File\r\n	Source Address:		fe80::18fd:2a50:fe66:a983\r\n	Source Port:		57057\r\n	\r\nShare Information:\r\n	Share Name:		\\\\*\\SYSVOL\r\n	Share Path:		\\??\\C:\\Windows\\SYSVOL\\sysvol\r\n\r\nAccess Request Information:\r\n	Access Mask:		0x1\r\n	Accesses:		ReadData (or ListDirectory)\r\n				\r\n'),
(941, 'Audit Success', '0000-00-00 00:00:00.000000', 'Microsoft-Windows-Security-Auditing', '5140', 'File Share', 'A network share object was accessed.\r\n	\r\nSubject:\r\n	Security ID:		ATOM\\Binti\r\n	Account Name:		Binti\r\n	Account Domain:		ATOM\r\n	Logon ID:		0x358320\r\n\r\nNetwork Information:	\r\n	Object Type:		File\r\n	Source Address:		172.16.117.35\r\n	Source Port:		50248\r\n	\r\nShare Information:\r\n	Share Name:		\\\\*\\IPC$\r\n	Share Path:		\r\n\r\nAccess Request Information:\r\n	Access Mask:		0x1\r\n	Accesses:		ReadData (or ListDirectory)\r\n				\r\n'),
(942, 'Audit Success', '0000-00-00 00:00:00.000000', 'Microsoft-Windows-Security-Auditing', '5140', 'File Share', 'A network share object was accessed.\r\n	\r\nSubject:\r\n	Security ID:		ATOM\\WINDOWS10$\r\n	Account Name:		WINDOWS10$\r\n	Account Domain:		ATOM\r\n	Logon ID:		0x3579A6\r\n\r\nNetwork Information:	\r\n	Object Type:		File\r\n	Source Address:		172.16.117.35\r\n	Source Port:		50237\r\n	\r\nShare Information:\r\n	Share Name:		\\\\*\\IPC$\r\n	Share Path:		\r\n\r\nAccess Request Information:\r\n	Access Mask:		0x1\r\n	Accesses:		ReadData (or ListDirectory)\r\n				\r\n'),
(943, 'Audit Success', '0000-00-00 00:00:00.000000', 'Microsoft-Windows-Security-Auditing', '5140', 'File Share', 'A network share object was accessed.\r\n	\r\nSubject:\r\n	Security ID:		SYSTEM\r\n	Account Name:		SERVER2019$\r\n	Account Domain:		ATOM\r\n	Logon ID:		0xFA9F1\r\n\r\nNetwork Information:	\r\n	Object Type:		File\r\n	Source Address:		fe80::18fd:2a50:fe66:a983\r\n	Source Port:		49822\r\n	\r\nShare Information:\r\n	Share Name:		\\\\*\\SYSVOL\r\n	Share Path:		\\??\\C:\\Windows\\SYSVOL\\sysvol\r\n\r\nAccess Request Information:\r\n	Access Mask:		0x1\r\n	Accesses:		ReadData (or ListDirectory)\r\n				\r\n'),
(944, 'Audit Success', '0000-00-00 00:00:00.000000', 'Microsoft-Windows-Security-Auditing', '5140', 'File Share', 'A network share object was accessed.\r\n	\r\nSubject:\r\n	Security ID:		ATOM\\Administrator\r\n	Account Name:		Administrator\r\n	Account Domain:		ATOM\r\n	Logon ID:		0x4E754\r\n\r\nNetwork Information:	\r\n	Object Type:		File\r\n	Source Address:		fe80::18fd:2a50:fe66:a983\r\n	Source Port:		56695\r\n	\r\nShare Information:\r\n	Share Name:		\\\\*\\SYSVOL\r\n	Share Path:		\\??\\C:\\Windows\\SYSVOL\\sysvol\r\n\r\nAccess Request Information:\r\n	Access Mask:		0x1\r\n	Accesses:		ReadData (or ListDirectory)\r\n				\r\n'),
(945, 'Audit Success', '0000-00-00 00:00:00.000000', 'Microsoft-Windows-Security-Auditing', '5140', 'File Share', 'A network share object was accessed.\r\n	\r\nSubject:\r\n	Security ID:		ATOM\\Administrator\r\n	Account Name:		Administrator\r\n	Account Domain:		ATOM\r\n	Logon ID:		0x4E754\r\n\r\nNetwork Information:	\r\n	Object Type:		File\r\n	Source Address:		fe80::18fd:2a50:fe66:a983\r\n	Source Port:		56738\r\n	\r\nShare Information:\r\n	Share Name:		\\\\*\\SYSVOL\r\n	Share Path:		\\??\\C:\\Windows\\SYSVOL\\sysvol\r\n\r\nAccess Request Information:\r\n	Access Mask:		0x1\r\n	Accesses:		ReadData (or ListDirectory)\r\n				\r\n'),
(946, 'Audit Success', '0000-00-00 00:00:00.000000', 'Microsoft-Windows-Security-Auditing', '5140', 'File Share', 'A network share object was accessed.\r\n	\r\nSubject:\r\n	Security ID:		ATOM\\Administrator\r\n	Account Name:		Administrator\r\n	Account Domain:		ATOM\r\n	Logon ID:		0x4E754\r\n\r\nNetwork Information:	\r\n	Object Type:		File\r\n	Source Address:		fe80::18fd:2a50:fe66:a983\r\n	Source Port:		56931\r\n	\r\nShare Information:\r\n	Share Name:		\\\\*\\Users\r\n	Share Path:		\\??\\C:\\Users\r\n\r\nAccess Request Information:\r\n	Access Mask:		0x1\r\n	Accesses:		ReadData (or ListDirectory)\r\n				\r\n'),
(947, 'Audit Success', '0000-00-00 00:00:00.000000', 'Microsoft-Windows-Security-Auditing', '5140', 'File Share', 'A network share object was accessed.\r\n	\r\nSubject:\r\n	Security ID:		SYSTEM\r\n	Account Name:		SERVER2019$\r\n	Account Domain:		ATOM\r\n	Logon ID:		0x10811F\r\n\r\nNetwork Information:	\r\n	Object Type:		File\r\n	Source Address:		fe80::18fd:2a50:fe66:a983\r\n	Source Port:		56695\r\n	\r\nShare Information:\r\n	Share Name:		\\\\*\\SYSVOL\r\n	Share Path:		\\??\\C:\\Windows\\SYSVOL\\sysvol\r\n\r\nAccess Request Information:\r\n	Access Mask:		0x1\r\n	Accesses:		ReadData (or ListDirectory)\r\n				\r\n'),
(948, 'Audit Success', '0000-00-00 00:00:00.000000', 'Microsoft-Windows-Security-Auditing', '5140', 'File Share', 'A network share object was accessed.\r\n	\r\nSubject:\r\n	Security ID:		NETWORK SERVICE\r\n	Account Name:		SERVER2019$\r\n	Account Domain:		ATOM\r\n	Logon ID:		0x3E4\r\n\r\nNetwork Information:	\r\n	Object Type:		File\r\n	Source Address:		fe80::18fd:2a50:fe66:a983\r\n	Source Port:		57001\r\n	\r\nShare Information:\r\n	Share Name:		\\\\*\\IPC$\r\n	Share Path:		\r\n\r\nAccess Request Information:\r\n	Access Mask:		0x1\r\n	Accesses:		ReadData (or ListDirectory)\r\n				\r\n'),
(949, 'Audit Success', '0000-00-00 00:00:00.000000', 'Microsoft-Windows-Security-Auditing', '5140', 'File Share', 'A network share object was accessed.\r\n	\r\nSubject:\r\n	Security ID:		ATOM\\WINDOWS10$\r\n	Account Name:		WINDOWS10$\r\n	Account Domain:		ATOM\r\n	Logon ID:		0x30E040\r\n\r\nNetwork Information:	\r\n	Object Type:		File\r\n	Source Address:		172.16.117.35\r\n	Source Port:		50198\r\n	\r\nShare Information:\r\n	Share Name:		\\\\*\\IPC$\r\n	Share Path:		\r\n\r\nAccess Request Information:\r\n	Access Mask:		0x1\r\n	Accesses:		ReadData (or ListDirectory)\r\n				\r\n'),
