(178, 'Audit Success', '0000-00-00 00:00:00', 'Microsoft-Windows-Security-Auditing', '5379', 'User Account Management', 'Credential Manager credentials were read.\r\n\r\nSubject:\r\n	Security ID:		DESKTOP-MAIFOE4\\FELIXOH\r\n	Account Name:		FELIXOH\r\n	Account Domain:		DESKTOP-MAIFOE4\r\n	Logon ID:		0x255A69\r\n	Read Operation:		Read Credential\r\n\r\nThis event occurs when a user performs a read operation on stored credentials in Credential Manager.'),
(179, 'Audit Success', '0000-00-00 00:00:00', 'Microsoft-Windows-Security-Auditing', '5379', 'User Account Management', 'Credential Manager credentials were read.\r\n\r\nSubject:\r\n	Security ID:		DESKTOP-MAIFOE4\\FELIXOH\r\n	Account Name:		FELIXOH\r\n	Account Domain:		DESKTOP-MAIFOE4\r\n	Logon ID:		0x255A69\r\n	Read Operation:		Enumerate Credentials\r\n\r\nThis event occurs when a user performs a read operation on stored credentials in Credential Manager.'),
(180, 'Audit Success', '0000-00-00 00:00:00', 'Microsoft-Windows-Security-Auditing', '5379', 'User Account Management', 'Credential Manager credentials were read.\r\n\r\nSubject:\r\n	Security ID:		DESKTOP-MAIFOE4\\FELIXOH\r\n	Account Name:		FELIXOH\r\n	Account Domain:		DESKTOP-MAIFOE4\r\n	Logon ID:		0x255A69\r\n	Read Operation:		Read Credential\r\n\r\nThis event occurs when a user performs a read operation on stored credentials in Credential Manager.'),
(181, 'Audit Success', '0000-00-00 00:00:00', 'Microsoft-Windows-Security-Auditing', '5379', 'User Account Management', 'Credential Manager credentials were read.\r\n\r\nSubject:\r\n	Security ID:		DESKTOP-MAIFOE4\\FELIXOH\r\n	Account Name:		FELIXOH\r\n	Account Domain:		DESKTOP-MAIFOE4\r\n	Logon ID:		0x255A69\r\n	Read Operation:		Read Credential\r\n\r\nThis event occurs when a user performs a read operation on stored credentials in Credential Manager.'),
(182, 'Audit Success', '0000-00-00 00:00:00', 'Microsoft-Windows-Security-Auditing', '5379', 'User Account Management', 'Credential Manager credentials were read.\r\n\r\nSubject:\r\n	Security ID:		DESKTOP-MAIFOE4\\FELIXOH\r\n	Account Name:		FELIXOH\r\n	Account Domain:		DESKTOP-MAIFOE4\r\n	Logon ID:		0x255A69\r\n	Read Operation:		Read Credential\r\n\r\nThis event occurs when a user performs a read operation on stored credentials in Credential Manager.'),
(183, 'Audit Success', '0000-00-00 00:00:00', 'Microsoft-Windows-Security-Auditing', '5379', 'User Account Management', 'Credential Manager credentials were read.\r\n\r\nSubject:\r\n	Security ID:		DESKTOP-MAIFOE4\\FELIXOH\r\n	Account Name:		FELIXOH\r\n	Account Domain:		DESKTOP-MAIFOE4\r\n	Logon ID:		0x255A69\r\n	Read Operation:		Enumerate Credentials\r\n\r\nThis event occurs when a user performs a read operation on stored credentials in Credential Manager.'),
(184, 'Audit Success', '0000-00-00 00:00:00', 'Microsoft-Windows-Security-Auditing', '5379', 'User Account Management', 'Credential Manager credentials were read.\r\n\r\nSubject:\r\n	Security ID:		DESKTOP-MAIFOE4\\FELIXOH\r\n	Account Name:		FELIXOH\r\n	Account Domain:		DESKTOP-MAIFOE4\r\n	Logon ID:		0x255A69\r\n	Read Operation:		Enumerate Credentials\r\n\r\nThis event occurs when a user performs a read operation on stored credentials in Credential Manager.'),
(185, 'Audit Success', '0000-00-00 00:00:00', 'Microsoft-Windows-Security-Auditing', '5379', 'User Account Management', 'Credential Manager credentials were read.\r\n\r\nSubject:\r\n	Security ID:		DESKTOP-MAIFOE4\\FELIXOH\r\n	Account Name:		FELIXOH\r\n	Account Domain:		DESKTOP-MAIFOE4\r\n	Logon ID:		0x255A69\r\n	Read Operation:		Enumerate Credentials\r\n\r\nThis event occurs when a user performs a read operation on stored credentials in Credential Manager.'),
(186, 'Audit Success', '0000-00-00 00:00:00', 'Microsoft-Windows-Security-Auditing', '5379', 'User Account Management', 'Credential Manager credentials were read.\r\n\r\nSubject:\r\n	Security ID:		DESKTOP-MAIFOE4\\FELIXOH\r\n	Account Name:		FELIXOH\r\n	Account Domain:		DESKTOP-MAIFOE4\r\n	Logon ID:		0x255A69\r\n	Read Operation:		Enumerate Credentials\r\n\r\nThis event occurs when a user performs a read operation on stored credentials in Credential Manager.'),
(187, 'Audit Success', '0000-00-00 00:00:00', 'Microsoft-Windows-Security-Auditing', '4672', 'Special Logon', 'Special privileges assigned to new logon.\r\n\r\nSubject:\r\n	Security ID:		SYSTEM\r\n	Account Name:		SYSTEM\r\n	Account Domain:		NT AUTHORITY\r\n	Logon ID:		0x3E7\r\n\r\nPrivileges:		SeAssignPrimaryTokenPrivilege\r\n			SeTcbPrivilege\r\n			SeSecurityPrivilege\r\n			SeTakeOwnershipPrivilege\r\n			SeLoadDriverPrivilege\r\n			SeBackupPrivilege\r\n			SeRestorePrivilege\r\n			SeDebugPrivilege\r\n			SeAuditPrivilege\r\n			SeSystemEnvironmentPrivilege\r\n			SeImpersonatePrivilege\r\n			SeDelegateSessionUserImpersonatePrivilege'),
(188, 'Audit Success', '0000-00-00 00:00:00', 'Microsoft-Windows-Security-Auditing', '4624', 'Logon', 'An account was successfully logged on.\r\n\r\nSubject:\r\n	Security ID:		SYSTEM\r\n	Account Name:		DESKTOP-MAIFOE4$\r\n	Account Domain:		WORKGROUP\r\n	Logon ID:		0x3E7\r\n\r\nLogon Information:\r\n	Logon Type:		5\r\n	Restricted Admin Mode:	-\r\n	Virtual Account:		No\r\n	Elevated Token:		Yes\r\n\r\nImpersonation Level:		Impersonation\r\n\r\nNew Logon:\r\n	Security ID:		SYSTEM\r\n	Account Name:		SYSTEM\r\n	Account Domain:		NT AUTHORITY\r\n	Logon ID:		0x3E7\r\n	Linked Logon ID:		0x0\r\n	Network Account Name:	-\r\n	Network Account Domain:	-\r\n	Logon GUID:		{00000000-0000-0000-0000-000000000000}\r\n\r\nProcess Information:\r\n	Process ID:		0x304\r\n	Process Name:		C:\\Windows\\System32\\services.exe\r\n\r\nNetwork Information:\r\n	Workstation Name:	-\r\n	Source Network Address:	-\r\n	Source Port:		-\r\n\r\nDetailed Authentication Information:\r\n	Logon Process:		Advapi  \r\n	Authentication Package:	Negotiate\r\n	Transited Services:	-\r\n	Package Name (NTLM only):	-\r\n	Key Length:		0\r\n\r\nThis event is generated when a logon session is created. It is generated on the compu'),
(189, 'Audit Success', '0000-00-00 00:00:00', 'Microsoft-Windows-Security-Auditing', '4672', 'Special Logon', 'Special privileges assigned to new logon.\r\n\r\nSubject:\r\n	Security ID:		SYSTEM\r\n	Account Name:		SYSTEM\r\n	Account Domain:		NT AUTHORITY\r\n	Logon ID:		0x3E7\r\n\r\nPrivileges:		SeAssignPrimaryTokenPrivilege\r\n			SeTcbPrivilege\r\n			SeSecurityPrivilege\r\n			SeTakeOwnershipPrivilege\r\n			SeLoadDriverPrivilege\r\n			SeBackupPrivilege\r\n			SeRestorePrivilege\r\n			SeDebugPrivilege\r\n			SeAuditPrivilege\r\n			SeSystemEnvironmentPrivilege\r\n			SeImpersonatePrivilege\r\n			SeDelegateSessionUserImpersonatePrivilege'),
(190, 'Audit Success', '0000-00-00 00:00:00', 'Microsoft-Windows-Security-Auditing', '4624', 'Logon', 'An account was successfully logged on.\r\n\r\nSubject:\r\n	Security ID:		SYSTEM\r\n	Account Name:		DESKTOP-MAIFOE4$\r\n	Account Domain:		WORKGROUP\r\n	Logon ID:		0x3E7\r\n\r\nLogon Information:\r\n	Logon Type:		5\r\n	Restricted Admin Mode:	-\r\n	Virtual Account:		No\r\n	Elevated Token:		Yes\r\n\r\nImpersonation Level:		Impersonation\r\n\r\nNew Logon:\r\n	Security ID:		SYSTEM\r\n	Account Name:		SYSTEM\r\n	Account Domain:		NT AUTHORITY\r\n	Logon ID:		0x3E7\r\n	Linked Logon ID:		0x0\r\n	Network Account Name:	-\r\n	Network Account Domain:	-\r\n	Logon GUID:		{00000000-0000-0000-0000-000000000000}\r\n\r\nProcess Information:\r\n	Process ID:		0x304\r\n	Process Name:		C:\\Windows\\System32\\services.exe\r\n\r\nNetwork Information:\r\n	Workstation Name:	-\r\n	Source Network Address:	-\r\n	Source Port:		-\r\n\r\nDetailed Authentication Information:\r\n	Logon Process:		Advapi  \r\n	Authentication Package:	Negotiate\r\n	Transited Services:	-\r\n	Package Name (NTLM only):	-\r\n	Key Length:		0\r\n\r\nThis event is generated when a logon session is created. It is generated on the compu'),
(191, 'Audit Success', '0000-00-00 00:00:00', 'Microsoft-Windows-Security-Auditing', '4672', 'Special Logon', 'Special privileges assigned to new logon.\r\n\r\nSubject:\r\n	Security ID:		SYSTEM\r\n	Account Name:		SYSTEM\r\n	Account Domain:		NT AUTHORITY\r\n	Logon ID:		0x3E7\r\n\r\nPrivileges:		SeAssignPrimaryTokenPrivilege\r\n			SeTcbPrivilege\r\n			SeSecurityPrivilege\r\n			SeTakeOwnershipPrivilege\r\n			SeLoadDriverPrivilege\r\n			SeBackupPrivilege\r\n			SeRestorePrivilege\r\n			SeDebugPrivilege\r\n			SeAuditPrivilege\r\n			SeSystemEnvironmentPrivilege\r\n			SeImpersonatePrivilege\r\n			SeDelegateSessionUserImpersonatePrivilege'),
(192, 'Audit Success', '0000-00-00 00:00:00', 'Microsoft-Windows-Security-Auditing', '4624', 'Logon', 'An account was successfully logged on.\r\n\r\nSubject:\r\n	Security ID:		SYSTEM\r\n	Account Name:		DESKTOP-MAIFOE4$\r\n	Account Domain:		WORKGROUP\r\n	Logon ID:		0x3E7\r\n\r\nLogon Information:\r\n	Logon Type:		5\r\n	Restricted Admin Mode:	-\r\n	Virtual Account:		No\r\n	Elevated Token:		Yes\r\n\r\nImpersonation Level:		Impersonation\r\n\r\nNew Logon:\r\n	Security ID:		SYSTEM\r\n	Account Name:		SYSTEM\r\n	Account Domain:		NT AUTHORITY\r\n	Logon ID:		0x3E7\r\n	Linked Logon ID:		0x0\r\n	Network Account Name:	-\r\n	Network Account Domain:	-\r\n	Logon GUID:		{00000000-0000-0000-0000-000000000000}\r\n\r\nProcess Information:\r\n	Process ID:		0x304\r\n	Process Name:		C:\\Windows\\System32\\services.exe\r\n\r\nNetwork Information:\r\n	Workstation Name:	-\r\n	Source Network Address:	-\r\n	Source Port:		-\r\n\r\nDetailed Authentication Information:\r\n	Logon Process:		Advapi  \r\n	Authentication Package:	Negotiate\r\n	Transited Services:	-\r\n	Package Name (NTLM only):	-\r\n	Key Length:		0\r\n\r\nThis event is generated when a logon session is created. It is generated on the compu'),
(193, 'Audit Success', '0000-00-00 00:00:00', 'Microsoft-Windows-Security-Auditing', '4672', 'Special Logon', 'Special privileges assigned to new logon.\r\n\r\nSubject:\r\n	Security ID:		SYSTEM\r\n	Account Name:		SYSTEM\r\n	Account Domain:		NT AUTHORITY\r\n	Logon ID:		0x3E7\r\n\r\nPrivileges:		SeAssignPrimaryTokenPrivilege\r\n			SeTcbPrivilege\r\n			SeSecurityPrivilege\r\n			SeTakeOwnershipPrivilege\r\n			SeLoadDriverPrivilege\r\n			SeBackupPrivilege\r\n			SeRestorePrivilege\r\n			SeDebugPrivilege\r\n			SeAuditPrivilege\r\n			SeSystemEnvironmentPrivilege\r\n			SeImpersonatePrivilege\r\n			SeDelegateSessionUserImpersonatePrivilege'),
(194, 'Audit Success', '0000-00-00 00:00:00', 'Microsoft-Windows-Security-Auditing', '4624', 'Logon', 'An account was successfully logged on.\r\n\r\nSubject:\r\n	Security ID:		SYSTEM\r\n	Account Name:		DESKTOP-MAIFOE4$\r\n	Account Domain:		WORKGROUP\r\n	Logon ID:		0x3E7\r\n\r\nLogon Information:\r\n	Logon Type:		5\r\n	Restricted Admin Mode:	-\r\n	Virtual Account:		No\r\n	Elevated Token:		Yes\r\n\r\nImpersonation Level:		Impersonation\r\n\r\nNew Logon:\r\n	Security ID:		SYSTEM\r\n	Account Name:		SYSTEM\r\n	Account Domain:		NT AUTHORITY\r\n	Logon ID:		0x3E7\r\n	Linked Logon ID:		0x0\r\n	Network Account Name:	-\r\n	Network Account Domain:	-\r\n	Logon GUID:		{00000000-0000-0000-0000-000000000000}\r\n\r\nProcess Information:\r\n	Process ID:		0x304\r\n	Process Name:		C:\\Windows\\System32\\services.exe\r\n\r\nNetwork Information:\r\n	Workstation Name:	-\r\n	Source Network Address:	-\r\n	Source Port:		-\r\n\r\nDetailed Authentication Information:\r\n	Logon Process:		Advapi  \r\n	Authentication Package:	Negotiate\r\n	Transited Services:	-\r\n	Package Name (NTLM only):	-\r\n	Key Length:		0\r\n\r\nThis event is generated when a logon session is created. It is generated on the compu'),
(195, 'Audit Success', '0000-00-00 00:00:00', 'Microsoft-Windows-Security-Auditing', '5379', 'User Account Management', 'Credential Manager credentials were read.\r\n\r\nSubject:\r\n	Security ID:		NETWORK SERVICE\r\n	Account Name:		DESKTOP-MAIFOE4$\r\n	Account Domain:		WORKGROUP\r\n	Logon ID:		0x3E4\r\n	Read Operation:		Enumerate Credentials\r\n\r\nThis event occurs when a user performs a read operation on stored credentials in Credential Manager.'),
(196, 'Audit Success', '0000-00-00 00:00:00', 'Microsoft-Windows-Security-Auditing', '5379', 'User Account Management', 'Credential Manager credentials were read.\r\n\r\nSubject:\r\n	Security ID:		NETWORK SERVICE\r\n	Account Name:		DESKTOP-MAIFOE4$\r\n	Account Domain:		WORKGROUP\r\n	Logon ID:		0x3E4\r\n	Read Operation:		Enumerate Credentials\r\n\r\nThis event occurs when a user performs a read operation on stored credentials in Credential Manager.'),
(197, 'Audit Success', '0000-00-00 00:00:00', 'Microsoft-Windows-Security-Auditing', '5379', 'User Account Management', 'Credential Manager credentials were read.\r\n\r\nSubject:\r\n	Security ID:		NETWORK SERVICE\r\n	Account Name:		DESKTOP-MAIFOE4$\r\n	Account Domain:		WORKGROUP\r\n	Logon ID:		0x3E4\r\n	Read Operation:		Enumerate Credentials\r\n\r\nThis event occurs when a user performs a read operation on stored credentials in Credential Manager.'),
(198, 'Audit Success', '0000-00-00 00:00:00', 'Microsoft-Windows-Security-Auditing', '5379', 'User Account Management', 'Credential Manager credentials were read.\r\n\r\nSubject:\r\n	Security ID:		NETWORK SERVICE\r\n	Account Name:		DESKTOP-MAIFOE4$\r\n	Account Domain:		WORKGROUP\r\n	Logon ID:		0x3E4\r\n	Read Operation:		Enumerate Credentials\r\n\r\nThis event occurs when a user performs a read operation on stored credentials in Credential Manager.');
INSERT INTO `login` (`ID`, `keywords`, `timestamp`, `source`, `event_id`, `task-category`, `description`) VALUES
(199, 'Audit Success', '0000-00-00 00:00:00', 'Microsoft-Windows-Security-Auditing', '5379', 'User Account Management', 'Credential Manager credentials were read.\r\n\r\nSubject:\r\n	Security ID:		NETWORK SERVICE\r\n	Account Name:		DESKTOP-MAIFOE4$\r\n	Account Domain:		WORKGROUP\r\n	Logon ID:		0x3E4\r\n	Read Operation:		Enumerate Credentials\r\n\r\nThis event occurs when a user performs a read operation on stored credentials in Credential Manager.'),
(200, 'Audit Success', '0000-00-00 00:00:00', 'Microsoft-Windows-Security-Auditing', '5379', 'User Account Management', 'Credential Manager credentials were read.\r\n\r\nSubject:\r\n	Security ID:		NETWORK SERVICE\r\n	Account Name:		DESKTOP-MAIFOE4$\r\n	Account Domain:		WORKGROUP\r\n	Logon ID:		0x3E4\r\n	Read Operation:		Enumerate Credentials\r\n\r\nThis event occurs when a user performs a read operation on stored credentials in Credential Manager.'),
(201, 'Audit Success', '0000-00-00 00:00:00', 'Microsoft-Windows-Security-Auditing', '5379', 'User Account Management', 'Credential Manager credentials were read.\r\n\r\nSubject:\r\n	Security ID:		NETWORK SERVICE\r\n	Account Name:		DESKTOP-MAIFOE4$\r\n	Account Domain:		WORKGROUP\r\n	Logon ID:		0x3E4\r\n	Read Operation:		Enumerate Credentials\r\n\r\nThis event occurs when a user performs a read operation on stored credentials in Credential Manager.'),
(202, 'Audit Success', '0000-00-00 00:00:00', 'Microsoft-Windows-Security-Auditing', '5379', 'User Account Management', 'Credential Manager credentials were read.\r\n\r\nSubject:\r\n	Security ID:		NETWORK SERVICE\r\n	Account Name:		DESKTOP-MAIFOE4$\r\n	Account Domain:		WORKGROUP\r\n	Logon ID:		0x3E4\r\n	Read Operation:		Enumerate Credentials\r\n\r\nThis event occurs when a user performs a read operation on stored credentials in Credential Manager.'),
(203, 'Audit Success', '0000-00-00 00:00:00', 'Microsoft-Windows-Security-Auditing', '5379', 'User Account Management', 'Credential Manager credentials were read.\r\n\r\nSubject:\r\n	Security ID:		NETWORK SERVICE\r\n	Account Name:		DESKTOP-MAIFOE4$\r\n	Account Domain:		WORKGROUP\r\n	Logon ID:		0x3E4\r\n	Read Operation:		Enumerate Credentials\r\n\r\nThis event occurs when a user performs a read operation on stored credentials in Credential Manager.'),
(204, 'Audit Success', '0000-00-00 00:00:00', 'Microsoft-Windows-Security-Auditing', '5379', 'User Account Management', 'Credential Manager credentials were read.\r\n\r\nSubject:\r\n	Security ID:		NETWORK SERVICE\r\n	Account Name:		DESKTOP-MAIFOE4$\r\n	Account Domain:		WORKGROUP\r\n	Logon ID:		0x3E4\r\n	Read Operation:		Enumerate Credentials\r\n\r\nThis event occurs when a user performs a read operation on stored credentials in Credential Manager.'),
(205, 'Audit Success', '0000-00-00 00:00:00', 'Microsoft-Windows-Security-Auditing', '5379', 'User Account Management', 'Credential Manager credentials were read.\r\n\r\nSubject:\r\n	Security ID:		DESKTOP-MAIFOE4\\FELIXOH\r\n	Account Name:		FELIXOH\r\n	Account Domain:		DESKTOP-MAIFOE4\r\n	Logon ID:		0x255A69\r\n	Read Operation:		Enumerate Credentials\r\n\r\nThis event occurs when a user performs a read operation on stored credentials in Credential Manager.'),
(206, 'Audit Success', '0000-00-00 00:00:00', 'Microsoft-Windows-Security-Auditing', '5379', 'User Account Management', 'Credential Manager credentials were read.\r\n\r\nSubject:\r\n	Security ID:		DESKTOP-MAIFOE4\\FELIXOH\r\n	Account Name:		FELIXOH\r\n	Account Domain:		DESKTOP-MAIFOE4\r\n	Logon ID:		0x255A69\r\n	Read Operation:		Enumerate Credentials\r\n\r\nThis event occurs when a user performs a read operation on stored credentials in Credential Manager.'),
(207, 'Audit Success', '0000-00-00 00:00:00', 'Microsoft-Windows-Security-Auditing', '5379', 'User Account Management', 'Credential Manager credentials were read.\r\n\r\nSubject:\r\n	Security ID:		DESKTOP-MAIFOE4\\FELIXOH\r\n	Account Name:		FELIXOH\r\n	Account Domain:		DESKTOP-MAIFOE4\r\n	Logon ID:		0x255A69\r\n	Read Operation:		Enumerate Credentials\r\n\r\nThis event occurs when a user performs a read operation on stored credentials in Credential Manager.'),
(208, 'Audit Success', '0000-00-00 00:00:00', 'Microsoft-Windows-Security-Auditing', '5379', 'User Account Management', 'Credential Manager credentials were read.\r\n\r\nSubject:\r\n	Security ID:		SYSTEM\r\n	Account Name:		DESKTOP-MAIFOE4$\r\n	Account Domain:		WORKGROUP\r\n	Logon ID:		0x3E7\r\n	Read Operation:		Enumerate Credentials\r\n\r\nThis event occurs when a user performs a read operation on stored credentials in Credential Manager.'),
(209, 'Audit Success', '0000-00-00 00:00:00', 'Microsoft-Windows-Security-Auditing', '5379', 'User Account Management', 'Credential Manager credentials were read.\r\n\r\nSubject:\r\n	Security ID:		SYSTEM\r\n	Account Name:		DESKTOP-MAIFOE4$\r\n	Account Domain:		WORKGROUP\r\n	Logon ID:		0x3E7\r\n	Read Operation:		Enumerate Credentials\r\n\r\nThis event occurs when a user performs a read operation on stored credentials in Credential Manager.'),
(210, 'Audit Success', '0000-00-00 00:00:00', 'Microsoft-Windows-Security-Auditing', '5379', 'User Account Management', 'Credential Manager credentials were read.\r\n\r\nSubject:\r\n	Security ID:		SYSTEM\r\n	Account Name:		DESKTOP-MAIFOE4$\r\n	Account Domain:		WORKGROUP\r\n	Logon ID:		0x3E7\r\n	Read Operation:		Enumerate Credentials\r\n\r\nThis event occurs when a user performs a read operation on stored credentials in Credential Manager.'),
(211, 'Audit Success', '0000-00-00 00:00:00', 'Microsoft-Windows-Security-Auditing', '4672', 'Special Logon', 'Special privileges assigned to new logon.\r\n\r\nSubject:\r\n	Security ID:		SYSTEM\r\n	Account Name:		SYSTEM\r\n	Account Domain:		NT AUTHORITY\r\n	Logon ID:		0x3E7\r\n\r\nPrivileges:		SeAssignPrimaryTokenPrivilege\r\n			SeTcbPrivilege\r\n			SeSecurityPrivilege\r\n			SeTakeOwnershipPrivilege\r\n			SeLoadDriverPrivilege\r\n			SeBackupPrivilege\r\n			SeRestorePrivilege\r\n			SeDebugPrivilege\r\n			SeAuditPrivilege\r\n			SeSystemEnvironmentPrivilege\r\n			SeImpersonatePrivilege\r\n			SeDelegateSessionUserImpersonatePrivilege'),
(212, 'Audit Success', '0000-00-00 00:00:00', 'Microsoft-Windows-Security-Auditing', '4624', 'Logon', 'An account was successfully logged on.\r\n\r\nSubject:\r\n	Security ID:		SYSTEM\r\n	Account Name:		DESKTOP-MAIFOE4$\r\n	Account Domain:		WORKGROUP\r\n	Logon ID:		0x3E7\r\n\r\nLogon Information:\r\n	Logon Type:		5\r\n	Restricted Admin Mode:	-\r\n	Virtual Account:		No\r\n	Elevated Token:		Yes\r\n\r\nImpersonation Level:		Impersonation\r\n\r\nNew Logon:\r\n	Security ID:		SYSTEM\r\n	Account Name:		SYSTEM\r\n	Account Domain:		NT AUTHORITY\r\n	Logon ID:		0x3E7\r\n	Linked Logon ID:		0x0\r\n	Network Account Name:	-\r\n	Network Account Domain:	-\r\n	Logon GUID:		{00000000-0000-0000-0000-000000000000}\r\n\r\nProcess Information:\r\n	Process ID:		0x304\r\n	Process Name:		C:\\Windows\\System32\\services.exe\r\n\r\nNetwork Information:\r\n	Workstation Name:	-\r\n	Source Network Address:	-\r\n	Source Port:		-\r\n\r\nDetailed Authentication Information:\r\n	Logon Process:		Advapi  \r\n	Authentication Package:	Negotiate\r\n	Transited Services:	-\r\n	Package Name (NTLM only):	-\r\n	Key Length:		0\r\n\r\nThis event is generated when a logon session is created. It is generated on the compu'),
(213, 'Audit Success', '0000-00-00 00:00:00', 'Microsoft-Windows-Security-Auditing', '4634', 'Logoff', 'An account was logged off.\r\n\r\nSubject:\r\n	Security ID:		DESKTOP-MAIFOE4\\FELIXOH\r\n	Account Name:		FELIXOH\r\n	Account Domain:		DESKTOP-MAIFOE4\r\n	Logon ID:		0x523DAF\r\n\r\nLogon Type:			2\r\n\r\nThis event is generated when a logon session is destroyed. It may be positively correlated with a logon event using the Logon ID value. Logon IDs are only unique between reboots on the same computer.'),
(214, 'Audit Success', '0000-00-00 00:00:00', 'Microsoft-Windows-Security-Auditing', '4634', 'Logoff', 'An account was logged off.\r\n\r\nSubject:\r\n	Security ID:		DESKTOP-MAIFOE4\\FELIXOH\r\n	Account Name:		FELIXOH\r\n	Account Domain:		DESKTOP-MAIFOE4\r\n	Logon ID:		0x523DCC\r\n\r\nLogon Type:			2\r\n\r\nThis event is generated when a logon session is destroyed. It may be positively correlated with a logon event using the Logon ID value. Logon IDs are only unique between reboots on the same computer.'),
(215, 'Audit Success', '0000-00-00 00:00:00', 'Microsoft-Windows-Security-Auditing', '4672', 'Special Logon', 'Special privileges assigned to new logon.\r\n\r\nSubject:\r\n	Security ID:		DESKTOP-MAIFOE4\\FELIXOH\r\n	Account Name:		FELIXOH\r\n	Account Domain:		DESKTOP-MAIFOE4\r\n	Logon ID:		0x523DAF\r\n\r\nPrivileges:		SeSecurityPrivilege\r\n			SeTakeOwnershipPrivilege\r\n			SeLoadDriverPrivilege\r\n			SeBackupPrivilege\r\n			SeRestorePrivilege\r\n			SeDebugPrivilege\r\n			SeSystemEnvironmentPrivilege\r\n			SeImpersonatePrivilege\r\n			SeDelegateSessionUserImpersonatePrivilege'),
(216, 'Audit Success', '0000-00-00 00:00:00', 'Microsoft-Windows-Security-Auditing', '4624', 'Logon', 'An account was successfully logged on.\r\n\r\nSubject:\r\n	Security ID:		SYSTEM\r\n	Account Name:		DESKTOP-MAIFOE4$\r\n	Account Domain:		WORKGROUP\r\n	Logon ID:		0x3E7\r\n\r\nLogon Information:\r\n	Logon Type:		2\r\n	Restricted Admin Mode:	-\r\n	Virtual Account:		No\r\n	Elevated Token:		No\r\n\r\nImpersonation Level:		Impersonation\r\n\r\nNew Logon:\r\n	Security ID:		DESKTOP-MAIFOE4\\FELIXOH\r\n	Account Name:		FELIXOH\r\n	Account Domain:		DESKTOP-MAIFOE4\r\n	Logon ID:		0x523DCC\r\n	Linked Logon ID:		0x523DAF\r\n	Network Account Name:	-\r\n	Network Account Domain:	-\r\n	Logon GUID:		{00000000-0000-0000-0000-000000000000}\r\n\r\nProcess Information:\r\n	Process ID:		0x618\r\n	Process Name:		C:\\Windows\\System32\\svchost.exe\r\n\r\nNetwork Information:\r\n	Workstation Name:	DESKTOP-MAIFOE4\r\n	Source Network Address:	127.0.0.1\r\n	Source Port:		0\r\n\r\nDetailed Authentication Information:\r\n	Logon Process:		User32 \r\n	Authentication Package:	Negotiate\r\n	Transited Services:	-\r\n	Package Name (NTLM only):	-\r\n	Key Length:		0\r\n\r\nThis event is generated when a logon '),
(217, 'Audit Success', '0000-00-00 00:00:00', 'Microsoft-Windows-Security-Auditing', '4624', 'Logon', 'An account was successfully logged on.\r\n\r\nSubject:\r\n	Security ID:		SYSTEM\r\n	Account Name:		DESKTOP-MAIFOE4$\r\n	Account Domain:		WORKGROUP\r\n	Logon ID:		0x3E7\r\n\r\nLogon Information:\r\n	Logon Type:		2\r\n	Restricted Admin Mode:	-\r\n	Virtual Account:		No\r\n	Elevated Token:		Yes\r\n\r\nImpersonation Level:		Impersonation\r\n\r\nNew Logon:\r\n	Security ID:		DESKTOP-MAIFOE4\\FELIXOH\r\n	Account Name:		FELIXOH\r\n	Account Domain:		DESKTOP-MAIFOE4\r\n	Logon ID:		0x523DAF\r\n	Linked Logon ID:		0x523DCC\r\n	Network Account Name:	-\r\n	Network Account Domain:	-\r\n	Logon GUID:		{00000000-0000-0000-0000-000000000000}\r\n\r\nProcess Information:\r\n	Process ID:		0x618\r\n	Process Name:		C:\\Windows\\System32\\svchost.exe\r\n\r\nNetwork Information:\r\n	Workstation Name:	DESKTOP-MAIFOE4\r\n	Source Network Address:	127.0.0.1\r\n	Source Port:		0\r\n\r\nDetailed Authentication Information:\r\n	Logon Process:		User32 \r\n	Authentication Package:	Negotiate\r\n	Transited Services:	-\r\n	Package Name (NTLM only):	-\r\n	Key Length:		0\r\n\r\nThis event is generated when a logon'),
(218, 'Audit Success', '0000-00-00 00:00:00', 'Microsoft-Windows-Security-Auditing', '4648', 'Logon', 'A logon was attempted using explicit credentials.\r\n\r\nSubject:\r\n	Security ID:		SYSTEM\r\n	Account Name:		DESKTOP-MAIFOE4$\r\n	Account Domain:		WORKGROUP\r\n	Logon ID:		0x3E7\r\n	Logon GUID:		{00000000-0000-0000-0000-000000000000}\r\n\r\nAccount Whose Credentials Were Used:\r\n	Account Name:		FELIXOH\r\n	Account Domain:		DESKTOP-MAIFOE4\r\n	Logon GUID:		{00000000-0000-0000-0000-000000000000}\r\n\r\nTarget Server:\r\n	Target Server Name:	localhost\r\n	Additional Information:	localhost\r\n\r\nProcess Information:\r\n	Process ID:		0x618\r\n	Process Name:		C:\\Windows\\System32\\svchost.exe\r\n\r\nNetwork Information:\r\n	Network Address:	127.0.0.1\r\n	Port:			0\r\n\r\nThis event is generated when a process attempts to log on an account by explicitly specifying that accounts credentials.  This most commonly occurs in batch-type configurations such as scheduled tasks, or when using the RUNAS command.'),
(219, 'Audit Failure', '0000-00-00 00:00:00', 'Microsoft-Windows-Security-Auditing', '4625', 'Logon', 'An account failed to log on.\r\n\r\nSubject:\r\n	Security ID:		SYSTEM\r\n	Account Name:		DESKTOP-MAIFOE4$\r\n	Account Domain:		WORKGROUP\r\n	Logon ID:		0x3E7\r\n\r\nLogon Type:			2\r\n\r\nAccount For Which Logon Failed:\r\n	Security ID:		NULL SID\r\n	Account Name:		FELIXOH\r\n	Account Domain:		DESKTOP-MAIFOE4\r\n\r\nFailure Information:\r\n	Failure Reason:		Unknown user name or bad password.\r\n	Status:			0xC000006D\r\n	Sub Status:		0xC000006A\r\n\r\nProcess Information:\r\n	Caller Process ID:	0x618\r\n	Caller Process Name:	C:\\Windows\\System32\\svchost.exe\r\n\r\nNetwork Information:\r\n	Workstation Name:	DESKTOP-MAIFOE4\r\n	Source Network Address:	127.0.0.1\r\n	Source Port:		0\r\n\r\nDetailed Authentication Information:\r\n	Logon Process:		User32 \r\n	Authentication Package:	Negotiate\r\n	Transited Services:	-\r\n	Package Name (NTLM only):	-\r\n	Key Length:		0\r\n\r\nThis event is generated when a logon request fails. It is generated on the computer where access was attempted.\r\n\r\nThe Subject fields indicate the account on the local system which requested t'),
(220, 'Audit Success', '0000-00-00 00:00:00', 'Microsoft-Windows-Security-Auditing', '4798', 'User Account Management', 'A user\'s local group membership was enumerated.\r\n\r\nSubject:\r\n	Security ID:		SYSTEM\r\n	Account Name:		DESKTOP-MAIFOE4$\r\n	Account Domain:		WORKGROUP\r\n	Logon ID:		0x3E7\r\n\r\nUser:\r\n	Security ID:		DESKTOP-MAIFOE4\\FELIXOH\r\n	Account Name:		FELIXOH\r\n	Account Domain:		DESKTOP-MAIFOE4\r\n\r\nProcess Information:\r\n	Process ID:		0x290\r\n	Process Name:		C:\\Windows\\System32\\LogonUI.exe'),
(221, 'Audit Success', '0000-00-00 00:00:00', 'Microsoft-Windows-Security-Auditing', '4799', 'Security Group Management', 'A security-enabled local group membership was enumerated.\r\n\r\nSubject:\r\n	Security ID:		SYSTEM\r\n	Account Name:		DESKTOP-MAIFOE4$\r\n	Account Domain:		WORKGROUP\r\n	Logon ID:		0x3E7\r\n\r\nGroup:\r\n	Security ID:		BUILTIN\\Backup Operators\r\n	Group Name:		Backup Operators\r\n	Group Domain:		Builtin\r\n\r\nProcess Information:\r\n	Process ID:		0x2320\r\n	Process Name:		C:\\Windows\\System32\\svchost.exe'),
(222, 'Audit Success', '0000-00-00 00:00:00', 'Microsoft-Windows-Security-Auditing', '4799', 'Security Group Management', 'A security-enabled local group membership was enumerated.\r\n\r\nSubject:\r\n	Security ID:		SYSTEM\r\n	Account Name:		DESKTOP-MAIFOE4$\r\n	Account Domain:		WORKGROUP\r\n	Logon ID:		0x3E7\r\n\r\nGroup:\r\n	Security ID:		BUILTIN\\Administrators\r\n	Group Name:		Administrators\r\n	Group Domain:		Builtin\r\n\r\nProcess Information:\r\n	Process ID:		0x2320\r\n	Process Name:		C:\\Windows\\System32\\svchost.exe'),
(223, 'Audit Success', '0000-00-00 00:00:00', 'Microsoft-Windows-Security-Auditing', '4672', 'Special Logon', 'Special privileges assigned to new logon.\r\n\r\nSubject:\r\n	Security ID:		SYSTEM\r\n	Account Name:		SYSTEM\r\n	Account Domain:		NT AUTHORITY\r\n	Logon ID:		0x3E7\r\n\r\nPrivileges:		SeAssignPrimaryTokenPrivilege\r\n			SeTcbPrivilege\r\n			SeSecurityPrivilege\r\n			SeTakeOwnershipPrivilege\r\n			SeLoadDriverPrivilege\r\n			SeBackupPrivilege\r\n			SeRestorePrivilege\r\n			SeDebugPrivilege\r\n			SeAuditPrivilege\r\n			SeSystemEnvironmentPrivilege\r\n			SeImpersonatePrivilege\r\n			SeDelegateSessionUserImpersonatePrivilege'),
(224, 'Audit Success', '0000-00-00 00:00:00', 'Microsoft-Windows-Security-Auditing', '4624', 'Logon', 'An account was successfully logged on.\r\n\r\nSubject:\r\n	Security ID:		SYSTEM\r\n	Account Name:		DESKTOP-MAIFOE4$\r\n	Account Domain:		WORKGROUP\r\n	Logon ID:		0x3E7\r\n\r\nLogon Information:\r\n	Logon Type:		5\r\n	Restricted Admin Mode:	-\r\n	Virtual Account:		No\r\n	Elevated Token:		Yes\r\n\r\nImpersonation Level:		Impersonation\r\n\r\nNew Logon:\r\n	Security ID:		SYSTEM\r\n	Account Name:		SYSTEM\r\n	Account Domain:		NT AUTHORITY\r\n	Logon ID:		0x3E7\r\n	Linked Logon ID:		0x0\r\n	Network Account Name:	-\r\n	Network Account Domain:	-\r\n	Logon GUID:		{00000000-0000-0000-0000-000000000000}\r\n\r\nProcess Information:\r\n	Process ID:		0x304\r\n	Process Name:		C:\\Windows\\System32\\services.exe\r\n\r\nNetwork Information:\r\n	Workstation Name:	-\r\n	Source Network Address:	-\r\n	Source Port:		-\r\n\r\nDetailed Authentication Information:\r\n	Logon Process:		Advapi  \r\n	Authentication Package:	Negotiate\r\n	Transited Services:	-\r\n	Package Name (NTLM only):	-\r\n	Key Length:		0\r\n\r\nThis event is generated when a logon session is created. It is generated on the compu'),
(225, 'Audit Success', '0000-00-00 00:00:00', 'Microsoft-Windows-Security-Auditing', '5379', 'User Account Management', 'Credential Manager credentials were read.\r\n\r\nSubject:\r\n	Security ID:		DESKTOP-MAIFOE4\\FELIXOH\r\n	Account Name:		FELIXOH\r\n	Account Domain:		DESKTOP-MAIFOE4\r\n	Logon ID:		0x255A69\r\n	Read Operation:		Enumerate Credentials\r\n\r\nThis event occurs when a user performs a read operation on stored credentials in Credential Manager.'),
(226, 'Audit Success', '0000-00-00 00:00:00', 'Microsoft-Windows-Security-Auditing', '5379', 'User Account Management', 'Credential Manager credentials were read.\r\n\r\nSubject:\r\n	Security ID:		DESKTOP-MAIFOE4\\FELIXOH\r\n	Account Name:		FELIXOH\r\n	Account Domain:		DESKTOP-MAIFOE4\r\n	Logon ID:		0x255A69\r\n	Read Operation:		Enumerate Credentials\r\n\r\nThis event occurs when a user performs a read operation on stored credentials in Credential Manager.'),
(227, 'Audit Success', '0000-00-00 00:00:00', 'Microsoft-Windows-Security-Auditing', '5379', 'User Account Management', 'Credential Manager credentials were read.\r\n\r\nSubject:\r\n	Security ID:		DESKTOP-MAIFOE4\\FELIXOH\r\n	Account Name:		FELIXOH\r\n	Account Domain:		DESKTOP-MAIFOE4\r\n	Logon ID:		0x255A69\r\n	Read Operation:		Enumerate Credentials\r\n\r\nThis event occurs when a user performs a read operation on stored credentials in Credential Manager.'),
(228, 'Audit Success', '0000-00-00 00:00:00', 'Microsoft-Windows-Security-Auditing', '5379', 'User Account Management', 'Credential Manager credentials were read.\r\n\r\nSubject:\r\n	Security ID:		DESKTOP-MAIFOE4\\FELIXOH\r\n	Account Name:		FELIXOH\r\n	Account Domain:		DESKTOP-MAIFOE4\r\n	Logon ID:		0x255A69\r\n	Read Operation:		Enumerate Credentials\r\n\r\nThis event occurs when a user performs a read operation on stored credentials in Credential Manager.'),
(229, 'Audit Success', '0000-00-00 00:00:00', 'Microsoft-Windows-Security-Auditing', '5379', 'User Account Management', 'Credential Manager credentials were read.\r\n\r\nSubject:\r\n	Security ID:		DESKTOP-MAIFOE4\\FELIXOH\r\n	Account Name:		FELIXOH\r\n	Account Domain:		DESKTOP-MAIFOE4\r\n	Logon ID:		0x255A69\r\n	Read Operation:		Enumerate Credentials\r\n\r\nThis event occurs when a user performs a read operation on stored credentials in Credential Manager.'),
(230, 'Audit Success', '0000-00-00 00:00:00', 'Microsoft-Windows-Security-Auditing', '5379', 'User Account Management', 'Credential Manager credentials were read.\r\n\r\nSubject:\r\n	Security ID:		DESKTOP-MAIFOE4\\FELIXOH\r\n	Account Name:		FELIXOH\r\n	Account Domain:		DESKTOP-MAIFOE4\r\n	Logon ID:		0x255A69\r\n	Read Operation:		Enumerate Credentials\r\n\r\nThis event occurs when a user performs a read operation on stored credentials in Credential Manager.'),
(231, 'Audit Success', '0000-00-00 00:00:00', 'Microsoft-Windows-Security-Auditing', '5379', 'User Account Management', 'Credential Manager credentials were read.\r\n\r\nSubject:\r\n	Security ID:		DESKTOP-MAIFOE4\\FELIXOH\r\n	Account Name:		FELIXOH\r\n	Account Domain:		DESKTOP-MAIFOE4\r\n	Logon ID:		0x255A69\r\n	Read Operation:		Enumerate Credentials\r\n\r\nThis event occurs when a user performs a read operation on stored credentials in Credential Manager.'),
(232, 'Audit Success', '0000-00-00 00:00:00', 'Microsoft-Windows-Security-Auditing', '5379', 'User Account Management', 'Credential Manager credentials were read.\r\n\r\nSubject:\r\n	Security ID:		DESKTOP-MAIFOE4\\FELIXOH\r\n	Account Name:		FELIXOH\r\n	Account Domain:		DESKTOP-MAIFOE4\r\n	Logon ID:		0x255A69\r\n	Read Operation:		Enumerate Credentials\r\n\r\nThis event occurs when a user performs a read operation on stored credentials in Credential Manager.'),
(233, 'Audit Success', '0000-00-00 00:00:00', 'Microsoft-Windows-Security-Auditing', '5379', 'User Account Management', 'Credential Manager credentials were read.\r\n\r\nSubject:\r\n	Security ID:		DESKTOP-MAIFOE4\\FELIXOH\r\n	Account Name:		FELIXOH\r\n	Account Domain:		DESKTOP-MAIFOE4\r\n	Logon ID:		0x255A69\r\n	Read Operation:		Enumerate Credentials\r\n\r\nThis event occurs when a user performs a read operation on stored credentials in Credential Manager.'),
(234, 'Audit Success', '0000-00-00 00:00:00', 'Microsoft-Windows-Security-Auditing', '5379', 'User Account Management', 'Credential Manager credentials were read.\r\n\r\nSubject:\r\n	Security ID:		DESKTOP-MAIFOE4\\FELIXOH\r\n	Account Name:		FELIXOH\r\n	Account Domain:		DESKTOP-MAIFOE4\r\n	Logon ID:		0x255A69\r\n	Read Operation:		Enumerate Credentials\r\n\r\nThis event occurs when a user performs a read operation on stored credentials in Credential Manager.'),
(235, 'Audit Success', '0000-00-00 00:00:00', 'Microsoft-Windows-Security-Auditing', '5379', 'User Account Management', 'Credential Manager credentials were read.\r\n\r\nSubject:\r\n	Security ID:		DESKTOP-MAIFOE4\\FELIXOH\r\n	Account Name:		FELIXOH\r\n	Account Domain:		DESKTOP-MAIFOE4\r\n	Logon ID:		0x255A69\r\n	Read Operation:		Enumerate Credentials\r\n\r\nThis event occurs when a user performs a read operation on stored credentials in Credential Manager.'),
(236, 'Audit Success', '0000-00-00 00:00:00', 'Microsoft-Windows-Security-Auditing', '5379', 'User Account Management', 'Credential Manager credentials were read.\r\n\r\nSubject:\r\n	Security ID:		DESKTOP-MAIFOE4\\FELIXOH\r\n	Account Name:		FELIXOH\r\n	Account Domain:		DESKTOP-MAIFOE4\r\n	Logon ID:		0x255A69\r\n	Read Operation:		Enumerate Credentials\r\n\r\nThis event occurs when a user performs a read operation on stored credentials in Credential Manager.'),
(237, 'Audit Success', '0000-00-00 00:00:00', 'Microsoft-Windows-Security-Auditing', '5379', 'User Account Management', 'Credential Manager credentials were read.\r\n\r\nSubject:\r\n	Security ID:		DESKTOP-MAIFOE4\\FELIXOH\r\n	Account Name:		FELIXOH\r\n	Account Domain:		DESKTOP-MAIFOE4\r\n	Logon ID:		0x255A69\r\n	Read Operation:		Enumerate Credentials\r\n\r\nThis event occurs when a user performs a read operation on stored credentials in Credential Manager.'),
(238, 'Audit Success', '0000-00-00 00:00:00', 'Microsoft-Windows-Security-Auditing', '5379', 'User Account Management', 'Credential Manager credentials were read.\r\n\r\nSubject:\r\n	Security ID:		SYSTEM\r\n	Account Name:		DESKTOP-MAIFOE4$\r\n	Account Domain:		WORKGROUP\r\n	Logon ID:		0x3E7\r\n	Read Operation:		Enumerate Credentials\r\n\r\nThis event occurs when a user performs a read operation on stored credentials in Credential Manager.'),
(239, 'Audit Success', '0000-00-00 00:00:00', 'Microsoft-Windows-Security-Auditing', '5379', 'User Account Management', 'Credential Manager credentials were read.\r\n\r\nSubject:\r\n	Security ID:		SYSTEM\r\n	Account Name:		DESKTOP-MAIFOE4$\r\n	Account Domain:		WORKGROUP\r\n	Logon ID:		0x3E7\r\n	Read Operation:		Enumerate Credentials\r\n\r\nThis event occurs when a user performs a read operation on stored credentials in Credential Manager.'),
(240, 'Audit Success', '0000-00-00 00:00:00', 'Microsoft-Windows-Security-Auditing', '5379', 'User Account Management', 'Credential Manager credentials were read.\r\n\r\nSubject:\r\n	Security ID:		SYSTEM\r\n	Account Name:		DESKTOP-MAIFOE4$\r\n	Account Domain:		WORKGROUP\r\n	Logon ID:		0x3E7\r\n	Read Operation:		Read Credential\r\n\r\nThis event occurs when a user performs a read operation on stored credentials in Credential Manager.'),
(241, 'Audit Success', '0000-00-00 00:00:00', 'Microsoft-Windows-Security-Auditing', '5061', 'System Integrity', 'Cryptographic operation.\r\n\r\nSubject:\r\n	Security ID:		SYSTEM\r\n	Account Name:		DESKTOP-MAIFOE4$\r\n	Account Domain:		WORKGROUP\r\n	Logon ID:		0x3E7\r\n\r\nCryptographic Parameters:\r\n	Provider Name:	Microsoft Software Key Storage Provider\r\n	Algorithm Name:	RSA\r\n	Key Name:	261aa622-5b32-77b3-66ac-72d5f440a55f\r\n	Key Type:	User key.\r\n\r\nCryptographic Operation:\r\n	Operation:	Open Key.\r\n	Return Code:	0x0'),
(242, 'Audit Success', '0000-00-00 00:00:00', 'Microsoft-Windows-Security-Auditing', '5058', 'Other System Events', 'Key file operation.\r\n\r\nSubject:\r\n	Security ID:		SYSTEM\r\n	Account Name:		DESKTOP-MAIFOE4$\r\n	Account Domain:		WORKGROUP\r\n	Logon ID:		0x3E7\r\n\r\nProcess Information:\r\n	Process ID:		9872\r\n	Process Creation Time:	2022-07-14T05:26:01.856593700Z\r\n\r\nCryptographic Parameters:\r\n	Provider Name:	Microsoft Software Key Storage Provider\r\n	Algorithm Name:	UNKNOWN\r\n	Key Name:	261aa622-5b32-77b3-66ac-72d5f440a55f\r\n	Key Type:	User key.\r\n\r\nKey File Operation Information:\r\n	File Path:	C:\\ProgramData\\Microsoft\\Crypto\\SystemKeys\\e75764ee7a5d9c84e4b2cb7424032691_059334d2-8765-45ae-a1f2-9f8eb545501a\r\n	Operation:	Read persisted key from file.\r\n	Return Code:	0x0'),
(243, 'Audit Success', '0000-00-00 00:00:00', 'Microsoft-Windows-Security-Auditing', '5379', 'User Account Management', 'Credential Manager credentials were read.\r\n\r\nSubject:\r\n	Security ID:		SYSTEM\r\n	Account Name:		DESKTOP-MAIFOE4$\r\n	Account Domain:		WORKGROUP\r\n	Logon ID:		0x3E7\r\n	Read Operation:		Enumerate Credentials\r\n\r\nThis event occurs when a user performs a read operation on stored credentials in Credential Manager.'),
(244, 'Audit Success', '0000-00-00 00:00:00', 'Microsoft-Windows-Security-Auditing', '5379', 'User Account Management', 'Credential Manager credentials were read.\r\n\r\nSubject:\r\n	Security ID:		SYSTEM\r\n	Account Name:		DESKTOP-MAIFOE4$\r\n	Account Domain:		WORKGROUP\r\n	Logon ID:		0x3E7\r\n	Read Operation:		Enumerate Credentials\r\n\r\nThis event occurs when a user performs a read operation on stored credentials in Credential Manager.'),
(245, 'Audit Success', '0000-00-00 00:00:00', 'Microsoft-Windows-Security-Auditing', '5379', 'User Account Management', 'Credential Manager credentials were read.\r\n\r\nSubject:\r\n	Security ID:		SYSTEM\r\n	Account Name:		DESKTOP-MAIFOE4$\r\n	Account Domain:		WORKGROUP\r\n	Logon ID:		0x3E7\r\n	Read Operation:		Enumerate Credentials\r\n\r\nThis event occurs when a user performs a read operation on stored credentials in Credential Manager.'),
(246, 'Audit Success', '0000-00-00 00:00:00', 'Microsoft-Windows-Security-Auditing', '5379', 'User Account Management', 'Credential Manager credentials were read.\r\n\r\nSubject:\r\n	Security ID:		SYSTEM\r\n	Account Name:		DESKTOP-MAIFOE4$\r\n	Account Domain:		WORKGROUP\r\n	Logon ID:		0x3E7\r\n	Read Operation:		Enumerate Credentials\r\n\r\nThis event occurs when a user performs a read operation on stored credentials in Credential Manager.'),
(247, 'Audit Success', '0000-00-00 00:00:00', 'Microsoft-Windows-Security-Auditing', '5379', 'User Account Management', 'Credential Manager credentials were read.\r\n\r\nSubject:\r\n	Security ID:		SYSTEM\r\n	Account Name:		DESKTOP-MAIFOE4$\r\n	Account Domain:		WORKGROUP\r\n	Logon ID:		0x3E7\r\n	Read Operation:		Enumerate Credentials\r\n\r\nThis event occurs when a user performs a read operation on stored credentials in Credential Manager.'),
(248, 'Audit Success', '0000-00-00 00:00:00', 'Microsoft-Windows-Security-Auditing', '5379', 'User Account Management', 'Credential Manager credentials were read.\r\n\r\nSubject:\r\n	Security ID:		SYSTEM\r\n	Account Name:		DESKTOP-MAIFOE4$\r\n	Account Domain:		WORKGROUP\r\n	Logon ID:		0x3E7\r\n	Read Operation:		Enumerate Credentials\r\n\r\nThis event occurs when a user performs a read operation on stored credentials in Credential Manager.'),
(249, 'Audit Success', '0000-00-00 00:00:00', 'Microsoft-Windows-Security-Auditing', '5379', 'User Account Management', 'Credential Manager credentials were read.\r\n\r\nSubject:\r\n	Security ID:		SYSTEM\r\n	Account Name:		DESKTOP-MAIFOE4$\r\n	Account Domain:		WORKGROUP\r\n	Logon ID:		0x3E7\r\n	Read Operation:		Enumerate Credentials\r\n\r\nThis event occurs when a user performs a read operation on stored credentials in Credential Manager.'),
(250, 'Audit Success', '0000-00-00 00:00:00', 'Microsoft-Windows-Security-Auditing', '4672', 'Special Logon', 'Special privileges assigned to new logon.\r\n\r\nSubject:\r\n	Security ID:		SYSTEM\r\n	Account Name:		SYSTEM\r\n	Account Domain:		NT AUTHORITY\r\n	Logon ID:		0x3E7\r\n\r\nPrivileges:		SeAssignPrimaryTokenPrivilege\r\n			SeTcbPrivilege\r\n			SeSecurityPrivilege\r\n			SeTakeOwnershipPrivilege\r\n			SeLoadDriverPrivilege\r\n			SeBackupPrivilege\r\n			SeRestorePrivilege\r\n			SeDebugPrivilege\r\n			SeAuditPrivilege\r\n			SeSystemEnvironmentPrivilege\r\n			SeImpersonatePrivilege\r\n			SeDelegateSessionUserImpersonatePrivilege'),
(251, 'Audit Success', '0000-00-00 00:00:00', 'Microsoft-Windows-Security-Auditing', '4624', 'Logon', 'An account was successfully logged on.\r\n\r\nSubject:\r\n	Security ID:		SYSTEM\r\n	Account Name:		DESKTOP-MAIFOE4$\r\n	Account Domain:		WORKGROUP\r\n	Logon ID:		0x3E7\r\n\r\nLogon Information:\r\n	Logon Type:		5\r\n	Restricted Admin Mode:	-\r\n	Virtual Account:		No\r\n	Elevated Token:		Yes\r\n\r\nImpersonation Level:		Impersonation\r\n\r\nNew Logon:\r\n	Security ID:		SYSTEM\r\n	Account Name:		SYSTEM\r\n	Account Domain:		NT AUTHORITY\r\n	Logon ID:		0x3E7\r\n	Linked Logon ID:		0x0\r\n	Network Account Name:	-\r\n	Network Account Domain:	-\r\n	Logon GUID:		{00000000-0000-0000-0000-000000000000}\r\n\r\nProcess Information:\r\n	Process ID:		0x304\r\n	Process Name:		C:\\Windows\\System32\\services.exe\r\n\r\nNetwork Information:\r\n	Workstation Name:	-\r\n	Source Network Address:	-\r\n	Source Port:		-\r\n\r\nDetailed Authentication Information:\r\n	Logon Process:		Advapi  \r\n	Authentication Package:	Negotiate\r\n	Transited Services:	-\r\n	Package Name (NTLM only):	-\r\n	Key Length:		0\r\n\r\nThis event is generated when a logon session is created. It is generated on the compu'),
(252, 'Audit Success', '0000-00-00 00:00:00', 'Microsoft-Windows-Security-Auditing', '4672', 'Special Logon', 'Special privileges assigned to new logon.\r\n\r\nSubject:\r\n	Security ID:		SYSTEM\r\n	Account Name:		SYSTEM\r\n	Account Domain:		NT AUTHORITY\r\n	Logon ID:		0x3E7\r\n\r\nPrivileges:		SeAssignPrimaryTokenPrivilege\r\n			SeTcbPrivilege\r\n			SeSecurityPrivilege\r\n			SeTakeOwnershipPrivilege\r\n			SeLoadDriverPrivilege\r\n			SeBackupPrivilege\r\n			SeRestorePrivilege\r\n			SeDebugPrivilege\r\n			SeAuditPrivilege\r\n			SeSystemEnvironmentPrivilege\r\n			SeImpersonatePrivilege\r\n			SeDelegateSessionUserImpersonatePrivilege'),
(253, 'Audit Success', '0000-00-00 00:00:00', 'Microsoft-Windows-Security-Auditing', '4624', 'Logon', 'An account was successfully logged on.\r\n\r\nSubject:\r\n	Security ID:		SYSTEM\r\n	Account Name:		DESKTOP-MAIFOE4$\r\n	Account Domain:		WORKGROUP\r\n	Logon ID:		0x3E7\r\n\r\nLogon Information:\r\n	Logon Type:		5\r\n	Restricted Admin Mode:	-\r\n	Virtual Account:		No\r\n	Elevated Token:		Yes\r\n\r\nImpersonation Level:		Impersonation\r\n\r\nNew Logon:\r\n	Security ID:		SYSTEM\r\n	Account Name:		SYSTEM\r\n	Account Domain:		NT AUTHORITY\r\n	Logon ID:		0x3E7\r\n	Linked Logon ID:		0x0\r\n	Network Account Name:	-\r\n	Network Account Domain:	-\r\n	Logon GUID:		{00000000-0000-0000-0000-000000000000}\r\n\r\nProcess Information:\r\n	Process ID:		0x304\r\n	Process Name:		C:\\Windows\\System32\\services.exe\r\n\r\nNetwork Information:\r\n	Workstation Name:	-\r\n	Source Network Address:	-\r\n	Source Port:		-\r\n\r\nDetailed Authentication Information:\r\n	Logon Process:		Advapi  \r\n	Authentication Package:	Negotiate\r\n	Transited Services:	-\r\n	Package Name (NTLM only):	-\r\n	Key Length:		0\r\n\r\nThis event is generated when a logon session is created. It is generated on the compu'),
(254, 'Audit Success', '0000-00-00 00:00:00', 'Microsoft-Windows-Security-Auditing', '4672', 'Special Logon', 'Special privileges assigned to new logon.\r\n\r\nSubject:\r\n	Security ID:		SYSTEM\r\n	Account Name:		SYSTEM\r\n	Account Domain:		NT AUTHORITY\r\n	Logon ID:		0x3E7\r\n\r\nPrivileges:		SeAssignPrimaryTokenPrivilege\r\n			SeTcbPrivilege\r\n			SeSecurityPrivilege\r\n			SeTakeOwnershipPrivilege\r\n			SeLoadDriverPrivilege\r\n			SeBackupPrivilege\r\n			SeRestorePrivilege\r\n			SeDebugPrivilege\r\n			SeAuditPrivilege\r\n			SeSystemEnvironmentPrivilege\r\n			SeImpersonatePrivilege\r\n			SeDelegateSessionUserImpersonatePrivilege'),
(255, 'Audit Success', '0000-00-00 00:00:00', 'Microsoft-Windows-Security-Auditing', '4624', 'Logon', 'An account was successfully logged on.\r\n\r\nSubject:\r\n	Security ID:		SYSTEM\r\n	Account Name:		DESKTOP-MAIFOE4$\r\n	Account Domain:		WORKGROUP\r\n	Logon ID:		0x3E7\r\n\r\nLogon Information:\r\n	Logon Type:		5\r\n	Restricted Admin Mode:	-\r\n	Virtual Account:		No\r\n	Elevated Token:		Yes\r\n\r\nImpersonation Level:		Impersonation\r\n\r\nNew Logon:\r\n	Security ID:		SYSTEM\r\n	Account Name:		SYSTEM\r\n	Account Domain:		NT AUTHORITY\r\n	Logon ID:		0x3E7\r\n	Linked Logon ID:		0x0\r\n	Network Account Name:	-\r\n	Network Account Domain:	-\r\n	Logon GUID:		{00000000-0000-0000-0000-000000000000}\r\n\r\nProcess Information:\r\n	Process ID:		0x304\r\n	Process Name:		C:\\Windows\\System32\\services.exe\r\n\r\nNetwork Information:\r\n	Workstation Name:	-\r\n	Source Network Address:	-\r\n	Source Port:		-\r\n\r\nDetailed Authentication Information:\r\n	Logon Process:		Advapi  \r\n	Authentication Package:	Negotiate\r\n	Transited Services:	-\r\n	Package Name (NTLM only):	-\r\n	Key Length:		0\r\n\r\nThis event is generated when a logon session is created. It is generated on the compu'),
(256, 'Audit Success', '0000-00-00 00:00:00', 'Microsoft-Windows-Security-Auditing', '4672', 'Special Logon', 'Special privileges assigned to new logon.\r\n\r\nSubject:\r\n	Security ID:		SYSTEM\r\n	Account Name:		SYSTEM\r\n	Account Domain:		NT AUTHORITY\r\n	Logon ID:		0x3E7\r\n\r\nPrivileges:		SeAssignPrimaryTokenPrivilege\r\n			SeTcbPrivilege\r\n			SeSecurityPrivilege\r\n			SeTakeOwnershipPrivilege\r\n			SeLoadDriverPrivilege\r\n			SeBackupPrivilege\r\n			SeRestorePrivilege\r\n			SeDebugPrivilege\r\n			SeAuditPrivilege\r\n			SeSystemEnvironmentPrivilege\r\n			SeImpersonatePrivilege\r\n			SeDelegateSessionUserImpersonatePrivilege'),
(257, 'Audit Success', '0000-00-00 00:00:00', 'Microsoft-Windows-Security-Auditing', '4624', 'Logon', 'An account was successfully logged on.\r\n\r\nSubject:\r\n	Security ID:		SYSTEM\r\n	Account Name:		DESKTOP-MAIFOE4$\r\n	Account Domain:		WORKGROUP\r\n	Logon ID:		0x3E7\r\n\r\nLogon Information:\r\n	Logon Type:		5\r\n	Restricted Admin Mode:	-\r\n	Virtual Account:		No\r\n	Elevated Token:		Yes\r\n\r\nImpersonation Level:		Impersonation\r\n\r\nNew Logon:\r\n	Security ID:		SYSTEM\r\n	Account Name:		SYSTEM\r\n	Account Domain:		NT AUTHORITY\r\n	Logon ID:		0x3E7\r\n	Linked Logon ID:		0x0\r\n	Network Account Name:	-\r\n	Network Account Domain:	-\r\n	Logon GUID:		{00000000-0000-0000-0000-000000000000}\r\n\r\nProcess Information:\r\n	Process ID:		0x304\r\n	Process Name:		C:\\Windows\\System32\\services.exe\r\n\r\nNetwork Information:\r\n	Workstation Name:	-\r\n	Source Network Address:	-\r\n	Source Port:		-\r\n\r\nDetailed Authentication Information:\r\n	Logon Process:		Advapi  \r\n	Authentication Package:	Negotiate\r\n	Transited Services:	-\r\n	Package Name (NTLM only):	-\r\n	Key Length:		0\r\n\r\nThis event is generated when a logon session is created. It is generated on the compu'),
