(43, 'Audit Success', '0000-00-00 00:00:00', 'Microsoft-Windows-Security-Auditing', '4648', 'Logon', 'A logon was attempted using explicit credentials.\r\n\r\nSubject:\r\n	Security ID:		SYSTEM\r\n	Account Name:		DESKTOP-MAIFOE4$\r\n	Account Domain:		WORKGROUP\r\n	Logon ID:		0x3E7\r\n	Logon GUID:		{00000000-0000-0000-0000-000000000000}\r\n\r\nAccount Whose Credentials Were Used:\r\n	Account Name:		FELIXOH\r\n	Account Domain:		DESKTOP-MAIFOE4\r\n	Logon GUID:		{00000000-0000-0000-0000-000000000000}\r\n\r\nTarget Server:\r\n	Target Server Name:	localhost\r\n	Additional Information:	localhost\r\n\r\nProcess Information:\r\n	Process ID:		0x618\r\n	Process Name:		C:\\Windows\\System32\\svchost.exe\r\n\r\nNetwork Information:\r\n	Network Address:	127.0.0.1\r\n	Port:			0\r\n\r\nThis event is generated when a process attempts to log on an account by explicitly specifying that accounts credentials.  This most commonly occurs in batch-type configurations such as scheduled tasks, or when using the RUNAS command.'),
(44, 'Audit Success', '0000-00-00 00:00:00', 'Microsoft-Windows-Security-Auditing', '4672', 'Special Logon', 'Special privileges assigned to new logon.\r\n\r\nSubject:\r\n	Security ID:		SYSTEM\r\n	Account Name:		SYSTEM\r\n	Account Domain:		NT AUTHORITY\r\n	Logon ID:		0x3E7\r\n\r\nPrivileges:		SeAssignPrimaryTokenPrivilege\r\n			SeTcbPrivilege\r\n			SeSecurityPrivilege\r\n			SeTakeOwnershipPrivilege\r\n			SeLoadDriverPrivilege\r\n			SeBackupPrivilege\r\n			SeRestorePrivilege\r\n			SeDebugPrivilege\r\n			SeAuditPrivilege\r\n			SeSystemEnvironmentPrivilege\r\n			SeImpersonatePrivilege\r\n			SeDelegateSessionUserImpersonatePrivilege'),
(45, 'Audit Success', '0000-00-00 00:00:00', 'Microsoft-Windows-Security-Auditing', '4624', 'Logon', 'An account was successfully logged on.\r\n\r\nSubject:\r\n	Security ID:		SYSTEM\r\n	Account Name:		DESKTOP-MAIFOE4$\r\n	Account Domain:		WORKGROUP\r\n	Logon ID:		0x3E7\r\n\r\nLogon Information:\r\n	Logon Type:		5\r\n	Restricted Admin Mode:	-\r\n	Virtual Account:		No\r\n	Elevated Token:		Yes\r\n\r\nImpersonation Level:		Impersonation\r\n\r\nNew Logon:\r\n	Security ID:		SYSTEM\r\n	Account Name:		SYSTEM\r\n	Account Domain:		NT AUTHORITY\r\n	Logon ID:		0x3E7\r\n	Linked Logon ID:		0x0\r\n	Network Account Name:	-\r\n	Network Account Domain:	-\r\n	Logon GUID:		{00000000-0000-0000-0000-000000000000}\r\n\r\nProcess Information:\r\n	Process ID:		0x304\r\n	Process Name:		C:\\Windows\\System32\\services.exe\r\n\r\nNetwork Information:\r\n	Workstation Name:	-\r\n	Source Network Address:	-\r\n	Source Port:		-\r\n\r\nDetailed Authentication Information:\r\n	Logon Process:		Advapi  \r\n	Authentication Package:	Negotiate\r\n	Transited Services:	-\r\n	Package Name (NTLM only):	-\r\n	Key Length:		0\r\n\r\nThis event is generated when a logon session is created. It is generated on the compu'),
(46, 'Audit Success', '0000-00-00 00:00:00', 'Microsoft-Windows-Security-Auditing', '4634', 'Logoff', 'An account was logged off.\r\n\r\nSubject:\r\n	Security ID:		Window Manager\\DWM-2\r\n	Account Name:		DWM-2\r\n	Account Domain:		Window Manager\r\n	Logon ID:		0x22BA81\r\n\r\nLogon Type:			2\r\n\r\nThis event is generated when a logon session is destroyed. It may be positively correlated with a logon event using the Logon ID value. Logon IDs are only unique between reboots on the same computer.'),
(47, 'Audit Success', '0000-00-00 00:00:00', 'Microsoft-Windows-Security-Auditing', '4634', 'Logoff', 'An account was logged off.\r\n\r\nSubject:\r\n	Security ID:		Window Manager\\DWM-2\r\n	Account Name:		DWM-2\r\n	Account Domain:		Window Manager\r\n	Logon ID:		0x22BAA0\r\n\r\nLogon Type:			2\r\n\r\nThis event is generated when a logon session is destroyed. It may be positively correlated with a logon event using the Logon ID value. Logon IDs are only unique between reboots on the same computer.'),
(48, 'Audit Success', '0000-00-00 00:00:00', 'Microsoft-Windows-Security-Auditing', '4634', 'Logoff', 'An account was logged off.\r\n\r\nSubject:\r\n	Security ID:		Font Driver Host\\UMFD-2\r\n	Account Name:		UMFD-2\r\n	Account Domain:		Font Driver Host\r\n	Logon ID:		0x22B1A0\r\n\r\nLogon Type:			2\r\n\r\nThis event is generated when a logon session is destroyed. It may be positively correlated with a logon event using the Logon ID value. Logon IDs are only unique between reboots on the same computer.'),
(49, 'Audit Success', '0000-00-00 00:00:00', 'Microsoft-Windows-Security-Auditing', '4672', 'Special Logon', 'Special privileges assigned to new logon.\r\n\r\nSubject:\r\n	Security ID:		SYSTEM\r\n	Account Name:		SYSTEM\r\n	Account Domain:		NT AUTHORITY\r\n	Logon ID:		0x3E7\r\n\r\nPrivileges:		SeAssignPrimaryTokenPrivilege\r\n			SeTcbPrivilege\r\n			SeSecurityPrivilege\r\n			SeTakeOwnershipPrivilege\r\n			SeLoadDriverPrivilege\r\n			SeBackupPrivilege\r\n			SeRestorePrivilege\r\n			SeDebugPrivilege\r\n			SeAuditPrivilege\r\n			SeSystemEnvironmentPrivilege\r\n			SeImpersonatePrivilege\r\n			SeDelegateSessionUserImpersonatePrivilege'),
(50, 'Audit Success', '0000-00-00 00:00:00', 'Microsoft-Windows-Security-Auditing', '4624', 'Logon', 'An account was successfully logged on.\r\n\r\nSubject:\r\n	Security ID:		SYSTEM\r\n	Account Name:		DESKTOP-MAIFOE4$\r\n	Account Domain:		WORKGROUP\r\n	Logon ID:		0x3E7\r\n\r\nLogon Information:\r\n	Logon Type:		5\r\n	Restricted Admin Mode:	-\r\n	Virtual Account:		No\r\n	Elevated Token:		Yes\r\n\r\nImpersonation Level:		Impersonation\r\n\r\nNew Logon:\r\n	Security ID:		SYSTEM\r\n	Account Name:		SYSTEM\r\n	Account Domain:		NT AUTHORITY\r\n	Logon ID:		0x3E7\r\n	Linked Logon ID:		0x0\r\n	Network Account Name:	-\r\n	Network Account Domain:	-\r\n	Logon GUID:		{00000000-0000-0000-0000-000000000000}\r\n\r\nProcess Information:\r\n	Process ID:		0x304\r\n	Process Name:		C:\\Windows\\System32\\services.exe\r\n\r\nNetwork Information:\r\n	Workstation Name:	-\r\n	Source Network Address:	-\r\n	Source Port:		-\r\n\r\nDetailed Authentication Information:\r\n	Logon Process:		Advapi  \r\n	Authentication Package:	Negotiate\r\n	Transited Services:	-\r\n	Package Name (NTLM only):	-\r\n	Key Length:		0\r\n\r\nThis event is generated when a logon session is created. It is generated on the compu'),
(51, 'Audit Success', '0000-00-00 00:00:00', 'Microsoft-Windows-Security-Auditing', '4798', 'User Account Management', 'A user\'s local group membership was enumerated.\r\n\r\nSubject:\r\n	Security ID:		SYSTEM\r\n	Account Name:		DESKTOP-MAIFOE4$\r\n	Account Domain:		WORKGROUP\r\n	Logon ID:		0x3E7\r\n\r\nUser:\r\n	Security ID:		DESKTOP-MAIFOE4\\WDAGUtilityAccount\r\n	Account Name:		WDAGUtilityAccount\r\n	Account Domain:		DESKTOP-MAIFOE4\r\n\r\nProcess Information:\r\n	Process ID:		0x618\r\n	Process Name:		C:\\Windows\\System32\\svchost.exe'),
(52, 'Audit Success', '0000-00-00 00:00:00', 'Microsoft-Windows-Security-Auditing', '4798', 'User Account Management', 'A user\'s local group membership was enumerated.\r\n\r\nSubject:\r\n	Security ID:		SYSTEM\r\n	Account Name:		DESKTOP-MAIFOE4$\r\n	Account Domain:		WORKGROUP\r\n	Logon ID:		0x3E7\r\n\r\nUser:\r\n	Security ID:		DESKTOP-MAIFOE4\\Guest\r\n	Account Name:		Guest\r\n	Account Domain:		DESKTOP-MAIFOE4\r\n\r\nProcess Information:\r\n	Process ID:		0x618\r\n	Process Name:		C:\\Windows\\System32\\svchost.exe'),
(53, 'Audit Success', '0000-00-00 00:00:00', 'Microsoft-Windows-Security-Auditing', '4798', 'User Account Management', 'A user\'s local group membership was enumerated.\r\n\r\nSubject:\r\n	Security ID:		SYSTEM\r\n	Account Name:		DESKTOP-MAIFOE4$\r\n	Account Domain:		WORKGROUP\r\n	Logon ID:		0x3E7\r\n\r\nUser:\r\n	Security ID:		DESKTOP-MAIFOE4\\FELIXOH\r\n	Account Name:		FELIXOH\r\n	Account Domain:		DESKTOP-MAIFOE4\r\n\r\nProcess Information:\r\n	Process ID:		0x618\r\n	Process Name:		C:\\Windows\\System32\\svchost.exe'),
(54, 'Audit Success', '0000-00-00 00:00:00', 'Microsoft-Windows-Security-Auditing', '4798', 'User Account Management', 'A user\'s local group membership was enumerated.\r\n\r\nSubject:\r\n	Security ID:		SYSTEM\r\n	Account Name:		DESKTOP-MAIFOE4$\r\n	Account Domain:		WORKGROUP\r\n	Logon ID:		0x3E7\r\n\r\nUser:\r\n	Security ID:		DESKTOP-MAIFOE4\\DefaultAccount\r\n	Account Name:		DefaultAccount\r\n	Account Domain:		DESKTOP-MAIFOE4\r\n\r\nProcess Information:\r\n	Process ID:		0x618\r\n	Process Name:		C:\\Windows\\System32\\svchost.exe'),
(55, 'Audit Success', '0000-00-00 00:00:00', 'Microsoft-Windows-Security-Auditing', '4798', 'User Account Management', 'A user\'s local group membership was enumerated.\r\n\r\nSubject:\r\n	Security ID:		SYSTEM\r\n	Account Name:		DESKTOP-MAIFOE4$\r\n	Account Domain:		WORKGROUP\r\n	Logon ID:		0x3E7\r\n\r\nUser:\r\n	Security ID:		DESKTOP-MAIFOE4\\Administrator\r\n	Account Name:		Administrator\r\n	Account Domain:		DESKTOP-MAIFOE4\r\n\r\nProcess Information:\r\n	Process ID:		0x618\r\n	Process Name:		C:\\Windows\\System32\\svchost.exe'),
(56, 'Audit Success', '0000-00-00 00:00:00', 'Microsoft-Windows-Security-Auditing', '4647', 'Logoff', 'User initiated logoff:\r\n\r\nSubject:\r\n	Security ID:		DESKTOP-MAIFOE4\\FELIXOH\r\n	Account Name:		FELIXOH\r\n	Account Domain:		DESKTOP-MAIFOE4\r\n	Logon ID:		0x255A69\r\n\r\nThis event is generated when a logoff is initiated. No further user-initiated activity can occur. This event can be interpreted as a logoff event.'),
(57, 'Audit Success', '0000-00-00 00:00:00', 'Microsoft-Windows-Security-Auditing', '4672', 'Special Logon', 'Special privileges assigned to new logon.\r\n\r\nSubject:\r\n	Security ID:		SYSTEM\r\n	Account Name:		SYSTEM\r\n	Account Domain:		NT AUTHORITY\r\n	Logon ID:		0x3E7\r\n\r\nPrivileges:		SeAssignPrimaryTokenPrivilege\r\n			SeTcbPrivilege\r\n			SeSecurityPrivilege\r\n			SeTakeOwnershipPrivilege\r\n			SeLoadDriverPrivilege\r\n			SeBackupPrivilege\r\n			SeRestorePrivilege\r\n			SeDebugPrivilege\r\n			SeAuditPrivilege\r\n			SeSystemEnvironmentPrivilege\r\n			SeImpersonatePrivilege\r\n			SeDelegateSessionUserImpersonatePrivilege'),
(58, 'Audit Success', '0000-00-00 00:00:00', 'Microsoft-Windows-Security-Auditing', '4624', 'Logon', 'An account was successfully logged on.\r\n\r\nSubject:\r\n	Security ID:		SYSTEM\r\n	Account Name:		DESKTOP-MAIFOE4$\r\n	Account Domain:		WORKGROUP\r\n	Logon ID:		0x3E7\r\n\r\nLogon Information:\r\n	Logon Type:		5\r\n	Restricted Admin Mode:	-\r\n	Virtual Account:		No\r\n	Elevated Token:		Yes\r\n\r\nImpersonation Level:		Impersonation\r\n\r\nNew Logon:\r\n	Security ID:		SYSTEM\r\n	Account Name:		SYSTEM\r\n	Account Domain:		NT AUTHORITY\r\n	Logon ID:		0x3E7\r\n	Linked Logon ID:		0x0\r\n	Network Account Name:	-\r\n	Network Account Domain:	-\r\n	Logon GUID:		{00000000-0000-0000-0000-000000000000}\r\n\r\nProcess Information:\r\n	Process ID:		0x304\r\n	Process Name:		C:\\Windows\\System32\\services.exe\r\n\r\nNetwork Information:\r\n	Workstation Name:	-\r\n	Source Network Address:	-\r\n	Source Port:		-\r\n\r\nDetailed Authentication Information:\r\n	Logon Process:		Advapi  \r\n	Authentication Package:	Negotiate\r\n	Transited Services:	-\r\n	Package Name (NTLM only):	-\r\n	Key Length:		0\r\n\r\nThis event is generated when a logon session is created. It is generated on the compu'),
(59, 'Audit Success', '0000-00-00 00:00:00', 'Microsoft-Windows-Security-Auditing', '4672', 'Special Logon', 'Special privileges assigned to new logon.\r\n\r\nSubject:\r\n	Security ID:		Window Manager\\DWM-3\r\n	Account Name:		DWM-3\r\n	Account Domain:		Window Manager\r\n	Logon ID:		0xCBBBA6\r\n\r\nPrivileges:		SeAssignPrimaryTokenPrivilege\r\n			SeAuditPrivilege'),
(60, 'Audit Success', '0000-00-00 00:00:00', 'Microsoft-Windows-Security-Auditing', '4672', 'Special Logon', 'Special privileges assigned to new logon.\r\n\r\nSubject:\r\n	Security ID:		Window Manager\\DWM-3\r\n	Account Name:		DWM-3\r\n	Account Domain:		Window Manager\r\n	Logon ID:		0xCBBB8B\r\n\r\nPrivileges:		SeAssignPrimaryTokenPrivilege\r\n			SeAuditPrivilege\r\n			SeImpersonatePrivilege'),
(61, 'Audit Success', '0000-00-00 00:00:00', 'Microsoft-Windows-Security-Auditing', '4624', 'Logon', 'An account was successfully logged on.\r\n\r\nSubject:\r\n	Security ID:		SYSTEM\r\n	Account Name:		DESKTOP-MAIFOE4$\r\n	Account Domain:		WORKGROUP\r\n	Logon ID:		0x3E7\r\n\r\nLogon Information:\r\n	Logon Type:		2\r\n	Restricted Admin Mode:	-\r\n	Virtual Account:		Yes\r\n	Elevated Token:		No\r\n\r\nImpersonation Level:		Impersonation\r\n\r\nNew Logon:\r\n	Security ID:		Window Manager\\DWM-3\r\n	Account Name:		DWM-3\r\n	Account Domain:		Window Manager\r\n	Logon ID:		0xCBBBA6\r\n	Linked Logon ID:		0xCBBB8B\r\n	Network Account Name:	-\r\n	Network Account Domain:	-\r\n	Logon GUID:		{00000000-0000-0000-0000-000000000000}\r\n\r\nProcess Information:\r\n	Process ID:		0x7d8\r\n	Process Name:		C:\\Windows\\System32\\winlogon.exe\r\n\r\nNetwork Information:\r\n	Workstation Name:	-\r\n	Source Network Address:	-\r\n	Source Port:		-\r\n\r\nDetailed Authentication Information:\r\n	Logon Process:		Advapi  \r\n	Authentication Package:	Negotiate\r\n	Transited Services:	-\r\n	Package Name (NTLM only):	-\r\n	Key Length:		0\r\n\r\nThis event is generated when a logon session is created. It is');
INSERT INTO `login` (`ID`, `keywords`, `timestamp`, `source`, `event_id`, `task-category`, `description`) VALUES
(62, 'Audit Success', '0000-00-00 00:00:00', 'Microsoft-Windows-Security-Auditing', '4624', 'Logon', 'An account was successfully logged on.\r\n\r\nSubject:\r\n	Security ID:		SYSTEM\r\n	Account Name:		DESKTOP-MAIFOE4$\r\n	Account Domain:		WORKGROUP\r\n	Logon ID:		0x3E7\r\n\r\nLogon Information:\r\n	Logon Type:		2\r\n	Restricted Admin Mode:	-\r\n	Virtual Account:		Yes\r\n	Elevated Token:		Yes\r\n\r\nImpersonation Level:		Impersonation\r\n\r\nNew Logon:\r\n	Security ID:		Window Manager\\DWM-3\r\n	Account Name:		DWM-3\r\n	Account Domain:		Window Manager\r\n	Logon ID:		0xCBBB8B\r\n	Linked Logon ID:		0xCBBBA6\r\n	Network Account Name:	-\r\n	Network Account Domain:	-\r\n	Logon GUID:		{00000000-0000-0000-0000-000000000000}\r\n\r\nProcess Information:\r\n	Process ID:		0x7d8\r\n	Process Name:		C:\\Windows\\System32\\winlogon.exe\r\n\r\nNetwork Information:\r\n	Workstation Name:	-\r\n	Source Network Address:	-\r\n	Source Port:		-\r\n\r\nDetailed Authentication Information:\r\n	Logon Process:		Advapi  \r\n	Authentication Package:	Negotiate\r\n	Transited Services:	-\r\n	Package Name (NTLM only):	-\r\n	Key Length:		0\r\n\r\nThis event is generated when a logon session is created. It i'),
(63, 'Audit Success', '0000-00-00 00:00:00', 'Microsoft-Windows-Security-Auditing', '4648', 'Logon', 'A logon was attempted using explicit credentials.\r\n\r\nSubject:\r\n	Security ID:		SYSTEM\r\n	Account Name:		DESKTOP-MAIFOE4$\r\n	Account Domain:		WORKGROUP\r\n	Logon ID:		0x3E7\r\n	Logon GUID:		{00000000-0000-0000-0000-000000000000}\r\n\r\nAccount Whose Credentials Were Used:\r\n	Account Name:		DWM-3\r\n	Account Domain:		Window Manager\r\n	Logon GUID:		{00000000-0000-0000-0000-000000000000}\r\n\r\nTarget Server:\r\n	Target Server Name:	localhost\r\n	Additional Information:	localhost\r\n\r\nProcess Information:\r\n	Process ID:		0x7d8\r\n	Process Name:		C:\\Windows\\System32\\winlogon.exe\r\n\r\nNetwork Information:\r\n	Network Address:	-\r\n	Port:			-\r\n\r\nThis event is generated when a process attempts to log on an account by explicitly specifying that accounts credentials.  This most commonly occurs in batch-type configurations such as scheduled tasks, or when using the RUNAS command.'),
(64, 'Audit Success', '0000-00-00 00:00:00', 'Microsoft-Windows-Security-Auditing', '4624', 'Logon', 'An account was successfully logged on.\r\n\r\nSubject:\r\n	Security ID:		SYSTEM\r\n	Account Name:		DESKTOP-MAIFOE4$\r\n	Account Domain:		WORKGROUP\r\n	Logon ID:		0x3E7\r\n\r\nLogon Information:\r\n	Logon Type:		2\r\n	Restricted Admin Mode:	-\r\n	Virtual Account:		Yes\r\n	Elevated Token:		No\r\n\r\nImpersonation Level:		Impersonation\r\n\r\nNew Logon:\r\n	Security ID:		Font Driver Host\\UMFD-3\r\n	Account Name:		UMFD-3\r\n	Account Domain:		Font Driver Host\r\n	Logon ID:		0xCBAF48\r\n	Linked Logon ID:		0x0\r\n	Network Account Name:	-\r\n	Network Account Domain:	-\r\n	Logon GUID:		{00000000-0000-0000-0000-000000000000}\r\n\r\nProcess Information:\r\n	Process ID:		0x7d8\r\n	Process Name:		C:\\Windows\\System32\\winlogon.exe\r\n\r\nNetwork Information:\r\n	Workstation Name:	-\r\n	Source Network Address:	-\r\n	Source Port:		-\r\n\r\nDetailed Authentication Information:\r\n	Logon Process:		Advapi  \r\n	Authentication Package:	Negotiate\r\n	Transited Services:	-\r\n	Package Name (NTLM only):	-\r\n	Key Length:		0\r\n\r\nThis event is generated when a logon session is created. It i'),
(65, 'Audit Success', '0000-00-00 00:00:00', 'Microsoft-Windows-Security-Auditing', '4648', 'Logon', 'A logon was attempted using explicit credentials.\r\n\r\nSubject:\r\n	Security ID:		SYSTEM\r\n	Account Name:		DESKTOP-MAIFOE4$\r\n	Account Domain:		WORKGROUP\r\n	Logon ID:		0x3E7\r\n	Logon GUID:		{00000000-0000-0000-0000-000000000000}\r\n\r\nAccount Whose Credentials Were Used:\r\n	Account Name:		UMFD-3\r\n	Account Domain:		Font Driver Host\r\n	Logon GUID:		{00000000-0000-0000-0000-000000000000}\r\n\r\nTarget Server:\r\n	Target Server Name:	localhost\r\n	Additional Information:	localhost\r\n\r\nProcess Information:\r\n	Process ID:		0x7d8\r\n	Process Name:		C:\\Windows\\System32\\winlogon.exe\r\n\r\nNetwork Information:\r\n	Network Address:	-\r\n	Port:			-\r\n\r\nThis event is generated when a process attempts to log on an account by explicitly specifying that accounts credentials.  This most commonly occurs in batch-type configurations such as scheduled tasks, or when using the RUNAS command.'),
(66, 'Audit Success', '0000-00-00 00:00:00', 'Microsoft-Windows-Security-Auditing', '4672', 'Special Logon', 'Special privileges assigned to new logon.\r\n\r\nSubject:\r\n	Security ID:		SYSTEM\r\n	Account Name:		SYSTEM\r\n	Account Domain:		NT AUTHORITY\r\n	Logon ID:		0x3E7\r\n\r\nPrivileges:		SeAssignPrimaryTokenPrivilege\r\n			SeTcbPrivilege\r\n			SeSecurityPrivilege\r\n			SeTakeOwnershipPrivilege\r\n			SeLoadDriverPrivilege\r\n			SeBackupPrivilege\r\n			SeRestorePrivilege\r\n			SeDebugPrivilege\r\n			SeAuditPrivilege\r\n			SeSystemEnvironmentPrivilege\r\n			SeImpersonatePrivilege\r\n			SeDelegateSessionUserImpersonatePrivilege'),
(67, 'Audit Success', '0000-00-00 00:00:00', 'Microsoft-Windows-Security-Auditing', '4624', 'Logon', 'An account was successfully logged on.\r\n\r\nSubject:\r\n	Security ID:		SYSTEM\r\n	Account Name:		DESKTOP-MAIFOE4$\r\n	Account Domain:		WORKGROUP\r\n	Logon ID:		0x3E7\r\n\r\nLogon Information:\r\n	Logon Type:		5\r\n	Restricted Admin Mode:	-\r\n	Virtual Account:		No\r\n	Elevated Token:		Yes\r\n\r\nImpersonation Level:		Impersonation\r\n\r\nNew Logon:\r\n	Security ID:		SYSTEM\r\n	Account Name:		SYSTEM\r\n	Account Domain:		NT AUTHORITY\r\n	Logon ID:		0x3E7\r\n	Linked Logon ID:		0x0\r\n	Network Account Name:	-\r\n	Network Account Domain:	-\r\n	Logon GUID:		{00000000-0000-0000-0000-000000000000}\r\n\r\nProcess Information:\r\n	Process ID:		0x304\r\n	Process Name:		C:\\Windows\\System32\\services.exe\r\n\r\nNetwork Information:\r\n	Workstation Name:	-\r\n	Source Network Address:	-\r\n	Source Port:		-\r\n\r\nDetailed Authentication Information:\r\n	Logon Process:		Advapi  \r\n	Authentication Package:	Negotiate\r\n	Transited Services:	-\r\n	Package Name (NTLM only):	-\r\n	Key Length:		0\r\n\r\nThis event is generated when a logon session is created. It is generated on the compu'),
(68, 'Audit Success', '0000-00-00 00:00:00', 'Microsoft-Windows-Security-Auditing', '4797', 'User Account Management', 'An attempt was made to query the existence of a blank password for an account.\r\n\r\nSubject:\r\n	Security ID:		DESKTOP-MAIFOE4\\FELIXOH\r\n	Account Name:		FELIXOH\r\n	Account Domain:		DESKTOP-MAIFOE4\r\n	Logon ID:		0x255A69\r\n\r\nAdditional Information:\r\n	Caller Workstation:	DESKTOP-MAIFOE4\r\n	Target Account Name:	WDAGUtilityAccount\r\n	Target Account Domain:	DESKTOP-MAIFOE4'),
(69, 'Audit Success', '0000-00-00 00:00:00', 'Microsoft-Windows-Security-Auditing', '4797', 'User Account Management', 'An attempt was made to query the existence of a blank password for an account.\r\n\r\nSubject:\r\n	Security ID:		DESKTOP-MAIFOE4\\FELIXOH\r\n	Account Name:		FELIXOH\r\n	Account Domain:		DESKTOP-MAIFOE4\r\n	Logon ID:		0x255A69\r\n\r\nAdditional Information:\r\n	Caller Workstation:	DESKTOP-MAIFOE4\r\n	Target Account Name:	Guest\r\n	Target Account Domain:	DESKTOP-MAIFOE4'),
(70, 'Audit Success', '0000-00-00 00:00:00', 'Microsoft-Windows-Security-Auditing', '4797', 'User Account Management', 'An attempt was made to query the existence of a blank password for an account.\r\n\r\nSubject:\r\n	Security ID:		DESKTOP-MAIFOE4\\FELIXOH\r\n	Account Name:		FELIXOH\r\n	Account Domain:		DESKTOP-MAIFOE4\r\n	Logon ID:		0x255A69\r\n\r\nAdditional Information:\r\n	Caller Workstation:	DESKTOP-MAIFOE4\r\n	Target Account Name:	DefaultAccount\r\n	Target Account Domain:	DESKTOP-MAIFOE4'),
(71, 'Audit Success', '0000-00-00 00:00:00', 'Microsoft-Windows-Security-Auditing', '4797', 'User Account Management', 'An attempt was made to query the existence of a blank password for an account.\r\n\r\nSubject:\r\n	Security ID:		DESKTOP-MAIFOE4\\FELIXOH\r\n	Account Name:		FELIXOH\r\n	Account Domain:		DESKTOP-MAIFOE4\r\n	Logon ID:		0x255A69\r\n\r\nAdditional Information:\r\n	Caller Workstation:	DESKTOP-MAIFOE4\r\n	Target Account Name:	Administrator\r\n	Target Account Domain:	DESKTOP-MAIFOE4'),
(72, 'Audit Success', '0000-00-00 00:00:00', 'Microsoft-Windows-Security-Auditing', '4634', 'Logoff', 'An account was logged off.\r\n\r\nSubject:\r\n	Security ID:		DESKTOP-MAIFOE4\\FELIXOH\r\n	Account Name:		FELIXOH\r\n	Account Domain:		DESKTOP-MAIFOE4\r\n	Logon ID:		0xC2B7D1\r\n\r\nLogon Type:			2\r\n\r\nThis event is generated when a logon session is destroyed. It may be positively correlated with a logon event using the Logon ID value. Logon IDs are only unique between reboots on the same computer.'),
(73, 'Audit Success', '0000-00-00 00:00:00', 'Microsoft-Windows-Security-Auditing', '4634', 'Logoff', 'An account was logged off.\r\n\r\nSubject:\r\n	Security ID:		DESKTOP-MAIFOE4\\FELIXOH\r\n	Account Name:		FELIXOH\r\n	Account Domain:		DESKTOP-MAIFOE4\r\n	Logon ID:		0xC2B7F2\r\n\r\nLogon Type:			2\r\n\r\nThis event is generated when a logon session is destroyed. It may be positively correlated with a logon event using the Logon ID value. Logon IDs are only unique between reboots on the same computer.'),
(74, 'Audit Success', '0000-00-00 00:00:00', 'Microsoft-Windows-Security-Auditing', '4672', 'Special Logon', 'Special privileges assigned to new logon.\r\n\r\nSubject:\r\n	Security ID:		DESKTOP-MAIFOE4\\FELIXOH\r\n	Account Name:		FELIXOH\r\n	Account Domain:		DESKTOP-MAIFOE4\r\n	Logon ID:		0xC2B7D1\r\n\r\nPrivileges:		SeSecurityPrivilege\r\n			SeTakeOwnershipPrivilege\r\n			SeLoadDriverPrivilege\r\n			SeBackupPrivilege\r\n			SeRestorePrivilege\r\n			SeDebugPrivilege\r\n			SeSystemEnvironmentPrivilege\r\n			SeImpersonatePrivilege\r\n			SeDelegateSessionUserImpersonatePrivilege'),
(75, 'Audit Success', '0000-00-00 00:00:00', 'Microsoft-Windows-Security-Auditing', '4624', 'Logon', 'An account was successfully logged on.\r\n\r\nSubject:\r\n	Security ID:		SYSTEM\r\n	Account Name:		DESKTOP-MAIFOE4$\r\n	Account Domain:		WORKGROUP\r\n	Logon ID:		0x3E7\r\n\r\nLogon Information:\r\n	Logon Type:		2\r\n	Restricted Admin Mode:	-\r\n	Virtual Account:		No\r\n	Elevated Token:		No\r\n\r\nImpersonation Level:		Impersonation\r\n\r\nNew Logon:\r\n	Security ID:		DESKTOP-MAIFOE4\\FELIXOH\r\n	Account Name:		FELIXOH\r\n	Account Domain:		DESKTOP-MAIFOE4\r\n	Logon ID:		0xC2B7F2\r\n	Linked Logon ID:		0xC2B7D1\r\n	Network Account Name:	-\r\n	Network Account Domain:	-\r\n	Logon GUID:		{00000000-0000-0000-0000-000000000000}\r\n\r\nProcess Information:\r\n	Process ID:		0x618\r\n	Process Name:		C:\\Windows\\System32\\svchost.exe\r\n\r\nNetwork Information:\r\n	Workstation Name:	DESKTOP-MAIFOE4\r\n	Source Network Address:	127.0.0.1\r\n	Source Port:		0\r\n\r\nDetailed Authentication Information:\r\n	Logon Process:		User32 \r\n	Authentication Package:	Negotiate\r\n	Transited Services:	-\r\n	Package Name (NTLM only):	-\r\n	Key Length:		0\r\n\r\nThis event is generated when a logon '),
(76, 'Audit Success', '0000-00-00 00:00:00', 'Microsoft-Windows-Security-Auditing', '4624', 'Logon', 'An account was successfully logged on.\r\n\r\nSubject:\r\n	Security ID:		SYSTEM\r\n	Account Name:		DESKTOP-MAIFOE4$\r\n	Account Domain:		WORKGROUP\r\n	Logon ID:		0x3E7\r\n\r\nLogon Information:\r\n	Logon Type:		2\r\n	Restricted Admin Mode:	-\r\n	Virtual Account:		No\r\n	Elevated Token:		Yes\r\n\r\nImpersonation Level:		Impersonation\r\n\r\nNew Logon:\r\n	Security ID:		DESKTOP-MAIFOE4\\FELIXOH\r\n	Account Name:		FELIXOH\r\n	Account Domain:		DESKTOP-MAIFOE4\r\n	Logon ID:		0xC2B7D1\r\n	Linked Logon ID:		0xC2B7F2\r\n	Network Account Name:	-\r\n	Network Account Domain:	-\r\n	Logon GUID:		{00000000-0000-0000-0000-000000000000}\r\n\r\nProcess Information:\r\n	Process ID:		0x618\r\n	Process Name:		C:\\Windows\\System32\\svchost.exe\r\n\r\nNetwork Information:\r\n	Workstation Name:	DESKTOP-MAIFOE4\r\n	Source Network Address:	127.0.0.1\r\n	Source Port:		0\r\n\r\nDetailed Authentication Information:\r\n	Logon Process:		User32 \r\n	Authentication Package:	Negotiate\r\n	Transited Services:	-\r\n	Package Name (NTLM only):	-\r\n	Key Length:		0\r\n\r\nThis event is generated when a logon'),
(77, 'Audit Success', '0000-00-00 00:00:00', 'Microsoft-Windows-Security-Auditing', '4648', 'Logon', 'A logon was attempted using explicit credentials.\r\n\r\nSubject:\r\n	Security ID:		SYSTEM\r\n	Account Name:		DESKTOP-MAIFOE4$\r\n	Account Domain:		WORKGROUP\r\n	Logon ID:		0x3E7\r\n	Logon GUID:		{00000000-0000-0000-0000-000000000000}\r\n\r\nAccount Whose Credentials Were Used:\r\n	Account Name:		FELIXOH\r\n	Account Domain:		DESKTOP-MAIFOE4\r\n	Logon GUID:		{00000000-0000-0000-0000-000000000000}\r\n\r\nTarget Server:\r\n	Target Server Name:	localhost\r\n	Additional Information:	localhost\r\n\r\nProcess Information:\r\n	Process ID:		0x618\r\n	Process Name:		C:\\Windows\\System32\\svchost.exe\r\n\r\nNetwork Information:\r\n	Network Address:	127.0.0.1\r\n	Port:			0\r\n\r\nThis event is generated when a process attempts to log on an account by explicitly specifying that accounts credentials.  This most commonly occurs in batch-type configurations such as scheduled tasks, or when using the RUNAS command.'),
(78, 'Audit Success', '0000-00-00 00:00:00', 'Microsoft-Windows-Security-Auditing', '4798', 'User Account Management', 'A user\'s local group membership was enumerated.\r\n\r\nSubject:\r\n	Security ID:		SYSTEM\r\n	Account Name:		DESKTOP-MAIFOE4$\r\n	Account Domain:		WORKGROUP\r\n	Logon ID:		0x3E7\r\n\r\nUser:\r\n	Security ID:		DESKTOP-MAIFOE4\\FELIXOH\r\n	Account Name:		FELIXOH\r\n	Account Domain:		DESKTOP-MAIFOE4\r\n\r\nProcess Information:\r\n	Process ID:		0x2360\r\n	Process Name:		C:\\Windows\\System32\\LogonUI.exe'),
(79, 'Audit Success', '0000-00-00 00:00:00', 'Microsoft-Windows-Security-Auditing', '4672', 'Special Logon', 'Special privileges assigned to new logon.\r\n\r\nSubject:\r\n	Security ID:		SYSTEM\r\n	Account Name:		SYSTEM\r\n	Account Domain:		NT AUTHORITY\r\n	Logon ID:		0x3E7\r\n\r\nPrivileges:		SeAssignPrimaryTokenPrivilege\r\n			SeTcbPrivilege\r\n			SeSecurityPrivilege\r\n			SeTakeOwnershipPrivilege\r\n			SeLoadDriverPrivilege\r\n			SeBackupPrivilege\r\n			SeRestorePrivilege\r\n			SeDebugPrivilege\r\n			SeAuditPrivilege\r\n			SeSystemEnvironmentPrivilege\r\n			SeImpersonatePrivilege\r\n			SeDelegateSessionUserImpersonatePrivilege'),
(80, 'Audit Success', '0000-00-00 00:00:00', 'Microsoft-Windows-Security-Auditing', '4624', 'Logon', 'An account was successfully logged on.\r\n\r\nSubject:\r\n	Security ID:		SYSTEM\r\n	Account Name:		DESKTOP-MAIFOE4$\r\n	Account Domain:		WORKGROUP\r\n	Logon ID:		0x3E7\r\n\r\nLogon Information:\r\n	Logon Type:		5\r\n	Restricted Admin Mode:	-\r\n	Virtual Account:		No\r\n	Elevated Token:		Yes\r\n\r\nImpersonation Level:		Impersonation\r\n\r\nNew Logon:\r\n	Security ID:		SYSTEM\r\n	Account Name:		SYSTEM\r\n	Account Domain:		NT AUTHORITY\r\n	Logon ID:		0x3E7\r\n	Linked Logon ID:		0x0\r\n	Network Account Name:	-\r\n	Network Account Domain:	-\r\n	Logon GUID:		{00000000-0000-0000-0000-000000000000}\r\n\r\nProcess Information:\r\n	Process ID:		0x304\r\n	Process Name:		C:\\Windows\\System32\\services.exe\r\n\r\nNetwork Information:\r\n	Workstation Name:	-\r\n	Source Network Address:	-\r\n	Source Port:		-\r\n\r\nDetailed Authentication Information:\r\n	Logon Process:		Advapi  \r\n	Authentication Package:	Negotiate\r\n	Transited Services:	-\r\n	Package Name (NTLM only):	-\r\n	Key Length:		0\r\n\r\nThis event is generated when a logon session is created. It is generated on the compu'),
(81, 'Audit Success', '0000-00-00 00:00:00', 'Microsoft-Windows-Security-Auditing', '4672', 'Special Logon', 'Special privileges assigned to new logon.\r\n\r\nSubject:\r\n	Security ID:		SYSTEM\r\n	Account Name:		SYSTEM\r\n	Account Domain:		NT AUTHORITY\r\n	Logon ID:		0x3E7\r\n\r\nPrivileges:		SeAssignPrimaryTokenPrivilege\r\n			SeTcbPrivilege\r\n			SeSecurityPrivilege\r\n			SeTakeOwnershipPrivilege\r\n			SeLoadDriverPrivilege\r\n			SeBackupPrivilege\r\n			SeRestorePrivilege\r\n			SeDebugPrivilege\r\n			SeAuditPrivilege\r\n			SeSystemEnvironmentPrivilege\r\n			SeImpersonatePrivilege\r\n			SeDelegateSessionUserImpersonatePrivilege'),
(82, 'Audit Success', '0000-00-00 00:00:00', 'Microsoft-Windows-Security-Auditing', '4624', 'Logon', 'An account was successfully logged on.\r\n\r\nSubject:\r\n	Security ID:		SYSTEM\r\n	Account Name:		DESKTOP-MAIFOE4$\r\n	Account Domain:		WORKGROUP\r\n	Logon ID:		0x3E7\r\n\r\nLogon Information:\r\n	Logon Type:		5\r\n	Restricted Admin Mode:	-\r\n	Virtual Account:		No\r\n	Elevated Token:		Yes\r\n\r\nImpersonation Level:		Impersonation\r\n\r\nNew Logon:\r\n	Security ID:		SYSTEM\r\n	Account Name:		SYSTEM\r\n	Account Domain:		NT AUTHORITY\r\n	Logon ID:		0x3E7\r\n	Linked Logon ID:		0x0\r\n	Network Account Name:	-\r\n	Network Account Domain:	-\r\n	Logon GUID:		{00000000-0000-0000-0000-000000000000}\r\n\r\nProcess Information:\r\n	Process ID:		0x304\r\n	Process Name:		C:\\Windows\\System32\\services.exe\r\n\r\nNetwork Information:\r\n	Workstation Name:	-\r\n	Source Network Address:	-\r\n	Source Port:		-\r\n\r\nDetailed Authentication Information:\r\n	Logon Process:		Advapi  \r\n	Authentication Package:	Negotiate\r\n	Transited Services:	-\r\n	Package Name (NTLM only):	-\r\n	Key Length:		0\r\n\r\nThis event is generated when a logon session is created. It is generated on the compu'),
(83, 'Audit Success', '0000-00-00 00:00:00', 'Microsoft-Windows-Security-Auditing', '4672', 'Special Logon', 'Special privileges assigned to new logon.\r\n\r\nSubject:\r\n	Security ID:		SYSTEM\r\n	Account Name:		SYSTEM\r\n	Account Domain:		NT AUTHORITY\r\n	Logon ID:		0x3E7\r\n\r\nPrivileges:		SeAssignPrimaryTokenPrivilege\r\n			SeTcbPrivilege\r\n			SeSecurityPrivilege\r\n			SeTakeOwnershipPrivilege\r\n			SeLoadDriverPrivilege\r\n			SeBackupPrivilege\r\n			SeRestorePrivilege\r\n			SeDebugPrivilege\r\n			SeAuditPrivilege\r\n			SeSystemEnvironmentPrivilege\r\n			SeImpersonatePrivilege\r\n			SeDelegateSessionUserImpersonatePrivilege'),
(84, 'Audit Success', '0000-00-00 00:00:00', 'Microsoft-Windows-Security-Auditing', '4624', 'Logon', 'An account was successfully logged on.\r\n\r\nSubject:\r\n	Security ID:		SYSTEM\r\n	Account Name:		DESKTOP-MAIFOE4$\r\n	Account Domain:		WORKGROUP\r\n	Logon ID:		0x3E7\r\n\r\nLogon Information:\r\n	Logon Type:		5\r\n	Restricted Admin Mode:	-\r\n	Virtual Account:		No\r\n	Elevated Token:		Yes\r\n\r\nImpersonation Level:		Impersonation\r\n\r\nNew Logon:\r\n	Security ID:		SYSTEM\r\n	Account Name:		SYSTEM\r\n	Account Domain:		NT AUTHORITY\r\n	Logon ID:		0x3E7\r\n	Linked Logon ID:		0x0\r\n	Network Account Name:	-\r\n	Network Account Domain:	-\r\n	Logon GUID:		{00000000-0000-0000-0000-000000000000}\r\n\r\nProcess Information:\r\n	Process ID:		0x304\r\n	Process Name:		C:\\Windows\\System32\\services.exe\r\n\r\nNetwork Information:\r\n	Workstation Name:	-\r\n	Source Network Address:	-\r\n	Source Port:		-\r\n\r\nDetailed Authentication Information:\r\n	Logon Process:		Advapi  \r\n	Authentication Package:	Negotiate\r\n	Transited Services:	-\r\n	Package Name (NTLM only):	-\r\n	Key Length:		0\r\n\r\nThis event is generated when a logon session is created. It is generated on the compu'),
(85, 'Audit Success', '0000-00-00 00:00:00', 'Microsoft-Windows-Security-Auditing', '4672', 'Special Logon', 'Special privileges assigned to new logon.\r\n\r\nSubject:\r\n	Security ID:		SYSTEM\r\n	Account Name:		SYSTEM\r\n	Account Domain:		NT AUTHORITY\r\n	Logon ID:		0x3E7\r\n\r\nPrivileges:		SeAssignPrimaryTokenPrivilege\r\n			SeTcbPrivilege\r\n			SeSecurityPrivilege\r\n			SeTakeOwnershipPrivilege\r\n			SeLoadDriverPrivilege\r\n			SeBackupPrivilege\r\n			SeRestorePrivilege\r\n			SeDebugPrivilege\r\n			SeAuditPrivilege\r\n			SeSystemEnvironmentPrivilege\r\n			SeImpersonatePrivilege\r\n			SeDelegateSessionUserImpersonatePrivilege'),
(86, 'Audit Success', '0000-00-00 00:00:00', 'Microsoft-Windows-Security-Auditing', '4624', 'Logon', 'An account was successfully logged on.\r\n\r\nSubject:\r\n	Security ID:		SYSTEM\r\n	Account Name:		DESKTOP-MAIFOE4$\r\n	Account Domain:		WORKGROUP\r\n	Logon ID:		0x3E7\r\n\r\nLogon Information:\r\n	Logon Type:		5\r\n	Restricted Admin Mode:	-\r\n	Virtual Account:		No\r\n	Elevated Token:		Yes\r\n\r\nImpersonation Level:		Impersonation\r\n\r\nNew Logon:\r\n	Security ID:		SYSTEM\r\n	Account Name:		SYSTEM\r\n	Account Domain:		NT AUTHORITY\r\n	Logon ID:		0x3E7\r\n	Linked Logon ID:		0x0\r\n	Network Account Name:	-\r\n	Network Account Domain:	-\r\n	Logon GUID:		{00000000-0000-0000-0000-000000000000}\r\n\r\nProcess Information:\r\n	Process ID:		0x304\r\n	Process Name:		C:\\Windows\\System32\\services.exe\r\n\r\nNetwork Information:\r\n	Workstation Name:	-\r\n	Source Network Address:	-\r\n	Source Port:		-\r\n\r\nDetailed Authentication Information:\r\n	Logon Process:		Advapi  \r\n	Authentication Package:	Negotiate\r\n	Transited Services:	-\r\n	Package Name (NTLM only):	-\r\n	Key Length:		0\r\n\r\nThis event is generated when a logon session is created. It is generated on the compu'),
(87, 'Audit Success', '0000-00-00 00:00:00', 'Microsoft-Windows-Security-Auditing', '4799', 'Security Group Management', 'A security-enabled local group membership was enumerated.\r\n\r\nSubject:\r\n	Security ID:		SYSTEM\r\n	Account Name:		DESKTOP-MAIFOE4$\r\n	Account Domain:		WORKGROUP\r\n	Logon ID:		0x3E7\r\n\r\nGroup:\r\n	Security ID:		BUILTIN\\Backup Operators\r\n	Group Name:		Backup Operators\r\n	Group Domain:		Builtin\r\n\r\nProcess Information:\r\n	Process ID:		0x838\r\n	Process Name:		C:\\Windows\\System32\\svchost.exe'),
(88, 'Audit Success', '0000-00-00 00:00:00', 'Microsoft-Windows-Security-Auditing', '4799', 'Security Group Management', 'A security-enabled local group membership was enumerated.\r\n\r\nSubject:\r\n	Security ID:		SYSTEM\r\n	Account Name:		DESKTOP-MAIFOE4$\r\n	Account Domain:		WORKGROUP\r\n	Logon ID:		0x3E7\r\n\r\nGroup:\r\n	Security ID:		BUILTIN\\Administrators\r\n	Group Name:		Administrators\r\n	Group Domain:		Builtin\r\n\r\nProcess Information:\r\n	Process ID:		0x838\r\n	Process Name:		C:\\Windows\\System32\\svchost.exe'),
(89, 'Audit Success', '0000-00-00 00:00:00', 'Microsoft-Windows-Security-Auditing', '4672', 'Special Logon', 'Special privileges assigned to new logon.\r\n\r\nSubject:\r\n	Security ID:		SYSTEM\r\n	Account Name:		SYSTEM\r\n	Account Domain:		NT AUTHORITY\r\n	Logon ID:		0x3E7\r\n\r\nPrivileges:		SeAssignPrimaryTokenPrivilege\r\n			SeTcbPrivilege\r\n			SeSecurityPrivilege\r\n			SeTakeOwnershipPrivilege\r\n			SeLoadDriverPrivilege\r\n			SeBackupPrivilege\r\n			SeRestorePrivilege\r\n			SeDebugPrivilege\r\n			SeAuditPrivilege\r\n			SeSystemEnvironmentPrivilege\r\n			SeImpersonatePrivilege\r\n			SeDelegateSessionUserImpersonatePrivilege'),
(90, 'Audit Success', '0000-00-00 00:00:00', 'Microsoft-Windows-Security-Auditing', '4624', 'Logon', 'An account was successfully logged on.\r\n\r\nSubject:\r\n	Security ID:		SYSTEM\r\n	Account Name:		DESKTOP-MAIFOE4$\r\n	Account Domain:		WORKGROUP\r\n	Logon ID:		0x3E7\r\n\r\nLogon Information:\r\n	Logon Type:		5\r\n	Restricted Admin Mode:	-\r\n	Virtual Account:		No\r\n	Elevated Token:		Yes\r\n\r\nImpersonation Level:		Impersonation\r\n\r\nNew Logon:\r\n	Security ID:		SYSTEM\r\n	Account Name:		SYSTEM\r\n	Account Domain:		NT AUTHORITY\r\n	Logon ID:		0x3E7\r\n	Linked Logon ID:		0x0\r\n	Network Account Name:	-\r\n	Network Account Domain:	-\r\n	Logon GUID:		{00000000-0000-0000-0000-000000000000}\r\n\r\nProcess Information:\r\n	Process ID:		0x304\r\n	Process Name:		C:\\Windows\\System32\\services.exe\r\n\r\nNetwork Information:\r\n	Workstation Name:	-\r\n	Source Network Address:	-\r\n	Source Port:		-\r\n\r\nDetailed Authentication Information:\r\n	Logon Process:		Advapi  \r\n	Authentication Package:	Negotiate\r\n	Transited Services:	-\r\n	Package Name (NTLM only):	-\r\n	Key Length:		0\r\n\r\nThis event is generated when a logon session is created. It is generated on the compu'),
(91, 'Audit Success', '0000-00-00 00:00:00', 'Microsoft-Windows-Security-Auditing', '4672', 'Special Logon', 'Special privileges assigned to new logon.\r\n\r\nSubject:\r\n	Security ID:		SYSTEM\r\n	Account Name:		SYSTEM\r\n	Account Domain:		NT AUTHORITY\r\n	Logon ID:		0x3E7\r\n\r\nPrivileges:		SeAssignPrimaryTokenPrivilege\r\n			SeTcbPrivilege\r\n			SeSecurityPrivilege\r\n			SeTakeOwnershipPrivilege\r\n			SeLoadDriverPrivilege\r\n			SeBackupPrivilege\r\n			SeRestorePrivilege\r\n			SeDebugPrivilege\r\n			SeAuditPrivilege\r\n			SeSystemEnvironmentPrivilege\r\n			SeImpersonatePrivilege\r\n			SeDelegateSessionUserImpersonatePrivilege'),
(92, 'Audit Success', '0000-00-00 00:00:00', 'Microsoft-Windows-Security-Auditing', '4624', 'Logon', 'An account was successfully logged on.\r\n\r\nSubject:\r\n	Security ID:		SYSTEM\r\n	Account Name:		DESKTOP-MAIFOE4$\r\n	Account Domain:		WORKGROUP\r\n	Logon ID:		0x3E7\r\n\r\nLogon Information:\r\n	Logon Type:		5\r\n	Restricted Admin Mode:	-\r\n	Virtual Account:		No\r\n	Elevated Token:		Yes\r\n\r\nImpersonation Level:		Impersonation\r\n\r\nNew Logon:\r\n	Security ID:		SYSTEM\r\n	Account Name:		SYSTEM\r\n	Account Domain:		NT AUTHORITY\r\n	Logon ID:		0x3E7\r\n	Linked Logon ID:		0x0\r\n	Network Account Name:	-\r\n	Network Account Domain:	-\r\n	Logon GUID:		{00000000-0000-0000-0000-000000000000}\r\n\r\nProcess Information:\r\n	Process ID:		0x304\r\n	Process Name:		C:\\Windows\\System32\\services.exe\r\n\r\nNetwork Information:\r\n	Workstation Name:	-\r\n	Source Network Address:	-\r\n	Source Port:		-\r\n\r\nDetailed Authentication Information:\r\n	Logon Process:		Advapi  \r\n	Authentication Package:	Negotiate\r\n	Transited Services:	-\r\n	Package Name (NTLM only):	-\r\n	Key Length:		0\r\n\r\nThis event is generated when a logon session is created. It is generated on the compu'),
(93, 'Audit Success', '0000-00-00 00:00:00', 'Microsoft-Windows-Security-Auditing', '4672', 'Special Logon', 'Special privileges assigned to new logon.\r\n\r\nSubject:\r\n	Security ID:		SYSTEM\r\n	Account Name:		SYSTEM\r\n	Account Domain:		NT AUTHORITY\r\n	Logon ID:		0x3E7\r\n\r\nPrivileges:		SeAssignPrimaryTokenPrivilege\r\n			SeTcbPrivilege\r\n			SeSecurityPrivilege\r\n			SeTakeOwnershipPrivilege\r\n			SeLoadDriverPrivilege\r\n			SeBackupPrivilege\r\n			SeRestorePrivilege\r\n			SeDebugPrivilege\r\n			SeAuditPrivilege\r\n			SeSystemEnvironmentPrivilege\r\n			SeImpersonatePrivilege\r\n			SeDelegateSessionUserImpersonatePrivilege'),
(94, 'Audit Success', '0000-00-00 00:00:00', 'Microsoft-Windows-Security-Auditing', '4624', 'Logon', 'An account was successfully logged on.\r\n\r\nSubject:\r\n	Security ID:		SYSTEM\r\n	Account Name:		DESKTOP-MAIFOE4$\r\n	Account Domain:		WORKGROUP\r\n	Logon ID:		0x3E7\r\n\r\nLogon Information:\r\n	Logon Type:		5\r\n	Restricted Admin Mode:	-\r\n	Virtual Account:		No\r\n	Elevated Token:		Yes\r\n\r\nImpersonation Level:		Impersonation\r\n\r\nNew Logon:\r\n	Security ID:		SYSTEM\r\n	Account Name:		SYSTEM\r\n	Account Domain:		NT AUTHORITY\r\n	Logon ID:		0x3E7\r\n	Linked Logon ID:		0x0\r\n	Network Account Name:	-\r\n	Network Account Domain:	-\r\n	Logon GUID:		{00000000-0000-0000-0000-000000000000}\r\n\r\nProcess Information:\r\n	Process ID:		0x304\r\n	Process Name:		C:\\Windows\\System32\\services.exe\r\n\r\nNetwork Information:\r\n	Workstation Name:	-\r\n	Source Network Address:	-\r\n	Source Port:		-\r\n\r\nDetailed Authentication Information:\r\n	Logon Process:		Advapi  \r\n	Authentication Package:	Negotiate\r\n	Transited Services:	-\r\n	Package Name (NTLM only):	-\r\n	Key Length:		0\r\n\r\nThis event is generated when a logon session is created. It is generated on the compu'),
(95, 'Audit Success', '0000-00-00 00:00:00', 'Microsoft-Windows-Security-Auditing', '4672', 'Special Logon', 'Special privileges assigned to new logon.\r\n\r\nSubject:\r\n	Security ID:		SYSTEM\r\n	Account Name:		SYSTEM\r\n	Account Domain:		NT AUTHORITY\r\n	Logon ID:		0x3E7\r\n\r\nPrivileges:		SeAssignPrimaryTokenPrivilege\r\n			SeTcbPrivilege\r\n			SeSecurityPrivilege\r\n			SeTakeOwnershipPrivilege\r\n			SeLoadDriverPrivilege\r\n			SeBackupPrivilege\r\n			SeRestorePrivilege\r\n			SeDebugPrivilege\r\n			SeAuditPrivilege\r\n			SeSystemEnvironmentPrivilege\r\n			SeImpersonatePrivilege\r\n			SeDelegateSessionUserImpersonatePrivilege'),
(96, 'Audit Success', '0000-00-00 00:00:00', 'Microsoft-Windows-Security-Auditing', '4624', 'Logon', 'An account was successfully logged on.\r\n\r\nSubject:\r\n	Security ID:		SYSTEM\r\n	Account Name:		DESKTOP-MAIFOE4$\r\n	Account Domain:		WORKGROUP\r\n	Logon ID:		0x3E7\r\n\r\nLogon Information:\r\n	Logon Type:		5\r\n	Restricted Admin Mode:	-\r\n	Virtual Account:		No\r\n	Elevated Token:		Yes\r\n\r\nImpersonation Level:		Impersonation\r\n\r\nNew Logon:\r\n	Security ID:		SYSTEM\r\n	Account Name:		SYSTEM\r\n	Account Domain:		NT AUTHORITY\r\n	Logon ID:		0x3E7\r\n	Linked Logon ID:		0x0\r\n	Network Account Name:	-\r\n	Network Account Domain:	-\r\n	Logon GUID:		{00000000-0000-0000-0000-000000000000}\r\n\r\nProcess Information:\r\n	Process ID:		0x304\r\n	Process Name:		C:\\Windows\\System32\\services.exe\r\n\r\nNetwork Information:\r\n	Workstation Name:	-\r\n	Source Network Address:	-\r\n	Source Port:		-\r\n\r\nDetailed Authentication Information:\r\n	Logon Process:		Advapi  \r\n	Authentication Package:	Negotiate\r\n	Transited Services:	-\r\n	Package Name (NTLM only):	-\r\n	Key Length:		0\r\n\r\nThis event is generated when a logon session is created. It is generated on the compu'),
(97, 'Audit Success', '0000-00-00 00:00:00', 'Microsoft-Windows-Security-Auditing', '4672', 'Special Logon', 'Special privileges assigned to new logon.\r\n\r\nSubject:\r\n	Security ID:		SYSTEM\r\n	Account Name:		SYSTEM\r\n	Account Domain:		NT AUTHORITY\r\n	Logon ID:		0x3E7\r\n\r\nPrivileges:		SeAssignPrimaryTokenPrivilege\r\n			SeTcbPrivilege\r\n			SeSecurityPrivilege\r\n			SeTakeOwnershipPrivilege\r\n			SeLoadDriverPrivilege\r\n			SeBackupPrivilege\r\n			SeRestorePrivilege\r\n			SeDebugPrivilege\r\n			SeAuditPrivilege\r\n			SeSystemEnvironmentPrivilege\r\n			SeImpersonatePrivilege\r\n			SeDelegateSessionUserImpersonatePrivilege'),
(98, 'Audit Success', '0000-00-00 00:00:00', 'Microsoft-Windows-Security-Auditing', '4624', 'Logon', 'An account was successfully logged on.\r\n\r\nSubject:\r\n	Security ID:		SYSTEM\r\n	Account Name:		DESKTOP-MAIFOE4$\r\n	Account Domain:		WORKGROUP\r\n	Logon ID:		0x3E7\r\n\r\nLogon Information:\r\n	Logon Type:		5\r\n	Restricted Admin Mode:	-\r\n	Virtual Account:		No\r\n	Elevated Token:		Yes\r\n\r\nImpersonation Level:		Impersonation\r\n\r\nNew Logon:\r\n	Security ID:		SYSTEM\r\n	Account Name:		SYSTEM\r\n	Account Domain:		NT AUTHORITY\r\n	Logon ID:		0x3E7\r\n	Linked Logon ID:		0x0\r\n	Network Account Name:	-\r\n	Network Account Domain:	-\r\n	Logon GUID:		{00000000-0000-0000-0000-000000000000}\r\n\r\nProcess Information:\r\n	Process ID:		0x304\r\n	Process Name:		C:\\Windows\\System32\\services.exe\r\n\r\nNetwork Information:\r\n	Workstation Name:	-\r\n	Source Network Address:	-\r\n	Source Port:		-\r\n\r\nDetailed Authentication Information:\r\n	Logon Process:		Advapi  \r\n	Authentication Package:	Negotiate\r\n	Transited Services:	-\r\n	Package Name (NTLM only):	-\r\n	Key Length:		0\r\n\r\nThis event is generated when a logon session is created. It is generated on the compu'),
(99, 'Audit Success', '0000-00-00 00:00:00', 'Microsoft-Windows-Security-Auditing', '4798', 'User Account Management', 'A user\'s local group membership was enumerated.\r\n\r\nSubject:\r\n	Security ID:		SYSTEM\r\n	Account Name:		DESKTOP-MAIFOE4$\r\n	Account Domain:		WORKGROUP\r\n	Logon ID:		0x3E7\r\n\r\nUser:\r\n	Security ID:		DESKTOP-MAIFOE4\\FELIXOH\r\n	Account Name:		FELIXOH\r\n	Account Domain:		DESKTOP-MAIFOE4\r\n\r\nProcess Information:\r\n	Process ID:		0x2360\r\n	Process Name:		C:\\Windows\\System32\\LogonUI.exe'),
(100, 'Audit Success', '0000-00-00 00:00:00', 'Microsoft-Windows-Security-Auditing', '4672', 'Special Logon', 'Special privileges assigned to new logon.\r\n\r\nSubject:\r\n	Security ID:		SYSTEM\r\n	Account Name:		SYSTEM\r\n	Account Domain:		NT AUTHORITY\r\n	Logon ID:		0x3E7\r\n\r\nPrivileges:		SeAssignPrimaryTokenPrivilege\r\n			SeTcbPrivilege\r\n			SeSecurityPrivilege\r\n			SeTakeOwnershipPrivilege\r\n			SeLoadDriverPrivilege\r\n			SeBackupPrivilege\r\n			SeRestorePrivilege\r\n			SeDebugPrivilege\r\n			SeAuditPrivilege\r\n			SeSystemEnvironmentPrivilege\r\n			SeImpersonatePrivilege\r\n			SeDelegateSessionUserImpersonatePrivilege'),
(101, 'Audit Success', '0000-00-00 00:00:00', 'Microsoft-Windows-Security-Auditing', '4624', 'Logon', 'An account was successfully logged on.\r\n\r\nSubject:\r\n	Security ID:		SYSTEM\r\n	Account Name:		DESKTOP-MAIFOE4$\r\n	Account Domain:		WORKGROUP\r\n	Logon ID:		0x3E7\r\n\r\nLogon Information:\r\n	Logon Type:		5\r\n	Restricted Admin Mode:	-\r\n	Virtual Account:		No\r\n	Elevated Token:		Yes\r\n\r\nImpersonation Level:		Impersonation\r\n\r\nNew Logon:\r\n	Security ID:		SYSTEM\r\n	Account Name:		SYSTEM\r\n	Account Domain:		NT AUTHORITY\r\n	Logon ID:		0x3E7\r\n	Linked Logon ID:		0x0\r\n	Network Account Name:	-\r\n	Network Account Domain:	-\r\n	Logon GUID:		{00000000-0000-0000-0000-000000000000}\r\n\r\nProcess Information:\r\n	Process ID:		0x304\r\n	Process Name:		C:\\Windows\\System32\\services.exe\r\n\r\nNetwork Information:\r\n	Workstation Name:	-\r\n	Source Network Address:	-\r\n	Source Port:		-\r\n\r\nDetailed Authentication Information:\r\n	Logon Process:		Advapi  \r\n	Authentication Package:	Negotiate\r\n	Transited Services:	-\r\n	Package Name (NTLM only):	-\r\n	Key Length:		0\r\n\r\nThis event is generated when a logon session is created. It is generated on the compu'),
(102, 'Audit Success', '0000-00-00 00:00:00', 'Microsoft-Windows-Security-Auditing', '4672', 'Special Logon', 'Special privileges assigned to new logon.\r\n\r\nSubject:\r\n	Security ID:		SYSTEM\r\n	Account Name:		SYSTEM\r\n	Account Domain:		NT AUTHORITY\r\n	Logon ID:		0x3E7\r\n\r\nPrivileges:		SeAssignPrimaryTokenPrivilege\r\n			SeTcbPrivilege\r\n			SeSecurityPrivilege\r\n			SeTakeOwnershipPrivilege\r\n			SeLoadDriverPrivilege\r\n			SeBackupPrivilege\r\n			SeRestorePrivilege\r\n			SeDebugPrivilege\r\n			SeAuditPrivilege\r\n			SeSystemEnvironmentPrivilege\r\n			SeImpersonatePrivilege\r\n			SeDelegateSessionUserImpersonatePrivilege'),
(103, 'Audit Success', '0000-00-00 00:00:00', 'Microsoft-Windows-Security-Auditing', '4624', 'Logon', 'An account was successfully logged on.\r\n\r\nSubject:\r\n	Security ID:		SYSTEM\r\n	Account Name:		DESKTOP-MAIFOE4$\r\n	Account Domain:		WORKGROUP\r\n	Logon ID:		0x3E7\r\n\r\nLogon Information:\r\n	Logon Type:		5\r\n	Restricted Admin Mode:	-\r\n	Virtual Account:		No\r\n	Elevated Token:		Yes\r\n\r\nImpersonation Level:		Impersonation\r\n\r\nNew Logon:\r\n	Security ID:		SYSTEM\r\n	Account Name:		SYSTEM\r\n	Account Domain:		NT AUTHORITY\r\n	Logon ID:		0x3E7\r\n	Linked Logon ID:		0x0\r\n	Network Account Name:	-\r\n	Network Account Domain:	-\r\n	Logon GUID:		{00000000-0000-0000-0000-000000000000}\r\n\r\nProcess Information:\r\n	Process ID:		0x304\r\n	Process Name:		C:\\Windows\\System32\\services.exe\r\n\r\nNetwork Information:\r\n	Workstation Name:	-\r\n	Source Network Address:	-\r\n	Source Port:		-\r\n\r\nDetailed Authentication Information:\r\n	Logon Process:		Advapi  \r\n	Authentication Package:	Negotiate\r\n	Transited Services:	-\r\n	Package Name (NTLM only):	-\r\n	Key Length:		0\r\n\r\nThis event is generated when a logon session is created. It is generated on the compu'),
(104, 'Audit Success', '0000-00-00 00:00:00', 'Microsoft-Windows-Security-Auditing', '5379', 'User Account Management', 'Credential Manager credentials were read.\r\n\r\nSubject:\r\n	Security ID:		SYSTEM\r\n	Account Name:		DESKTOP-MAIFOE4$\r\n	Account Domain:		WORKGROUP\r\n	Logon ID:		0x3E7\r\n	Read Operation:		Enumerate Credentials\r\n\r\nThis event occurs when a user performs a read operation on stored credentials in Credential Manager.'),
(105, 'Audit Success', '0000-00-00 00:00:00', 'Microsoft-Windows-Security-Auditing', '5379', 'User Account Management', 'Credential Manager credentials were read.\r\n\r\nSubject:\r\n	Security ID:		SYSTEM\r\n	Account Name:		DESKTOP-MAIFOE4$\r\n	Account Domain:		WORKGROUP\r\n	Logon ID:		0x3E7\r\n	Read Operation:		Enumerate Credentials\r\n\r\nThis event occurs when a user performs a read operation on stored credentials in Credential Manager.'),
