(258, 'Audit Success', '0000-00-00 00:00:00', 'Microsoft-Windows-Security-Auditing', '4672', 'Special Logon', 'Special privileges assigned to new logon.\r\n\r\nSubject:\r\n	Security ID:		SYSTEM\r\n	Account Name:		SYSTEM\r\n	Account Domain:		NT AUTHORITY\r\n	Logon ID:		0x3E7\r\n\r\nPrivileges:		SeAssignPrimaryTokenPrivilege\r\n			SeTcbPrivilege\r\n			SeSecurityPrivilege\r\n			SeTakeOwnershipPrivilege\r\n			SeLoadDriverPrivilege\r\n			SeBackupPrivilege\r\n			SeRestorePrivilege\r\n			SeDebugPrivilege\r\n			SeAuditPrivilege\r\n			SeSystemEnvironmentPrivilege\r\n			SeImpersonatePrivilege\r\n			SeDelegateSessionUserImpersonatePrivilege'),
(259, 'Audit Success', '0000-00-00 00:00:00', 'Microsoft-Windows-Security-Auditing', '4624', 'Logon', 'An account was successfully logged on.\r\n\r\nSubject:\r\n	Security ID:		SYSTEM\r\n	Account Name:		DESKTOP-MAIFOE4$\r\n	Account Domain:		WORKGROUP\r\n	Logon ID:		0x3E7\r\n\r\nLogon Information:\r\n	Logon Type:		5\r\n	Restricted Admin Mode:	-\r\n	Virtual Account:		No\r\n	Elevated Token:		Yes\r\n\r\nImpersonation Level:		Impersonation\r\n\r\nNew Logon:\r\n	Security ID:		SYSTEM\r\n	Account Name:		SYSTEM\r\n	Account Domain:		NT AUTHORITY\r\n	Logon ID:		0x3E7\r\n	Linked Logon ID:		0x0\r\n	Network Account Name:	-\r\n	Network Account Domain:	-\r\n	Logon GUID:		{00000000-0000-0000-0000-000000000000}\r\n\r\nProcess Information:\r\n	Process ID:		0x304\r\n	Process Name:		C:\\Windows\\System32\\services.exe\r\n\r\nNetwork Information:\r\n	Workstation Name:	-\r\n	Source Network Address:	-\r\n	Source Port:		-\r\n\r\nDetailed Authentication Information:\r\n	Logon Process:		Advapi  \r\n	Authentication Package:	Negotiate\r\n	Transited Services:	-\r\n	Package Name (NTLM only):	-\r\n	Key Length:		0\r\n\r\nThis event is generated when a logon session is created. It is generated on the compu'),
(260, 'Audit Success', '0000-00-00 00:00:00', 'Microsoft-Windows-Security-Auditing', '4672', 'Special Logon', 'Special privileges assigned to new logon.\r\n\r\nSubject:\r\n	Security ID:		SYSTEM\r\n	Account Name:		SYSTEM\r\n	Account Domain:		NT AUTHORITY\r\n	Logon ID:		0x3E7\r\n\r\nPrivileges:		SeAssignPrimaryTokenPrivilege\r\n			SeTcbPrivilege\r\n			SeSecurityPrivilege\r\n			SeTakeOwnershipPrivilege\r\n			SeLoadDriverPrivilege\r\n			SeBackupPrivilege\r\n			SeRestorePrivilege\r\n			SeDebugPrivilege\r\n			SeAuditPrivilege\r\n			SeSystemEnvironmentPrivilege\r\n			SeImpersonatePrivilege\r\n			SeDelegateSessionUserImpersonatePrivilege'),
(261, 'Audit Success', '0000-00-00 00:00:00', 'Microsoft-Windows-Security-Auditing', '4624', 'Logon', 'An account was successfully logged on.\r\n\r\nSubject:\r\n	Security ID:		SYSTEM\r\n	Account Name:		DESKTOP-MAIFOE4$\r\n	Account Domain:		WORKGROUP\r\n	Logon ID:		0x3E7\r\n\r\nLogon Information:\r\n	Logon Type:		5\r\n	Restricted Admin Mode:	-\r\n	Virtual Account:		No\r\n	Elevated Token:		Yes\r\n\r\nImpersonation Level:		Impersonation\r\n\r\nNew Logon:\r\n	Security ID:		SYSTEM\r\n	Account Name:		SYSTEM\r\n	Account Domain:		NT AUTHORITY\r\n	Logon ID:		0x3E7\r\n	Linked Logon ID:		0x0\r\n	Network Account Name:	-\r\n	Network Account Domain:	-\r\n	Logon GUID:		{00000000-0000-0000-0000-000000000000}\r\n\r\nProcess Information:\r\n	Process ID:		0x304\r\n	Process Name:		C:\\Windows\\System32\\services.exe\r\n\r\nNetwork Information:\r\n	Workstation Name:	-\r\n	Source Network Address:	-\r\n	Source Port:		-\r\n\r\nDetailed Authentication Information:\r\n	Logon Process:		Advapi  \r\n	Authentication Package:	Negotiate\r\n	Transited Services:	-\r\n	Package Name (NTLM only):	-\r\n	Key Length:		0\r\n\r\nThis event is generated when a logon session is created. It is generated on the compu'),
(262, 'Audit Success', '0000-00-00 00:00:00', 'Microsoft-Windows-Security-Auditing', '4672', 'Special Logon', 'Special privileges assigned to new logon.\r\n\r\nSubject:\r\n	Security ID:		SYSTEM\r\n	Account Name:		SYSTEM\r\n	Account Domain:		NT AUTHORITY\r\n	Logon ID:		0x3E7\r\n\r\nPrivileges:		SeAssignPrimaryTokenPrivilege\r\n			SeTcbPrivilege\r\n			SeSecurityPrivilege\r\n			SeTakeOwnershipPrivilege\r\n			SeLoadDriverPrivilege\r\n			SeBackupPrivilege\r\n			SeRestorePrivilege\r\n			SeDebugPrivilege\r\n			SeAuditPrivilege\r\n			SeSystemEnvironmentPrivilege\r\n			SeImpersonatePrivilege\r\n			SeDelegateSessionUserImpersonatePrivilege'),
(263, 'Audit Success', '0000-00-00 00:00:00', 'Microsoft-Windows-Security-Auditing', '4624', 'Logon', 'An account was successfully logged on.\r\n\r\nSubject:\r\n	Security ID:		SYSTEM\r\n	Account Name:		DESKTOP-MAIFOE4$\r\n	Account Domain:		WORKGROUP\r\n	Logon ID:		0x3E7\r\n\r\nLogon Information:\r\n	Logon Type:		5\r\n	Restricted Admin Mode:	-\r\n	Virtual Account:		No\r\n	Elevated Token:		Yes\r\n\r\nImpersonation Level:		Impersonation\r\n\r\nNew Logon:\r\n	Security ID:		SYSTEM\r\n	Account Name:		SYSTEM\r\n	Account Domain:		NT AUTHORITY\r\n	Logon ID:		0x3E7\r\n	Linked Logon ID:		0x0\r\n	Network Account Name:	-\r\n	Network Account Domain:	-\r\n	Logon GUID:		{00000000-0000-0000-0000-000000000000}\r\n\r\nProcess Information:\r\n	Process ID:		0x304\r\n	Process Name:		C:\\Windows\\System32\\services.exe\r\n\r\nNetwork Information:\r\n	Workstation Name:	-\r\n	Source Network Address:	-\r\n	Source Port:		-\r\n\r\nDetailed Authentication Information:\r\n	Logon Process:		Advapi  \r\n	Authentication Package:	Negotiate\r\n	Transited Services:	-\r\n	Package Name (NTLM only):	-\r\n	Key Length:		0\r\n\r\nThis event is generated when a logon session is created. It is generated on the compu'),
(264, 'Audit Success', '0000-00-00 00:00:00', 'Microsoft-Windows-Security-Auditing', '4799', 'Security Group Management', 'A security-enabled local group membership was enumerated.\r\n\r\nSubject:\r\n	Security ID:		SYSTEM\r\n	Account Name:		DESKTOP-MAIFOE4$\r\n	Account Domain:		WORKGROUP\r\n	Logon ID:		0x3E7\r\n\r\nGroup:\r\n	Security ID:		BUILTIN\\Backup Operators\r\n	Group Name:		Backup Operators\r\n	Group Domain:		Builtin\r\n\r\nProcess Information:\r\n	Process ID:		0x2524\r\n	Process Name:		C:\\Windows\\System32\\svchost.exe'),
(265, 'Audit Success', '0000-00-00 00:00:00', 'Microsoft-Windows-Security-Auditing', '4799', 'Security Group Management', 'A security-enabled local group membership was enumerated.\r\n\r\nSubject:\r\n	Security ID:		SYSTEM\r\n	Account Name:		DESKTOP-MAIFOE4$\r\n	Account Domain:		WORKGROUP\r\n	Logon ID:		0x3E7\r\n\r\nGroup:\r\n	Security ID:		BUILTIN\\Administrators\r\n	Group Name:		Administrators\r\n	Group Domain:		Builtin\r\n\r\nProcess Information:\r\n	Process ID:		0x2524\r\n	Process Name:		C:\\Windows\\System32\\svchost.exe'),
(266, 'Audit Success', '0000-00-00 00:00:00', 'Microsoft-Windows-Security-Auditing', '4672', 'Special Logon', 'Special privileges assigned to new logon.\r\n\r\nSubject:\r\n	Security ID:		SYSTEM\r\n	Account Name:		SYSTEM\r\n	Account Domain:		NT AUTHORITY\r\n	Logon ID:		0x3E7\r\n\r\nPrivileges:		SeAssignPrimaryTokenPrivilege\r\n			SeTcbPrivilege\r\n			SeSecurityPrivilege\r\n			SeTakeOwnershipPrivilege\r\n			SeLoadDriverPrivilege\r\n			SeBackupPrivilege\r\n			SeRestorePrivilege\r\n			SeDebugPrivilege\r\n			SeAuditPrivilege\r\n			SeSystemEnvironmentPrivilege\r\n			SeImpersonatePrivilege\r\n			SeDelegateSessionUserImpersonatePrivilege'),
(267, 'Audit Success', '0000-00-00 00:00:00', 'Microsoft-Windows-Security-Auditing', '4624', 'Logon', 'An account was successfully logged on.\r\n\r\nSubject:\r\n	Security ID:		SYSTEM\r\n	Account Name:		DESKTOP-MAIFOE4$\r\n	Account Domain:		WORKGROUP\r\n	Logon ID:		0x3E7\r\n\r\nLogon Information:\r\n	Logon Type:		5\r\n	Restricted Admin Mode:	-\r\n	Virtual Account:		No\r\n	Elevated Token:		Yes\r\n\r\nImpersonation Level:		Impersonation\r\n\r\nNew Logon:\r\n	Security ID:		SYSTEM\r\n	Account Name:		SYSTEM\r\n	Account Domain:		NT AUTHORITY\r\n	Logon ID:		0x3E7\r\n	Linked Logon ID:		0x0\r\n	Network Account Name:	-\r\n	Network Account Domain:	-\r\n	Logon GUID:		{00000000-0000-0000-0000-000000000000}\r\n\r\nProcess Information:\r\n	Process ID:		0x304\r\n	Process Name:		C:\\Windows\\System32\\services.exe\r\n\r\nNetwork Information:\r\n	Workstation Name:	-\r\n	Source Network Address:	-\r\n	Source Port:		-\r\n\r\nDetailed Authentication Information:\r\n	Logon Process:		Advapi  \r\n	Authentication Package:	Negotiate\r\n	Transited Services:	-\r\n	Package Name (NTLM only):	-\r\n	Key Length:		0\r\n\r\nThis event is generated when a logon session is created. It is generated on the compu'),
(268, 'Audit Success', '0000-00-00 00:00:00', 'Microsoft-Windows-Security-Auditing', '4672', 'Special Logon', 'Special privileges assigned to new logon.\r\n\r\nSubject:\r\n	Security ID:		SYSTEM\r\n	Account Name:		SYSTEM\r\n	Account Domain:		NT AUTHORITY\r\n	Logon ID:		0x3E7\r\n\r\nPrivileges:		SeAssignPrimaryTokenPrivilege\r\n			SeTcbPrivilege\r\n			SeSecurityPrivilege\r\n			SeTakeOwnershipPrivilege\r\n			SeLoadDriverPrivilege\r\n			SeBackupPrivilege\r\n			SeRestorePrivilege\r\n			SeDebugPrivilege\r\n			SeAuditPrivilege\r\n			SeSystemEnvironmentPrivilege\r\n			SeImpersonatePrivilege\r\n			SeDelegateSessionUserImpersonatePrivilege'),
(269, 'Audit Success', '0000-00-00 00:00:00', 'Microsoft-Windows-Security-Auditing', '4624', 'Logon', 'An account was successfully logged on.\r\n\r\nSubject:\r\n	Security ID:		SYSTEM\r\n	Account Name:		DESKTOP-MAIFOE4$\r\n	Account Domain:		WORKGROUP\r\n	Logon ID:		0x3E7\r\n\r\nLogon Information:\r\n	Logon Type:		5\r\n	Restricted Admin Mode:	-\r\n	Virtual Account:		No\r\n	Elevated Token:		Yes\r\n\r\nImpersonation Level:		Impersonation\r\n\r\nNew Logon:\r\n	Security ID:		SYSTEM\r\n	Account Name:		SYSTEM\r\n	Account Domain:		NT AUTHORITY\r\n	Logon ID:		0x3E7\r\n	Linked Logon ID:		0x0\r\n	Network Account Name:	-\r\n	Network Account Domain:	-\r\n	Logon GUID:		{00000000-0000-0000-0000-000000000000}\r\n\r\nProcess Information:\r\n	Process ID:		0x304\r\n	Process Name:		C:\\Windows\\System32\\services.exe\r\n\r\nNetwork Information:\r\n	Workstation Name:	-\r\n	Source Network Address:	-\r\n	Source Port:		-\r\n\r\nDetailed Authentication Information:\r\n	Logon Process:		Advapi  \r\n	Authentication Package:	Negotiate\r\n	Transited Services:	-\r\n	Package Name (NTLM only):	-\r\n	Key Length:		0\r\n\r\nThis event is generated when a logon session is created. It is generated on the compu'),
(270, 'Audit Success', '0000-00-00 00:00:00', 'Microsoft-Windows-Security-Auditing', '4672', 'Special Logon', 'Special privileges assigned to new logon.\r\n\r\nSubject:\r\n	Security ID:		SYSTEM\r\n	Account Name:		SYSTEM\r\n	Account Domain:		NT AUTHORITY\r\n	Logon ID:		0x3E7\r\n\r\nPrivileges:		SeAssignPrimaryTokenPrivilege\r\n			SeTcbPrivilege\r\n			SeSecurityPrivilege\r\n			SeTakeOwnershipPrivilege\r\n			SeLoadDriverPrivilege\r\n			SeBackupPrivilege\r\n			SeRestorePrivilege\r\n			SeDebugPrivilege\r\n			SeAuditPrivilege\r\n			SeSystemEnvironmentPrivilege\r\n			SeImpersonatePrivilege\r\n			SeDelegateSessionUserImpersonatePrivilege'),
(271, 'Audit Success', '0000-00-00 00:00:00', 'Microsoft-Windows-Security-Auditing', '4624', 'Logon', 'An account was successfully logged on.\r\n\r\nSubject:\r\n	Security ID:		SYSTEM\r\n	Account Name:		DESKTOP-MAIFOE4$\r\n	Account Domain:		WORKGROUP\r\n	Logon ID:		0x3E7\r\n\r\nLogon Information:\r\n	Logon Type:		5\r\n	Restricted Admin Mode:	-\r\n	Virtual Account:		No\r\n	Elevated Token:		Yes\r\n\r\nImpersonation Level:		Impersonation\r\n\r\nNew Logon:\r\n	Security ID:		SYSTEM\r\n	Account Name:		SYSTEM\r\n	Account Domain:		NT AUTHORITY\r\n	Logon ID:		0x3E7\r\n	Linked Logon ID:		0x0\r\n	Network Account Name:	-\r\n	Network Account Domain:	-\r\n	Logon GUID:		{00000000-0000-0000-0000-000000000000}\r\n\r\nProcess Information:\r\n	Process ID:		0x304\r\n	Process Name:		C:\\Windows\\System32\\services.exe\r\n\r\nNetwork Information:\r\n	Workstation Name:	-\r\n	Source Network Address:	-\r\n	Source Port:		-\r\n\r\nDetailed Authentication Information:\r\n	Logon Process:		Advapi  \r\n	Authentication Package:	Negotiate\r\n	Transited Services:	-\r\n	Package Name (NTLM only):	-\r\n	Key Length:		0\r\n\r\nThis event is generated when a logon session is created. It is generated on the compu'),
(272, 'Audit Success', '0000-00-00 00:00:00', 'Microsoft-Windows-Security-Auditing', '4672', 'Special Logon', 'Special privileges assigned to new logon.\r\n\r\nSubject:\r\n	Security ID:		SYSTEM\r\n	Account Name:		SYSTEM\r\n	Account Domain:		NT AUTHORITY\r\n	Logon ID:		0x3E7\r\n\r\nPrivileges:		SeAssignPrimaryTokenPrivilege\r\n			SeTcbPrivilege\r\n			SeSecurityPrivilege\r\n			SeTakeOwnershipPrivilege\r\n			SeLoadDriverPrivilege\r\n			SeBackupPrivilege\r\n			SeRestorePrivilege\r\n			SeDebugPrivilege\r\n			SeAuditPrivilege\r\n			SeSystemEnvironmentPrivilege\r\n			SeImpersonatePrivilege\r\n			SeDelegateSessionUserImpersonatePrivilege'),
(273, 'Audit Success', '0000-00-00 00:00:00', 'Microsoft-Windows-Security-Auditing', '4624', 'Logon', 'An account was successfully logged on.\r\n\r\nSubject:\r\n	Security ID:		SYSTEM\r\n	Account Name:		DESKTOP-MAIFOE4$\r\n	Account Domain:		WORKGROUP\r\n	Logon ID:		0x3E7\r\n\r\nLogon Information:\r\n	Logon Type:		5\r\n	Restricted Admin Mode:	-\r\n	Virtual Account:		No\r\n	Elevated Token:		Yes\r\n\r\nImpersonation Level:		Impersonation\r\n\r\nNew Logon:\r\n	Security ID:		SYSTEM\r\n	Account Name:		SYSTEM\r\n	Account Domain:		NT AUTHORITY\r\n	Logon ID:		0x3E7\r\n	Linked Logon ID:		0x0\r\n	Network Account Name:	-\r\n	Network Account Domain:	-\r\n	Logon GUID:		{00000000-0000-0000-0000-000000000000}\r\n\r\nProcess Information:\r\n	Process ID:		0x304\r\n	Process Name:		C:\\Windows\\System32\\services.exe\r\n\r\nNetwork Information:\r\n	Workstation Name:	-\r\n	Source Network Address:	-\r\n	Source Port:		-\r\n\r\nDetailed Authentication Information:\r\n	Logon Process:		Advapi  \r\n	Authentication Package:	Negotiate\r\n	Transited Services:	-\r\n	Package Name (NTLM only):	-\r\n	Key Length:		0\r\n\r\nThis event is generated when a logon session is created. It is generated on the compu');
INSERT INTO `login` (`ID`, `keywords`, `timestamp`, `source`, `event_id`, `task-category`, `description`) VALUES
(274, 'Audit Success', '0000-00-00 00:00:00', 'Microsoft-Windows-Security-Auditing', '5382', 'User Account Management', 'Vault credentials were read.\r\n\r\nSubject:\r\n	Security ID:		SYSTEM\r\n	Account Name:		DESKTOP-MAIFOE4$\r\n	Account Domain:		WORKGROUP\r\n	Logon ID:		0x3E7\r\n\r\nThis event occurs when a user reads a stored vault credential.'),
(275, 'Audit Success', '0000-00-00 00:00:00', 'Microsoft-Windows-Security-Auditing', '5382', 'User Account Management', 'Vault credentials were read.\r\n\r\nSubject:\r\n	Security ID:		SYSTEM\r\n	Account Name:		DESKTOP-MAIFOE4$\r\n	Account Domain:		WORKGROUP\r\n	Logon ID:		0x3E7\r\n\r\nThis event occurs when a user reads a stored vault credential.'),
(276, 'Audit Success', '0000-00-00 00:00:00', 'Microsoft-Windows-Security-Auditing', '4672', 'Special Logon', 'Special privileges assigned to new logon.\r\n\r\nSubject:\r\n	Security ID:		SYSTEM\r\n	Account Name:		SYSTEM\r\n	Account Domain:		NT AUTHORITY\r\n	Logon ID:		0x3E7\r\n\r\nPrivileges:		SeAssignPrimaryTokenPrivilege\r\n			SeTcbPrivilege\r\n			SeSecurityPrivilege\r\n			SeTakeOwnershipPrivilege\r\n			SeLoadDriverPrivilege\r\n			SeBackupPrivilege\r\n			SeRestorePrivilege\r\n			SeDebugPrivilege\r\n			SeAuditPrivilege\r\n			SeSystemEnvironmentPrivilege\r\n			SeImpersonatePrivilege\r\n			SeDelegateSessionUserImpersonatePrivilege'),
(277, 'Audit Success', '0000-00-00 00:00:00', 'Microsoft-Windows-Security-Auditing', '4624', 'Logon', 'An account was successfully logged on.\r\n\r\nSubject:\r\n	Security ID:		SYSTEM\r\n	Account Name:		DESKTOP-MAIFOE4$\r\n	Account Domain:		WORKGROUP\r\n	Logon ID:		0x3E7\r\n\r\nLogon Information:\r\n	Logon Type:		5\r\n	Restricted Admin Mode:	-\r\n	Virtual Account:		No\r\n	Elevated Token:		Yes\r\n\r\nImpersonation Level:		Impersonation\r\n\r\nNew Logon:\r\n	Security ID:		SYSTEM\r\n	Account Name:		SYSTEM\r\n	Account Domain:		NT AUTHORITY\r\n	Logon ID:		0x3E7\r\n	Linked Logon ID:		0x0\r\n	Network Account Name:	-\r\n	Network Account Domain:	-\r\n	Logon GUID:		{00000000-0000-0000-0000-000000000000}\r\n\r\nProcess Information:\r\n	Process ID:		0x304\r\n	Process Name:		C:\\Windows\\System32\\services.exe\r\n\r\nNetwork Information:\r\n	Workstation Name:	-\r\n	Source Network Address:	-\r\n	Source Port:		-\r\n\r\nDetailed Authentication Information:\r\n	Logon Process:		Advapi  \r\n	Authentication Package:	Negotiate\r\n	Transited Services:	-\r\n	Package Name (NTLM only):	-\r\n	Key Length:		0\r\n\r\nThis event is generated when a logon session is created. It is generated on the compu'),
(278, 'Audit Success', '0000-00-00 00:00:00', 'Microsoft-Windows-Security-Auditing', '4672', 'Special Logon', 'Special privileges assigned to new logon.\r\n\r\nSubject:\r\n	Security ID:		SYSTEM\r\n	Account Name:		SYSTEM\r\n	Account Domain:		NT AUTHORITY\r\n	Logon ID:		0x3E7\r\n\r\nPrivileges:		SeAssignPrimaryTokenPrivilege\r\n			SeTcbPrivilege\r\n			SeSecurityPrivilege\r\n			SeTakeOwnershipPrivilege\r\n			SeLoadDriverPrivilege\r\n			SeBackupPrivilege\r\n			SeRestorePrivilege\r\n			SeDebugPrivilege\r\n			SeAuditPrivilege\r\n			SeSystemEnvironmentPrivilege\r\n			SeImpersonatePrivilege\r\n			SeDelegateSessionUserImpersonatePrivilege'),
(279, 'Audit Success', '0000-00-00 00:00:00', 'Microsoft-Windows-Security-Auditing', '4624', 'Logon', 'An account was successfully logged on.\r\n\r\nSubject:\r\n	Security ID:		SYSTEM\r\n	Account Name:		DESKTOP-MAIFOE4$\r\n	Account Domain:		WORKGROUP\r\n	Logon ID:		0x3E7\r\n\r\nLogon Information:\r\n	Logon Type:		5\r\n	Restricted Admin Mode:	-\r\n	Virtual Account:		No\r\n	Elevated Token:		Yes\r\n\r\nImpersonation Level:		Impersonation\r\n\r\nNew Logon:\r\n	Security ID:		SYSTEM\r\n	Account Name:		SYSTEM\r\n	Account Domain:		NT AUTHORITY\r\n	Logon ID:		0x3E7\r\n	Linked Logon ID:		0x0\r\n	Network Account Name:	-\r\n	Network Account Domain:	-\r\n	Logon GUID:		{00000000-0000-0000-0000-000000000000}\r\n\r\nProcess Information:\r\n	Process ID:		0x304\r\n	Process Name:		C:\\Windows\\System32\\services.exe\r\n\r\nNetwork Information:\r\n	Workstation Name:	-\r\n	Source Network Address:	-\r\n	Source Port:		-\r\n\r\nDetailed Authentication Information:\r\n	Logon Process:		Advapi  \r\n	Authentication Package:	Negotiate\r\n	Transited Services:	-\r\n	Package Name (NTLM only):	-\r\n	Key Length:		0\r\n\r\nThis event is generated when a logon session is created. It is generated on the compu'),
(280, 'Audit Success', '0000-00-00 00:00:00', 'Microsoft-Windows-Security-Auditing', '4672', 'Special Logon', 'Special privileges assigned to new logon.\r\n\r\nSubject:\r\n	Security ID:		SYSTEM\r\n	Account Name:		SYSTEM\r\n	Account Domain:		NT AUTHORITY\r\n	Logon ID:		0x3E7\r\n\r\nPrivileges:		SeAssignPrimaryTokenPrivilege\r\n			SeTcbPrivilege\r\n			SeSecurityPrivilege\r\n			SeTakeOwnershipPrivilege\r\n			SeLoadDriverPrivilege\r\n			SeBackupPrivilege\r\n			SeRestorePrivilege\r\n			SeDebugPrivilege\r\n			SeAuditPrivilege\r\n			SeSystemEnvironmentPrivilege\r\n			SeImpersonatePrivilege\r\n			SeDelegateSessionUserImpersonatePrivilege'),
(281, 'Audit Success', '0000-00-00 00:00:00', 'Microsoft-Windows-Security-Auditing', '4624', 'Logon', 'An account was successfully logged on.\r\n\r\nSubject:\r\n	Security ID:		SYSTEM\r\n	Account Name:		DESKTOP-MAIFOE4$\r\n	Account Domain:		WORKGROUP\r\n	Logon ID:		0x3E7\r\n\r\nLogon Information:\r\n	Logon Type:		5\r\n	Restricted Admin Mode:	-\r\n	Virtual Account:		No\r\n	Elevated Token:		Yes\r\n\r\nImpersonation Level:		Impersonation\r\n\r\nNew Logon:\r\n	Security ID:		SYSTEM\r\n	Account Name:		SYSTEM\r\n	Account Domain:		NT AUTHORITY\r\n	Logon ID:		0x3E7\r\n	Linked Logon ID:		0x0\r\n	Network Account Name:	-\r\n	Network Account Domain:	-\r\n	Logon GUID:		{00000000-0000-0000-0000-000000000000}\r\n\r\nProcess Information:\r\n	Process ID:		0x304\r\n	Process Name:		C:\\Windows\\System32\\services.exe\r\n\r\nNetwork Information:\r\n	Workstation Name:	-\r\n	Source Network Address:	-\r\n	Source Port:		-\r\n\r\nDetailed Authentication Information:\r\n	Logon Process:		Advapi  \r\n	Authentication Package:	Negotiate\r\n	Transited Services:	-\r\n	Package Name (NTLM only):	-\r\n	Key Length:		0\r\n\r\nThis event is generated when a logon session is created. It is generated on the compu'),
(282, 'Audit Success', '0000-00-00 00:00:00', 'Microsoft-Windows-Security-Auditing', '4672', 'Special Logon', 'Special privileges assigned to new logon.\r\n\r\nSubject:\r\n	Security ID:		SYSTEM\r\n	Account Name:		SYSTEM\r\n	Account Domain:		NT AUTHORITY\r\n	Logon ID:		0x3E7\r\n\r\nPrivileges:		SeAssignPrimaryTokenPrivilege\r\n			SeTcbPrivilege\r\n			SeSecurityPrivilege\r\n			SeTakeOwnershipPrivilege\r\n			SeLoadDriverPrivilege\r\n			SeBackupPrivilege\r\n			SeRestorePrivilege\r\n			SeDebugPrivilege\r\n			SeAuditPrivilege\r\n			SeSystemEnvironmentPrivilege\r\n			SeImpersonatePrivilege\r\n			SeDelegateSessionUserImpersonatePrivilege'),
(283, 'Audit Success', '0000-00-00 00:00:00', 'Microsoft-Windows-Security-Auditing', '4624', 'Logon', 'An account was successfully logged on.\r\n\r\nSubject:\r\n	Security ID:		SYSTEM\r\n	Account Name:		DESKTOP-MAIFOE4$\r\n	Account Domain:		WORKGROUP\r\n	Logon ID:		0x3E7\r\n\r\nLogon Information:\r\n	Logon Type:		5\r\n	Restricted Admin Mode:	-\r\n	Virtual Account:		No\r\n	Elevated Token:		Yes\r\n\r\nImpersonation Level:		Impersonation\r\n\r\nNew Logon:\r\n	Security ID:		SYSTEM\r\n	Account Name:		SYSTEM\r\n	Account Domain:		NT AUTHORITY\r\n	Logon ID:		0x3E7\r\n	Linked Logon ID:		0x0\r\n	Network Account Name:	-\r\n	Network Account Domain:	-\r\n	Logon GUID:		{00000000-0000-0000-0000-000000000000}\r\n\r\nProcess Information:\r\n	Process ID:		0x304\r\n	Process Name:		C:\\Windows\\System32\\services.exe\r\n\r\nNetwork Information:\r\n	Workstation Name:	-\r\n	Source Network Address:	-\r\n	Source Port:		-\r\n\r\nDetailed Authentication Information:\r\n	Logon Process:		Advapi  \r\n	Authentication Package:	Negotiate\r\n	Transited Services:	-\r\n	Package Name (NTLM only):	-\r\n	Key Length:		0\r\n\r\nThis event is generated when a logon session is created. It is generated on the compu'),
(284, 'Audit Success', '0000-00-00 00:00:00', 'Microsoft-Windows-Security-Auditing', '4672', 'Special Logon', 'Special privileges assigned to new logon.\r\n\r\nSubject:\r\n	Security ID:		SYSTEM\r\n	Account Name:		SYSTEM\r\n	Account Domain:		NT AUTHORITY\r\n	Logon ID:		0x3E7\r\n\r\nPrivileges:		SeAssignPrimaryTokenPrivilege\r\n			SeTcbPrivilege\r\n			SeSecurityPrivilege\r\n			SeTakeOwnershipPrivilege\r\n			SeLoadDriverPrivilege\r\n			SeBackupPrivilege\r\n			SeRestorePrivilege\r\n			SeDebugPrivilege\r\n			SeAuditPrivilege\r\n			SeSystemEnvironmentPrivilege\r\n			SeImpersonatePrivilege\r\n			SeDelegateSessionUserImpersonatePrivilege'),
(285, 'Audit Success', '0000-00-00 00:00:00', 'Microsoft-Windows-Security-Auditing', '4624', 'Logon', 'An account was successfully logged on.\r\n\r\nSubject:\r\n	Security ID:		SYSTEM\r\n	Account Name:		DESKTOP-MAIFOE4$\r\n	Account Domain:		WORKGROUP\r\n	Logon ID:		0x3E7\r\n\r\nLogon Information:\r\n	Logon Type:		5\r\n	Restricted Admin Mode:	-\r\n	Virtual Account:		No\r\n	Elevated Token:		Yes\r\n\r\nImpersonation Level:		Impersonation\r\n\r\nNew Logon:\r\n	Security ID:		SYSTEM\r\n	Account Name:		SYSTEM\r\n	Account Domain:		NT AUTHORITY\r\n	Logon ID:		0x3E7\r\n	Linked Logon ID:		0x0\r\n	Network Account Name:	-\r\n	Network Account Domain:	-\r\n	Logon GUID:		{00000000-0000-0000-0000-000000000000}\r\n\r\nProcess Information:\r\n	Process ID:		0x304\r\n	Process Name:		C:\\Windows\\System32\\services.exe\r\n\r\nNetwork Information:\r\n	Workstation Name:	-\r\n	Source Network Address:	-\r\n	Source Port:		-\r\n\r\nDetailed Authentication Information:\r\n	Logon Process:		Advapi  \r\n	Authentication Package:	Negotiate\r\n	Transited Services:	-\r\n	Package Name (NTLM only):	-\r\n	Key Length:		0\r\n\r\nThis event is generated when a logon session is created. It is generated on the compu'),
(286, 'Audit Success', '0000-00-00 00:00:00', 'Microsoft-Windows-Security-Auditing', '4672', 'Special Logon', 'Special privileges assigned to new logon.\r\n\r\nSubject:\r\n	Security ID:		SYSTEM\r\n	Account Name:		SYSTEM\r\n	Account Domain:		NT AUTHORITY\r\n	Logon ID:		0x3E7\r\n\r\nPrivileges:		SeAssignPrimaryTokenPrivilege\r\n			SeTcbPrivilege\r\n			SeSecurityPrivilege\r\n			SeTakeOwnershipPrivilege\r\n			SeLoadDriverPrivilege\r\n			SeBackupPrivilege\r\n			SeRestorePrivilege\r\n			SeDebugPrivilege\r\n			SeAuditPrivilege\r\n			SeSystemEnvironmentPrivilege\r\n			SeImpersonatePrivilege\r\n			SeDelegateSessionUserImpersonatePrivilege'),
(287, 'Audit Success', '0000-00-00 00:00:00', 'Microsoft-Windows-Security-Auditing', '4624', 'Logon', 'An account was successfully logged on.\r\n\r\nSubject:\r\n	Security ID:		SYSTEM\r\n	Account Name:		DESKTOP-MAIFOE4$\r\n	Account Domain:		WORKGROUP\r\n	Logon ID:		0x3E7\r\n\r\nLogon Information:\r\n	Logon Type:		5\r\n	Restricted Admin Mode:	-\r\n	Virtual Account:		No\r\n	Elevated Token:		Yes\r\n\r\nImpersonation Level:		Impersonation\r\n\r\nNew Logon:\r\n	Security ID:		SYSTEM\r\n	Account Name:		SYSTEM\r\n	Account Domain:		NT AUTHORITY\r\n	Logon ID:		0x3E7\r\n	Linked Logon ID:		0x0\r\n	Network Account Name:	-\r\n	Network Account Domain:	-\r\n	Logon GUID:		{00000000-0000-0000-0000-000000000000}\r\n\r\nProcess Information:\r\n	Process ID:		0x304\r\n	Process Name:		C:\\Windows\\System32\\services.exe\r\n\r\nNetwork Information:\r\n	Workstation Name:	-\r\n	Source Network Address:	-\r\n	Source Port:		-\r\n\r\nDetailed Authentication Information:\r\n	Logon Process:		Advapi  \r\n	Authentication Package:	Negotiate\r\n	Transited Services:	-\r\n	Package Name (NTLM only):	-\r\n	Key Length:		0\r\n\r\nThis event is generated when a logon session is created. It is generated on the compu'),
(288, 'Audit Success', '0000-00-00 00:00:00', 'Microsoft-Windows-Security-Auditing', '4672', 'Special Logon', 'Special privileges assigned to new logon.\r\n\r\nSubject:\r\n	Security ID:		SYSTEM\r\n	Account Name:		SYSTEM\r\n	Account Domain:		NT AUTHORITY\r\n	Logon ID:		0x3E7\r\n\r\nPrivileges:		SeAssignPrimaryTokenPrivilege\r\n			SeTcbPrivilege\r\n			SeSecurityPrivilege\r\n			SeTakeOwnershipPrivilege\r\n			SeLoadDriverPrivilege\r\n			SeBackupPrivilege\r\n			SeRestorePrivilege\r\n			SeDebugPrivilege\r\n			SeAuditPrivilege\r\n			SeSystemEnvironmentPrivilege\r\n			SeImpersonatePrivilege\r\n			SeDelegateSessionUserImpersonatePrivilege'),
(289, 'Audit Success', '0000-00-00 00:00:00', 'Microsoft-Windows-Security-Auditing', '4624', 'Logon', 'An account was successfully logged on.\r\n\r\nSubject:\r\n	Security ID:		SYSTEM\r\n	Account Name:		DESKTOP-MAIFOE4$\r\n	Account Domain:		WORKGROUP\r\n	Logon ID:		0x3E7\r\n\r\nLogon Information:\r\n	Logon Type:		5\r\n	Restricted Admin Mode:	-\r\n	Virtual Account:		No\r\n	Elevated Token:		Yes\r\n\r\nImpersonation Level:		Impersonation\r\n\r\nNew Logon:\r\n	Security ID:		SYSTEM\r\n	Account Name:		SYSTEM\r\n	Account Domain:		NT AUTHORITY\r\n	Logon ID:		0x3E7\r\n	Linked Logon ID:		0x0\r\n	Network Account Name:	-\r\n	Network Account Domain:	-\r\n	Logon GUID:		{00000000-0000-0000-0000-000000000000}\r\n\r\nProcess Information:\r\n	Process ID:		0x304\r\n	Process Name:		C:\\Windows\\System32\\services.exe\r\n\r\nNetwork Information:\r\n	Workstation Name:	-\r\n	Source Network Address:	-\r\n	Source Port:		-\r\n\r\nDetailed Authentication Information:\r\n	Logon Process:		Advapi  \r\n	Authentication Package:	Negotiate\r\n	Transited Services:	-\r\n	Package Name (NTLM only):	-\r\n	Key Length:		0\r\n\r\nThis event is generated when a logon session is created. It is generated on the compu'),
(290, 'Audit Success', '0000-00-00 00:00:00', 'Microsoft-Windows-Security-Auditing', '5379', 'User Account Management', 'Credential Manager credentials were read.\r\n\r\nSubject:\r\n	Security ID:		DESKTOP-MAIFOE4\\FELIXOH\r\n	Account Name:		FELIXOH\r\n	Account Domain:		DESKTOP-MAIFOE4\r\n	Logon ID:		0x255A69\r\n	Read Operation:		Enumerate Credentials\r\n\r\nThis event occurs when a user performs a read operation on stored credentials in Credential Manager.'),
(291, 'Audit Success', '0000-00-00 00:00:00', 'Microsoft-Windows-Security-Auditing', '5379', 'User Account Management', 'Credential Manager credentials were read.\r\n\r\nSubject:\r\n	Security ID:		DESKTOP-MAIFOE4\\FELIXOH\r\n	Account Name:		FELIXOH\r\n	Account Domain:		DESKTOP-MAIFOE4\r\n	Logon ID:		0x255A69\r\n	Read Operation:		Enumerate Credentials\r\n\r\nThis event occurs when a user performs a read operation on stored credentials in Credential Manager.'),
(292, 'Audit Success', '0000-00-00 00:00:00', 'Microsoft-Windows-Security-Auditing', '5379', 'User Account Management', 'Credential Manager credentials were read.\r\n\r\nSubject:\r\n	Security ID:		DESKTOP-MAIFOE4\\FELIXOH\r\n	Account Name:		FELIXOH\r\n	Account Domain:		DESKTOP-MAIFOE4\r\n	Logon ID:		0x255A69\r\n	Read Operation:		Read Credential\r\n\r\nThis event occurs when a user performs a read operation on stored credentials in Credential Manager.'),
(293, 'Audit Success', '0000-00-00 00:00:00', 'Microsoft-Windows-Security-Auditing', '5379', 'User Account Management', 'Credential Manager credentials were read.\r\n\r\nSubject:\r\n	Security ID:		DESKTOP-MAIFOE4\\FELIXOH\r\n	Account Name:		FELIXOH\r\n	Account Domain:		DESKTOP-MAIFOE4\r\n	Logon ID:		0x255A69\r\n	Read Operation:		Read Credential\r\n\r\nThis event occurs when a user performs a read operation on stored credentials in Credential Manager.'),
(294, 'Audit Success', '0000-00-00 00:00:00', 'Microsoft-Windows-Security-Auditing', '5379', 'User Account Management', 'Credential Manager credentials were read.\r\n\r\nSubject:\r\n	Security ID:		DESKTOP-MAIFOE4\\FELIXOH\r\n	Account Name:		FELIXOH\r\n	Account Domain:		DESKTOP-MAIFOE4\r\n	Logon ID:		0x255A69\r\n	Read Operation:		Enumerate Credentials\r\n\r\nThis event occurs when a user performs a read operation on stored credentials in Credential Manager.'),
(295, 'Audit Success', '0000-00-00 00:00:00', 'Microsoft-Windows-Security-Auditing', '5379', 'User Account Management', 'Credential Manager credentials were read.\r\n\r\nSubject:\r\n	Security ID:		DESKTOP-MAIFOE4\\FELIXOH\r\n	Account Name:		FELIXOH\r\n	Account Domain:		DESKTOP-MAIFOE4\r\n	Logon ID:		0x255A69\r\n	Read Operation:		Enumerate Credentials\r\n\r\nThis event occurs when a user performs a read operation on stored credentials in Credential Manager.'),
(296, 'Audit Success', '0000-00-00 00:00:00', 'Microsoft-Windows-Security-Auditing', '5379', 'User Account Management', 'Credential Manager credentials were read.\r\n\r\nSubject:\r\n	Security ID:		DESKTOP-MAIFOE4\\FELIXOH\r\n	Account Name:		FELIXOH\r\n	Account Domain:		DESKTOP-MAIFOE4\r\n	Logon ID:		0x255A69\r\n	Read Operation:		Enumerate Credentials\r\n\r\nThis event occurs when a user performs a read operation on stored credentials in Credential Manager.'),
(297, 'Audit Success', '0000-00-00 00:00:00', 'Microsoft-Windows-Security-Auditing', '4672', 'Special Logon', 'Special privileges assigned to new logon.\r\n\r\nSubject:\r\n	Security ID:		SYSTEM\r\n	Account Name:		SYSTEM\r\n	Account Domain:		NT AUTHORITY\r\n	Logon ID:		0x3E7\r\n\r\nPrivileges:		SeAssignPrimaryTokenPrivilege\r\n			SeTcbPrivilege\r\n			SeSecurityPrivilege\r\n			SeTakeOwnershipPrivilege\r\n			SeLoadDriverPrivilege\r\n			SeBackupPrivilege\r\n			SeRestorePrivilege\r\n			SeDebugPrivilege\r\n			SeAuditPrivilege\r\n			SeSystemEnvironmentPrivilege\r\n			SeImpersonatePrivilege\r\n			SeDelegateSessionUserImpersonatePrivilege'),
(298, 'Audit Success', '0000-00-00 00:00:00', 'Microsoft-Windows-Security-Auditing', '4624', 'Logon', 'An account was successfully logged on.\r\n\r\nSubject:\r\n	Security ID:		SYSTEM\r\n	Account Name:		DESKTOP-MAIFOE4$\r\n	Account Domain:		WORKGROUP\r\n	Logon ID:		0x3E7\r\n\r\nLogon Information:\r\n	Logon Type:		5\r\n	Restricted Admin Mode:	-\r\n	Virtual Account:		No\r\n	Elevated Token:		Yes\r\n\r\nImpersonation Level:		Impersonation\r\n\r\nNew Logon:\r\n	Security ID:		SYSTEM\r\n	Account Name:		SYSTEM\r\n	Account Domain:		NT AUTHORITY\r\n	Logon ID:		0x3E7\r\n	Linked Logon ID:		0x0\r\n	Network Account Name:	-\r\n	Network Account Domain:	-\r\n	Logon GUID:		{00000000-0000-0000-0000-000000000000}\r\n\r\nProcess Information:\r\n	Process ID:		0x304\r\n	Process Name:		C:\\Windows\\System32\\services.exe\r\n\r\nNetwork Information:\r\n	Workstation Name:	-\r\n	Source Network Address:	-\r\n	Source Port:		-\r\n\r\nDetailed Authentication Information:\r\n	Logon Process:		Advapi  \r\n	Authentication Package:	Negotiate\r\n	Transited Services:	-\r\n	Package Name (NTLM only):	-\r\n	Key Length:		0\r\n\r\nThis event is generated when a logon session is created. It is generated on the compu'),
(299, 'Audit Success', '0000-00-00 00:00:00', 'Microsoft-Windows-Security-Auditing', '4799', 'Security Group Management', 'A security-enabled local group membership was enumerated.\r\n\r\nSubject:\r\n	Security ID:		SYSTEM\r\n	Account Name:		DESKTOP-MAIFOE4$\r\n	Account Domain:		WORKGROUP\r\n	Logon ID:		0x3E7\r\n\r\nGroup:\r\n	Security ID:		BUILTIN\\Backup Operators\r\n	Group Name:		Backup Operators\r\n	Group Domain:		Builtin\r\n\r\nProcess Information:\r\n	Process ID:		0x378\r\n	Process Name:		C:\\Windows\\System32\\svchost.exe'),
(300, 'Audit Success', '0000-00-00 00:00:00', 'Microsoft-Windows-Security-Auditing', '4799', 'Security Group Management', 'A security-enabled local group membership was enumerated.\r\n\r\nSubject:\r\n	Security ID:		SYSTEM\r\n	Account Name:		DESKTOP-MAIFOE4$\r\n	Account Domain:		WORKGROUP\r\n	Logon ID:		0x3E7\r\n\r\nGroup:\r\n	Security ID:		BUILTIN\\Administrators\r\n	Group Name:		Administrators\r\n	Group Domain:		Builtin\r\n\r\nProcess Information:\r\n	Process ID:		0x378\r\n	Process Name:		C:\\Windows\\System32\\svchost.exe'),
(301, 'Audit Success', '0000-00-00 00:00:00', 'Microsoft-Windows-Security-Auditing', '4672', 'Special Logon', 'Special privileges assigned to new logon.\r\n\r\nSubject:\r\n	Security ID:		SYSTEM\r\n	Account Name:		SYSTEM\r\n	Account Domain:		NT AUTHORITY\r\n	Logon ID:		0x3E7\r\n\r\nPrivileges:		SeAssignPrimaryTokenPrivilege\r\n			SeTcbPrivilege\r\n			SeSecurityPrivilege\r\n			SeTakeOwnershipPrivilege\r\n			SeLoadDriverPrivilege\r\n			SeBackupPrivilege\r\n			SeRestorePrivilege\r\n			SeDebugPrivilege\r\n			SeAuditPrivilege\r\n			SeSystemEnvironmentPrivilege\r\n			SeImpersonatePrivilege\r\n			SeDelegateSessionUserImpersonatePrivilege'),
(302, 'Audit Success', '0000-00-00 00:00:00', 'Microsoft-Windows-Security-Auditing', '4624', 'Logon', 'An account was successfully logged on.\r\n\r\nSubject:\r\n	Security ID:		SYSTEM\r\n	Account Name:		DESKTOP-MAIFOE4$\r\n	Account Domain:		WORKGROUP\r\n	Logon ID:		0x3E7\r\n\r\nLogon Information:\r\n	Logon Type:		5\r\n	Restricted Admin Mode:	-\r\n	Virtual Account:		No\r\n	Elevated Token:		Yes\r\n\r\nImpersonation Level:		Impersonation\r\n\r\nNew Logon:\r\n	Security ID:		SYSTEM\r\n	Account Name:		SYSTEM\r\n	Account Domain:		NT AUTHORITY\r\n	Logon ID:		0x3E7\r\n	Linked Logon ID:		0x0\r\n	Network Account Name:	-\r\n	Network Account Domain:	-\r\n	Logon GUID:		{00000000-0000-0000-0000-000000000000}\r\n\r\nProcess Information:\r\n	Process ID:		0x304\r\n	Process Name:		C:\\Windows\\System32\\services.exe\r\n\r\nNetwork Information:\r\n	Workstation Name:	-\r\n	Source Network Address:	-\r\n	Source Port:		-\r\n\r\nDetailed Authentication Information:\r\n	Logon Process:		Advapi  \r\n	Authentication Package:	Negotiate\r\n	Transited Services:	-\r\n	Package Name (NTLM only):	-\r\n	Key Length:		0\r\n\r\nThis event is generated when a logon session is created. It is generated on the compu'),
(303, 'Audit Success', '0000-00-00 00:00:00', 'Microsoft-Windows-Security-Auditing', '4672', 'Special Logon', 'Special privileges assigned to new logon.\r\n\r\nSubject:\r\n	Security ID:		SYSTEM\r\n	Account Name:		SYSTEM\r\n	Account Domain:		NT AUTHORITY\r\n	Logon ID:		0x3E7\r\n\r\nPrivileges:		SeAssignPrimaryTokenPrivilege\r\n			SeTcbPrivilege\r\n			SeSecurityPrivilege\r\n			SeTakeOwnershipPrivilege\r\n			SeLoadDriverPrivilege\r\n			SeBackupPrivilege\r\n			SeRestorePrivilege\r\n			SeDebugPrivilege\r\n			SeAuditPrivilege\r\n			SeSystemEnvironmentPrivilege\r\n			SeImpersonatePrivilege\r\n			SeDelegateSessionUserImpersonatePrivilege'),
(304, 'Audit Success', '0000-00-00 00:00:00', 'Microsoft-Windows-Security-Auditing', '4624', 'Logon', 'An account was successfully logged on.\r\n\r\nSubject:\r\n	Security ID:		SYSTEM\r\n	Account Name:		DESKTOP-MAIFOE4$\r\n	Account Domain:		WORKGROUP\r\n	Logon ID:		0x3E7\r\n\r\nLogon Information:\r\n	Logon Type:		5\r\n	Restricted Admin Mode:	-\r\n	Virtual Account:		No\r\n	Elevated Token:		Yes\r\n\r\nImpersonation Level:		Impersonation\r\n\r\nNew Logon:\r\n	Security ID:		SYSTEM\r\n	Account Name:		SYSTEM\r\n	Account Domain:		NT AUTHORITY\r\n	Logon ID:		0x3E7\r\n	Linked Logon ID:		0x0\r\n	Network Account Name:	-\r\n	Network Account Domain:	-\r\n	Logon GUID:		{00000000-0000-0000-0000-000000000000}\r\n\r\nProcess Information:\r\n	Process ID:		0x304\r\n	Process Name:		C:\\Windows\\System32\\services.exe\r\n\r\nNetwork Information:\r\n	Workstation Name:	-\r\n	Source Network Address:	-\r\n	Source Port:		-\r\n\r\nDetailed Authentication Information:\r\n	Logon Process:		Advapi  \r\n	Authentication Package:	Negotiate\r\n	Transited Services:	-\r\n	Package Name (NTLM only):	-\r\n	Key Length:		0\r\n\r\nThis event is generated when a logon session is created. It is generated on the compu'),
(305, 'Audit Success', '0000-00-00 00:00:00', 'Microsoft-Windows-Security-Auditing', '5382', 'User Account Management', 'Vault credentials were read.\r\n\r\nSubject:\r\n	Security ID:		SYSTEM\r\n	Account Name:		DESKTOP-MAIFOE4$\r\n	Account Domain:		WORKGROUP\r\n	Logon ID:		0x3E7\r\n\r\nThis event occurs when a user reads a stored vault credential.'),
(306, 'Audit Success', '0000-00-00 00:00:00', 'Microsoft-Windows-Security-Auditing', '4672', 'Special Logon', 'Special privileges assigned to new logon.\r\n\r\nSubject:\r\n	Security ID:		SYSTEM\r\n	Account Name:		SYSTEM\r\n	Account Domain:		NT AUTHORITY\r\n	Logon ID:		0x3E7\r\n\r\nPrivileges:		SeAssignPrimaryTokenPrivilege\r\n			SeTcbPrivilege\r\n			SeSecurityPrivilege\r\n			SeTakeOwnershipPrivilege\r\n			SeLoadDriverPrivilege\r\n			SeBackupPrivilege\r\n			SeRestorePrivilege\r\n			SeDebugPrivilege\r\n			SeAuditPrivilege\r\n			SeSystemEnvironmentPrivilege\r\n			SeImpersonatePrivilege\r\n			SeDelegateSessionUserImpersonatePrivilege'),
(307, 'Audit Success', '0000-00-00 00:00:00', 'Microsoft-Windows-Security-Auditing', '4624', 'Logon', 'An account was successfully logged on.\r\n\r\nSubject:\r\n	Security ID:		SYSTEM\r\n	Account Name:		DESKTOP-MAIFOE4$\r\n	Account Domain:		WORKGROUP\r\n	Logon ID:		0x3E7\r\n\r\nLogon Information:\r\n	Logon Type:		5\r\n	Restricted Admin Mode:	-\r\n	Virtual Account:		No\r\n	Elevated Token:		Yes\r\n\r\nImpersonation Level:		Impersonation\r\n\r\nNew Logon:\r\n	Security ID:		SYSTEM\r\n	Account Name:		SYSTEM\r\n	Account Domain:		NT AUTHORITY\r\n	Logon ID:		0x3E7\r\n	Linked Logon ID:		0x0\r\n	Network Account Name:	-\r\n	Network Account Domain:	-\r\n	Logon GUID:		{00000000-0000-0000-0000-000000000000}\r\n\r\nProcess Information:\r\n	Process ID:		0x304\r\n	Process Name:		C:\\Windows\\System32\\services.exe\r\n\r\nNetwork Information:\r\n	Workstation Name:	-\r\n	Source Network Address:	-\r\n	Source Port:		-\r\n\r\nDetailed Authentication Information:\r\n	Logon Process:		Advapi  \r\n	Authentication Package:	Negotiate\r\n	Transited Services:	-\r\n	Package Name (NTLM only):	-\r\n	Key Length:		0\r\n\r\nThis event is generated when a logon session is created. It is generated on the compu'),
(308, 'Audit Success', '0000-00-00 00:00:00', 'Microsoft-Windows-Security-Auditing', '4634', 'Logoff', 'An account was logged off.\r\n\r\nSubject:\r\n	Security ID:		DESKTOP-MAIFOE4\\FELIXOH\r\n	Account Name:		FELIXOH\r\n	Account Domain:		DESKTOP-MAIFOE4\r\n	Logon ID:		0x2B68B2\r\n\r\nLogon Type:			2\r\n\r\nThis event is generated when a logon session is destroyed. It may be positively correlated with a logon event using the Logon ID value. Logon IDs are only unique between reboots on the same computer.'),
(309, 'Audit Success', '0000-00-00 00:00:00', 'Microsoft-Windows-Security-Auditing', '4634', 'Logoff', 'An account was logged off.\r\n\r\nSubject:\r\n	Security ID:		DESKTOP-MAIFOE4\\FELIXOH\r\n	Account Name:		FELIXOH\r\n	Account Domain:		DESKTOP-MAIFOE4\r\n	Logon ID:		0x2B68D2\r\n\r\nLogon Type:			2\r\n\r\nThis event is generated when a logon session is destroyed. It may be positively correlated with a logon event using the Logon ID value. Logon IDs are only unique between reboots on the same computer.'),
(310, 'Audit Success', '0000-00-00 00:00:00', 'Microsoft-Windows-Security-Auditing', '4672', 'Special Logon', 'Special privileges assigned to new logon.\r\n\r\nSubject:\r\n	Security ID:		DESKTOP-MAIFOE4\\FELIXOH\r\n	Account Name:		FELIXOH\r\n	Account Domain:		DESKTOP-MAIFOE4\r\n	Logon ID:		0x2B68B2\r\n\r\nPrivileges:		SeSecurityPrivilege\r\n			SeTakeOwnershipPrivilege\r\n			SeLoadDriverPrivilege\r\n			SeBackupPrivilege\r\n			SeRestorePrivilege\r\n			SeDebugPrivilege\r\n			SeSystemEnvironmentPrivilege\r\n			SeImpersonatePrivilege\r\n			SeDelegateSessionUserImpersonatePrivilege'),
(311, 'Audit Success', '0000-00-00 00:00:00', 'Microsoft-Windows-Security-Auditing', '4624', 'Logon', 'An account was successfully logged on.\r\n\r\nSubject:\r\n	Security ID:		SYSTEM\r\n	Account Name:		DESKTOP-MAIFOE4$\r\n	Account Domain:		WORKGROUP\r\n	Logon ID:		0x3E7\r\n\r\nLogon Information:\r\n	Logon Type:		2\r\n	Restricted Admin Mode:	-\r\n	Virtual Account:		No\r\n	Elevated Token:		No\r\n\r\nImpersonation Level:		Impersonation\r\n\r\nNew Logon:\r\n	Security ID:		DESKTOP-MAIFOE4\\FELIXOH\r\n	Account Name:		FELIXOH\r\n	Account Domain:		DESKTOP-MAIFOE4\r\n	Logon ID:		0x2B68D2\r\n	Linked Logon ID:		0x2B68B2\r\n	Network Account Name:	-\r\n	Network Account Domain:	-\r\n	Logon GUID:		{00000000-0000-0000-0000-000000000000}\r\n\r\nProcess Information:\r\n	Process ID:		0x618\r\n	Process Name:		C:\\Windows\\System32\\svchost.exe\r\n\r\nNetwork Information:\r\n	Workstation Name:	DESKTOP-MAIFOE4\r\n	Source Network Address:	127.0.0.1\r\n	Source Port:		0\r\n\r\nDetailed Authentication Information:\r\n	Logon Process:		User32 \r\n	Authentication Package:	Negotiate\r\n	Transited Services:	-\r\n	Package Name (NTLM only):	-\r\n	Key Length:		0\r\n\r\nThis event is generated when a logon '),
(312, 'Audit Success', '0000-00-00 00:00:00', 'Microsoft-Windows-Security-Auditing', '4624', 'Logon', 'An account was successfully logged on.\r\n\r\nSubject:\r\n	Security ID:		SYSTEM\r\n	Account Name:		DESKTOP-MAIFOE4$\r\n	Account Domain:		WORKGROUP\r\n	Logon ID:		0x3E7\r\n\r\nLogon Information:\r\n	Logon Type:		2\r\n	Restricted Admin Mode:	-\r\n	Virtual Account:		No\r\n	Elevated Token:		Yes\r\n\r\nImpersonation Level:		Impersonation\r\n\r\nNew Logon:\r\n	Security ID:		DESKTOP-MAIFOE4\\FELIXOH\r\n	Account Name:		FELIXOH\r\n	Account Domain:		DESKTOP-MAIFOE4\r\n	Logon ID:		0x2B68B2\r\n	Linked Logon ID:		0x2B68D2\r\n	Network Account Name:	-\r\n	Network Account Domain:	-\r\n	Logon GUID:		{00000000-0000-0000-0000-000000000000}\r\n\r\nProcess Information:\r\n	Process ID:		0x618\r\n	Process Name:		C:\\Windows\\System32\\svchost.exe\r\n\r\nNetwork Information:\r\n	Workstation Name:	DESKTOP-MAIFOE4\r\n	Source Network Address:	127.0.0.1\r\n	Source Port:		0\r\n\r\nDetailed Authentication Information:\r\n	Logon Process:		User32 \r\n	Authentication Package:	Negotiate\r\n	Transited Services:	-\r\n	Package Name (NTLM only):	-\r\n	Key Length:		0\r\n\r\nThis event is generated when a logon'),
(313, 'Audit Success', '0000-00-00 00:00:00', 'Microsoft-Windows-Security-Auditing', '4648', 'Logon', 'A logon was attempted using explicit credentials.\r\n\r\nSubject:\r\n	Security ID:		SYSTEM\r\n	Account Name:		DESKTOP-MAIFOE4$\r\n	Account Domain:		WORKGROUP\r\n	Logon ID:		0x3E7\r\n	Logon GUID:		{00000000-0000-0000-0000-000000000000}\r\n\r\nAccount Whose Credentials Were Used:\r\n	Account Name:		FELIXOH\r\n	Account Domain:		DESKTOP-MAIFOE4\r\n	Logon GUID:		{00000000-0000-0000-0000-000000000000}\r\n\r\nTarget Server:\r\n	Target Server Name:	localhost\r\n	Additional Information:	localhost\r\n\r\nProcess Information:\r\n	Process ID:		0x618\r\n	Process Name:		C:\\Windows\\System32\\svchost.exe\r\n\r\nNetwork Information:\r\n	Network Address:	127.0.0.1\r\n	Port:			0\r\n\r\nThis event is generated when a process attempts to log on an account by explicitly specifying that accounts credentials.  This most commonly occurs in batch-type configurations such as scheduled tasks, or when using the RUNAS command.'),
(314, 'Audit Success', '0000-00-00 00:00:00', 'Microsoft-Windows-Security-Auditing', '4672', 'Special Logon', 'Special privileges assigned to new logon.\r\n\r\nSubject:\r\n	Security ID:		SYSTEM\r\n	Account Name:		SYSTEM\r\n	Account Domain:		NT AUTHORITY\r\n	Logon ID:		0x3E7\r\n\r\nPrivileges:		SeAssignPrimaryTokenPrivilege\r\n			SeTcbPrivilege\r\n			SeSecurityPrivilege\r\n			SeTakeOwnershipPrivilege\r\n			SeLoadDriverPrivilege\r\n			SeBackupPrivilege\r\n			SeRestorePrivilege\r\n			SeDebugPrivilege\r\n			SeAuditPrivilege\r\n			SeSystemEnvironmentPrivilege\r\n			SeImpersonatePrivilege\r\n			SeDelegateSessionUserImpersonatePrivilege'),
(315, 'Audit Success', '0000-00-00 00:00:00', 'Microsoft-Windows-Security-Auditing', '4624', 'Logon', 'An account was successfully logged on.\r\n\r\nSubject:\r\n	Security ID:		SYSTEM\r\n	Account Name:		DESKTOP-MAIFOE4$\r\n	Account Domain:		WORKGROUP\r\n	Logon ID:		0x3E7\r\n\r\nLogon Information:\r\n	Logon Type:		5\r\n	Restricted Admin Mode:	-\r\n	Virtual Account:		No\r\n	Elevated Token:		Yes\r\n\r\nImpersonation Level:		Impersonation\r\n\r\nNew Logon:\r\n	Security ID:		SYSTEM\r\n	Account Name:		SYSTEM\r\n	Account Domain:		NT AUTHORITY\r\n	Logon ID:		0x3E7\r\n	Linked Logon ID:		0x0\r\n	Network Account Name:	-\r\n	Network Account Domain:	-\r\n	Logon GUID:		{00000000-0000-0000-0000-000000000000}\r\n\r\nProcess Information:\r\n	Process ID:		0x304\r\n	Process Name:		C:\\Windows\\System32\\services.exe\r\n\r\nNetwork Information:\r\n	Workstation Name:	-\r\n	Source Network Address:	-\r\n	Source Port:		-\r\n\r\nDetailed Authentication Information:\r\n	Logon Process:		Advapi  \r\n	Authentication Package:	Negotiate\r\n	Transited Services:	-\r\n	Package Name (NTLM only):	-\r\n	Key Length:		0\r\n\r\nThis event is generated when a logon session is created. It is generated on the compu'),
(316, 'Audit Success', '0000-00-00 00:00:00', 'Microsoft-Windows-Security-Auditing', '4798', 'User Account Management', 'A user\'s local group membership was enumerated.\r\n\r\nSubject:\r\n	Security ID:		SYSTEM\r\n	Account Name:		DESKTOP-MAIFOE4$\r\n	Account Domain:		WORKGROUP\r\n	Logon ID:		0x3E7\r\n\r\nUser:\r\n	Security ID:		DESKTOP-MAIFOE4\\FELIXOH\r\n	Account Name:		FELIXOH\r\n	Account Domain:		DESKTOP-MAIFOE4\r\n\r\nProcess Information:\r\n	Process ID:		0x79c\r\n	Process Name:		C:\\Windows\\System32\\LogonUI.exe'),
(317, 'Audit Success', '0000-00-00 00:00:00', 'Microsoft-Windows-Security-Auditing', '5059', 'Other System Events', 'Key migration operation.\r\n\r\nSubject:\r\n	Security ID:		DESKTOP-MAIFOE4\\FELIXOH\r\n	Account Name:		FELIXOH\r\n	Account Domain:		DESKTOP-MAIFOE4\r\n	Logon ID:		0x255A69\r\n\r\nProcess Information:\r\n	Process ID:		7360\r\n	Process Creation Time:	2022-07-14T04:23:34.082722800Z\r\n\r\nCryptographic Parameters:\r\n	Provider Name:	Microsoft Software Key Storage Provider\r\n	Algorithm Name:	ECDSA_P256\r\n	Key Name:	Microsoft Connected Devices Platform device certificate\r\n	Key Type:	User key.\r\n\r\nAdditional Information:\r\n	Operation:	Export of persistent cryptographic key.\r\n	Return Code:	0x0'),
(318, 'Audit Success', '0000-00-00 00:00:00', 'Microsoft-Windows-Security-Auditing', '5061', 'System Integrity', 'Cryptographic operation.\r\n\r\nSubject:\r\n	Security ID:		DESKTOP-MAIFOE4\\FELIXOH\r\n	Account Name:		FELIXOH\r\n	Account Domain:		DESKTOP-MAIFOE4\r\n	Logon ID:		0x255A69\r\n\r\nCryptographic Parameters:\r\n	Provider Name:	Microsoft Software Key Storage Provider\r\n	Algorithm Name:	ECDSA_P256\r\n	Key Name:	Microsoft Connected Devices Platform device certificate\r\n	Key Type:	User key.\r\n\r\nCryptographic Operation:\r\n	Operation:	Open Key.\r\n	Return Code:	0x0'),
(319, 'Audit Success', '0000-00-00 00:00:00', 'Microsoft-Windows-Security-Auditing', '5058', 'Other System Events', 'Key file operation.\r\n\r\nSubject:\r\n	Security ID:		DESKTOP-MAIFOE4\\FELIXOH\r\n	Account Name:		FELIXOH\r\n	Account Domain:		DESKTOP-MAIFOE4\r\n	Logon ID:		0x255A69\r\n\r\nProcess Information:\r\n	Process ID:		7360\r\n	Process Creation Time:	2022-07-14T04:23:34.082722800Z\r\n\r\nCryptographic Parameters:\r\n	Provider Name:	Microsoft Software Key Storage Provider\r\n	Algorithm Name:	UNKNOWN\r\n	Key Name:	Microsoft Connected Devices Platform device certificate\r\n	Key Type:	User key.\r\n\r\nKey File Operation Information:\r\n	File Path:	C:\\Users\\FELIXOH\\AppData\\Roaming\\Microsoft\\Crypto\\Keys\\de7cf8a7901d2ad13e5c67c29e5d1662_059334d2-8765-45ae-a1f2-9f8eb545501a\r\n	Operation:	Read persisted key from file.\r\n	Return Code:	0x0'),
(320, 'Audit Success', '0000-00-00 00:00:00', 'Microsoft-Windows-Security-Auditing', '4672', 'Special Logon', 'Special privileges assigned to new logon.\r\n\r\nSubject:\r\n	Security ID:		SYSTEM\r\n	Account Name:		SYSTEM\r\n	Account Domain:		NT AUTHORITY\r\n	Logon ID:		0x3E7\r\n\r\nPrivileges:		SeAssignPrimaryTokenPrivilege\r\n			SeTcbPrivilege\r\n			SeSecurityPrivilege\r\n			SeTakeOwnershipPrivilege\r\n			SeLoadDriverPrivilege\r\n			SeBackupPrivilege\r\n			SeRestorePrivilege\r\n			SeDebugPrivilege\r\n			SeAuditPrivilege\r\n			SeSystemEnvironmentPrivilege\r\n			SeImpersonatePrivilege\r\n			SeDelegateSessionUserImpersonatePrivilege'),
