(950, 'Audit Success', '0000-00-00 00:00:00.000000', 'Microsoft-Windows-Security-Auditing', '5140', 'File Share', 'A network share object was accessed.\r\n	\r\nSubject:\r\n	Security ID:		SYSTEM\r\n	Account Name:		SERVER2019$\r\n	Account Domain:		ATOM\r\n	Logon ID:		0x221BC9\r\n\r\nNetwork Information:	\r\n	Object Type:		File\r\n	Source Address:		fe80::18fd:2a50:fe66:a983\r\n	Source Port:		56824\r\n	\r\nShare Information:\r\n	Share Name:		\\\\*\\SYSVOL\r\n	Share Path:		\\??\\C:\\Windows\\SYSVOL\\sysvol\r\n\r\nAccess Request Information:\r\n	Access Mask:		0x1\r\n	Accesses:		ReadData (or ListDirectory)\r\n				\r\n'),
(951, 'Audit Success', '0000-00-00 00:00:00.000000', 'Microsoft-Windows-Security-Auditing', '5140', 'File Share', 'A network share object was accessed.\r\n	\r\nSubject:\r\n	Security ID:		SYSTEM\r\n	Account Name:		SERVER2019$\r\n	Account Domain:		ATOM\r\n	Logon ID:		0x31603F\r\n\r\nNetwork Information:	\r\n	Object Type:		File\r\n	Source Address:		fe80::18fd:2a50:fe66:a983\r\n	Source Port:		56931\r\n	\r\nShare Information:\r\n	Share Name:		\\\\*\\SYSVOL\r\n	Share Path:		\\??\\C:\\Windows\\SYSVOL\\sysvol\r\n\r\nAccess Request Information:\r\n	Access Mask:		0x1\r\n	Accesses:		ReadData (or ListDirectory)\r\n				\r\n'),
(952, 'Audit Success', '0000-00-00 00:00:00.000000', 'Microsoft-Windows-Security-Auditing', '5140', 'File Share', 'A network share object was accessed.\r\n	\r\nSubject:\r\n	Security ID:		NETWORK SERVICE\r\n	Account Name:		SERVER2019$\r\n	Account Domain:		ATOM\r\n	Logon ID:		0x3E4\r\n\r\nNetwork Information:	\r\n	Object Type:		File\r\n	Source Address:		fe80::18fd:2a50:fe66:a983\r\n	Source Port:		56824\r\n	\r\nShare Information:\r\n	Share Name:		\\\\*\\IPC$\r\n	Share Path:		\r\n\r\nAccess Request Information:\r\n	Access Mask:		0x1\r\n	Accesses:		ReadData (or ListDirectory)\r\n				\r\n'),
(953, 'Audit Success', '0000-00-00 00:00:00.000000', 'Microsoft-Windows-Security-Auditing', '5140', 'File Share', 'A network share object was accessed.\r\n	\r\nSubject:\r\n	Security ID:		SYSTEM\r\n	Account Name:		SERVER2019$\r\n	Account Domain:		ATOM\r\n	Logon ID:		0x2825B5\r\n\r\nNetwork Information:	\r\n	Object Type:		File\r\n	Source Address:		fe80::18fd:2a50:fe66:a983\r\n	Source Port:		56847\r\n	\r\nShare Information:\r\n	Share Name:		\\\\*\\SYSVOL\r\n	Share Path:		\\??\\C:\\Windows\\SYSVOL\\sysvol\r\n\r\nAccess Request Information:\r\n	Access Mask:		0x1\r\n	Accesses:		ReadData (or ListDirectory)\r\n				\r\n'),
(954, 'Audit Success', '0000-00-00 00:00:00.000000', 'Microsoft-Windows-Security-Auditing', '5140', 'File Share', 'A network share object was accessed.\r\n	\r\nSubject:\r\n	Security ID:		ATOM\\WINDOWS10$\r\n	Account Name:		WINDOWS10$\r\n	Account Domain:		ATOM\r\n	Logon ID:		0x255CDF\r\n\r\nNetwork Information:	\r\n	Object Type:		File\r\n	Source Address:		172.16.117.35\r\n	Source Port:		50064\r\n	\r\nShare Information:\r\n	Share Name:		\\\\*\\IPC$\r\n	Share Path:		\r\n\r\nAccess Request Information:\r\n	Access Mask:		0x1\r\n	Accesses:		ReadData (or ListDirectory)\r\n				\r\n');
INSERT INTO `adsecurity` (`ID`, `level`, `date`, `source`, `event_id`, `task-category`, `description`) VALUES
(955, 'Audit Success', '0000-00-00 00:00:00.000000', 'Microsoft-Windows-Security-Auditing', '5140', 'File Share', 'A network share object was accessed.\r\n	\r\nSubject:\r\n	Security ID:		SYSTEM\r\n	Account Name:		SERVER2019$\r\n	Account Domain:		ATOM\r\n	Logon ID:		0x2020F4\r\n\r\nNetwork Information:	\r\n	Object Type:		File\r\n	Source Address:		fe80::18fd:2a50:fe66:a983\r\n	Source Port:		56798\r\n	\r\nShare Information:\r\n	Share Name:		\\\\*\\SYSVOL\r\n	Share Path:		\\??\\C:\\Windows\\SYSVOL\\sysvol\r\n\r\nAccess Request Information:\r\n	Access Mask:		0x1\r\n	Accesses:		ReadData (or ListDirectory)\r\n				\r\n'),
(956, 'Audit Success', '0000-00-00 00:00:00.000000', 'Microsoft-Windows-Security-Auditing', '5140', 'File Share', 'A network share object was accessed.\r\n	\r\nSubject:\r\n	Security ID:		SYSTEM\r\n	Account Name:		SERVER2019$\r\n	Account Domain:		ATOM\r\n	Logon ID:		0x2F8031\r\n\r\nNetwork Information:	\r\n	Object Type:		File\r\n	Source Address:		fe80::18fd:2a50:fe66:a983\r\n	Source Port:		56931\r\n	\r\nShare Information:\r\n	Share Name:		\\\\*\\SYSVOL\r\n	Share Path:		\\??\\C:\\Windows\\SYSVOL\\sysvol\r\n\r\nAccess Request Information:\r\n	Access Mask:		0x1\r\n	Accesses:		ReadData (or ListDirectory)\r\n				\r\n'),
(957, 'Audit Success', '0000-00-00 00:00:00.000000', 'Microsoft-Windows-Security-Auditing', '5140', 'File Share', 'A network share object was accessed.\r\n	\r\nSubject:\r\n	Security ID:		SYSTEM\r\n	Account Name:		SERVER2019$\r\n	Account Domain:		ATOM\r\n	Logon ID:		0x2FA5E2\r\n\r\nNetwork Information:	\r\n	Object Type:		File\r\n	Source Address:		fe80::18fd:2a50:fe66:a983\r\n	Source Port:		56987\r\n	\r\nShare Information:\r\n	Share Name:		\\\\*\\SYSVOL\r\n	Share Path:		\\??\\C:\\Windows\\SYSVOL\\sysvol\r\n\r\nAccess Request Information:\r\n	Access Mask:		0x1\r\n	Accesses:		ReadData (or ListDirectory)\r\n				\r\n'),
(958, 'Audit Success', '0000-00-00 00:00:00.000000', 'Microsoft-Windows-Security-Auditing', '5140', 'File Share', 'A network share object was accessed.\r\n	\r\nSubject:\r\n	Security ID:		ATOM\\Administrator\r\n	Account Name:		Administrator\r\n	Account Domain:		ATOM\r\n	Logon ID:		0x4E754\r\n\r\nNetwork Information:	\r\n	Object Type:		File\r\n	Source Address:		fe80::18fd:2a50:fe66:a983\r\n	Source Port:		49822\r\n	\r\nShare Information:\r\n	Share Name:		\\\\*\\SYSVOL\r\n	Share Path:		\\??\\C:\\Windows\\SYSVOL\\sysvol\r\n\r\nAccess Request Information:\r\n	Access Mask:		0x1\r\n	Accesses:		ReadData (or ListDirectory)\r\n				\r\n'),
(959, 'Audit Success', '0000-00-00 00:00:00.000000', 'Microsoft-Windows-Security-Auditing', '5140', 'File Share', 'A network share object was accessed.\r\n	\r\nSubject:\r\n	Security ID:		ATOM\\Administrator\r\n	Account Name:		Administrator\r\n	Account Domain:		ATOM\r\n	Logon ID:		0x4E754\r\n\r\nNetwork Information:	\r\n	Object Type:		File\r\n	Source Address:		fe80::18fd:2a50:fe66:a983\r\n	Source Port:		56738\r\n	\r\nShare Information:\r\n	Share Name:		\\\\*\\IPC$\r\n	Share Path:		\r\n\r\nAccess Request Information:\r\n	Access Mask:		0x1\r\n	Accesses:		ReadData (or ListDirectory)\r\n				\r\n'),
(960, 'Audit Success', '0000-00-00 00:00:00.000000', 'Microsoft-Windows-Security-Auditing', '5140', 'File Share', 'A network share object was accessed.\r\n	\r\nSubject:\r\n	Security ID:		SYSTEM\r\n	Account Name:		SERVER2019$\r\n	Account Domain:		ATOM\r\n	Logon ID:		0x417DE\r\n\r\nNetwork Information:	\r\n	Object Type:		File\r\n	Source Address:		fe80::18fd:2a50:fe66:a983\r\n	Source Port:		49696\r\n	\r\nShare Information:\r\n	Share Name:		\\\\*\\SYSVOL\r\n	Share Path:		\\??\\C:\\Windows\\SYSVOL\\sysvol\r\n\r\nAccess Request Information:\r\n	Access Mask:		0x1\r\n	Accesses:		ReadData (or ListDirectory)\r\n				\r\n'),
(961, 'Audit Success', '0000-00-00 00:00:00.000000', 'Microsoft-Windows-Security-Auditing', '5140', 'File Share', 'A network share object was accessed.\r\n	\r\nSubject:\r\n	Security ID:		SYSTEM\r\n	Account Name:		SERVER2019$\r\n	Account Domain:		ATOM\r\n	Logon ID:		0x20085F\r\n\r\nNetwork Information:	\r\n	Object Type:		File\r\n	Source Address:		fe80::18fd:2a50:fe66:a983\r\n	Source Port:		56778\r\n	\r\nShare Information:\r\n	Share Name:		\\\\*\\SYSVOL\r\n	Share Path:		\\??\\C:\\Windows\\SYSVOL\\sysvol\r\n\r\nAccess Request Information:\r\n	Access Mask:		0x1\r\n	Accesses:		ReadData (or ListDirectory)\r\n				\r\n'),
(962, 'Audit Success', '0000-00-00 00:00:00.000000', 'Microsoft-Windows-Security-Auditing', '5140', 'File Share', 'A network share object was accessed.\r\n	\r\nSubject:\r\n	Security ID:		NETWORK SERVICE\r\n	Account Name:		SERVER2019$\r\n	Account Domain:		ATOM\r\n	Logon ID:		0x3E4\r\n\r\nNetwork Information:	\r\n	Object Type:		File\r\n	Source Address:		fe80::18fd:2a50:fe66:a983\r\n	Source Port:		49696\r\n	\r\nShare Information:\r\n	Share Name:		\\\\*\\IPC$\r\n	Share Path:		\r\n\r\nAccess Request Information:\r\n	Access Mask:		0x1\r\n	Accesses:		ReadData (or ListDirectory)\r\n				\r\n'),
(963, 'Audit Success', '0000-00-00 00:00:00.000000', 'Microsoft-Windows-Security-Auditing', '5140', 'File Share', 'A network share object was accessed.\r\n	\r\nSubject:\r\n	Security ID:		ATOM\\jose\r\n	Account Name:		jose\r\n	Account Domain:		ATOM\r\n	Logon ID:		0x35A066\r\n\r\nNetwork Information:	\r\n	Object Type:		File\r\n	Source Address:		172.16.117.35\r\n	Source Port:		50352\r\n	\r\nShare Information:\r\n	Share Name:		\\\\*\\IPC$\r\n	Share Path:		\r\n\r\nAccess Request Information:\r\n	Access Mask:		0x1\r\n	Accesses:		ReadData (or ListDirectory)\r\n				\r\n'),
(964, 'Audit Success', '0000-00-00 00:00:00.000000', 'Microsoft-Windows-Security-Auditing', '5140', 'File Share', 'A network share object was accessed.\r\n	\r\nSubject:\r\n	Security ID:		SYSTEM\r\n	Account Name:		SERVER2019$\r\n	Account Domain:		ATOM\r\n	Logon ID:		0x385781\r\n\r\nNetwork Information:	\r\n	Object Type:		File\r\n	Source Address:		fe80::18fd:2a50:fe66:a983\r\n	Source Port:		57138\r\n	\r\nShare Information:\r\n	Share Name:		\\\\*\\SYSVOL\r\n	Share Path:		\\??\\C:\\Windows\\SYSVOL\\sysvol\r\n\r\nAccess Request Information:\r\n	Access Mask:		0x1\r\n	Accesses:		ReadData (or ListDirectory)\r\n				\r\n'),
(965, 'Audit Success', '0000-00-00 00:00:00.000000', 'Microsoft-Windows-Security-Auditing', '5140', 'File Share', 'A network share object was accessed.\r\n	\r\nSubject:\r\n	Security ID:		ATOM\\Administrator\r\n	Account Name:		Administrator\r\n	Account Domain:		ATOM\r\n	Logon ID:		0x4E754\r\n\r\nNetwork Information:	\r\n	Object Type:		File\r\n	Source Address:		fe80::18fd:2a50:fe66:a983\r\n	Source Port:		56931\r\n	\r\nShare Information:\r\n	Share Name:		\\\\*\\Users\r\n	Share Path:		\\??\\C:\\Users\r\n\r\nAccess Request Information:\r\n	Access Mask:		0x1\r\n	Accesses:		ReadData (or ListDirectory)\r\n				\r\n'),
(966, 'Audit Success', '0000-00-00 00:00:00.000000', 'Microsoft-Windows-Security-Auditing', '5140', 'File Share', 'A network share object was accessed.\r\n	\r\nSubject:\r\n	Security ID:		SYSTEM\r\n	Account Name:		SERVER2019$\r\n	Account Domain:		ATOM\r\n	Logon ID:		0x214588\r\n\r\nNetwork Information:	\r\n	Object Type:		File\r\n	Source Address:		fe80::18fd:2a50:fe66:a983\r\n	Source Port:		56778\r\n	\r\nShare Information:\r\n	Share Name:		\\\\*\\SYSVOL\r\n	Share Path:		\\??\\C:\\Windows\\SYSVOL\\sysvol\r\n\r\nAccess Request Information:\r\n	Access Mask:		0x1\r\n	Accesses:		ReadData (or ListDirectory)\r\n				\r\n'),
(967, 'Audit Success', '0000-00-00 00:00:00.000000', 'Microsoft-Windows-Security-Auditing', '5140', 'File Share', 'A network share object was accessed.\r\n	\r\nSubject:\r\n	Security ID:		ATOM\\Administrator\r\n	Account Name:		Administrator\r\n	Account Domain:		ATOM\r\n	Logon ID:		0x4E754\r\n\r\nNetwork Information:	\r\n	Object Type:		File\r\n	Source Address:		fe80::18fd:2a50:fe66:a983\r\n	Source Port:		56778\r\n	\r\nShare Information:\r\n	Share Name:		\\\\*\\ITSM\r\n	Share Path:		\\??\\C:\\Users\\Administrator\\Documents\\ITSM\r\n\r\nAccess Request Information:\r\n	Access Mask:		0x1\r\n	Accesses:		ReadData (or ListDirectory)\r\n				\r\n'),
(968, 'Audit Success', '0000-00-00 00:00:00.000000', 'Microsoft-Windows-Security-Auditing', '5140', 'File Share', 'A network share object was accessed.\r\n	\r\nSubject:\r\n	Security ID:		ATOM\\Administrator\r\n	Account Name:		Administrator\r\n	Account Domain:		ATOM\r\n	Logon ID:		0x4E754\r\n\r\nNetwork Information:	\r\n	Object Type:		File\r\n	Source Address:		fe80::18fd:2a50:fe66:a983\r\n	Source Port:		49805\r\n	\r\nShare Information:\r\n	Share Name:		\\\\*\\SYSVOL\r\n	Share Path:		\\??\\C:\\Windows\\SYSVOL\\sysvol\r\n\r\nAccess Request Information:\r\n	Access Mask:		0x1\r\n	Accesses:		ReadData (or ListDirectory)\r\n				\r\n'),
(969, 'Audit Success', '0000-00-00 00:00:00.000000', 'Microsoft-Windows-Security-Auditing', '5140', 'File Share', 'A network share object was accessed.\r\n	\r\nSubject:\r\n	Security ID:		ATOM\\WINDOWS10$\r\n	Account Name:		WINDOWS10$\r\n	Account Domain:		ATOM\r\n	Logon ID:		0x37A285\r\n\r\nNetwork Information:	\r\n	Object Type:		File\r\n	Source Address:		172.16.117.35\r\n	Source Port:		50458\r\n	\r\nShare Information:\r\n	Share Name:		\\\\*\\IPC$\r\n	Share Path:		\r\n\r\nAccess Request Information:\r\n	Access Mask:		0x1\r\n	Accesses:		ReadData (or ListDirectory)\r\n				\r\n'),
(970, 'Audit Success', '0000-00-00 00:00:00.000000', 'Microsoft-Windows-Security-Auditing', '5140', 'File Share', 'A network share object was accessed.\r\n	\r\nSubject:\r\n	Security ID:		SYSTEM\r\n	Account Name:		SERVER2019$\r\n	Account Domain:		ATOM\r\n	Logon ID:		0x378A42\r\n\r\nNetwork Information:	\r\n	Object Type:		File\r\n	Source Address:		fe80::18fd:2a50:fe66:a983\r\n	Source Port:		57122\r\n	\r\nShare Information:\r\n	Share Name:		\\\\*\\SYSVOL\r\n	Share Path:		\\??\\C:\\Windows\\SYSVOL\\sysvol\r\n\r\nAccess Request Information:\r\n	Access Mask:		0x1\r\n	Accesses:		ReadData (or ListDirectory)\r\n				\r\n'),
(971, 'Audit Success', '0000-00-00 00:00:00.000000', 'Microsoft-Windows-Security-Auditing', '5140', 'File Share', 'A network share object was accessed.\r\n	\r\nSubject:\r\n	Security ID:		ATOM\\Administrator\r\n	Account Name:		Administrator\r\n	Account Domain:		ATOM\r\n	Logon ID:		0x4E754\r\n\r\nNetwork Information:	\r\n	Object Type:		File\r\n	Source Address:		fe80::18fd:2a50:fe66:a983\r\n	Source Port:		49811\r\n	\r\nShare Information:\r\n	Share Name:		\\\\*\\SYSVOL\r\n	Share Path:		\\??\\C:\\Windows\\SYSVOL\\sysvol\r\n\r\nAccess Request Information:\r\n	Access Mask:		0x1\r\n	Accesses:		ReadData (or ListDirectory)\r\n				\r\n'),
(972, 'Audit Success', '0000-00-00 00:00:00.000000', 'Microsoft-Windows-Security-Auditing', '5140', 'File Share', 'A network share object was accessed.\r\n	\r\nSubject:\r\n	Security ID:		SYSTEM\r\n	Account Name:		SERVER2019$\r\n	Account Domain:		ATOM\r\n	Logon ID:		0x382B2E\r\n\r\nNetwork Information:	\r\n	Object Type:		File\r\n	Source Address:		fe80::18fd:2a50:fe66:a983\r\n	Source Port:		56931\r\n	\r\nShare Information:\r\n	Share Name:		\\\\*\\SYSVOL\r\n	Share Path:		\\??\\C:\\Windows\\SYSVOL\\sysvol\r\n\r\nAccess Request Information:\r\n	Access Mask:		0x1\r\n	Accesses:		ReadData (or ListDirectory)\r\n				\r\n'),
(973, 'Audit Success', '0000-00-00 00:00:00.000000', 'Microsoft-Windows-Security-Auditing', '5140', 'File Share', 'A network share object was accessed.\r\n	\r\nSubject:\r\n	Security ID:		SYSTEM\r\n	Account Name:		SERVER2019$\r\n	Account Domain:		ATOM\r\n	Logon ID:		0x382B2E\r\n\r\nNetwork Information:	\r\n	Object Type:		File\r\n	Source Address:		fe80::18fd:2a50:fe66:a983\r\n	Source Port:		56931\r\n	\r\nShare Information:\r\n	Share Name:		\\\\*\\IPC$\r\n	Share Path:		\r\n\r\nAccess Request Information:\r\n	Access Mask:		0x1\r\n	Accesses:		ReadData (or ListDirectory)\r\n				\r\n'),
(974, 'Audit Success', '0000-00-00 00:00:00.000000', 'Microsoft-Windows-Security-Auditing', '5140', 'File Share', 'A network share object was accessed.\r\n	\r\nSubject:\r\n	Security ID:		SYSTEM\r\n	Account Name:		SERVER2019$\r\n	Account Domain:		ATOM\r\n	Logon ID:		0x30D064\r\n\r\nNetwork Information:	\r\n	Object Type:		File\r\n	Source Address:		fe80::18fd:2a50:fe66:a983\r\n	Source Port:		57001\r\n	\r\nShare Information:\r\n	Share Name:		\\\\*\\SYSVOL\r\n	Share Path:		\\??\\C:\\Windows\\SYSVOL\\sysvol\r\n\r\nAccess Request Information:\r\n	Access Mask:		0x1\r\n	Accesses:		ReadData (or ListDirectory)\r\n				\r\n'),
(975, 'Audit Success', '0000-00-00 00:00:00.000000', 'Microsoft-Windows-Security-Auditing', '5140', 'File Share', 'A network share object was accessed.\r\n	\r\nSubject:\r\n	Security ID:		ATOM\\Administrator\r\n	Account Name:		Administrator\r\n	Account Domain:		ATOM\r\n	Logon ID:		0x4E754\r\n\r\nNetwork Information:	\r\n	Object Type:		File\r\n	Source Address:		fe80::18fd:2a50:fe66:a983\r\n	Source Port:		56931\r\n	\r\nShare Information:\r\n	Share Name:		\\\\*\\IPC$\r\n	Share Path:		\r\n\r\nAccess Request Information:\r\n	Access Mask:		0x1\r\n	Accesses:		ReadData (or ListDirectory)\r\n				\r\n'),
(976, 'Audit Success', '0000-00-00 00:00:00.000000', 'Microsoft-Windows-Security-Auditing', '5140', 'File Share', 'A network share object was accessed.\r\n	\r\nSubject:\r\n	Security ID:		SYSTEM\r\n	Account Name:		SERVER2019$\r\n	Account Domain:		ATOM\r\n	Logon ID:		0x3953C1\r\n\r\nNetwork Information:	\r\n	Object Type:		File\r\n	Source Address:		fe80::18fd:2a50:fe66:a983\r\n	Source Port:		57153\r\n	\r\nShare Information:\r\n	Share Name:		\\\\*\\SYSVOL\r\n	Share Path:		\\??\\C:\\Windows\\SYSVOL\\sysvol\r\n\r\nAccess Request Information:\r\n	Access Mask:		0x1\r\n	Accesses:		ReadData (or ListDirectory)\r\n				\r\n'),
(977, 'Audit Success', '0000-00-00 00:00:00.000000', 'Microsoft-Windows-Security-Auditing', '5140', 'File Share', 'A network share object was accessed.\r\n	\r\nSubject:\r\n	Security ID:		NETWORK SERVICE\r\n	Account Name:		SERVER2019$\r\n	Account Domain:		ATOM\r\n	Logon ID:		0x3E4\r\n\r\nNetwork Information:	\r\n	Object Type:		File\r\n	Source Address:		fe80::18fd:2a50:fe66:a983\r\n	Source Port:		57165\r\n	\r\nShare Information:\r\n	Share Name:		\\\\*\\IPC$\r\n	Share Path:		\r\n\r\nAccess Request Information:\r\n	Access Mask:		0x1\r\n	Accesses:		ReadData (or ListDirectory)\r\n				\r\n'),
(978, 'Audit Success', '0000-00-00 00:00:00.000000', 'Microsoft-Windows-Security-Auditing', '5140', 'File Share', 'A network share object was accessed.\r\n	\r\nSubject:\r\n	Security ID:		SYSTEM\r\n	Account Name:		SERVER2019$\r\n	Account Domain:		ATOM\r\n	Logon ID:		0x39EF49\r\n\r\nNetwork Information:	\r\n	Object Type:		File\r\n	Source Address:		fe80::18fd:2a50:fe66:a983\r\n	Source Port:		56931\r\n	\r\nShare Information:\r\n	Share Name:		\\\\*\\SYSVOL\r\n	Share Path:		\\??\\C:\\Windows\\SYSVOL\\sysvol\r\n\r\nAccess Request Information:\r\n	Access Mask:		0x1\r\n	Accesses:		ReadData (or ListDirectory)\r\n				\r\n'),
(979, 'Audit Success', '0000-00-00 00:00:00.000000', 'Microsoft-Windows-Security-Auditing', '5140', 'File Share', 'A network share object was accessed.\r\n	\r\nSubject:\r\n	Security ID:		ATOM\\WINDOWS10$\r\n	Account Name:		WINDOWS10$\r\n	Account Domain:		ATOM\r\n	Logon ID:		0x50543\r\n\r\nNetwork Information:	\r\n	Object Type:		File\r\n	Source Address:		172.16.117.35\r\n	Source Port:		49684\r\n	\r\nShare Information:\r\n	Share Name:		\\\\*\\IPC$\r\n	Share Path:		\r\n\r\nAccess Request Information:\r\n	Access Mask:		0x1\r\n	Accesses:		ReadData (or ListDirectory)\r\n				\r\n'),
(980, 'Audit Success', '0000-00-00 00:00:00.000000', 'Microsoft-Windows-Security-Auditing', '5140', 'File Share', 'A network share object was accessed.\r\n	\r\nSubject:\r\n	Security ID:		ATOM\\Administrator\r\n	Account Name:		Administrator\r\n	Account Domain:		ATOM\r\n	Logon ID:		0x4E754\r\n\r\nNetwork Information:	\r\n	Object Type:		File\r\n	Source Address:		fe80::18fd:2a50:fe66:a983\r\n	Source Port:		56778\r\n	\r\nShare Information:\r\n	Share Name:		\\\\*\\IPC$\r\n	Share Path:		\r\n\r\nAccess Request Information:\r\n	Access Mask:		0x1\r\n	Accesses:		ReadData (or ListDirectory)\r\n				\r\n'),
(981, 'Audit Success', '0000-00-00 00:00:00.000000', 'Microsoft-Windows-Security-Auditing', '5140', 'File Share', 'A network share object was accessed.\r\n	\r\nSubject:\r\n	Security ID:		ATOM\\WINDOWS10$\r\n	Account Name:		WINDOWS10$\r\n	Account Domain:		ATOM\r\n	Logon ID:		0x505DF\r\n\r\nNetwork Information:	\r\n	Object Type:		File\r\n	Source Address:		172.16.117.35\r\n	Source Port:		49684\r\n	\r\nShare Information:\r\n	Share Name:		\\\\*\\SYSVOL\r\n	Share Path:		\\??\\C:\\Windows\\SYSVOL\\sysvol\r\n\r\nAccess Request Information:\r\n	Access Mask:		0x1\r\n	Accesses:		ReadData (or ListDirectory)\r\n				\r\n'),
(982, 'Audit Success', '0000-00-00 00:00:00.000000', 'Microsoft-Windows-Security-Auditing', '5140', 'File Share', 'A network share object was accessed.\r\n	\r\nSubject:\r\n	Security ID:		ATOM\\Administrator\r\n	Account Name:		Administrator\r\n	Account Domain:		ATOM\r\n	Logon ID:		0x4E754\r\n\r\nNetwork Information:	\r\n	Object Type:		File\r\n	Source Address:		fe80::18fd:2a50:fe66:a983\r\n	Source Port:		56931\r\n	\r\nShare Information:\r\n	Share Name:		\\\\*\\IPC$\r\n	Share Path:		\r\n\r\nAccess Request Information:\r\n	Access Mask:		0x1\r\n	Accesses:		ReadData (or ListDirectory)\r\n				\r\n'),
(983, 'Audit Success', '0000-00-00 00:00:00.000000', 'Microsoft-Windows-Security-Auditing', '5140', 'File Share', 'A network share object was accessed.\r\n	\r\nSubject:\r\n	Security ID:		ATOM\\Administrator\r\n	Account Name:		Administrator\r\n	Account Domain:		ATOM\r\n	Logon ID:		0x4E754\r\n\r\nNetwork Information:	\r\n	Object Type:		File\r\n	Source Address:		fe80::18fd:2a50:fe66:a983\r\n	Source Port:		56931\r\n	\r\nShare Information:\r\n	Share Name:		\\\\*\\ITSM\r\n	Share Path:		\\??\\C:\\Users\\Administrator\\Documents\\ITSM\r\n\r\nAccess Request Information:\r\n	Access Mask:		0x1\r\n	Accesses:		ReadData (or ListDirectory)\r\n				\r\n'),
(984, 'Audit Success', '0000-00-00 00:00:00.000000', 'Microsoft-Windows-Security-Auditing', '5140', 'File Share', 'A network share object was accessed.\r\n	\r\nSubject:\r\n	Security ID:		SYSTEM\r\n	Account Name:		SERVER2019$\r\n	Account Domain:		ATOM\r\n	Logon ID:		0x2ECCC5\r\n\r\nNetwork Information:	\r\n	Object Type:		File\r\n	Source Address:		fe80::18fd:2a50:fe66:a983\r\n	Source Port:		56970\r\n	\r\nShare Information:\r\n	Share Name:		\\\\*\\SYSVOL\r\n	Share Path:		\\??\\C:\\Windows\\SYSVOL\\sysvol\r\n\r\nAccess Request Information:\r\n	Access Mask:		0x1\r\n	Accesses:		ReadData (or ListDirectory)\r\n				\r\n'),
(985, 'Audit Success', '0000-00-00 00:00:00.000000', 'Microsoft-Windows-Security-Auditing', '5140', 'File Share', 'A network share object was accessed.\r\n	\r\nSubject:\r\n	Security ID:		ATOM\\WINDOWS10$\r\n	Account Name:		WINDOWS10$\r\n	Account Domain:		ATOM\r\n	Logon ID:		0x1F1C2A\r\n\r\nNetwork Information:	\r\n	Object Type:		File\r\n	Source Address:		172.16.117.35\r\n	Source Port:		50012\r\n	\r\nShare Information:\r\n	Share Name:		\\\\*\\IPC$\r\n	Share Path:		\r\n\r\nAccess Request Information:\r\n	Access Mask:		0x1\r\n	Accesses:		ReadData (or ListDirectory)\r\n				\r\n'),
(986, 'Audit Success', '0000-00-00 00:00:00.000000', 'Microsoft-Windows-Security-Auditing', '5140', 'File Share', 'A network share object was accessed.\r\n	\r\nSubject:\r\n	Security ID:		ATOM\\WINDOWS10$\r\n	Account Name:		WINDOWS10$\r\n	Account Domain:		ATOM\r\n	Logon ID:		0x2E99CD\r\n\r\nNetwork Information:	\r\n	Object Type:		File\r\n	Source Address:		172.16.117.35\r\n	Source Port:		50148\r\n	\r\nShare Information:\r\n	Share Name:		\\\\*\\SYSVOL\r\n	Share Path:		\\??\\C:\\Windows\\SYSVOL\\sysvol\r\n\r\nAccess Request Information:\r\n	Access Mask:		0x1\r\n	Accesses:		ReadData (or ListDirectory)\r\n				\r\n'),
(987, 'Audit Success', '0000-00-00 00:00:00.000000', 'Microsoft-Windows-Security-Auditing', '5140', 'File Share', 'A network share object was accessed.\r\n	\r\nSubject:\r\n	Security ID:		SYSTEM\r\n	Account Name:		SERVER2019$\r\n	Account Domain:		ATOM\r\n	Logon ID:		0x2E540C\r\n\r\nNetwork Information:	\r\n	Object Type:		File\r\n	Source Address:		fe80::18fd:2a50:fe66:a983\r\n	Source Port:		56954\r\n	\r\nShare Information:\r\n	Share Name:		\\\\*\\SYSVOL\r\n	Share Path:		\\??\\C:\\Windows\\SYSVOL\\sysvol\r\n\r\nAccess Request Information:\r\n	Access Mask:		0x1\r\n	Accesses:		ReadData (or ListDirectory)\r\n				\r\n'),
(988, 'Audit Success', '0000-00-00 00:00:00.000000', 'Microsoft-Windows-Security-Auditing', '5140', 'File Share', 'A network share object was accessed.\r\n	\r\nSubject:\r\n	Security ID:		ATOM\\WINDOWS10$\r\n	Account Name:		WINDOWS10$\r\n	Account Domain:		ATOM\r\n	Logon ID:		0x2E65E7\r\n\r\nNetwork Information:	\r\n	Object Type:		File\r\n	Source Address:		172.16.117.35\r\n	Source Port:		50140\r\n	\r\nShare Information:\r\n	Share Name:		\\\\*\\IPC$\r\n	Share Path:		\r\n\r\nAccess Request Information:\r\n	Access Mask:		0x1\r\n	Accesses:		ReadData (or ListDirectory)\r\n				\r\n'),
(989, 'Audit Success', '0000-00-00 00:00:00.000000', 'Microsoft-Windows-Security-Auditing', '5140', 'File Share', 'A network share object was accessed.\r\n	\r\nSubject:\r\n	Security ID:		SYSTEM\r\n	Account Name:		SERVER2019$\r\n	Account Domain:		ATOM\r\n	Logon ID:		0x367667\r\n\r\nNetwork Information:	\r\n	Object Type:		File\r\n	Source Address:		fe80::18fd:2a50:fe66:a983\r\n	Source Port:		56931\r\n	\r\nShare Information:\r\n	Share Name:		\\\\*\\SYSVOL\r\n	Share Path:		\\??\\C:\\Windows\\SYSVOL\\sysvol\r\n\r\nAccess Request Information:\r\n	Access Mask:		0x1\r\n	Accesses:		ReadData (or ListDirectory)\r\n				\r\n'),
(990, 'Audit Success', '0000-00-00 00:00:00.000000', 'Microsoft-Windows-Security-Auditing', '5140', 'File Share', 'A network share object was accessed.\r\n	\r\nSubject:\r\n	Security ID:		SYSTEM\r\n	Account Name:		SERVER2019$\r\n	Account Domain:		ATOM\r\n	Logon ID:		0x35D299\r\n\r\nNetwork Information:	\r\n	Object Type:		File\r\n	Source Address:		fe80::18fd:2a50:fe66:a983\r\n	Source Port:		57076\r\n	\r\nShare Information:\r\n	Share Name:		\\\\*\\SYSVOL\r\n	Share Path:		\\??\\C:\\Windows\\SYSVOL\\sysvol\r\n\r\nAccess Request Information:\r\n	Access Mask:		0x1\r\n	Accesses:		ReadData (or ListDirectory)\r\n				\r\n'),
(991, 'Audit Success', '0000-00-00 00:00:00.000000', 'Microsoft-Windows-Security-Auditing', '5140', 'File Share', 'A network share object was accessed.\r\n	\r\nSubject:\r\n	Security ID:		SYSTEM\r\n	Account Name:		SERVER2019$\r\n	Account Domain:		ATOM\r\n	Logon ID:		0x36C380\r\n\r\nNetwork Information:	\r\n	Object Type:		File\r\n	Source Address:		fe80::18fd:2a50:fe66:a983\r\n	Source Port:		57101\r\n	\r\nShare Information:\r\n	Share Name:		\\\\*\\SYSVOL\r\n	Share Path:		\\??\\C:\\Windows\\SYSVOL\\sysvol\r\n\r\nAccess Request Information:\r\n	Access Mask:		0x1\r\n	Accesses:		ReadData (or ListDirectory)\r\n				\r\n'),
(992, 'Audit Success', '0000-00-00 00:00:00.000000', 'Microsoft-Windows-Security-Auditing', '5140', 'File Share', 'A network share object was accessed.\r\n	\r\nSubject:\r\n	Security ID:		ATOM\\Administrator\r\n	Account Name:		Administrator\r\n	Account Domain:		ATOM\r\n	Logon ID:		0x4E754\r\n\r\nNetwork Information:	\r\n	Object Type:		File\r\n	Source Address:		fe80::18fd:2a50:fe66:a983\r\n	Source Port:		57101\r\n	\r\nShare Information:\r\n	Share Name:		\\\\*\\SYSVOL\r\n	Share Path:		\\??\\C:\\Windows\\SYSVOL\\sysvol\r\n\r\nAccess Request Information:\r\n	Access Mask:		0x1\r\n	Accesses:		ReadData (or ListDirectory)\r\n				\r\n'),
(993, 'Audit Success', '0000-00-00 00:00:00.000000', 'Microsoft-Windows-Security-Auditing', '5140', 'File Share', 'A network share object was accessed.\r\n	\r\nSubject:\r\n	Security ID:		ATOM\\Administrator\r\n	Account Name:		Administrator\r\n	Account Domain:		ATOM\r\n	Logon ID:		0x4E754\r\n\r\nNetwork Information:	\r\n	Object Type:		File\r\n	Source Address:		fe80::18fd:2a50:fe66:a983\r\n	Source Port:		57101\r\n	\r\nShare Information:\r\n	Share Name:		\\\\*\\IPC$\r\n	Share Path:		\r\n\r\nAccess Request Information:\r\n	Access Mask:		0x1\r\n	Accesses:		ReadData (or ListDirectory)\r\n				\r\n'),
(994, 'Audit Success', '0000-00-00 00:00:00.000000', 'Microsoft-Windows-Security-Auditing', '5140', 'File Share', 'A network share object was accessed.\r\n	\r\nSubject:\r\n	Security ID:		SYSTEM\r\n	Account Name:		SERVER2019$\r\n	Account Domain:		ATOM\r\n	Logon ID:		0x374CA9\r\n\r\nNetwork Information:	\r\n	Object Type:		File\r\n	Source Address:		fe80::18fd:2a50:fe66:a983\r\n	Source Port:		57114\r\n	\r\nShare Information:\r\n	Share Name:		\\\\*\\SYSVOL\r\n	Share Path:		\\??\\C:\\Windows\\SYSVOL\\sysvol\r\n\r\nAccess Request Information:\r\n	Access Mask:		0x1\r\n	Accesses:		ReadData (or ListDirectory)\r\n				\r\n'),
(995, 'Audit Success', '0000-00-00 00:00:00.000000', 'Microsoft-Windows-Security-Auditing', '5140', 'File Share', 'A network share object was accessed.\r\n	\r\nSubject:\r\n	Security ID:		SYSTEM\r\n	Account Name:		SERVER2019$\r\n	Account Domain:		ATOM\r\n	Logon ID:		0x326B97\r\n\r\nNetwork Information:	\r\n	Object Type:		File\r\n	Source Address:		fe80::18fd:2a50:fe66:a983\r\n	Source Port:		57020\r\n	\r\nShare Information:\r\n	Share Name:		\\\\*\\SYSVOL\r\n	Share Path:		\\??\\C:\\Windows\\SYSVOL\\sysvol\r\n\r\nAccess Request Information:\r\n	Access Mask:		0x1\r\n	Accesses:		ReadData (or ListDirectory)\r\n				\r\n'),
(996, 'Audit Success', '0000-00-00 00:00:00.000000', 'Microsoft-Windows-Security-Auditing', '5140', 'File Share', 'A network share object was accessed.\r\n	\r\nSubject:\r\n	Security ID:		ATOM\\Administrator\r\n	Account Name:		Administrator\r\n	Account Domain:		ATOM\r\n	Logon ID:		0x4E754\r\n\r\nNetwork Information:	\r\n	Object Type:		File\r\n	Source Address:		fe80::18fd:2a50:fe66:a983\r\n	Source Port:		57115\r\n	\r\nShare Information:\r\n	Share Name:		\\\\*\\SYSVOL\r\n	Share Path:		\\??\\C:\\Windows\\SYSVOL\\sysvol\r\n\r\nAccess Request Information:\r\n	Access Mask:		0x1\r\n	Accesses:		ReadData (or ListDirectory)\r\n				\r\n'),
(997, 'Audit Success', '0000-00-00 00:00:00.000000', 'Microsoft-Windows-Security-Auditing', '5140', 'File Share', 'A network share object was accessed.\r\n	\r\nSubject:\r\n	Security ID:		NETWORK SERVICE\r\n	Account Name:		SERVER2019$\r\n	Account Domain:		ATOM\r\n	Logon ID:		0x3E4\r\n\r\nNetwork Information:	\r\n	Object Type:		File\r\n	Source Address:		fe80::18fd:2a50:fe66:a983\r\n	Source Port:		57122\r\n	\r\nShare Information:\r\n	Share Name:		\\\\*\\IPC$\r\n	Share Path:		\r\n\r\nAccess Request Information:\r\n	Access Mask:		0x1\r\n	Accesses:		ReadData (or ListDirectory)\r\n				\r\n'),
(998, 'Audit Success', '0000-00-00 00:00:00.000000', 'Microsoft-Windows-Security-Auditing', '5140', 'File Share', 'A network share object was accessed.\r\n	\r\nSubject:\r\n	Security ID:		SYSTEM\r\n	Account Name:		SERVER2019$\r\n	Account Domain:		ATOM\r\n	Logon ID:		0x3759A0\r\n\r\nNetwork Information:	\r\n	Object Type:		File\r\n	Source Address:		fe80::18fd:2a50:fe66:a983\r\n	Source Port:		57115\r\n	\r\nShare Information:\r\n	Share Name:		\\\\*\\SYSVOL\r\n	Share Path:		\\??\\C:\\Windows\\SYSVOL\\sysvol\r\n\r\nAccess Request Information:\r\n	Access Mask:		0x1\r\n	Accesses:		ReadData (or ListDirectory)\r\n				\r\n'),
