(321, 'Audit Success', '0000-00-00 00:00:00', 'Microsoft-Windows-Security-Auditing', '4624', 'Logon', 'An account was successfully logged on.\r\n\r\nSubject:\r\n	Security ID:		SYSTEM\r\n	Account Name:		DESKTOP-MAIFOE4$\r\n	Account Domain:		WORKGROUP\r\n	Logon ID:		0x3E7\r\n\r\nLogon Information:\r\n	Logon Type:		5\r\n	Restricted Admin Mode:	-\r\n	Virtual Account:		No\r\n	Elevated Token:		Yes\r\n\r\nImpersonation Level:		Impersonation\r\n\r\nNew Logon:\r\n	Security ID:		SYSTEM\r\n	Account Name:		SYSTEM\r\n	Account Domain:		NT AUTHORITY\r\n	Logon ID:		0x3E7\r\n	Linked Logon ID:		0x0\r\n	Network Account Name:	-\r\n	Network Account Domain:	-\r\n	Logon GUID:		{00000000-0000-0000-0000-000000000000}\r\n\r\nProcess Information:\r\n	Process ID:		0x304\r\n	Process Name:		C:\\Windows\\System32\\services.exe\r\n\r\nNetwork Information:\r\n	Workstation Name:	-\r\n	Source Network Address:	-\r\n	Source Port:		-\r\n\r\nDetailed Authentication Information:\r\n	Logon Process:		Advapi  \r\n	Authentication Package:	Negotiate\r\n	Transited Services:	-\r\n	Package Name (NTLM only):	-\r\n	Key Length:		0\r\n\r\nThis event is generated when a logon session is created. It is generated on the compu'),
(322, 'Audit Success', '0000-00-00 00:00:00', 'Microsoft-Windows-Security-Auditing', '4799', 'Security Group Management', 'A security-enabled local group membership was enumerated.\r\n\r\nSubject:\r\n	Security ID:		SYSTEM\r\n	Account Name:		DESKTOP-MAIFOE4$\r\n	Account Domain:		WORKGROUP\r\n	Logon ID:		0x3E7\r\n\r\nGroup:\r\n	Security ID:		BUILTIN\\Administrators\r\n	Group Name:		Administrators\r\n	Group Domain:		Builtin\r\n\r\nProcess Information:\r\n	Process ID:		0x4a4\r\n	Process Name:		C:\\Windows\\System32\\svchost.exe'),
(323, 'Audit Success', '0000-00-00 00:00:00', 'Microsoft-Windows-Security-Auditing', '4672', 'Special Logon', 'Special privileges assigned to new logon.\r\n\r\nSubject:\r\n	Security ID:		DESKTOP-MAIFOE4\\FELIXOH\r\n	Account Name:		FELIXOH\r\n	Account Domain:		DESKTOP-MAIFOE4\r\n	Logon ID:		0x255A45\r\n\r\nPrivileges:		SeSecurityPrivilege\r\n			SeTakeOwnershipPrivilege\r\n			SeLoadDriverPrivilege\r\n			SeBackupPrivilege\r\n			SeRestorePrivilege\r\n			SeDebugPrivilege\r\n			SeSystemEnvironmentPrivilege\r\n			SeImpersonatePrivilege\r\n			SeDelegateSessionUserImpersonatePrivilege'),
(324, 'Audit Success', '0000-00-00 00:00:00', 'Microsoft-Windows-Security-Auditing', '4624', 'Logon', 'An account was successfully logged on.\r\n\r\nSubject:\r\n	Security ID:		SYSTEM\r\n	Account Name:		DESKTOP-MAIFOE4$\r\n	Account Domain:		WORKGROUP\r\n	Logon ID:		0x3E7\r\n\r\nLogon Information:\r\n	Logon Type:		2\r\n	Restricted Admin Mode:	-\r\n	Virtual Account:		No\r\n	Elevated Token:		No\r\n\r\nImpersonation Level:		Impersonation\r\n\r\nNew Logon:\r\n	Security ID:		DESKTOP-MAIFOE4\\FELIXOH\r\n	Account Name:		FELIXOH\r\n	Account Domain:		DESKTOP-MAIFOE4\r\n	Logon ID:		0x255A69\r\n	Linked Logon ID:		0x255A45\r\n	Network Account Name:	-\r\n	Network Account Domain:	-\r\n	Logon GUID:		{00000000-0000-0000-0000-000000000000}\r\n\r\nProcess Information:\r\n	Process ID:		0x618\r\n	Process Name:		C:\\Windows\\System32\\svchost.exe\r\n\r\nNetwork Information:\r\n	Workstation Name:	DESKTOP-MAIFOE4\r\n	Source Network Address:	127.0.0.1\r\n	Source Port:		0\r\n\r\nDetailed Authentication Information:\r\n	Logon Process:		User32 \r\n	Authentication Package:	Negotiate\r\n	Transited Services:	-\r\n	Package Name (NTLM only):	-\r\n	Key Length:		0\r\n\r\nThis event is generated when a logon '),
(325, 'Audit Success', '0000-00-00 00:00:00', 'Microsoft-Windows-Security-Auditing', '4624', 'Logon', 'An account was successfully logged on.\r\n\r\nSubject:\r\n	Security ID:		SYSTEM\r\n	Account Name:		DESKTOP-MAIFOE4$\r\n	Account Domain:		WORKGROUP\r\n	Logon ID:		0x3E7\r\n\r\nLogon Information:\r\n	Logon Type:		2\r\n	Restricted Admin Mode:	-\r\n	Virtual Account:		No\r\n	Elevated Token:		Yes\r\n\r\nImpersonation Level:		Impersonation\r\n\r\nNew Logon:\r\n	Security ID:		DESKTOP-MAIFOE4\\FELIXOH\r\n	Account Name:		FELIXOH\r\n	Account Domain:		DESKTOP-MAIFOE4\r\n	Logon ID:		0x255A45\r\n	Linked Logon ID:		0x255A69\r\n	Network Account Name:	-\r\n	Network Account Domain:	-\r\n	Logon GUID:		{00000000-0000-0000-0000-000000000000}\r\n\r\nProcess Information:\r\n	Process ID:		0x618\r\n	Process Name:		C:\\Windows\\System32\\svchost.exe\r\n\r\nNetwork Information:\r\n	Workstation Name:	DESKTOP-MAIFOE4\r\n	Source Network Address:	127.0.0.1\r\n	Source Port:		0\r\n\r\nDetailed Authentication Information:\r\n	Logon Process:		User32 \r\n	Authentication Package:	Negotiate\r\n	Transited Services:	-\r\n	Package Name (NTLM only):	-\r\n	Key Length:		0\r\n\r\nThis event is generated when a logon'),
(326, 'Audit Success', '0000-00-00 00:00:00', 'Microsoft-Windows-Security-Auditing', '4648', 'Logon', 'A logon was attempted using explicit credentials.\r\n\r\nSubject:\r\n	Security ID:		SYSTEM\r\n	Account Name:		DESKTOP-MAIFOE4$\r\n	Account Domain:		WORKGROUP\r\n	Logon ID:		0x3E7\r\n	Logon GUID:		{00000000-0000-0000-0000-000000000000}\r\n\r\nAccount Whose Credentials Were Used:\r\n	Account Name:		FELIXOH\r\n	Account Domain:		DESKTOP-MAIFOE4\r\n	Logon GUID:		{00000000-0000-0000-0000-000000000000}\r\n\r\nTarget Server:\r\n	Target Server Name:	localhost\r\n	Additional Information:	localhost\r\n\r\nProcess Information:\r\n	Process ID:		0x618\r\n	Process Name:		C:\\Windows\\System32\\svchost.exe\r\n\r\nNetwork Information:\r\n	Network Address:	127.0.0.1\r\n	Port:			0\r\n\r\nThis event is generated when a process attempts to log on an account by explicitly specifying that accounts credentials.  This most commonly occurs in batch-type configurations such as scheduled tasks, or when using the RUNAS command.'),
(327, 'Audit Success', '0000-00-00 00:00:00', 'Microsoft-Windows-Security-Auditing', '4672', 'Special Logon', 'Special privileges assigned to new logon.\r\n\r\nSubject:\r\n	Security ID:		SYSTEM\r\n	Account Name:		SYSTEM\r\n	Account Domain:		NT AUTHORITY\r\n	Logon ID:		0x3E7\r\n\r\nPrivileges:		SeAssignPrimaryTokenPrivilege\r\n			SeTcbPrivilege\r\n			SeSecurityPrivilege\r\n			SeTakeOwnershipPrivilege\r\n			SeLoadDriverPrivilege\r\n			SeBackupPrivilege\r\n			SeRestorePrivilege\r\n			SeDebugPrivilege\r\n			SeAuditPrivilege\r\n			SeSystemEnvironmentPrivilege\r\n			SeImpersonatePrivilege\r\n			SeDelegateSessionUserImpersonatePrivilege'),
(328, 'Audit Success', '0000-00-00 00:00:00', 'Microsoft-Windows-Security-Auditing', '4624', 'Logon', 'An account was successfully logged on.\r\n\r\nSubject:\r\n	Security ID:		SYSTEM\r\n	Account Name:		DESKTOP-MAIFOE4$\r\n	Account Domain:		WORKGROUP\r\n	Logon ID:		0x3E7\r\n\r\nLogon Information:\r\n	Logon Type:		5\r\n	Restricted Admin Mode:	-\r\n	Virtual Account:		No\r\n	Elevated Token:		Yes\r\n\r\nImpersonation Level:		Impersonation\r\n\r\nNew Logon:\r\n	Security ID:		SYSTEM\r\n	Account Name:		SYSTEM\r\n	Account Domain:		NT AUTHORITY\r\n	Logon ID:		0x3E7\r\n	Linked Logon ID:		0x0\r\n	Network Account Name:	-\r\n	Network Account Domain:	-\r\n	Logon GUID:		{00000000-0000-0000-0000-000000000000}\r\n\r\nProcess Information:\r\n	Process ID:		0x304\r\n	Process Name:		C:\\Windows\\System32\\services.exe\r\n\r\nNetwork Information:\r\n	Workstation Name:	-\r\n	Source Network Address:	-\r\n	Source Port:		-\r\n\r\nDetailed Authentication Information:\r\n	Logon Process:		Advapi  \r\n	Authentication Package:	Negotiate\r\n	Transited Services:	-\r\n	Package Name (NTLM only):	-\r\n	Key Length:		0\r\n\r\nThis event is generated when a logon session is created. It is generated on the compu'),
(329, 'Audit Success', '0000-00-00 00:00:00', 'Microsoft-Windows-Security-Auditing', '4634', 'Logoff', 'An account was logged off.\r\n\r\nSubject:\r\n	Security ID:		Window Manager\\DWM-1\r\n	Account Name:		DWM-1\r\n	Account Domain:		Window Manager\r\n	Logon ID:		0x108E8\r\n\r\nLogon Type:			2\r\n\r\nThis event is generated when a logon session is destroyed. It may be positively correlated with a logon event using the Logon ID value. Logon IDs are only unique between reboots on the same computer.'),
(330, 'Audit Success', '0000-00-00 00:00:00', 'Microsoft-Windows-Security-Auditing', '4634', 'Logoff', 'An account was logged off.\r\n\r\nSubject:\r\n	Security ID:		Window Manager\\DWM-1\r\n	Account Name:		DWM-1\r\n	Account Domain:		Window Manager\r\n	Logon ID:		0x10920\r\n\r\nLogon Type:			2\r\n\r\nThis event is generated when a logon session is destroyed. It may be positively correlated with a logon event using the Logon ID value. Logon IDs are only unique between reboots on the same computer.'),
(331, 'Audit Success', '0000-00-00 00:00:00', 'Microsoft-Windows-Security-Auditing', '4634', 'Logoff', 'An account was logged off.\r\n\r\nSubject:\r\n	Security ID:		Font Driver Host\\UMFD-1\r\n	Account Name:		UMFD-1\r\n	Account Domain:		Font Driver Host\r\n	Logon ID:		0xA910\r\n\r\nLogon Type:			2\r\n\r\nThis event is generated when a logon session is destroyed. It may be positively correlated with a logon event using the Logon ID value. Logon IDs are only unique between reboots on the same computer.'),
(332, 'Audit Success', '0000-00-00 00:00:00', 'Microsoft-Windows-Security-Auditing', '4798', 'User Account Management', 'A user\'s local group membership was enumerated.\r\n\r\nSubject:\r\n	Security ID:		SYSTEM\r\n	Account Name:		DESKTOP-MAIFOE4$\r\n	Account Domain:		WORKGROUP\r\n	Logon ID:		0x3E7\r\n\r\nUser:\r\n	Security ID:		DESKTOP-MAIFOE4\\WDAGUtilityAccount\r\n	Account Name:		WDAGUtilityAccount\r\n	Account Domain:		DESKTOP-MAIFOE4\r\n\r\nProcess Information:\r\n	Process ID:		0x618\r\n	Process Name:		C:\\Windows\\System32\\svchost.exe'),
(333, 'Audit Success', '0000-00-00 00:00:00', 'Microsoft-Windows-Security-Auditing', '4798', 'User Account Management', 'A user\'s local group membership was enumerated.\r\n\r\nSubject:\r\n	Security ID:		SYSTEM\r\n	Account Name:		DESKTOP-MAIFOE4$\r\n	Account Domain:		WORKGROUP\r\n	Logon ID:		0x3E7\r\n\r\nUser:\r\n	Security ID:		DESKTOP-MAIFOE4\\Guest\r\n	Account Name:		Guest\r\n	Account Domain:		DESKTOP-MAIFOE4\r\n\r\nProcess Information:\r\n	Process ID:		0x618\r\n	Process Name:		C:\\Windows\\System32\\svchost.exe'),
(334, 'Audit Success', '0000-00-00 00:00:00', 'Microsoft-Windows-Security-Auditing', '4798', 'User Account Management', 'A user\'s local group membership was enumerated.\r\n\r\nSubject:\r\n	Security ID:		SYSTEM\r\n	Account Name:		DESKTOP-MAIFOE4$\r\n	Account Domain:		WORKGROUP\r\n	Logon ID:		0x3E7\r\n\r\nUser:\r\n	Security ID:		DESKTOP-MAIFOE4\\FELIXOH\r\n	Account Name:		FELIXOH\r\n	Account Domain:		DESKTOP-MAIFOE4\r\n\r\nProcess Information:\r\n	Process ID:		0x618\r\n	Process Name:		C:\\Windows\\System32\\svchost.exe'),
(335, 'Audit Success', '0000-00-00 00:00:00', 'Microsoft-Windows-Security-Auditing', '4798', 'User Account Management', 'A user\'s local group membership was enumerated.\r\n\r\nSubject:\r\n	Security ID:		SYSTEM\r\n	Account Name:		DESKTOP-MAIFOE4$\r\n	Account Domain:		WORKGROUP\r\n	Logon ID:		0x3E7\r\n\r\nUser:\r\n	Security ID:		DESKTOP-MAIFOE4\\DefaultAccount\r\n	Account Name:		DefaultAccount\r\n	Account Domain:		DESKTOP-MAIFOE4\r\n\r\nProcess Information:\r\n	Process ID:		0x618\r\n	Process Name:		C:\\Windows\\System32\\svchost.exe'),
(336, 'Audit Success', '0000-00-00 00:00:00', 'Microsoft-Windows-Security-Auditing', '4798', 'User Account Management', 'A user\'s local group membership was enumerated.\r\n\r\nSubject:\r\n	Security ID:		SYSTEM\r\n	Account Name:		DESKTOP-MAIFOE4$\r\n	Account Domain:		WORKGROUP\r\n	Logon ID:		0x3E7\r\n\r\nUser:\r\n	Security ID:		DESKTOP-MAIFOE4\\Administrator\r\n	Account Name:		Administrator\r\n	Account Domain:		DESKTOP-MAIFOE4\r\n\r\nProcess Information:\r\n	Process ID:		0x618\r\n	Process Name:		C:\\Windows\\System32\\svchost.exe'),
(337, 'Audit Success', '0000-00-00 00:00:00', 'Microsoft-Windows-Security-Auditing', '4647', 'Logoff', 'User initiated logoff:\r\n\r\nSubject:\r\n	Security ID:		DESKTOP-MAIFOE4\\FELIXOH\r\n	Account Name:		FELIXOH\r\n	Account Domain:		DESKTOP-MAIFOE4\r\n	Logon ID:		0x639E8\r\n\r\nThis event is generated when a logoff is initiated. No further user-initiated activity can occur. This event can be interpreted as a logoff event.'),
(338, 'Audit Success', '0000-00-00 00:00:00', 'Microsoft-Windows-Security-Auditing', '4672', 'Special Logon', 'Special privileges assigned to new logon.\r\n\r\nSubject:\r\n	Security ID:		Window Manager\\DWM-2\r\n	Account Name:		DWM-2\r\n	Account Domain:		Window Manager\r\n	Logon ID:		0x22BAA0\r\n\r\nPrivileges:		SeAssignPrimaryTokenPrivilege\r\n			SeAuditPrivilege'),
(339, 'Audit Success', '0000-00-00 00:00:00', 'Microsoft-Windows-Security-Auditing', '4672', 'Special Logon', 'Special privileges assigned to new logon.\r\n\r\nSubject:\r\n	Security ID:		Window Manager\\DWM-2\r\n	Account Name:		DWM-2\r\n	Account Domain:		Window Manager\r\n	Logon ID:		0x22BA81\r\n\r\nPrivileges:		SeAssignPrimaryTokenPrivilege\r\n			SeAuditPrivilege\r\n			SeImpersonatePrivilege'),
(340, 'Audit Success', '0000-00-00 00:00:00', 'Microsoft-Windows-Security-Auditing', '4624', 'Logon', 'An account was successfully logged on.\r\n\r\nSubject:\r\n	Security ID:		SYSTEM\r\n	Account Name:		DESKTOP-MAIFOE4$\r\n	Account Domain:		WORKGROUP\r\n	Logon ID:		0x3E7\r\n\r\nLogon Information:\r\n	Logon Type:		2\r\n	Restricted Admin Mode:	-\r\n	Virtual Account:		Yes\r\n	Elevated Token:		No\r\n\r\nImpersonation Level:		Impersonation\r\n\r\nNew Logon:\r\n	Security ID:		Window Manager\\DWM-2\r\n	Account Name:		DWM-2\r\n	Account Domain:		Window Manager\r\n	Logon ID:		0x22BAA0\r\n	Linked Logon ID:		0x22BA81\r\n	Network Account Name:	-\r\n	Network Account Domain:	-\r\n	Logon GUID:		{00000000-0000-0000-0000-000000000000}\r\n\r\nProcess Information:\r\n	Process ID:		0xbbc\r\n	Process Name:		C:\\Windows\\System32\\winlogon.exe\r\n\r\nNetwork Information:\r\n	Workstation Name:	-\r\n	Source Network Address:	-\r\n	Source Port:		-\r\n\r\nDetailed Authentication Information:\r\n	Logon Process:		Advapi  \r\n	Authentication Package:	Negotiate\r\n	Transited Services:	-\r\n	Package Name (NTLM only):	-\r\n	Key Length:		0\r\n\r\nThis event is generated when a logon session is created. It is');
INSERT INTO `login` (`ID`, `keywords`, `timestamp`, `source`, `event_id`, `task-category`, `description`) VALUES
(341, 'Audit Success', '0000-00-00 00:00:00', 'Microsoft-Windows-Security-Auditing', '4624', 'Logon', 'An account was successfully logged on.\r\n\r\nSubject:\r\n	Security ID:		SYSTEM\r\n	Account Name:		DESKTOP-MAIFOE4$\r\n	Account Domain:		WORKGROUP\r\n	Logon ID:		0x3E7\r\n\r\nLogon Information:\r\n	Logon Type:		2\r\n	Restricted Admin Mode:	-\r\n	Virtual Account:		Yes\r\n	Elevated Token:		Yes\r\n\r\nImpersonation Level:		Impersonation\r\n\r\nNew Logon:\r\n	Security ID:		Window Manager\\DWM-2\r\n	Account Name:		DWM-2\r\n	Account Domain:		Window Manager\r\n	Logon ID:		0x22BA81\r\n	Linked Logon ID:		0x22BAA0\r\n	Network Account Name:	-\r\n	Network Account Domain:	-\r\n	Logon GUID:		{00000000-0000-0000-0000-000000000000}\r\n\r\nProcess Information:\r\n	Process ID:		0xbbc\r\n	Process Name:		C:\\Windows\\System32\\winlogon.exe\r\n\r\nNetwork Information:\r\n	Workstation Name:	-\r\n	Source Network Address:	-\r\n	Source Port:		-\r\n\r\nDetailed Authentication Information:\r\n	Logon Process:		Advapi  \r\n	Authentication Package:	Negotiate\r\n	Transited Services:	-\r\n	Package Name (NTLM only):	-\r\n	Key Length:		0\r\n\r\nThis event is generated when a logon session is created. It i'),
(342, 'Audit Success', '0000-00-00 00:00:00', 'Microsoft-Windows-Security-Auditing', '4648', 'Logon', 'A logon was attempted using explicit credentials.\r\n\r\nSubject:\r\n	Security ID:		SYSTEM\r\n	Account Name:		DESKTOP-MAIFOE4$\r\n	Account Domain:		WORKGROUP\r\n	Logon ID:		0x3E7\r\n	Logon GUID:		{00000000-0000-0000-0000-000000000000}\r\n\r\nAccount Whose Credentials Were Used:\r\n	Account Name:		DWM-2\r\n	Account Domain:		Window Manager\r\n	Logon GUID:		{00000000-0000-0000-0000-000000000000}\r\n\r\nTarget Server:\r\n	Target Server Name:	localhost\r\n	Additional Information:	localhost\r\n\r\nProcess Information:\r\n	Process ID:		0xbbc\r\n	Process Name:		C:\\Windows\\System32\\winlogon.exe\r\n\r\nNetwork Information:\r\n	Network Address:	-\r\n	Port:			-\r\n\r\nThis event is generated when a process attempts to log on an account by explicitly specifying that accounts credentials.  This most commonly occurs in batch-type configurations such as scheduled tasks, or when using the RUNAS command.'),
(343, 'Audit Success', '0000-00-00 00:00:00', 'Microsoft-Windows-Security-Auditing', '4624', 'Logon', 'An account was successfully logged on.\r\n\r\nSubject:\r\n	Security ID:		SYSTEM\r\n	Account Name:		DESKTOP-MAIFOE4$\r\n	Account Domain:		WORKGROUP\r\n	Logon ID:		0x3E7\r\n\r\nLogon Information:\r\n	Logon Type:		2\r\n	Restricted Admin Mode:	-\r\n	Virtual Account:		Yes\r\n	Elevated Token:		No\r\n\r\nImpersonation Level:		Impersonation\r\n\r\nNew Logon:\r\n	Security ID:		Font Driver Host\\UMFD-2\r\n	Account Name:		UMFD-2\r\n	Account Domain:		Font Driver Host\r\n	Logon ID:		0x22B1A0\r\n	Linked Logon ID:		0x0\r\n	Network Account Name:	-\r\n	Network Account Domain:	-\r\n	Logon GUID:		{00000000-0000-0000-0000-000000000000}\r\n\r\nProcess Information:\r\n	Process ID:		0xbbc\r\n	Process Name:		C:\\Windows\\System32\\winlogon.exe\r\n\r\nNetwork Information:\r\n	Workstation Name:	-\r\n	Source Network Address:	-\r\n	Source Port:		-\r\n\r\nDetailed Authentication Information:\r\n	Logon Process:		Advapi  \r\n	Authentication Package:	Negotiate\r\n	Transited Services:	-\r\n	Package Name (NTLM only):	-\r\n	Key Length:		0\r\n\r\nThis event is generated when a logon session is created. It i'),
(344, 'Audit Success', '0000-00-00 00:00:00', 'Microsoft-Windows-Security-Auditing', '4648', 'Logon', 'A logon was attempted using explicit credentials.\r\n\r\nSubject:\r\n	Security ID:		SYSTEM\r\n	Account Name:		DESKTOP-MAIFOE4$\r\n	Account Domain:		WORKGROUP\r\n	Logon ID:		0x3E7\r\n	Logon GUID:		{00000000-0000-0000-0000-000000000000}\r\n\r\nAccount Whose Credentials Were Used:\r\n	Account Name:		UMFD-2\r\n	Account Domain:		Font Driver Host\r\n	Logon GUID:		{00000000-0000-0000-0000-000000000000}\r\n\r\nTarget Server:\r\n	Target Server Name:	localhost\r\n	Additional Information:	localhost\r\n\r\nProcess Information:\r\n	Process ID:		0xbbc\r\n	Process Name:		C:\\Windows\\System32\\winlogon.exe\r\n\r\nNetwork Information:\r\n	Network Address:	-\r\n	Port:			-\r\n\r\nThis event is generated when a process attempts to log on an account by explicitly specifying that accounts credentials.  This most commonly occurs in batch-type configurations such as scheduled tasks, or when using the RUNAS command.'),
(345, 'Audit Success', '0000-00-00 00:00:00', 'Microsoft-Windows-Security-Auditing', '4672', 'Special Logon', 'Special privileges assigned to new logon.\r\n\r\nSubject:\r\n	Security ID:		SYSTEM\r\n	Account Name:		SYSTEM\r\n	Account Domain:		NT AUTHORITY\r\n	Logon ID:		0x3E7\r\n\r\nPrivileges:		SeAssignPrimaryTokenPrivilege\r\n			SeTcbPrivilege\r\n			SeSecurityPrivilege\r\n			SeTakeOwnershipPrivilege\r\n			SeLoadDriverPrivilege\r\n			SeBackupPrivilege\r\n			SeRestorePrivilege\r\n			SeDebugPrivilege\r\n			SeAuditPrivilege\r\n			SeSystemEnvironmentPrivilege\r\n			SeImpersonatePrivilege\r\n			SeDelegateSessionUserImpersonatePrivilege'),
(346, 'Audit Success', '0000-00-00 00:00:00', 'Microsoft-Windows-Security-Auditing', '4624', 'Logon', 'An account was successfully logged on.\r\n\r\nSubject:\r\n	Security ID:		SYSTEM\r\n	Account Name:		DESKTOP-MAIFOE4$\r\n	Account Domain:		WORKGROUP\r\n	Logon ID:		0x3E7\r\n\r\nLogon Information:\r\n	Logon Type:		5\r\n	Restricted Admin Mode:	-\r\n	Virtual Account:		No\r\n	Elevated Token:		Yes\r\n\r\nImpersonation Level:		Impersonation\r\n\r\nNew Logon:\r\n	Security ID:		SYSTEM\r\n	Account Name:		SYSTEM\r\n	Account Domain:		NT AUTHORITY\r\n	Logon ID:		0x3E7\r\n	Linked Logon ID:		0x0\r\n	Network Account Name:	-\r\n	Network Account Domain:	-\r\n	Logon GUID:		{00000000-0000-0000-0000-000000000000}\r\n\r\nProcess Information:\r\n	Process ID:		0x304\r\n	Process Name:		C:\\Windows\\System32\\services.exe\r\n\r\nNetwork Information:\r\n	Workstation Name:	-\r\n	Source Network Address:	-\r\n	Source Port:		-\r\n\r\nDetailed Authentication Information:\r\n	Logon Process:		Advapi  \r\n	Authentication Package:	Negotiate\r\n	Transited Services:	-\r\n	Package Name (NTLM only):	-\r\n	Key Length:		0\r\n\r\nThis event is generated when a logon session is created. It is generated on the compu'),
(347, 'Audit Success', '0000-00-00 00:00:00', 'Microsoft-Windows-Security-Auditing', '4672', 'Special Logon', 'Special privileges assigned to new logon.\r\n\r\nSubject:\r\n	Security ID:		SYSTEM\r\n	Account Name:		SYSTEM\r\n	Account Domain:		NT AUTHORITY\r\n	Logon ID:		0x3E7\r\n\r\nPrivileges:		SeAssignPrimaryTokenPrivilege\r\n			SeTcbPrivilege\r\n			SeSecurityPrivilege\r\n			SeTakeOwnershipPrivilege\r\n			SeLoadDriverPrivilege\r\n			SeBackupPrivilege\r\n			SeRestorePrivilege\r\n			SeDebugPrivilege\r\n			SeAuditPrivilege\r\n			SeSystemEnvironmentPrivilege\r\n			SeImpersonatePrivilege\r\n			SeDelegateSessionUserImpersonatePrivilege'),
(348, 'Audit Success', '0000-00-00 00:00:00', 'Microsoft-Windows-Security-Auditing', '4624', 'Logon', 'An account was successfully logged on.\r\n\r\nSubject:\r\n	Security ID:		SYSTEM\r\n	Account Name:		DESKTOP-MAIFOE4$\r\n	Account Domain:		WORKGROUP\r\n	Logon ID:		0x3E7\r\n\r\nLogon Information:\r\n	Logon Type:		5\r\n	Restricted Admin Mode:	-\r\n	Virtual Account:		No\r\n	Elevated Token:		Yes\r\n\r\nImpersonation Level:		Impersonation\r\n\r\nNew Logon:\r\n	Security ID:		SYSTEM\r\n	Account Name:		SYSTEM\r\n	Account Domain:		NT AUTHORITY\r\n	Logon ID:		0x3E7\r\n	Linked Logon ID:		0x0\r\n	Network Account Name:	-\r\n	Network Account Domain:	-\r\n	Logon GUID:		{00000000-0000-0000-0000-000000000000}\r\n\r\nProcess Information:\r\n	Process ID:		0x304\r\n	Process Name:		C:\\Windows\\System32\\services.exe\r\n\r\nNetwork Information:\r\n	Workstation Name:	-\r\n	Source Network Address:	-\r\n	Source Port:		-\r\n\r\nDetailed Authentication Information:\r\n	Logon Process:		Advapi  \r\n	Authentication Package:	Negotiate\r\n	Transited Services:	-\r\n	Package Name (NTLM only):	-\r\n	Key Length:		0\r\n\r\nThis event is generated when a logon session is created. It is generated on the compu'),
(349, 'Audit Success', '0000-00-00 00:00:00', 'Microsoft-Windows-Security-Auditing', '4672', 'Special Logon', 'Special privileges assigned to new logon.\r\n\r\nSubject:\r\n	Security ID:		SYSTEM\r\n	Account Name:		SYSTEM\r\n	Account Domain:		NT AUTHORITY\r\n	Logon ID:		0x3E7\r\n\r\nPrivileges:		SeAssignPrimaryTokenPrivilege\r\n			SeTcbPrivilege\r\n			SeSecurityPrivilege\r\n			SeTakeOwnershipPrivilege\r\n			SeLoadDriverPrivilege\r\n			SeBackupPrivilege\r\n			SeRestorePrivilege\r\n			SeDebugPrivilege\r\n			SeAuditPrivilege\r\n			SeSystemEnvironmentPrivilege\r\n			SeImpersonatePrivilege\r\n			SeDelegateSessionUserImpersonatePrivilege'),
(350, 'Audit Success', '0000-00-00 00:00:00', 'Microsoft-Windows-Security-Auditing', '4624', 'Logon', 'An account was successfully logged on.\r\n\r\nSubject:\r\n	Security ID:		SYSTEM\r\n	Account Name:		DESKTOP-MAIFOE4$\r\n	Account Domain:		WORKGROUP\r\n	Logon ID:		0x3E7\r\n\r\nLogon Information:\r\n	Logon Type:		5\r\n	Restricted Admin Mode:	-\r\n	Virtual Account:		No\r\n	Elevated Token:		Yes\r\n\r\nImpersonation Level:		Impersonation\r\n\r\nNew Logon:\r\n	Security ID:		SYSTEM\r\n	Account Name:		SYSTEM\r\n	Account Domain:		NT AUTHORITY\r\n	Logon ID:		0x3E7\r\n	Linked Logon ID:		0x0\r\n	Network Account Name:	-\r\n	Network Account Domain:	-\r\n	Logon GUID:		{00000000-0000-0000-0000-000000000000}\r\n\r\nProcess Information:\r\n	Process ID:		0x304\r\n	Process Name:		C:\\Windows\\System32\\services.exe\r\n\r\nNetwork Information:\r\n	Workstation Name:	-\r\n	Source Network Address:	-\r\n	Source Port:		-\r\n\r\nDetailed Authentication Information:\r\n	Logon Process:		Advapi  \r\n	Authentication Package:	Negotiate\r\n	Transited Services:	-\r\n	Package Name (NTLM only):	-\r\n	Key Length:		0\r\n\r\nThis event is generated when a logon session is created. It is generated on the compu'),
(351, 'Audit Success', '0000-00-00 00:00:00', 'Microsoft-Windows-Security-Auditing', '4672', 'Special Logon', 'Special privileges assigned to new logon.\r\n\r\nSubject:\r\n	Security ID:		SYSTEM\r\n	Account Name:		SYSTEM\r\n	Account Domain:		NT AUTHORITY\r\n	Logon ID:		0x3E7\r\n\r\nPrivileges:		SeAssignPrimaryTokenPrivilege\r\n			SeTcbPrivilege\r\n			SeSecurityPrivilege\r\n			SeTakeOwnershipPrivilege\r\n			SeLoadDriverPrivilege\r\n			SeBackupPrivilege\r\n			SeRestorePrivilege\r\n			SeDebugPrivilege\r\n			SeAuditPrivilege\r\n			SeSystemEnvironmentPrivilege\r\n			SeImpersonatePrivilege\r\n			SeDelegateSessionUserImpersonatePrivilege'),
(352, 'Audit Success', '0000-00-00 00:00:00', 'Microsoft-Windows-Security-Auditing', '4624', 'Logon', 'An account was successfully logged on.\r\n\r\nSubject:\r\n	Security ID:		SYSTEM\r\n	Account Name:		DESKTOP-MAIFOE4$\r\n	Account Domain:		WORKGROUP\r\n	Logon ID:		0x3E7\r\n\r\nLogon Information:\r\n	Logon Type:		5\r\n	Restricted Admin Mode:	-\r\n	Virtual Account:		No\r\n	Elevated Token:		Yes\r\n\r\nImpersonation Level:		Impersonation\r\n\r\nNew Logon:\r\n	Security ID:		SYSTEM\r\n	Account Name:		SYSTEM\r\n	Account Domain:		NT AUTHORITY\r\n	Logon ID:		0x3E7\r\n	Linked Logon ID:		0x0\r\n	Network Account Name:	-\r\n	Network Account Domain:	-\r\n	Logon GUID:		{00000000-0000-0000-0000-000000000000}\r\n\r\nProcess Information:\r\n	Process ID:		0x304\r\n	Process Name:		C:\\Windows\\System32\\services.exe\r\n\r\nNetwork Information:\r\n	Workstation Name:	-\r\n	Source Network Address:	-\r\n	Source Port:		-\r\n\r\nDetailed Authentication Information:\r\n	Logon Process:		Advapi  \r\n	Authentication Package:	Negotiate\r\n	Transited Services:	-\r\n	Package Name (NTLM only):	-\r\n	Key Length:		0\r\n\r\nThis event is generated when a logon session is created. It is generated on the compu'),
(353, 'Audit Success', '0000-00-00 00:00:00', 'Microsoft-Windows-Security-Auditing', '4672', 'Special Logon', 'Special privileges assigned to new logon.\r\n\r\nSubject:\r\n	Security ID:		SYSTEM\r\n	Account Name:		SYSTEM\r\n	Account Domain:		NT AUTHORITY\r\n	Logon ID:		0x3E7\r\n\r\nPrivileges:		SeAssignPrimaryTokenPrivilege\r\n			SeTcbPrivilege\r\n			SeSecurityPrivilege\r\n			SeTakeOwnershipPrivilege\r\n			SeLoadDriverPrivilege\r\n			SeBackupPrivilege\r\n			SeRestorePrivilege\r\n			SeDebugPrivilege\r\n			SeAuditPrivilege\r\n			SeSystemEnvironmentPrivilege\r\n			SeImpersonatePrivilege\r\n			SeDelegateSessionUserImpersonatePrivilege'),
(354, 'Audit Success', '0000-00-00 00:00:00', 'Microsoft-Windows-Security-Auditing', '4624', 'Logon', 'An account was successfully logged on.\r\n\r\nSubject:\r\n	Security ID:		SYSTEM\r\n	Account Name:		DESKTOP-MAIFOE4$\r\n	Account Domain:		WORKGROUP\r\n	Logon ID:		0x3E7\r\n\r\nLogon Information:\r\n	Logon Type:		5\r\n	Restricted Admin Mode:	-\r\n	Virtual Account:		No\r\n	Elevated Token:		Yes\r\n\r\nImpersonation Level:		Impersonation\r\n\r\nNew Logon:\r\n	Security ID:		SYSTEM\r\n	Account Name:		SYSTEM\r\n	Account Domain:		NT AUTHORITY\r\n	Logon ID:		0x3E7\r\n	Linked Logon ID:		0x0\r\n	Network Account Name:	-\r\n	Network Account Domain:	-\r\n	Logon GUID:		{00000000-0000-0000-0000-000000000000}\r\n\r\nProcess Information:\r\n	Process ID:		0x304\r\n	Process Name:		C:\\Windows\\System32\\services.exe\r\n\r\nNetwork Information:\r\n	Workstation Name:	-\r\n	Source Network Address:	-\r\n	Source Port:		-\r\n\r\nDetailed Authentication Information:\r\n	Logon Process:		Advapi  \r\n	Authentication Package:	Negotiate\r\n	Transited Services:	-\r\n	Package Name (NTLM only):	-\r\n	Key Length:		0\r\n\r\nThis event is generated when a logon session is created. It is generated on the compu'),
(355, 'Audit Success', '0000-00-00 00:00:00', 'Microsoft-Windows-Security-Auditing', '4672', 'Special Logon', 'Special privileges assigned to new logon.\r\n\r\nSubject:\r\n	Security ID:		SYSTEM\r\n	Account Name:		SYSTEM\r\n	Account Domain:		NT AUTHORITY\r\n	Logon ID:		0x3E7\r\n\r\nPrivileges:		SeAssignPrimaryTokenPrivilege\r\n			SeTcbPrivilege\r\n			SeSecurityPrivilege\r\n			SeTakeOwnershipPrivilege\r\n			SeLoadDriverPrivilege\r\n			SeBackupPrivilege\r\n			SeRestorePrivilege\r\n			SeDebugPrivilege\r\n			SeAuditPrivilege\r\n			SeSystemEnvironmentPrivilege\r\n			SeImpersonatePrivilege\r\n			SeDelegateSessionUserImpersonatePrivilege'),
(356, 'Audit Success', '0000-00-00 00:00:00', 'Microsoft-Windows-Security-Auditing', '4624', 'Logon', 'An account was successfully logged on.\r\n\r\nSubject:\r\n	Security ID:		SYSTEM\r\n	Account Name:		DESKTOP-MAIFOE4$\r\n	Account Domain:		WORKGROUP\r\n	Logon ID:		0x3E7\r\n\r\nLogon Information:\r\n	Logon Type:		5\r\n	Restricted Admin Mode:	-\r\n	Virtual Account:		No\r\n	Elevated Token:		Yes\r\n\r\nImpersonation Level:		Impersonation\r\n\r\nNew Logon:\r\n	Security ID:		SYSTEM\r\n	Account Name:		SYSTEM\r\n	Account Domain:		NT AUTHORITY\r\n	Logon ID:		0x3E7\r\n	Linked Logon ID:		0x0\r\n	Network Account Name:	-\r\n	Network Account Domain:	-\r\n	Logon GUID:		{00000000-0000-0000-0000-000000000000}\r\n\r\nProcess Information:\r\n	Process ID:		0x304\r\n	Process Name:		C:\\Windows\\System32\\services.exe\r\n\r\nNetwork Information:\r\n	Workstation Name:	-\r\n	Source Network Address:	-\r\n	Source Port:		-\r\n\r\nDetailed Authentication Information:\r\n	Logon Process:		Advapi  \r\n	Authentication Package:	Negotiate\r\n	Transited Services:	-\r\n	Package Name (NTLM only):	-\r\n	Key Length:		0\r\n\r\nThis event is generated when a logon session is created. It is generated on the compu'),
(357, 'Audit Success', '0000-00-00 00:00:00', 'Microsoft-Windows-Security-Auditing', '4672', 'Special Logon', 'Special privileges assigned to new logon.\r\n\r\nSubject:\r\n	Security ID:		SYSTEM\r\n	Account Name:		SYSTEM\r\n	Account Domain:		NT AUTHORITY\r\n	Logon ID:		0x3E7\r\n\r\nPrivileges:		SeAssignPrimaryTokenPrivilege\r\n			SeTcbPrivilege\r\n			SeSecurityPrivilege\r\n			SeTakeOwnershipPrivilege\r\n			SeLoadDriverPrivilege\r\n			SeBackupPrivilege\r\n			SeRestorePrivilege\r\n			SeDebugPrivilege\r\n			SeAuditPrivilege\r\n			SeSystemEnvironmentPrivilege\r\n			SeImpersonatePrivilege\r\n			SeDelegateSessionUserImpersonatePrivilege'),
(358, 'Audit Success', '0000-00-00 00:00:00', 'Microsoft-Windows-Security-Auditing', '4624', 'Logon', 'An account was successfully logged on.\r\n\r\nSubject:\r\n	Security ID:		SYSTEM\r\n	Account Name:		DESKTOP-MAIFOE4$\r\n	Account Domain:		WORKGROUP\r\n	Logon ID:		0x3E7\r\n\r\nLogon Information:\r\n	Logon Type:		5\r\n	Restricted Admin Mode:	-\r\n	Virtual Account:		No\r\n	Elevated Token:		Yes\r\n\r\nImpersonation Level:		Impersonation\r\n\r\nNew Logon:\r\n	Security ID:		SYSTEM\r\n	Account Name:		SYSTEM\r\n	Account Domain:		NT AUTHORITY\r\n	Logon ID:		0x3E7\r\n	Linked Logon ID:		0x0\r\n	Network Account Name:	-\r\n	Network Account Domain:	-\r\n	Logon GUID:		{00000000-0000-0000-0000-000000000000}\r\n\r\nProcess Information:\r\n	Process ID:		0x304\r\n	Process Name:		C:\\Windows\\System32\\services.exe\r\n\r\nNetwork Information:\r\n	Workstation Name:	-\r\n	Source Network Address:	-\r\n	Source Port:		-\r\n\r\nDetailed Authentication Information:\r\n	Logon Process:		Advapi  \r\n	Authentication Package:	Negotiate\r\n	Transited Services:	-\r\n	Package Name (NTLM only):	-\r\n	Key Length:		0\r\n\r\nThis event is generated when a logon session is created. It is generated on the compu'),
(359, 'Audit Success', '0000-00-00 00:00:00', 'Microsoft-Windows-Security-Auditing', '4672', 'Special Logon', 'Special privileges assigned to new logon.\r\n\r\nSubject:\r\n	Security ID:		SYSTEM\r\n	Account Name:		SYSTEM\r\n	Account Domain:		NT AUTHORITY\r\n	Logon ID:		0x3E7\r\n\r\nPrivileges:		SeAssignPrimaryTokenPrivilege\r\n			SeTcbPrivilege\r\n			SeSecurityPrivilege\r\n			SeTakeOwnershipPrivilege\r\n			SeLoadDriverPrivilege\r\n			SeBackupPrivilege\r\n			SeRestorePrivilege\r\n			SeDebugPrivilege\r\n			SeAuditPrivilege\r\n			SeSystemEnvironmentPrivilege\r\n			SeImpersonatePrivilege\r\n			SeDelegateSessionUserImpersonatePrivilege'),
(360, 'Audit Success', '0000-00-00 00:00:00', 'Microsoft-Windows-Security-Auditing', '4624', 'Logon', 'An account was successfully logged on.\r\n\r\nSubject:\r\n	Security ID:		SYSTEM\r\n	Account Name:		DESKTOP-MAIFOE4$\r\n	Account Domain:		WORKGROUP\r\n	Logon ID:		0x3E7\r\n\r\nLogon Information:\r\n	Logon Type:		5\r\n	Restricted Admin Mode:	-\r\n	Virtual Account:		No\r\n	Elevated Token:		Yes\r\n\r\nImpersonation Level:		Impersonation\r\n\r\nNew Logon:\r\n	Security ID:		SYSTEM\r\n	Account Name:		SYSTEM\r\n	Account Domain:		NT AUTHORITY\r\n	Logon ID:		0x3E7\r\n	Linked Logon ID:		0x0\r\n	Network Account Name:	-\r\n	Network Account Domain:	-\r\n	Logon GUID:		{00000000-0000-0000-0000-000000000000}\r\n\r\nProcess Information:\r\n	Process ID:		0x304\r\n	Process Name:		C:\\Windows\\System32\\services.exe\r\n\r\nNetwork Information:\r\n	Workstation Name:	-\r\n	Source Network Address:	-\r\n	Source Port:		-\r\n\r\nDetailed Authentication Information:\r\n	Logon Process:		Advapi  \r\n	Authentication Package:	Negotiate\r\n	Transited Services:	-\r\n	Package Name (NTLM only):	-\r\n	Key Length:		0\r\n\r\nThis event is generated when a logon session is created. It is generated on the compu'),
(361, 'Audit Success', '0000-00-00 00:00:00', 'Microsoft-Windows-Security-Auditing', '4672', 'Special Logon', 'Special privileges assigned to new logon.\r\n\r\nSubject:\r\n	Security ID:		SYSTEM\r\n	Account Name:		SYSTEM\r\n	Account Domain:		NT AUTHORITY\r\n	Logon ID:		0x3E7\r\n\r\nPrivileges:		SeAssignPrimaryTokenPrivilege\r\n			SeTcbPrivilege\r\n			SeSecurityPrivilege\r\n			SeTakeOwnershipPrivilege\r\n			SeLoadDriverPrivilege\r\n			SeBackupPrivilege\r\n			SeRestorePrivilege\r\n			SeDebugPrivilege\r\n			SeAuditPrivilege\r\n			SeSystemEnvironmentPrivilege\r\n			SeImpersonatePrivilege\r\n			SeDelegateSessionUserImpersonatePrivilege'),
(362, 'Audit Success', '0000-00-00 00:00:00', 'Microsoft-Windows-Security-Auditing', '4624', 'Logon', 'An account was successfully logged on.\r\n\r\nSubject:\r\n	Security ID:		SYSTEM\r\n	Account Name:		DESKTOP-MAIFOE4$\r\n	Account Domain:		WORKGROUP\r\n	Logon ID:		0x3E7\r\n\r\nLogon Information:\r\n	Logon Type:		5\r\n	Restricted Admin Mode:	-\r\n	Virtual Account:		No\r\n	Elevated Token:		Yes\r\n\r\nImpersonation Level:		Impersonation\r\n\r\nNew Logon:\r\n	Security ID:		SYSTEM\r\n	Account Name:		SYSTEM\r\n	Account Domain:		NT AUTHORITY\r\n	Logon ID:		0x3E7\r\n	Linked Logon ID:		0x0\r\n	Network Account Name:	-\r\n	Network Account Domain:	-\r\n	Logon GUID:		{00000000-0000-0000-0000-000000000000}\r\n\r\nProcess Information:\r\n	Process ID:		0x304\r\n	Process Name:		C:\\Windows\\System32\\services.exe\r\n\r\nNetwork Information:\r\n	Workstation Name:	-\r\n	Source Network Address:	-\r\n	Source Port:		-\r\n\r\nDetailed Authentication Information:\r\n	Logon Process:		Advapi  \r\n	Authentication Package:	Negotiate\r\n	Transited Services:	-\r\n	Package Name (NTLM only):	-\r\n	Key Length:		0\r\n\r\nThis event is generated when a logon session is created. It is generated on the compu'),
(363, 'Audit Success', '0000-00-00 00:00:00', 'Microsoft-Windows-Security-Auditing', '4799', 'Security Group Management', 'A security-enabled local group membership was enumerated.\r\n\r\nSubject:\r\n	Security ID:		SYSTEM\r\n	Account Name:		DESKTOP-MAIFOE4$\r\n	Account Domain:		WORKGROUP\r\n	Logon ID:		0x3E7\r\n\r\nGroup:\r\n	Security ID:		BUILTIN\\Backup Operators\r\n	Group Name:		Backup Operators\r\n	Group Domain:		Builtin\r\n\r\nProcess Information:\r\n	Process ID:		0x16c4\r\n	Process Name:		C:\\Windows\\System32\\svchost.exe'),
(364, 'Audit Success', '0000-00-00 00:00:00', 'Microsoft-Windows-Security-Auditing', '4799', 'Security Group Management', 'A security-enabled local group membership was enumerated.\r\n\r\nSubject:\r\n	Security ID:		SYSTEM\r\n	Account Name:		DESKTOP-MAIFOE4$\r\n	Account Domain:		WORKGROUP\r\n	Logon ID:		0x3E7\r\n\r\nGroup:\r\n	Security ID:		BUILTIN\\Administrators\r\n	Group Name:		Administrators\r\n	Group Domain:		Builtin\r\n\r\nProcess Information:\r\n	Process ID:		0x16c4\r\n	Process Name:		C:\\Windows\\System32\\svchost.exe'),
(365, 'Audit Success', '0000-00-00 00:00:00', 'Microsoft-Windows-Security-Auditing', '4672', 'Special Logon', 'Special privileges assigned to new logon.\r\n\r\nSubject:\r\n	Security ID:		SYSTEM\r\n	Account Name:		SYSTEM\r\n	Account Domain:		NT AUTHORITY\r\n	Logon ID:		0x3E7\r\n\r\nPrivileges:		SeAssignPrimaryTokenPrivilege\r\n			SeTcbPrivilege\r\n			SeSecurityPrivilege\r\n			SeTakeOwnershipPrivilege\r\n			SeLoadDriverPrivilege\r\n			SeBackupPrivilege\r\n			SeRestorePrivilege\r\n			SeDebugPrivilege\r\n			SeAuditPrivilege\r\n			SeSystemEnvironmentPrivilege\r\n			SeImpersonatePrivilege\r\n			SeDelegateSessionUserImpersonatePrivilege'),
(366, 'Audit Success', '0000-00-00 00:00:00', 'Microsoft-Windows-Security-Auditing', '4624', 'Logon', 'An account was successfully logged on.\r\n\r\nSubject:\r\n	Security ID:		SYSTEM\r\n	Account Name:		DESKTOP-MAIFOE4$\r\n	Account Domain:		WORKGROUP\r\n	Logon ID:		0x3E7\r\n\r\nLogon Information:\r\n	Logon Type:		5\r\n	Restricted Admin Mode:	-\r\n	Virtual Account:		No\r\n	Elevated Token:		Yes\r\n\r\nImpersonation Level:		Impersonation\r\n\r\nNew Logon:\r\n	Security ID:		SYSTEM\r\n	Account Name:		SYSTEM\r\n	Account Domain:		NT AUTHORITY\r\n	Logon ID:		0x3E7\r\n	Linked Logon ID:		0x0\r\n	Network Account Name:	-\r\n	Network Account Domain:	-\r\n	Logon GUID:		{00000000-0000-0000-0000-000000000000}\r\n\r\nProcess Information:\r\n	Process ID:		0x304\r\n	Process Name:		C:\\Windows\\System32\\services.exe\r\n\r\nNetwork Information:\r\n	Workstation Name:	-\r\n	Source Network Address:	-\r\n	Source Port:		-\r\n\r\nDetailed Authentication Information:\r\n	Logon Process:		Advapi  \r\n	Authentication Package:	Negotiate\r\n	Transited Services:	-\r\n	Package Name (NTLM only):	-\r\n	Key Length:		0\r\n\r\nThis event is generated when a logon session is created. It is generated on the compu'),
(367, 'Audit Success', '0000-00-00 00:00:00', 'Microsoft-Windows-Security-Auditing', '4672', 'Special Logon', 'Special privileges assigned to new logon.\r\n\r\nSubject:\r\n	Security ID:		SYSTEM\r\n	Account Name:		SYSTEM\r\n	Account Domain:		NT AUTHORITY\r\n	Logon ID:		0x3E7\r\n\r\nPrivileges:		SeAssignPrimaryTokenPrivilege\r\n			SeTcbPrivilege\r\n			SeSecurityPrivilege\r\n			SeTakeOwnershipPrivilege\r\n			SeLoadDriverPrivilege\r\n			SeBackupPrivilege\r\n			SeRestorePrivilege\r\n			SeDebugPrivilege\r\n			SeAuditPrivilege\r\n			SeSystemEnvironmentPrivilege\r\n			SeImpersonatePrivilege\r\n			SeDelegateSessionUserImpersonatePrivilege'),
(368, 'Audit Success', '0000-00-00 00:00:00', 'Microsoft-Windows-Security-Auditing', '4624', 'Logon', 'An account was successfully logged on.\r\n\r\nSubject:\r\n	Security ID:		SYSTEM\r\n	Account Name:		DESKTOP-MAIFOE4$\r\n	Account Domain:		WORKGROUP\r\n	Logon ID:		0x3E7\r\n\r\nLogon Information:\r\n	Logon Type:		5\r\n	Restricted Admin Mode:	-\r\n	Virtual Account:		No\r\n	Elevated Token:		Yes\r\n\r\nImpersonation Level:		Impersonation\r\n\r\nNew Logon:\r\n	Security ID:		SYSTEM\r\n	Account Name:		SYSTEM\r\n	Account Domain:		NT AUTHORITY\r\n	Logon ID:		0x3E7\r\n	Linked Logon ID:		0x0\r\n	Network Account Name:	-\r\n	Network Account Domain:	-\r\n	Logon GUID:		{00000000-0000-0000-0000-000000000000}\r\n\r\nProcess Information:\r\n	Process ID:		0x304\r\n	Process Name:		C:\\Windows\\System32\\services.exe\r\n\r\nNetwork Information:\r\n	Workstation Name:	-\r\n	Source Network Address:	-\r\n	Source Port:		-\r\n\r\nDetailed Authentication Information:\r\n	Logon Process:		Advapi  \r\n	Authentication Package:	Negotiate\r\n	Transited Services:	-\r\n	Package Name (NTLM only):	-\r\n	Key Length:		0\r\n\r\nThis event is generated when a logon session is created. It is generated on the compu'),
(369, 'Audit Success', '0000-00-00 00:00:00', 'Microsoft-Windows-Security-Auditing', '4672', 'Special Logon', 'Special privileges assigned to new logon.\r\n\r\nSubject:\r\n	Security ID:		SYSTEM\r\n	Account Name:		SYSTEM\r\n	Account Domain:		NT AUTHORITY\r\n	Logon ID:		0x3E7\r\n\r\nPrivileges:		SeAssignPrimaryTokenPrivilege\r\n			SeTcbPrivilege\r\n			SeSecurityPrivilege\r\n			SeTakeOwnershipPrivilege\r\n			SeLoadDriverPrivilege\r\n			SeBackupPrivilege\r\n			SeRestorePrivilege\r\n			SeDebugPrivilege\r\n			SeAuditPrivilege\r\n			SeSystemEnvironmentPrivilege\r\n			SeImpersonatePrivilege\r\n			SeDelegateSessionUserImpersonatePrivilege'),
(370, 'Audit Success', '0000-00-00 00:00:00', 'Microsoft-Windows-Security-Auditing', '4624', 'Logon', 'An account was successfully logged on.\r\n\r\nSubject:\r\n	Security ID:		SYSTEM\r\n	Account Name:		DESKTOP-MAIFOE4$\r\n	Account Domain:		WORKGROUP\r\n	Logon ID:		0x3E7\r\n\r\nLogon Information:\r\n	Logon Type:		5\r\n	Restricted Admin Mode:	-\r\n	Virtual Account:		No\r\n	Elevated Token:		Yes\r\n\r\nImpersonation Level:		Impersonation\r\n\r\nNew Logon:\r\n	Security ID:		SYSTEM\r\n	Account Name:		SYSTEM\r\n	Account Domain:		NT AUTHORITY\r\n	Logon ID:		0x3E7\r\n	Linked Logon ID:		0x0\r\n	Network Account Name:	-\r\n	Network Account Domain:	-\r\n	Logon GUID:		{00000000-0000-0000-0000-000000000000}\r\n\r\nProcess Information:\r\n	Process ID:		0x304\r\n	Process Name:		C:\\Windows\\System32\\services.exe\r\n\r\nNetwork Information:\r\n	Workstation Name:	-\r\n	Source Network Address:	-\r\n	Source Port:		-\r\n\r\nDetailed Authentication Information:\r\n	Logon Process:		Advapi  \r\n	Authentication Package:	Negotiate\r\n	Transited Services:	-\r\n	Package Name (NTLM only):	-\r\n	Key Length:		0\r\n\r\nThis event is generated when a logon session is created. It is generated on the compu'),
(371, 'Audit Success', '0000-00-00 00:00:00', 'Microsoft-Windows-Security-Auditing', '4672', 'Special Logon', 'Special privileges assigned to new logon.\r\n\r\nSubject:\r\n	Security ID:		SYSTEM\r\n	Account Name:		SYSTEM\r\n	Account Domain:		NT AUTHORITY\r\n	Logon ID:		0x3E7\r\n\r\nPrivileges:		SeAssignPrimaryTokenPrivilege\r\n			SeTcbPrivilege\r\n			SeSecurityPrivilege\r\n			SeTakeOwnershipPrivilege\r\n			SeLoadDriverPrivilege\r\n			SeBackupPrivilege\r\n			SeRestorePrivilege\r\n			SeDebugPrivilege\r\n			SeAuditPrivilege\r\n			SeSystemEnvironmentPrivilege\r\n			SeImpersonatePrivilege\r\n			SeDelegateSessionUserImpersonatePrivilege'),
(372, 'Audit Success', '0000-00-00 00:00:00', 'Microsoft-Windows-Security-Auditing', '4624', 'Logon', 'An account was successfully logged on.\r\n\r\nSubject:\r\n	Security ID:		SYSTEM\r\n	Account Name:		DESKTOP-MAIFOE4$\r\n	Account Domain:		WORKGROUP\r\n	Logon ID:		0x3E7\r\n\r\nLogon Information:\r\n	Logon Type:		5\r\n	Restricted Admin Mode:	-\r\n	Virtual Account:		No\r\n	Elevated Token:		Yes\r\n\r\nImpersonation Level:		Impersonation\r\n\r\nNew Logon:\r\n	Security ID:		SYSTEM\r\n	Account Name:		SYSTEM\r\n	Account Domain:		NT AUTHORITY\r\n	Logon ID:		0x3E7\r\n	Linked Logon ID:		0x0\r\n	Network Account Name:	-\r\n	Network Account Domain:	-\r\n	Logon GUID:		{00000000-0000-0000-0000-000000000000}\r\n\r\nProcess Information:\r\n	Process ID:		0x304\r\n	Process Name:		C:\\Windows\\System32\\services.exe\r\n\r\nNetwork Information:\r\n	Workstation Name:	-\r\n	Source Network Address:	-\r\n	Source Port:		-\r\n\r\nDetailed Authentication Information:\r\n	Logon Process:		Advapi  \r\n	Authentication Package:	Negotiate\r\n	Transited Services:	-\r\n	Package Name (NTLM only):	-\r\n	Key Length:		0\r\n\r\nThis event is generated when a logon session is created. It is generated on the compu'),
(373, 'Audit Success', '0000-00-00 00:00:00', 'Microsoft-Windows-Security-Auditing', '4672', 'Special Logon', 'Special privileges assigned to new logon.\r\n\r\nSubject:\r\n	Security ID:		SYSTEM\r\n	Account Name:		SYSTEM\r\n	Account Domain:		NT AUTHORITY\r\n	Logon ID:		0x3E7\r\n\r\nPrivileges:		SeAssignPrimaryTokenPrivilege\r\n			SeTcbPrivilege\r\n			SeSecurityPrivilege\r\n			SeTakeOwnershipPrivilege\r\n			SeLoadDriverPrivilege\r\n			SeBackupPrivilege\r\n			SeRestorePrivilege\r\n			SeDebugPrivilege\r\n			SeAuditPrivilege\r\n			SeSystemEnvironmentPrivilege\r\n			SeImpersonatePrivilege\r\n			SeDelegateSessionUserImpersonatePrivilege'),
(374, 'Audit Success', '0000-00-00 00:00:00', 'Microsoft-Windows-Security-Auditing', '4624', 'Logon', 'An account was successfully logged on.\r\n\r\nSubject:\r\n	Security ID:		SYSTEM\r\n	Account Name:		DESKTOP-MAIFOE4$\r\n	Account Domain:		WORKGROUP\r\n	Logon ID:		0x3E7\r\n\r\nLogon Information:\r\n	Logon Type:		5\r\n	Restricted Admin Mode:	-\r\n	Virtual Account:		No\r\n	Elevated Token:		Yes\r\n\r\nImpersonation Level:		Impersonation\r\n\r\nNew Logon:\r\n	Security ID:		SYSTEM\r\n	Account Name:		SYSTEM\r\n	Account Domain:		NT AUTHORITY\r\n	Logon ID:		0x3E7\r\n	Linked Logon ID:		0x0\r\n	Network Account Name:	-\r\n	Network Account Domain:	-\r\n	Logon GUID:		{00000000-0000-0000-0000-000000000000}\r\n\r\nProcess Information:\r\n	Process ID:		0x304\r\n	Process Name:		C:\\Windows\\System32\\services.exe\r\n\r\nNetwork Information:\r\n	Workstation Name:	-\r\n	Source Network Address:	-\r\n	Source Port:		-\r\n\r\nDetailed Authentication Information:\r\n	Logon Process:		Advapi  \r\n	Authentication Package:	Negotiate\r\n	Transited Services:	-\r\n	Package Name (NTLM only):	-\r\n	Key Length:		0\r\n\r\nThis event is generated when a logon session is created. It is generated on the compu'),
(375, 'Audit Success', '0000-00-00 00:00:00', 'Microsoft-Windows-Security-Auditing', '4672', 'Special Logon', 'Special privileges assigned to new logon.\r\n\r\nSubject:\r\n	Security ID:		SYSTEM\r\n	Account Name:		SYSTEM\r\n	Account Domain:		NT AUTHORITY\r\n	Logon ID:		0x3E7\r\n\r\nPrivileges:		SeAssignPrimaryTokenPrivilege\r\n			SeTcbPrivilege\r\n			SeSecurityPrivilege\r\n			SeTakeOwnershipPrivilege\r\n			SeLoadDriverPrivilege\r\n			SeBackupPrivilege\r\n			SeRestorePrivilege\r\n			SeDebugPrivilege\r\n			SeAuditPrivilege\r\n			SeSystemEnvironmentPrivilege\r\n			SeImpersonatePrivilege\r\n			SeDelegateSessionUserImpersonatePrivilege'),
(376, 'Audit Success', '0000-00-00 00:00:00', 'Microsoft-Windows-Security-Auditing', '4624', 'Logon', 'An account was successfully logged on.\r\n\r\nSubject:\r\n	Security ID:		SYSTEM\r\n	Account Name:		DESKTOP-MAIFOE4$\r\n	Account Domain:		WORKGROUP\r\n	Logon ID:		0x3E7\r\n\r\nLogon Information:\r\n	Logon Type:		5\r\n	Restricted Admin Mode:	-\r\n	Virtual Account:		No\r\n	Elevated Token:		Yes\r\n\r\nImpersonation Level:		Impersonation\r\n\r\nNew Logon:\r\n	Security ID:		SYSTEM\r\n	Account Name:		SYSTEM\r\n	Account Domain:		NT AUTHORITY\r\n	Logon ID:		0x3E7\r\n	Linked Logon ID:		0x0\r\n	Network Account Name:	-\r\n	Network Account Domain:	-\r\n	Logon GUID:		{00000000-0000-0000-0000-000000000000}\r\n\r\nProcess Information:\r\n	Process ID:		0x304\r\n	Process Name:		C:\\Windows\\System32\\services.exe\r\n\r\nNetwork Information:\r\n	Workstation Name:	-\r\n	Source Network Address:	-\r\n	Source Port:		-\r\n\r\nDetailed Authentication Information:\r\n	Logon Process:		Advapi  \r\n	Authentication Package:	Negotiate\r\n	Transited Services:	-\r\n	Package Name (NTLM only):	-\r\n	Key Length:		0\r\n\r\nThis event is generated when a logon session is created. It is generated on the compu'),
(377, 'Audit Success', '0000-00-00 00:00:00', 'Microsoft-Windows-Security-Auditing', '4799', 'Security Group Management', 'A security-enabled local group membership was enumerated.\r\n\r\nSubject:\r\n	Security ID:		SYSTEM\r\n	Account Name:		DESKTOP-MAIFOE4$\r\n	Account Domain:		WORKGROUP\r\n	Logon ID:		0x3E7\r\n\r\nGroup:\r\n	Security ID:		BUILTIN\\Backup Operators\r\n	Group Name:		Backup Operators\r\n	Group Domain:		Builtin\r\n\r\nProcess Information:\r\n	Process ID:		0x1870\r\n	Process Name:		C:\\Windows\\System32\\SearchIndexer.exe'),
(378, 'Audit Success', '0000-00-00 00:00:00', 'Microsoft-Windows-Security-Auditing', '4799', 'Security Group Management', 'A security-enabled local group membership was enumerated.\r\n\r\nSubject:\r\n	Security ID:		SYSTEM\r\n	Account Name:		DESKTOP-MAIFOE4$\r\n	Account Domain:		WORKGROUP\r\n	Logon ID:		0x3E7\r\n\r\nGroup:\r\n	Security ID:		BUILTIN\\Administrators\r\n	Group Name:		Administrators\r\n	Group Domain:		Builtin\r\n\r\nProcess Information:\r\n	Process ID:		0x1870\r\n	Process Name:		C:\\Windows\\System32\\SearchIndexer.exe'),
(379, 'Audit Success', '0000-00-00 00:00:00', 'Microsoft-Windows-Security-Auditing', '4672', 'Special Logon', 'Special privileges assigned to new logon.\r\n\r\nSubject:\r\n	Security ID:		SYSTEM\r\n	Account Name:		SYSTEM\r\n	Account Domain:		NT AUTHORITY\r\n	Logon ID:		0x3E7\r\n\r\nPrivileges:		SeAssignPrimaryTokenPrivilege\r\n			SeTcbPrivilege\r\n			SeSecurityPrivilege\r\n			SeTakeOwnershipPrivilege\r\n			SeLoadDriverPrivilege\r\n			SeBackupPrivilege\r\n			SeRestorePrivilege\r\n			SeDebugPrivilege\r\n			SeAuditPrivilege\r\n			SeSystemEnvironmentPrivilege\r\n			SeImpersonatePrivilege\r\n			SeDelegateSessionUserImpersonatePrivilege'),
