(106, 'Audit Success', '0000-00-00 00:00:00', 'Microsoft-Windows-Security-Auditing', '5379', 'User Account Management', 'Credential Manager credentials were read.\r\n\r\nSubject:\r\n	Security ID:		SYSTEM\r\n	Account Name:		DESKTOP-MAIFOE4$\r\n	Account Domain:		WORKGROUP\r\n	Logon ID:		0x3E7\r\n	Read Operation:		Enumerate Credentials\r\n\r\nThis event occurs when a user performs a read operation on stored credentials in Credential Manager.'),
(107, 'Audit Success', '0000-00-00 00:00:00', 'Microsoft-Windows-Security-Auditing', '5379', 'User Account Management', 'Credential Manager credentials were read.\r\n\r\nSubject:\r\n	Security ID:		SYSTEM\r\n	Account Name:		DESKTOP-MAIFOE4$\r\n	Account Domain:		WORKGROUP\r\n	Logon ID:		0x3E7\r\n	Read Operation:		Enumerate Credentials\r\n\r\nThis event occurs when a user performs a read operation on stored credentials in Credential Manager.'),
(108, 'Audit Success', '0000-00-00 00:00:00', 'Microsoft-Windows-Security-Auditing', '5379', 'User Account Management', 'Credential Manager credentials were read.\r\n\r\nSubject:\r\n	Security ID:		DESKTOP-MAIFOE4\\FELIXOH\r\n	Account Name:		FELIXOH\r\n	Account Domain:		DESKTOP-MAIFOE4\r\n	Logon ID:		0x255A69\r\n	Read Operation:		Enumerate Credentials\r\n\r\nThis event occurs when a user performs a read operation on stored credentials in Credential Manager.'),
(109, 'Audit Success', '0000-00-00 00:00:00', 'Microsoft-Windows-Security-Auditing', '5379', 'User Account Management', 'Credential Manager credentials were read.\r\n\r\nSubject:\r\n	Security ID:		DESKTOP-MAIFOE4\\FELIXOH\r\n	Account Name:		FELIXOH\r\n	Account Domain:		DESKTOP-MAIFOE4\r\n	Logon ID:		0x255A69\r\n	Read Operation:		Enumerate Credentials\r\n\r\nThis event occurs when a user performs a read operation on stored credentials in Credential Manager.'),
(110, 'Audit Success', '0000-00-00 00:00:00', 'Microsoft-Windows-Security-Auditing', '5379', 'User Account Management', 'Credential Manager credentials were read.\r\n\r\nSubject:\r\n	Security ID:		DESKTOP-MAIFOE4\\FELIXOH\r\n	Account Name:		FELIXOH\r\n	Account Domain:		DESKTOP-MAIFOE4\r\n	Logon ID:		0x255A69\r\n	Read Operation:		Enumerate Credentials\r\n\r\nThis event occurs when a user performs a read operation on stored credentials in Credential Manager.'),
(111, 'Audit Success', '0000-00-00 00:00:00', 'Microsoft-Windows-Security-Auditing', '5379', 'User Account Management', 'Credential Manager credentials were read.\r\n\r\nSubject:\r\n	Security ID:		SYSTEM\r\n	Account Name:		DESKTOP-MAIFOE4$\r\n	Account Domain:		WORKGROUP\r\n	Logon ID:		0x3E7\r\n	Read Operation:		Enumerate Credentials\r\n\r\nThis event occurs when a user performs a read operation on stored credentials in Credential Manager.'),
(112, 'Audit Success', '0000-00-00 00:00:00', 'Microsoft-Windows-Security-Auditing', '5379', 'User Account Management', 'Credential Manager credentials were read.\r\n\r\nSubject:\r\n	Security ID:		SYSTEM\r\n	Account Name:		DESKTOP-MAIFOE4$\r\n	Account Domain:		WORKGROUP\r\n	Logon ID:		0x3E7\r\n	Read Operation:		Enumerate Credentials\r\n\r\nThis event occurs when a user performs a read operation on stored credentials in Credential Manager.'),
(113, 'Audit Success', '0000-00-00 00:00:00', 'Microsoft-Windows-Security-Auditing', '5379', 'User Account Management', 'Credential Manager credentials were read.\r\n\r\nSubject:\r\n	Security ID:		SYSTEM\r\n	Account Name:		DESKTOP-MAIFOE4$\r\n	Account Domain:		WORKGROUP\r\n	Logon ID:		0x3E7\r\n	Read Operation:		Enumerate Credentials\r\n\r\nThis event occurs when a user performs a read operation on stored credentials in Credential Manager.'),
(114, 'Audit Success', '0000-00-00 00:00:00', 'Microsoft-Windows-Security-Auditing', '5379', 'User Account Management', 'Credential Manager credentials were read.\r\n\r\nSubject:\r\n	Security ID:		SYSTEM\r\n	Account Name:		DESKTOP-MAIFOE4$\r\n	Account Domain:		WORKGROUP\r\n	Logon ID:		0x3E7\r\n	Read Operation:		Enumerate Credentials\r\n\r\nThis event occurs when a user performs a read operation on stored credentials in Credential Manager.'),
(115, 'Audit Success', '0000-00-00 00:00:00', 'Microsoft-Windows-Security-Auditing', '5379', 'User Account Management', 'Credential Manager credentials were read.\r\n\r\nSubject:\r\n	Security ID:		SYSTEM\r\n	Account Name:		DESKTOP-MAIFOE4$\r\n	Account Domain:		WORKGROUP\r\n	Logon ID:		0x3E7\r\n	Read Operation:		Enumerate Credentials\r\n\r\nThis event occurs when a user performs a read operation on stored credentials in Credential Manager.'),
(116, 'Audit Success', '0000-00-00 00:00:00', 'Microsoft-Windows-Security-Auditing', '5379', 'User Account Management', 'Credential Manager credentials were read.\r\n\r\nSubject:\r\n	Security ID:		SYSTEM\r\n	Account Name:		DESKTOP-MAIFOE4$\r\n	Account Domain:		WORKGROUP\r\n	Logon ID:		0x3E7\r\n	Read Operation:		Enumerate Credentials\r\n\r\nThis event occurs when a user performs a read operation on stored credentials in Credential Manager.'),
(117, 'Audit Success', '0000-00-00 00:00:00', 'Microsoft-Windows-Security-Auditing', '4672', 'Special Logon', 'Special privileges assigned to new logon.\r\n\r\nSubject:\r\n	Security ID:		SYSTEM\r\n	Account Name:		SYSTEM\r\n	Account Domain:		NT AUTHORITY\r\n	Logon ID:		0x3E7\r\n\r\nPrivileges:		SeAssignPrimaryTokenPrivilege\r\n			SeTcbPrivilege\r\n			SeSecurityPrivilege\r\n			SeTakeOwnershipPrivilege\r\n			SeLoadDriverPrivilege\r\n			SeBackupPrivilege\r\n			SeRestorePrivilege\r\n			SeDebugPrivilege\r\n			SeAuditPrivilege\r\n			SeSystemEnvironmentPrivilege\r\n			SeImpersonatePrivilege\r\n			SeDelegateSessionUserImpersonatePrivilege'),
(118, 'Audit Success', '0000-00-00 00:00:00', 'Microsoft-Windows-Security-Auditing', '4624', 'Logon', 'An account was successfully logged on.\r\n\r\nSubject:\r\n	Security ID:		SYSTEM\r\n	Account Name:		DESKTOP-MAIFOE4$\r\n	Account Domain:		WORKGROUP\r\n	Logon ID:		0x3E7\r\n\r\nLogon Information:\r\n	Logon Type:		5\r\n	Restricted Admin Mode:	-\r\n	Virtual Account:		No\r\n	Elevated Token:		Yes\r\n\r\nImpersonation Level:		Impersonation\r\n\r\nNew Logon:\r\n	Security ID:		SYSTEM\r\n	Account Name:		SYSTEM\r\n	Account Domain:		NT AUTHORITY\r\n	Logon ID:		0x3E7\r\n	Linked Logon ID:		0x0\r\n	Network Account Name:	-\r\n	Network Account Domain:	-\r\n	Logon GUID:		{00000000-0000-0000-0000-000000000000}\r\n\r\nProcess Information:\r\n	Process ID:		0x304\r\n	Process Name:		C:\\Windows\\System32\\services.exe\r\n\r\nNetwork Information:\r\n	Workstation Name:	-\r\n	Source Network Address:	-\r\n	Source Port:		-\r\n\r\nDetailed Authentication Information:\r\n	Logon Process:		Advapi  \r\n	Authentication Package:	Negotiate\r\n	Transited Services:	-\r\n	Package Name (NTLM only):	-\r\n	Key Length:		0\r\n\r\nThis event is generated when a logon session is created. It is generated on the compu'),
(119, 'Audit Success', '0000-00-00 00:00:00', 'Microsoft-Windows-Security-Auditing', '4616', 'Security State Change', 'The system time was changed.\r\n\r\nSubject:\r\n	Security ID:		LOCAL SERVICE\r\n	Account Name:		LOCAL SERVICE\r\n	Account Domain:		NT AUTHORITY\r\n	Logon ID:		0x3E5\r\n\r\nProcess Information:\r\n	Process ID:	0x21f0\r\n	Name:		C:\\Windows\\System32\\svchost.exe\r\n\r\nPrevious Time:		2022-07-14T07:07:11.769526600Z\r\nNew Time:		2022-07-14T07:07:11.770590200Z\r\n\r\nThis event is generated when the system time is changed. It is normal for the Windows Time Service, which runs with System privilege, to change the system time on a regular basis. Other system time changes may be indicative of attempts to tamper with the computer.'),
(120, 'Audit Success', '0000-00-00 00:00:00', 'Microsoft-Windows-Security-Auditing', '4672', 'Special Logon', 'Special privileges assigned to new logon.\r\n\r\nSubject:\r\n	Security ID:		SYSTEM\r\n	Account Name:		SYSTEM\r\n	Account Domain:		NT AUTHORITY\r\n	Logon ID:		0x3E7\r\n\r\nPrivileges:		SeAssignPrimaryTokenPrivilege\r\n			SeTcbPrivilege\r\n			SeSecurityPrivilege\r\n			SeTakeOwnershipPrivilege\r\n			SeLoadDriverPrivilege\r\n			SeBackupPrivilege\r\n			SeRestorePrivilege\r\n			SeDebugPrivilege\r\n			SeAuditPrivilege\r\n			SeSystemEnvironmentPrivilege\r\n			SeImpersonatePrivilege\r\n			SeDelegateSessionUserImpersonatePrivilege'),
(121, 'Audit Success', '0000-00-00 00:00:00', 'Microsoft-Windows-Security-Auditing', '4624', 'Logon', 'An account was successfully logged on.\r\n\r\nSubject:\r\n	Security ID:		SYSTEM\r\n	Account Name:		DESKTOP-MAIFOE4$\r\n	Account Domain:		WORKGROUP\r\n	Logon ID:		0x3E7\r\n\r\nLogon Information:\r\n	Logon Type:		5\r\n	Restricted Admin Mode:	-\r\n	Virtual Account:		No\r\n	Elevated Token:		Yes\r\n\r\nImpersonation Level:		Impersonation\r\n\r\nNew Logon:\r\n	Security ID:		SYSTEM\r\n	Account Name:		SYSTEM\r\n	Account Domain:		NT AUTHORITY\r\n	Logon ID:		0x3E7\r\n	Linked Logon ID:		0x0\r\n	Network Account Name:	-\r\n	Network Account Domain:	-\r\n	Logon GUID:		{00000000-0000-0000-0000-000000000000}\r\n\r\nProcess Information:\r\n	Process ID:		0x304\r\n	Process Name:		C:\\Windows\\System32\\services.exe\r\n\r\nNetwork Information:\r\n	Workstation Name:	-\r\n	Source Network Address:	-\r\n	Source Port:		-\r\n\r\nDetailed Authentication Information:\r\n	Logon Process:		Advapi  \r\n	Authentication Package:	Negotiate\r\n	Transited Services:	-\r\n	Package Name (NTLM only):	-\r\n	Key Length:		0\r\n\r\nThis event is generated when a logon session is created. It is generated on the compu'),
(122, 'Audit Success', '0000-00-00 00:00:00', 'Microsoft-Windows-Security-Auditing', '4672', 'Special Logon', 'Special privileges assigned to new logon.\r\n\r\nSubject:\r\n	Security ID:		SYSTEM\r\n	Account Name:		SYSTEM\r\n	Account Domain:		NT AUTHORITY\r\n	Logon ID:		0x3E7\r\n\r\nPrivileges:		SeAssignPrimaryTokenPrivilege\r\n			SeTcbPrivilege\r\n			SeSecurityPrivilege\r\n			SeTakeOwnershipPrivilege\r\n			SeLoadDriverPrivilege\r\n			SeBackupPrivilege\r\n			SeRestorePrivilege\r\n			SeDebugPrivilege\r\n			SeAuditPrivilege\r\n			SeSystemEnvironmentPrivilege\r\n			SeImpersonatePrivilege\r\n			SeDelegateSessionUserImpersonatePrivilege'),
(123, 'Audit Success', '0000-00-00 00:00:00', 'Microsoft-Windows-Security-Auditing', '4624', 'Logon', 'An account was successfully logged on.\r\n\r\nSubject:\r\n	Security ID:		SYSTEM\r\n	Account Name:		DESKTOP-MAIFOE4$\r\n	Account Domain:		WORKGROUP\r\n	Logon ID:		0x3E7\r\n\r\nLogon Information:\r\n	Logon Type:		5\r\n	Restricted Admin Mode:	-\r\n	Virtual Account:		No\r\n	Elevated Token:		Yes\r\n\r\nImpersonation Level:		Impersonation\r\n\r\nNew Logon:\r\n	Security ID:		SYSTEM\r\n	Account Name:		SYSTEM\r\n	Account Domain:		NT AUTHORITY\r\n	Logon ID:		0x3E7\r\n	Linked Logon ID:		0x0\r\n	Network Account Name:	-\r\n	Network Account Domain:	-\r\n	Logon GUID:		{00000000-0000-0000-0000-000000000000}\r\n\r\nProcess Information:\r\n	Process ID:		0x304\r\n	Process Name:		C:\\Windows\\System32\\services.exe\r\n\r\nNetwork Information:\r\n	Workstation Name:	-\r\n	Source Network Address:	-\r\n	Source Port:		-\r\n\r\nDetailed Authentication Information:\r\n	Logon Process:		Advapi  \r\n	Authentication Package:	Negotiate\r\n	Transited Services:	-\r\n	Package Name (NTLM only):	-\r\n	Key Length:		0\r\n\r\nThis event is generated when a logon session is created. It is generated on the compu'),
(124, 'Audit Success', '0000-00-00 00:00:00', 'Microsoft-Windows-Security-Auditing', '4672', 'Special Logon', 'Special privileges assigned to new logon.\r\n\r\nSubject:\r\n	Security ID:		SYSTEM\r\n	Account Name:		SYSTEM\r\n	Account Domain:		NT AUTHORITY\r\n	Logon ID:		0x3E7\r\n\r\nPrivileges:		SeAssignPrimaryTokenPrivilege\r\n			SeTcbPrivilege\r\n			SeSecurityPrivilege\r\n			SeTakeOwnershipPrivilege\r\n			SeLoadDriverPrivilege\r\n			SeBackupPrivilege\r\n			SeRestorePrivilege\r\n			SeDebugPrivilege\r\n			SeAuditPrivilege\r\n			SeSystemEnvironmentPrivilege\r\n			SeImpersonatePrivilege\r\n			SeDelegateSessionUserImpersonatePrivilege'),
(125, 'Audit Success', '0000-00-00 00:00:00', 'Microsoft-Windows-Security-Auditing', '4624', 'Logon', 'An account was successfully logged on.\r\n\r\nSubject:\r\n	Security ID:		SYSTEM\r\n	Account Name:		DESKTOP-MAIFOE4$\r\n	Account Domain:		WORKGROUP\r\n	Logon ID:		0x3E7\r\n\r\nLogon Information:\r\n	Logon Type:		5\r\n	Restricted Admin Mode:	-\r\n	Virtual Account:		No\r\n	Elevated Token:		Yes\r\n\r\nImpersonation Level:		Impersonation\r\n\r\nNew Logon:\r\n	Security ID:		SYSTEM\r\n	Account Name:		SYSTEM\r\n	Account Domain:		NT AUTHORITY\r\n	Logon ID:		0x3E7\r\n	Linked Logon ID:		0x0\r\n	Network Account Name:	-\r\n	Network Account Domain:	-\r\n	Logon GUID:		{00000000-0000-0000-0000-000000000000}\r\n\r\nProcess Information:\r\n	Process ID:		0x304\r\n	Process Name:		C:\\Windows\\System32\\services.exe\r\n\r\nNetwork Information:\r\n	Workstation Name:	-\r\n	Source Network Address:	-\r\n	Source Port:		-\r\n\r\nDetailed Authentication Information:\r\n	Logon Process:		Advapi  \r\n	Authentication Package:	Negotiate\r\n	Transited Services:	-\r\n	Package Name (NTLM only):	-\r\n	Key Length:		0\r\n\r\nThis event is generated when a logon session is created. It is generated on the compu');
INSERT INTO `login` (`ID`, `keywords`, `timestamp`, `source`, `event_id`, `task-category`, `description`) VALUES
(126, 'Audit Success', '0000-00-00 00:00:00', 'Microsoft-Windows-Security-Auditing', '4672', 'Special Logon', 'Special privileges assigned to new logon.\r\n\r\nSubject:\r\n	Security ID:		SYSTEM\r\n	Account Name:		SYSTEM\r\n	Account Domain:		NT AUTHORITY\r\n	Logon ID:		0x3E7\r\n\r\nPrivileges:		SeAssignPrimaryTokenPrivilege\r\n			SeTcbPrivilege\r\n			SeSecurityPrivilege\r\n			SeTakeOwnershipPrivilege\r\n			SeLoadDriverPrivilege\r\n			SeBackupPrivilege\r\n			SeRestorePrivilege\r\n			SeDebugPrivilege\r\n			SeAuditPrivilege\r\n			SeSystemEnvironmentPrivilege\r\n			SeImpersonatePrivilege\r\n			SeDelegateSessionUserImpersonatePrivilege'),
(127, 'Audit Success', '0000-00-00 00:00:00', 'Microsoft-Windows-Security-Auditing', '4624', 'Logon', 'An account was successfully logged on.\r\n\r\nSubject:\r\n	Security ID:		SYSTEM\r\n	Account Name:		DESKTOP-MAIFOE4$\r\n	Account Domain:		WORKGROUP\r\n	Logon ID:		0x3E7\r\n\r\nLogon Information:\r\n	Logon Type:		5\r\n	Restricted Admin Mode:	-\r\n	Virtual Account:		No\r\n	Elevated Token:		Yes\r\n\r\nImpersonation Level:		Impersonation\r\n\r\nNew Logon:\r\n	Security ID:		SYSTEM\r\n	Account Name:		SYSTEM\r\n	Account Domain:		NT AUTHORITY\r\n	Logon ID:		0x3E7\r\n	Linked Logon ID:		0x0\r\n	Network Account Name:	-\r\n	Network Account Domain:	-\r\n	Logon GUID:		{00000000-0000-0000-0000-000000000000}\r\n\r\nProcess Information:\r\n	Process ID:		0x304\r\n	Process Name:		C:\\Windows\\System32\\services.exe\r\n\r\nNetwork Information:\r\n	Workstation Name:	-\r\n	Source Network Address:	-\r\n	Source Port:		-\r\n\r\nDetailed Authentication Information:\r\n	Logon Process:		Advapi  \r\n	Authentication Package:	Negotiate\r\n	Transited Services:	-\r\n	Package Name (NTLM only):	-\r\n	Key Length:		0\r\n\r\nThis event is generated when a logon session is created. It is generated on the compu'),
(128, 'Audit Success', '0000-00-00 00:00:00', 'Microsoft-Windows-Security-Auditing', '4672', 'Special Logon', 'Special privileges assigned to new logon.\r\n\r\nSubject:\r\n	Security ID:		SYSTEM\r\n	Account Name:		SYSTEM\r\n	Account Domain:		NT AUTHORITY\r\n	Logon ID:		0x3E7\r\n\r\nPrivileges:		SeAssignPrimaryTokenPrivilege\r\n			SeTcbPrivilege\r\n			SeSecurityPrivilege\r\n			SeTakeOwnershipPrivilege\r\n			SeLoadDriverPrivilege\r\n			SeBackupPrivilege\r\n			SeRestorePrivilege\r\n			SeDebugPrivilege\r\n			SeAuditPrivilege\r\n			SeSystemEnvironmentPrivilege\r\n			SeImpersonatePrivilege\r\n			SeDelegateSessionUserImpersonatePrivilege'),
(129, 'Audit Success', '0000-00-00 00:00:00', 'Microsoft-Windows-Security-Auditing', '4624', 'Logon', 'An account was successfully logged on.\r\n\r\nSubject:\r\n	Security ID:		SYSTEM\r\n	Account Name:		DESKTOP-MAIFOE4$\r\n	Account Domain:		WORKGROUP\r\n	Logon ID:		0x3E7\r\n\r\nLogon Information:\r\n	Logon Type:		5\r\n	Restricted Admin Mode:	-\r\n	Virtual Account:		No\r\n	Elevated Token:		Yes\r\n\r\nImpersonation Level:		Impersonation\r\n\r\nNew Logon:\r\n	Security ID:		SYSTEM\r\n	Account Name:		SYSTEM\r\n	Account Domain:		NT AUTHORITY\r\n	Logon ID:		0x3E7\r\n	Linked Logon ID:		0x0\r\n	Network Account Name:	-\r\n	Network Account Domain:	-\r\n	Logon GUID:		{00000000-0000-0000-0000-000000000000}\r\n\r\nProcess Information:\r\n	Process ID:		0x304\r\n	Process Name:		C:\\Windows\\System32\\services.exe\r\n\r\nNetwork Information:\r\n	Workstation Name:	-\r\n	Source Network Address:	-\r\n	Source Port:		-\r\n\r\nDetailed Authentication Information:\r\n	Logon Process:		Advapi  \r\n	Authentication Package:	Negotiate\r\n	Transited Services:	-\r\n	Package Name (NTLM only):	-\r\n	Key Length:		0\r\n\r\nThis event is generated when a logon session is created. It is generated on the compu'),
(130, 'Audit Success', '0000-00-00 00:00:00', 'Microsoft-Windows-Security-Auditing', '4672', 'Special Logon', 'Special privileges assigned to new logon.\r\n\r\nSubject:\r\n	Security ID:		SYSTEM\r\n	Account Name:		SYSTEM\r\n	Account Domain:		NT AUTHORITY\r\n	Logon ID:		0x3E7\r\n\r\nPrivileges:		SeAssignPrimaryTokenPrivilege\r\n			SeTcbPrivilege\r\n			SeSecurityPrivilege\r\n			SeTakeOwnershipPrivilege\r\n			SeLoadDriverPrivilege\r\n			SeBackupPrivilege\r\n			SeRestorePrivilege\r\n			SeDebugPrivilege\r\n			SeAuditPrivilege\r\n			SeSystemEnvironmentPrivilege\r\n			SeImpersonatePrivilege\r\n			SeDelegateSessionUserImpersonatePrivilege'),
(131, 'Audit Success', '0000-00-00 00:00:00', 'Microsoft-Windows-Security-Auditing', '4624', 'Logon', 'An account was successfully logged on.\r\n\r\nSubject:\r\n	Security ID:		SYSTEM\r\n	Account Name:		DESKTOP-MAIFOE4$\r\n	Account Domain:		WORKGROUP\r\n	Logon ID:		0x3E7\r\n\r\nLogon Information:\r\n	Logon Type:		5\r\n	Restricted Admin Mode:	-\r\n	Virtual Account:		No\r\n	Elevated Token:		Yes\r\n\r\nImpersonation Level:		Impersonation\r\n\r\nNew Logon:\r\n	Security ID:		SYSTEM\r\n	Account Name:		SYSTEM\r\n	Account Domain:		NT AUTHORITY\r\n	Logon ID:		0x3E7\r\n	Linked Logon ID:		0x0\r\n	Network Account Name:	-\r\n	Network Account Domain:	-\r\n	Logon GUID:		{00000000-0000-0000-0000-000000000000}\r\n\r\nProcess Information:\r\n	Process ID:		0x304\r\n	Process Name:		C:\\Windows\\System32\\services.exe\r\n\r\nNetwork Information:\r\n	Workstation Name:	-\r\n	Source Network Address:	-\r\n	Source Port:		-\r\n\r\nDetailed Authentication Information:\r\n	Logon Process:		Advapi  \r\n	Authentication Package:	Negotiate\r\n	Transited Services:	-\r\n	Package Name (NTLM only):	-\r\n	Key Length:		0\r\n\r\nThis event is generated when a logon session is created. It is generated on the compu'),
(132, 'Audit Success', '0000-00-00 00:00:00', 'Microsoft-Windows-Security-Auditing', '5379', 'User Account Management', 'Credential Manager credentials were read.\r\n\r\nSubject:\r\n	Security ID:		DESKTOP-MAIFOE4\\FELIXOH\r\n	Account Name:		FELIXOH\r\n	Account Domain:		DESKTOP-MAIFOE4\r\n	Logon ID:		0x255A69\r\n	Read Operation:		Enumerate Credentials\r\n\r\nThis event occurs when a user performs a read operation on stored credentials in Credential Manager.'),
(133, 'Audit Success', '0000-00-00 00:00:00', 'Microsoft-Windows-Security-Auditing', '5379', 'User Account Management', 'Credential Manager credentials were read.\r\n\r\nSubject:\r\n	Security ID:		DESKTOP-MAIFOE4\\FELIXOH\r\n	Account Name:		FELIXOH\r\n	Account Domain:		DESKTOP-MAIFOE4\r\n	Logon ID:		0x255A69\r\n	Read Operation:		Enumerate Credentials\r\n\r\nThis event occurs when a user performs a read operation on stored credentials in Credential Manager.'),
(134, 'Audit Success', '0000-00-00 00:00:00', 'Microsoft-Windows-Security-Auditing', '5379', 'User Account Management', 'Credential Manager credentials were read.\r\n\r\nSubject:\r\n	Security ID:		DESKTOP-MAIFOE4\\FELIXOH\r\n	Account Name:		FELIXOH\r\n	Account Domain:		DESKTOP-MAIFOE4\r\n	Logon ID:		0x255A69\r\n	Read Operation:		Enumerate Credentials\r\n\r\nThis event occurs when a user performs a read operation on stored credentials in Credential Manager.'),
(135, 'Audit Success', '0000-00-00 00:00:00', 'Microsoft-Windows-Security-Auditing', '5379', 'User Account Management', 'Credential Manager credentials were read.\r\n\r\nSubject:\r\n	Security ID:		SYSTEM\r\n	Account Name:		DESKTOP-MAIFOE4$\r\n	Account Domain:		WORKGROUP\r\n	Logon ID:		0x3E7\r\n	Read Operation:		Enumerate Credentials\r\n\r\nThis event occurs when a user performs a read operation on stored credentials in Credential Manager.'),
(136, 'Audit Success', '0000-00-00 00:00:00', 'Microsoft-Windows-Security-Auditing', '5379', 'User Account Management', 'Credential Manager credentials were read.\r\n\r\nSubject:\r\n	Security ID:		SYSTEM\r\n	Account Name:		DESKTOP-MAIFOE4$\r\n	Account Domain:		WORKGROUP\r\n	Logon ID:		0x3E7\r\n	Read Operation:		Enumerate Credentials\r\n\r\nThis event occurs when a user performs a read operation on stored credentials in Credential Manager.'),
(137, 'Audit Success', '0000-00-00 00:00:00', 'Microsoft-Windows-Security-Auditing', '5379', 'User Account Management', 'Credential Manager credentials were read.\r\n\r\nSubject:\r\n	Security ID:		SYSTEM\r\n	Account Name:		DESKTOP-MAIFOE4$\r\n	Account Domain:		WORKGROUP\r\n	Logon ID:		0x3E7\r\n	Read Operation:		Enumerate Credentials\r\n\r\nThis event occurs when a user performs a read operation on stored credentials in Credential Manager.'),
(138, 'Audit Success', '0000-00-00 00:00:00', 'Microsoft-Windows-Security-Auditing', '4672', 'Special Logon', 'Special privileges assigned to new logon.\r\n\r\nSubject:\r\n	Security ID:		SYSTEM\r\n	Account Name:		SYSTEM\r\n	Account Domain:		NT AUTHORITY\r\n	Logon ID:		0x3E7\r\n\r\nPrivileges:		SeAssignPrimaryTokenPrivilege\r\n			SeTcbPrivilege\r\n			SeSecurityPrivilege\r\n			SeTakeOwnershipPrivilege\r\n			SeLoadDriverPrivilege\r\n			SeBackupPrivilege\r\n			SeRestorePrivilege\r\n			SeDebugPrivilege\r\n			SeAuditPrivilege\r\n			SeSystemEnvironmentPrivilege\r\n			SeImpersonatePrivilege\r\n			SeDelegateSessionUserImpersonatePrivilege'),
(139, 'Audit Success', '0000-00-00 00:00:00', 'Microsoft-Windows-Security-Auditing', '4624', 'Logon', 'An account was successfully logged on.\r\n\r\nSubject:\r\n	Security ID:		SYSTEM\r\n	Account Name:		DESKTOP-MAIFOE4$\r\n	Account Domain:		WORKGROUP\r\n	Logon ID:		0x3E7\r\n\r\nLogon Information:\r\n	Logon Type:		5\r\n	Restricted Admin Mode:	-\r\n	Virtual Account:		No\r\n	Elevated Token:		Yes\r\n\r\nImpersonation Level:		Impersonation\r\n\r\nNew Logon:\r\n	Security ID:		SYSTEM\r\n	Account Name:		SYSTEM\r\n	Account Domain:		NT AUTHORITY\r\n	Logon ID:		0x3E7\r\n	Linked Logon ID:		0x0\r\n	Network Account Name:	-\r\n	Network Account Domain:	-\r\n	Logon GUID:		{00000000-0000-0000-0000-000000000000}\r\n\r\nProcess Information:\r\n	Process ID:		0x304\r\n	Process Name:		C:\\Windows\\System32\\services.exe\r\n\r\nNetwork Information:\r\n	Workstation Name:	-\r\n	Source Network Address:	-\r\n	Source Port:		-\r\n\r\nDetailed Authentication Information:\r\n	Logon Process:		Advapi  \r\n	Authentication Package:	Negotiate\r\n	Transited Services:	-\r\n	Package Name (NTLM only):	-\r\n	Key Length:		0\r\n\r\nThis event is generated when a logon session is created. It is generated on the compu'),
(140, 'Audit Success', '0000-00-00 00:00:00', 'Microsoft-Windows-Security-Auditing', '4672', 'Special Logon', 'Special privileges assigned to new logon.\r\n\r\nSubject:\r\n	Security ID:		SYSTEM\r\n	Account Name:		SYSTEM\r\n	Account Domain:		NT AUTHORITY\r\n	Logon ID:		0x3E7\r\n\r\nPrivileges:		SeAssignPrimaryTokenPrivilege\r\n			SeTcbPrivilege\r\n			SeSecurityPrivilege\r\n			SeTakeOwnershipPrivilege\r\n			SeLoadDriverPrivilege\r\n			SeBackupPrivilege\r\n			SeRestorePrivilege\r\n			SeDebugPrivilege\r\n			SeAuditPrivilege\r\n			SeSystemEnvironmentPrivilege\r\n			SeImpersonatePrivilege\r\n			SeDelegateSessionUserImpersonatePrivilege'),
(141, 'Audit Success', '0000-00-00 00:00:00', 'Microsoft-Windows-Security-Auditing', '4624', 'Logon', 'An account was successfully logged on.\r\n\r\nSubject:\r\n	Security ID:		SYSTEM\r\n	Account Name:		DESKTOP-MAIFOE4$\r\n	Account Domain:		WORKGROUP\r\n	Logon ID:		0x3E7\r\n\r\nLogon Information:\r\n	Logon Type:		5\r\n	Restricted Admin Mode:	-\r\n	Virtual Account:		No\r\n	Elevated Token:		Yes\r\n\r\nImpersonation Level:		Impersonation\r\n\r\nNew Logon:\r\n	Security ID:		SYSTEM\r\n	Account Name:		SYSTEM\r\n	Account Domain:		NT AUTHORITY\r\n	Logon ID:		0x3E7\r\n	Linked Logon ID:		0x0\r\n	Network Account Name:	-\r\n	Network Account Domain:	-\r\n	Logon GUID:		{00000000-0000-0000-0000-000000000000}\r\n\r\nProcess Information:\r\n	Process ID:		0x304\r\n	Process Name:		C:\\Windows\\System32\\services.exe\r\n\r\nNetwork Information:\r\n	Workstation Name:	-\r\n	Source Network Address:	-\r\n	Source Port:		-\r\n\r\nDetailed Authentication Information:\r\n	Logon Process:		Advapi  \r\n	Authentication Package:	Negotiate\r\n	Transited Services:	-\r\n	Package Name (NTLM only):	-\r\n	Key Length:		0\r\n\r\nThis event is generated when a logon session is created. It is generated on the compu'),
(142, 'Audit Success', '0000-00-00 00:00:00', 'Microsoft-Windows-Security-Auditing', '4672', 'Special Logon', 'Special privileges assigned to new logon.\r\n\r\nSubject:\r\n	Security ID:		SYSTEM\r\n	Account Name:		SYSTEM\r\n	Account Domain:		NT AUTHORITY\r\n	Logon ID:		0x3E7\r\n\r\nPrivileges:		SeAssignPrimaryTokenPrivilege\r\n			SeTcbPrivilege\r\n			SeSecurityPrivilege\r\n			SeTakeOwnershipPrivilege\r\n			SeLoadDriverPrivilege\r\n			SeBackupPrivilege\r\n			SeRestorePrivilege\r\n			SeDebugPrivilege\r\n			SeAuditPrivilege\r\n			SeSystemEnvironmentPrivilege\r\n			SeImpersonatePrivilege\r\n			SeDelegateSessionUserImpersonatePrivilege'),
(143, 'Audit Success', '0000-00-00 00:00:00', 'Microsoft-Windows-Security-Auditing', '4624', 'Logon', 'An account was successfully logged on.\r\n\r\nSubject:\r\n	Security ID:		SYSTEM\r\n	Account Name:		DESKTOP-MAIFOE4$\r\n	Account Domain:		WORKGROUP\r\n	Logon ID:		0x3E7\r\n\r\nLogon Information:\r\n	Logon Type:		5\r\n	Restricted Admin Mode:	-\r\n	Virtual Account:		No\r\n	Elevated Token:		Yes\r\n\r\nImpersonation Level:		Impersonation\r\n\r\nNew Logon:\r\n	Security ID:		SYSTEM\r\n	Account Name:		SYSTEM\r\n	Account Domain:		NT AUTHORITY\r\n	Logon ID:		0x3E7\r\n	Linked Logon ID:		0x0\r\n	Network Account Name:	-\r\n	Network Account Domain:	-\r\n	Logon GUID:		{00000000-0000-0000-0000-000000000000}\r\n\r\nProcess Information:\r\n	Process ID:		0x304\r\n	Process Name:		C:\\Windows\\System32\\services.exe\r\n\r\nNetwork Information:\r\n	Workstation Name:	-\r\n	Source Network Address:	-\r\n	Source Port:		-\r\n\r\nDetailed Authentication Information:\r\n	Logon Process:		Advapi  \r\n	Authentication Package:	Negotiate\r\n	Transited Services:	-\r\n	Package Name (NTLM only):	-\r\n	Key Length:		0\r\n\r\nThis event is generated when a logon session is created. It is generated on the compu'),
(144, 'Audit Success', '0000-00-00 00:00:00', 'Microsoft-Windows-Security-Auditing', '4672', 'Special Logon', 'Special privileges assigned to new logon.\r\n\r\nSubject:\r\n	Security ID:		SYSTEM\r\n	Account Name:		SYSTEM\r\n	Account Domain:		NT AUTHORITY\r\n	Logon ID:		0x3E7\r\n\r\nPrivileges:		SeAssignPrimaryTokenPrivilege\r\n			SeTcbPrivilege\r\n			SeSecurityPrivilege\r\n			SeTakeOwnershipPrivilege\r\n			SeLoadDriverPrivilege\r\n			SeBackupPrivilege\r\n			SeRestorePrivilege\r\n			SeDebugPrivilege\r\n			SeAuditPrivilege\r\n			SeSystemEnvironmentPrivilege\r\n			SeImpersonatePrivilege\r\n			SeDelegateSessionUserImpersonatePrivilege'),
(145, 'Audit Success', '0000-00-00 00:00:00', 'Microsoft-Windows-Security-Auditing', '4624', 'Logon', 'An account was successfully logged on.\r\n\r\nSubject:\r\n	Security ID:		SYSTEM\r\n	Account Name:		DESKTOP-MAIFOE4$\r\n	Account Domain:		WORKGROUP\r\n	Logon ID:		0x3E7\r\n\r\nLogon Information:\r\n	Logon Type:		5\r\n	Restricted Admin Mode:	-\r\n	Virtual Account:		No\r\n	Elevated Token:		Yes\r\n\r\nImpersonation Level:		Impersonation\r\n\r\nNew Logon:\r\n	Security ID:		SYSTEM\r\n	Account Name:		SYSTEM\r\n	Account Domain:		NT AUTHORITY\r\n	Logon ID:		0x3E7\r\n	Linked Logon ID:		0x0\r\n	Network Account Name:	-\r\n	Network Account Domain:	-\r\n	Logon GUID:		{00000000-0000-0000-0000-000000000000}\r\n\r\nProcess Information:\r\n	Process ID:		0x304\r\n	Process Name:		C:\\Windows\\System32\\services.exe\r\n\r\nNetwork Information:\r\n	Workstation Name:	-\r\n	Source Network Address:	-\r\n	Source Port:		-\r\n\r\nDetailed Authentication Information:\r\n	Logon Process:		Advapi  \r\n	Authentication Package:	Negotiate\r\n	Transited Services:	-\r\n	Package Name (NTLM only):	-\r\n	Key Length:		0\r\n\r\nThis event is generated when a logon session is created. It is generated on the compu'),
(146, 'Audit Success', '0000-00-00 00:00:00', 'Microsoft-Windows-Security-Auditing', '4672', 'Special Logon', 'Special privileges assigned to new logon.\r\n\r\nSubject:\r\n	Security ID:		SYSTEM\r\n	Account Name:		SYSTEM\r\n	Account Domain:		NT AUTHORITY\r\n	Logon ID:		0x3E7\r\n\r\nPrivileges:		SeAssignPrimaryTokenPrivilege\r\n			SeTcbPrivilege\r\n			SeSecurityPrivilege\r\n			SeTakeOwnershipPrivilege\r\n			SeLoadDriverPrivilege\r\n			SeBackupPrivilege\r\n			SeRestorePrivilege\r\n			SeDebugPrivilege\r\n			SeAuditPrivilege\r\n			SeSystemEnvironmentPrivilege\r\n			SeImpersonatePrivilege\r\n			SeDelegateSessionUserImpersonatePrivilege'),
(147, 'Audit Success', '0000-00-00 00:00:00', 'Microsoft-Windows-Security-Auditing', '4624', 'Logon', 'An account was successfully logged on.\r\n\r\nSubject:\r\n	Security ID:		SYSTEM\r\n	Account Name:		DESKTOP-MAIFOE4$\r\n	Account Domain:		WORKGROUP\r\n	Logon ID:		0x3E7\r\n\r\nLogon Information:\r\n	Logon Type:		5\r\n	Restricted Admin Mode:	-\r\n	Virtual Account:		No\r\n	Elevated Token:		Yes\r\n\r\nImpersonation Level:		Impersonation\r\n\r\nNew Logon:\r\n	Security ID:		SYSTEM\r\n	Account Name:		SYSTEM\r\n	Account Domain:		NT AUTHORITY\r\n	Logon ID:		0x3E7\r\n	Linked Logon ID:		0x0\r\n	Network Account Name:	-\r\n	Network Account Domain:	-\r\n	Logon GUID:		{00000000-0000-0000-0000-000000000000}\r\n\r\nProcess Information:\r\n	Process ID:		0x304\r\n	Process Name:		C:\\Windows\\System32\\services.exe\r\n\r\nNetwork Information:\r\n	Workstation Name:	-\r\n	Source Network Address:	-\r\n	Source Port:		-\r\n\r\nDetailed Authentication Information:\r\n	Logon Process:		Advapi  \r\n	Authentication Package:	Negotiate\r\n	Transited Services:	-\r\n	Package Name (NTLM only):	-\r\n	Key Length:		0\r\n\r\nThis event is generated when a logon session is created. It is generated on the compu'),
(148, 'Audit Success', '0000-00-00 00:00:00', 'Microsoft-Windows-Security-Auditing', '4672', 'Special Logon', 'Special privileges assigned to new logon.\r\n\r\nSubject:\r\n	Security ID:		SYSTEM\r\n	Account Name:		SYSTEM\r\n	Account Domain:		NT AUTHORITY\r\n	Logon ID:		0x3E7\r\n\r\nPrivileges:		SeAssignPrimaryTokenPrivilege\r\n			SeTcbPrivilege\r\n			SeSecurityPrivilege\r\n			SeTakeOwnershipPrivilege\r\n			SeLoadDriverPrivilege\r\n			SeBackupPrivilege\r\n			SeRestorePrivilege\r\n			SeDebugPrivilege\r\n			SeAuditPrivilege\r\n			SeSystemEnvironmentPrivilege\r\n			SeImpersonatePrivilege\r\n			SeDelegateSessionUserImpersonatePrivilege'),
(149, 'Audit Success', '0000-00-00 00:00:00', 'Microsoft-Windows-Security-Auditing', '4624', 'Logon', 'An account was successfully logged on.\r\n\r\nSubject:\r\n	Security ID:		SYSTEM\r\n	Account Name:		DESKTOP-MAIFOE4$\r\n	Account Domain:		WORKGROUP\r\n	Logon ID:		0x3E7\r\n\r\nLogon Information:\r\n	Logon Type:		5\r\n	Restricted Admin Mode:	-\r\n	Virtual Account:		No\r\n	Elevated Token:		Yes\r\n\r\nImpersonation Level:		Impersonation\r\n\r\nNew Logon:\r\n	Security ID:		SYSTEM\r\n	Account Name:		SYSTEM\r\n	Account Domain:		NT AUTHORITY\r\n	Logon ID:		0x3E7\r\n	Linked Logon ID:		0x0\r\n	Network Account Name:	-\r\n	Network Account Domain:	-\r\n	Logon GUID:		{00000000-0000-0000-0000-000000000000}\r\n\r\nProcess Information:\r\n	Process ID:		0x304\r\n	Process Name:		C:\\Windows\\System32\\services.exe\r\n\r\nNetwork Information:\r\n	Workstation Name:	-\r\n	Source Network Address:	-\r\n	Source Port:		-\r\n\r\nDetailed Authentication Information:\r\n	Logon Process:		Advapi  \r\n	Authentication Package:	Negotiate\r\n	Transited Services:	-\r\n	Package Name (NTLM only):	-\r\n	Key Length:		0\r\n\r\nThis event is generated when a logon session is created. It is generated on the compu'),
(150, 'Audit Success', '0000-00-00 00:00:00', 'Microsoft-Windows-Security-Auditing', '4672', 'Special Logon', 'Special privileges assigned to new logon.\r\n\r\nSubject:\r\n	Security ID:		SYSTEM\r\n	Account Name:		SYSTEM\r\n	Account Domain:		NT AUTHORITY\r\n	Logon ID:		0x3E7\r\n\r\nPrivileges:		SeAssignPrimaryTokenPrivilege\r\n			SeTcbPrivilege\r\n			SeSecurityPrivilege\r\n			SeTakeOwnershipPrivilege\r\n			SeLoadDriverPrivilege\r\n			SeBackupPrivilege\r\n			SeRestorePrivilege\r\n			SeDebugPrivilege\r\n			SeAuditPrivilege\r\n			SeSystemEnvironmentPrivilege\r\n			SeImpersonatePrivilege\r\n			SeDelegateSessionUserImpersonatePrivilege'),
(151, 'Audit Success', '0000-00-00 00:00:00', 'Microsoft-Windows-Security-Auditing', '4624', 'Logon', 'An account was successfully logged on.\r\n\r\nSubject:\r\n	Security ID:		SYSTEM\r\n	Account Name:		DESKTOP-MAIFOE4$\r\n	Account Domain:		WORKGROUP\r\n	Logon ID:		0x3E7\r\n\r\nLogon Information:\r\n	Logon Type:		5\r\n	Restricted Admin Mode:	-\r\n	Virtual Account:		No\r\n	Elevated Token:		Yes\r\n\r\nImpersonation Level:		Impersonation\r\n\r\nNew Logon:\r\n	Security ID:		SYSTEM\r\n	Account Name:		SYSTEM\r\n	Account Domain:		NT AUTHORITY\r\n	Logon ID:		0x3E7\r\n	Linked Logon ID:		0x0\r\n	Network Account Name:	-\r\n	Network Account Domain:	-\r\n	Logon GUID:		{00000000-0000-0000-0000-000000000000}\r\n\r\nProcess Information:\r\n	Process ID:		0x304\r\n	Process Name:		C:\\Windows\\System32\\services.exe\r\n\r\nNetwork Information:\r\n	Workstation Name:	-\r\n	Source Network Address:	-\r\n	Source Port:		-\r\n\r\nDetailed Authentication Information:\r\n	Logon Process:		Advapi  \r\n	Authentication Package:	Negotiate\r\n	Transited Services:	-\r\n	Package Name (NTLM only):	-\r\n	Key Length:		0\r\n\r\nThis event is generated when a logon session is created. It is generated on the compu'),
(152, 'Audit Success', '0000-00-00 00:00:00', 'Microsoft-Windows-Security-Auditing', '5382', 'User Account Management', 'Vault credentials were read.\r\n\r\nSubject:\r\n	Security ID:		SYSTEM\r\n	Account Name:		DESKTOP-MAIFOE4$\r\n	Account Domain:		WORKGROUP\r\n	Logon ID:		0x3E7\r\n\r\nThis event occurs when a user reads a stored vault credential.'),
(153, 'Audit Success', '0000-00-00 00:00:00', 'Microsoft-Windows-Security-Auditing', '4672', 'Special Logon', 'Special privileges assigned to new logon.\r\n\r\nSubject:\r\n	Security ID:		SYSTEM\r\n	Account Name:		SYSTEM\r\n	Account Domain:		NT AUTHORITY\r\n	Logon ID:		0x3E7\r\n\r\nPrivileges:		SeAssignPrimaryTokenPrivilege\r\n			SeTcbPrivilege\r\n			SeSecurityPrivilege\r\n			SeTakeOwnershipPrivilege\r\n			SeLoadDriverPrivilege\r\n			SeBackupPrivilege\r\n			SeRestorePrivilege\r\n			SeDebugPrivilege\r\n			SeAuditPrivilege\r\n			SeSystemEnvironmentPrivilege\r\n			SeImpersonatePrivilege\r\n			SeDelegateSessionUserImpersonatePrivilege'),
(154, 'Audit Success', '0000-00-00 00:00:00', 'Microsoft-Windows-Security-Auditing', '4624', 'Logon', 'An account was successfully logged on.\r\n\r\nSubject:\r\n	Security ID:		SYSTEM\r\n	Account Name:		DESKTOP-MAIFOE4$\r\n	Account Domain:		WORKGROUP\r\n	Logon ID:		0x3E7\r\n\r\nLogon Information:\r\n	Logon Type:		5\r\n	Restricted Admin Mode:	-\r\n	Virtual Account:		No\r\n	Elevated Token:		Yes\r\n\r\nImpersonation Level:		Impersonation\r\n\r\nNew Logon:\r\n	Security ID:		SYSTEM\r\n	Account Name:		SYSTEM\r\n	Account Domain:		NT AUTHORITY\r\n	Logon ID:		0x3E7\r\n	Linked Logon ID:		0x0\r\n	Network Account Name:	-\r\n	Network Account Domain:	-\r\n	Logon GUID:		{00000000-0000-0000-0000-000000000000}\r\n\r\nProcess Information:\r\n	Process ID:		0x304\r\n	Process Name:		C:\\Windows\\System32\\services.exe\r\n\r\nNetwork Information:\r\n	Workstation Name:	-\r\n	Source Network Address:	-\r\n	Source Port:		-\r\n\r\nDetailed Authentication Information:\r\n	Logon Process:		Advapi  \r\n	Authentication Package:	Negotiate\r\n	Transited Services:	-\r\n	Package Name (NTLM only):	-\r\n	Key Length:		0\r\n\r\nThis event is generated when a logon session is created. It is generated on the compu'),
(155, 'Audit Success', '0000-00-00 00:00:00', 'Microsoft-Windows-Security-Auditing', '4672', 'Special Logon', 'Special privileges assigned to new logon.\r\n\r\nSubject:\r\n	Security ID:		SYSTEM\r\n	Account Name:		SYSTEM\r\n	Account Domain:		NT AUTHORITY\r\n	Logon ID:		0x3E7\r\n\r\nPrivileges:		SeAssignPrimaryTokenPrivilege\r\n			SeTcbPrivilege\r\n			SeSecurityPrivilege\r\n			SeTakeOwnershipPrivilege\r\n			SeLoadDriverPrivilege\r\n			SeBackupPrivilege\r\n			SeRestorePrivilege\r\n			SeDebugPrivilege\r\n			SeAuditPrivilege\r\n			SeSystemEnvironmentPrivilege\r\n			SeImpersonatePrivilege\r\n			SeDelegateSessionUserImpersonatePrivilege'),
(156, 'Audit Success', '0000-00-00 00:00:00', 'Microsoft-Windows-Security-Auditing', '4624', 'Logon', 'An account was successfully logged on.\r\n\r\nSubject:\r\n	Security ID:		SYSTEM\r\n	Account Name:		DESKTOP-MAIFOE4$\r\n	Account Domain:		WORKGROUP\r\n	Logon ID:		0x3E7\r\n\r\nLogon Information:\r\n	Logon Type:		5\r\n	Restricted Admin Mode:	-\r\n	Virtual Account:		No\r\n	Elevated Token:		Yes\r\n\r\nImpersonation Level:		Impersonation\r\n\r\nNew Logon:\r\n	Security ID:		SYSTEM\r\n	Account Name:		SYSTEM\r\n	Account Domain:		NT AUTHORITY\r\n	Logon ID:		0x3E7\r\n	Linked Logon ID:		0x0\r\n	Network Account Name:	-\r\n	Network Account Domain:	-\r\n	Logon GUID:		{00000000-0000-0000-0000-000000000000}\r\n\r\nProcess Information:\r\n	Process ID:		0x304\r\n	Process Name:		C:\\Windows\\System32\\services.exe\r\n\r\nNetwork Information:\r\n	Workstation Name:	-\r\n	Source Network Address:	-\r\n	Source Port:		-\r\n\r\nDetailed Authentication Information:\r\n	Logon Process:		Advapi  \r\n	Authentication Package:	Negotiate\r\n	Transited Services:	-\r\n	Package Name (NTLM only):	-\r\n	Key Length:		0\r\n\r\nThis event is generated when a logon session is created. It is generated on the compu'),
(157, 'Audit Success', '0000-00-00 00:00:00', 'Microsoft-Windows-Security-Auditing', '4672', 'Special Logon', 'Special privileges assigned to new logon.\r\n\r\nSubject:\r\n	Security ID:		SYSTEM\r\n	Account Name:		SYSTEM\r\n	Account Domain:		NT AUTHORITY\r\n	Logon ID:		0x3E7\r\n\r\nPrivileges:		SeAssignPrimaryTokenPrivilege\r\n			SeTcbPrivilege\r\n			SeSecurityPrivilege\r\n			SeTakeOwnershipPrivilege\r\n			SeLoadDriverPrivilege\r\n			SeBackupPrivilege\r\n			SeRestorePrivilege\r\n			SeDebugPrivilege\r\n			SeAuditPrivilege\r\n			SeSystemEnvironmentPrivilege\r\n			SeImpersonatePrivilege\r\n			SeDelegateSessionUserImpersonatePrivilege'),
(158, 'Audit Success', '0000-00-00 00:00:00', 'Microsoft-Windows-Security-Auditing', '4624', 'Logon', 'An account was successfully logged on.\r\n\r\nSubject:\r\n	Security ID:		SYSTEM\r\n	Account Name:		DESKTOP-MAIFOE4$\r\n	Account Domain:		WORKGROUP\r\n	Logon ID:		0x3E7\r\n\r\nLogon Information:\r\n	Logon Type:		5\r\n	Restricted Admin Mode:	-\r\n	Virtual Account:		No\r\n	Elevated Token:		Yes\r\n\r\nImpersonation Level:		Impersonation\r\n\r\nNew Logon:\r\n	Security ID:		SYSTEM\r\n	Account Name:		SYSTEM\r\n	Account Domain:		NT AUTHORITY\r\n	Logon ID:		0x3E7\r\n	Linked Logon ID:		0x0\r\n	Network Account Name:	-\r\n	Network Account Domain:	-\r\n	Logon GUID:		{00000000-0000-0000-0000-000000000000}\r\n\r\nProcess Information:\r\n	Process ID:		0x304\r\n	Process Name:		C:\\Windows\\System32\\services.exe\r\n\r\nNetwork Information:\r\n	Workstation Name:	-\r\n	Source Network Address:	-\r\n	Source Port:		-\r\n\r\nDetailed Authentication Information:\r\n	Logon Process:		Advapi  \r\n	Authentication Package:	Negotiate\r\n	Transited Services:	-\r\n	Package Name (NTLM only):	-\r\n	Key Length:		0\r\n\r\nThis event is generated when a logon session is created. It is generated on the compu'),
(159, 'Audit Success', '0000-00-00 00:00:00', 'Microsoft-Windows-Security-Auditing', '4672', 'Special Logon', 'Special privileges assigned to new logon.\r\n\r\nSubject:\r\n	Security ID:		SYSTEM\r\n	Account Name:		SYSTEM\r\n	Account Domain:		NT AUTHORITY\r\n	Logon ID:		0x3E7\r\n\r\nPrivileges:		SeAssignPrimaryTokenPrivilege\r\n			SeTcbPrivilege\r\n			SeSecurityPrivilege\r\n			SeTakeOwnershipPrivilege\r\n			SeLoadDriverPrivilege\r\n			SeBackupPrivilege\r\n			SeRestorePrivilege\r\n			SeDebugPrivilege\r\n			SeAuditPrivilege\r\n			SeSystemEnvironmentPrivilege\r\n			SeImpersonatePrivilege\r\n			SeDelegateSessionUserImpersonatePrivilege'),
(160, 'Audit Success', '0000-00-00 00:00:00', 'Microsoft-Windows-Security-Auditing', '4624', 'Logon', 'An account was successfully logged on.\r\n\r\nSubject:\r\n	Security ID:		SYSTEM\r\n	Account Name:		DESKTOP-MAIFOE4$\r\n	Account Domain:		WORKGROUP\r\n	Logon ID:		0x3E7\r\n\r\nLogon Information:\r\n	Logon Type:		5\r\n	Restricted Admin Mode:	-\r\n	Virtual Account:		No\r\n	Elevated Token:		Yes\r\n\r\nImpersonation Level:		Impersonation\r\n\r\nNew Logon:\r\n	Security ID:		SYSTEM\r\n	Account Name:		SYSTEM\r\n	Account Domain:		NT AUTHORITY\r\n	Logon ID:		0x3E7\r\n	Linked Logon ID:		0x0\r\n	Network Account Name:	-\r\n	Network Account Domain:	-\r\n	Logon GUID:		{00000000-0000-0000-0000-000000000000}\r\n\r\nProcess Information:\r\n	Process ID:		0x304\r\n	Process Name:		C:\\Windows\\System32\\services.exe\r\n\r\nNetwork Information:\r\n	Workstation Name:	-\r\n	Source Network Address:	-\r\n	Source Port:		-\r\n\r\nDetailed Authentication Information:\r\n	Logon Process:		Advapi  \r\n	Authentication Package:	Negotiate\r\n	Transited Services:	-\r\n	Package Name (NTLM only):	-\r\n	Key Length:		0\r\n\r\nThis event is generated when a logon session is created. It is generated on the compu'),
(161, 'Audit Success', '0000-00-00 00:00:00', 'Microsoft-Windows-Security-Auditing', '5379', 'User Account Management', 'Credential Manager credentials were read.\r\n\r\nSubject:\r\n	Security ID:		DESKTOP-MAIFOE4\\FELIXOH\r\n	Account Name:		FELIXOH\r\n	Account Domain:		DESKTOP-MAIFOE4\r\n	Logon ID:		0x255A69\r\n	Read Operation:		Read Credential\r\n\r\nThis event occurs when a user performs a read operation on stored credentials in Credential Manager.'),
(162, 'Audit Success', '0000-00-00 00:00:00', 'Microsoft-Windows-Security-Auditing', '5379', 'User Account Management', 'Credential Manager credentials were read.\r\n\r\nSubject:\r\n	Security ID:		DESKTOP-MAIFOE4\\FELIXOH\r\n	Account Name:		FELIXOH\r\n	Account Domain:		DESKTOP-MAIFOE4\r\n	Logon ID:		0x255A69\r\n	Read Operation:		Read Credential\r\n\r\nThis event occurs when a user performs a read operation on stored credentials in Credential Manager.'),
(163, 'Audit Success', '0000-00-00 00:00:00', 'Microsoft-Windows-Security-Auditing', '5379', 'User Account Management', 'Credential Manager credentials were read.\r\n\r\nSubject:\r\n	Security ID:		DESKTOP-MAIFOE4\\FELIXOH\r\n	Account Name:		FELIXOH\r\n	Account Domain:		DESKTOP-MAIFOE4\r\n	Logon ID:		0x255A69\r\n	Read Operation:		Read Credential\r\n\r\nThis event occurs when a user performs a read operation on stored credentials in Credential Manager.'),
(164, 'Audit Success', '0000-00-00 00:00:00', 'Microsoft-Windows-Security-Auditing', '5379', 'User Account Management', 'Credential Manager credentials were read.\r\n\r\nSubject:\r\n	Security ID:		DESKTOP-MAIFOE4\\FELIXOH\r\n	Account Name:		FELIXOH\r\n	Account Domain:		DESKTOP-MAIFOE4\r\n	Logon ID:		0x255A69\r\n	Read Operation:		Read Credential\r\n\r\nThis event occurs when a user performs a read operation on stored credentials in Credential Manager.'),
(165, 'Audit Success', '0000-00-00 00:00:00', 'Microsoft-Windows-Security-Auditing', '5379', 'User Account Management', 'Credential Manager credentials were read.\r\n\r\nSubject:\r\n	Security ID:		DESKTOP-MAIFOE4\\FELIXOH\r\n	Account Name:		FELIXOH\r\n	Account Domain:		DESKTOP-MAIFOE4\r\n	Logon ID:		0x255A69\r\n	Read Operation:		Read Credential\r\n\r\nThis event occurs when a user performs a read operation on stored credentials in Credential Manager.'),
(166, 'Audit Success', '0000-00-00 00:00:00', 'Microsoft-Windows-Security-Auditing', '5379', 'User Account Management', 'Credential Manager credentials were read.\r\n\r\nSubject:\r\n	Security ID:		DESKTOP-MAIFOE4\\FELIXOH\r\n	Account Name:		FELIXOH\r\n	Account Domain:		DESKTOP-MAIFOE4\r\n	Logon ID:		0x255A69\r\n	Read Operation:		Read Credential\r\n\r\nThis event occurs when a user performs a read operation on stored credentials in Credential Manager.'),
(167, 'Audit Success', '0000-00-00 00:00:00', 'Microsoft-Windows-Security-Auditing', '5379', 'User Account Management', 'Credential Manager credentials were read.\r\n\r\nSubject:\r\n	Security ID:		DESKTOP-MAIFOE4\\FELIXOH\r\n	Account Name:		FELIXOH\r\n	Account Domain:		DESKTOP-MAIFOE4\r\n	Logon ID:		0x255A69\r\n	Read Operation:		Read Credential\r\n\r\nThis event occurs when a user performs a read operation on stored credentials in Credential Manager.'),
(168, 'Audit Success', '0000-00-00 00:00:00', 'Microsoft-Windows-Security-Auditing', '5379', 'User Account Management', 'Credential Manager credentials were read.\r\n\r\nSubject:\r\n	Security ID:		DESKTOP-MAIFOE4\\FELIXOH\r\n	Account Name:		FELIXOH\r\n	Account Domain:		DESKTOP-MAIFOE4\r\n	Logon ID:		0x255A69\r\n	Read Operation:		Read Credential\r\n\r\nThis event occurs when a user performs a read operation on stored credentials in Credential Manager.'),
(169, 'Audit Success', '0000-00-00 00:00:00', 'Microsoft-Windows-Security-Auditing', '5379', 'User Account Management', 'Credential Manager credentials were read.\r\n\r\nSubject:\r\n	Security ID:		DESKTOP-MAIFOE4\\FELIXOH\r\n	Account Name:		FELIXOH\r\n	Account Domain:		DESKTOP-MAIFOE4\r\n	Logon ID:		0x255A69\r\n	Read Operation:		Read Credential\r\n\r\nThis event occurs when a user performs a read operation on stored credentials in Credential Manager.'),
(170, 'Audit Success', '0000-00-00 00:00:00', 'Microsoft-Windows-Security-Auditing', '5379', 'User Account Management', 'Credential Manager credentials were read.\r\n\r\nSubject:\r\n	Security ID:		DESKTOP-MAIFOE4\\FELIXOH\r\n	Account Name:		FELIXOH\r\n	Account Domain:		DESKTOP-MAIFOE4\r\n	Logon ID:		0x255A69\r\n	Read Operation:		Read Credential\r\n\r\nThis event occurs when a user performs a read operation on stored credentials in Credential Manager.'),
(171, 'Audit Success', '0000-00-00 00:00:00', 'Microsoft-Windows-Security-Auditing', '5379', 'User Account Management', 'Credential Manager credentials were read.\r\n\r\nSubject:\r\n	Security ID:		DESKTOP-MAIFOE4\\FELIXOH\r\n	Account Name:		FELIXOH\r\n	Account Domain:		DESKTOP-MAIFOE4\r\n	Logon ID:		0x255A69\r\n	Read Operation:		Read Credential\r\n\r\nThis event occurs when a user performs a read operation on stored credentials in Credential Manager.'),
(172, 'Audit Success', '0000-00-00 00:00:00', 'Microsoft-Windows-Security-Auditing', '5379', 'User Account Management', 'Credential Manager credentials were read.\r\n\r\nSubject:\r\n	Security ID:		DESKTOP-MAIFOE4\\FELIXOH\r\n	Account Name:		FELIXOH\r\n	Account Domain:		DESKTOP-MAIFOE4\r\n	Logon ID:		0x255A69\r\n	Read Operation:		Read Credential\r\n\r\nThis event occurs when a user performs a read operation on stored credentials in Credential Manager.'),
(173, 'Audit Success', '0000-00-00 00:00:00', 'Microsoft-Windows-Security-Auditing', '5379', 'User Account Management', 'Credential Manager credentials were read.\r\n\r\nSubject:\r\n	Security ID:		DESKTOP-MAIFOE4\\FELIXOH\r\n	Account Name:		FELIXOH\r\n	Account Domain:		DESKTOP-MAIFOE4\r\n	Logon ID:		0x255A69\r\n	Read Operation:		Read Credential\r\n\r\nThis event occurs when a user performs a read operation on stored credentials in Credential Manager.'),
(174, 'Audit Success', '0000-00-00 00:00:00', 'Microsoft-Windows-Security-Auditing', '5379', 'User Account Management', 'Credential Manager credentials were read.\r\n\r\nSubject:\r\n	Security ID:		DESKTOP-MAIFOE4\\FELIXOH\r\n	Account Name:		FELIXOH\r\n	Account Domain:		DESKTOP-MAIFOE4\r\n	Logon ID:		0x255A69\r\n	Read Operation:		Read Credential\r\n\r\nThis event occurs when a user performs a read operation on stored credentials in Credential Manager.'),
(175, 'Audit Success', '0000-00-00 00:00:00', 'Microsoft-Windows-Security-Auditing', '5379', 'User Account Management', 'Credential Manager credentials were read.\r\n\r\nSubject:\r\n	Security ID:		DESKTOP-MAIFOE4\\FELIXOH\r\n	Account Name:		FELIXOH\r\n	Account Domain:		DESKTOP-MAIFOE4\r\n	Logon ID:		0x255A69\r\n	Read Operation:		Read Credential\r\n\r\nThis event occurs when a user performs a read operation on stored credentials in Credential Manager.'),
(176, 'Audit Success', '0000-00-00 00:00:00', 'Microsoft-Windows-Security-Auditing', '5379', 'User Account Management', 'Credential Manager credentials were read.\r\n\r\nSubject:\r\n	Security ID:		DESKTOP-MAIFOE4\\FELIXOH\r\n	Account Name:		FELIXOH\r\n	Account Domain:		DESKTOP-MAIFOE4\r\n	Logon ID:		0x255A69\r\n	Read Operation:		Read Credential\r\n\r\nThis event occurs when a user performs a read operation on stored credentials in Credential Manager.'),
(177, 'Audit Success', '0000-00-00 00:00:00', 'Microsoft-Windows-Security-Auditing', '5379', 'User Account Management', 'Credential Manager credentials were read.\r\n\r\nSubject:\r\n	Security ID:		DESKTOP-MAIFOE4\\FELIXOH\r\n	Account Name:		FELIXOH\r\n	Account Domain:		DESKTOP-MAIFOE4\r\n	Logon ID:		0x255A69\r\n	Read Operation:		Read Credential\r\n\r\nThis event occurs when a user performs a read operation on stored credentials in Credential Manager.'),
