(800, 'Audit Success', '0000-00-00 00:00:00.000000', 'Microsoft-Windows-Security-Auditing', '4663', 'Removable Storage', 'An attempt was made to access an object.\r\n\r\nSubject:\r\n	Security ID:		SYSTEM\r\n	Account Name:		SERVER2019$\r\n	Account Domain:		ATOM\r\n	Logon ID:		0x3E7\r\n\r\nObject:\r\n	Object Server:		Security\r\n	Object Type:		File\r\n	Object Name:		C:\\Program Files (x86)\\Windows Defender\\MpClient.dll\r\n	Handle ID:		0x4cc\r\n	Resource Attributes:	S:AI\r\n\r\nProcess Information:\r\n	Process ID:		0xbc4\r\n	Process Name:		C:\\ProgramData\\Microsoft\\Windows Defender\\Platform\\4.18.2205.7-0\\MsMpEng.exe\r\n\r\nAccess Request Information:\r\n	Accesses:		WRITE_DAC\r\n				\r\n	Access Mask:		0x40000'),
(801, 'Audit Success', '0000-00-00 00:00:00.000000', 'Microsoft-Windows-Security-Auditing', '4663', 'Removable Storage', 'An attempt was made to access an object.\r\n\r\nSubject:\r\n	Security ID:		SYSTEM\r\n	Account Name:		SERVER2019$\r\n	Account Domain:		ATOM\r\n	Logon ID:		0x3E7\r\n\r\nObject:\r\n	Object Server:		Security\r\n	Object Type:		File\r\n	Object Name:		C:\\Program Files (x86)\\Windows Defender\\en-US\\EppManifest.dll.mui\r\n	Handle ID:		0x4d8\r\n	Resource Attributes:	S:AI\r\n\r\nProcess Information:\r\n	Process ID:		0xbc4\r\n	Process Name:		C:\\ProgramData\\Microsoft\\Windows Defender\\Platform\\4.18.2205.7-0\\MsMpEng.exe\r\n\r\nAccess Request Information:\r\n	Accesses:		WRITE_DAC\r\n				\r\n	Access Mask:		0x40000'),
(802, 'Audit Success', '0000-00-00 00:00:00.000000', 'Microsoft-Windows-Security-Auditing', '4663', 'Kernel Object', 'An attempt was made to access an object.\r\n\r\nSubject:\r\n	Security ID:		SYSTEM\r\n	Account Name:		SERVER2019$\r\n	Account Domain:		ATOM\r\n	Logon ID:		0x3E7\r\n\r\nObject:\r\n	Object Server:		Security\r\n	Object Type:		Process\r\n	Object Name:		\\Device\\HarddiskVolume2\\Windows\\System32\\lsass.exe\r\n	Handle ID:		0x290\r\n	Resource Attributes:	-\r\n\r\nProcess Information:\r\n	Process ID:		0xbc4\r\n	Process Name:		C:\\ProgramData\\Microsoft\\Windows Defender\\Platform\\4.18.2205.7-0\\MsMpEng.exe\r\n\r\nAccess Request Information:\r\n	Accesses:		Read from process memory\r\n				\r\n	Access Mask:		0x10'),
(803, 'Audit Success', '0000-00-00 00:00:00.000000', 'Microsoft-Windows-Security-Auditing', '4663', 'Removable Storage', 'An attempt was made to access an object.\r\n\r\nSubject:\r\n	Security ID:		SYSTEM\r\n	Account Name:		SERVER2019$\r\n	Account Domain:		ATOM\r\n	Logon ID:		0x3E7\r\n\r\nObject:\r\n	Object Server:		Security\r\n	Object Type:		File\r\n	Object Name:		C:\\Program Files (x86)\\Windows Defender\\EppManifest.dll\r\n	Handle ID:		0x4d0\r\n	Resource Attributes:	S:AI\r\n\r\nProcess Information:\r\n	Process ID:		0xbc4\r\n	Process Name:		C:\\ProgramData\\Microsoft\\Windows Defender\\Platform\\4.18.2205.7-0\\MsMpEng.exe\r\n\r\nAccess Request Information:\r\n	Accesses:		WRITE_DAC\r\n				\r\n	Access Mask:		0x40000');
INSERT INTO `adsecurity` (`ID`, `level`, `date`, `source`, `event_id`, `task-category`, `description`) VALUES
(804, 'Audit Success', '0000-00-00 00:00:00.000000', 'Microsoft-Windows-Security-Auditing', '4663', 'Removable Storage', 'An attempt was made to access an object.\r\n\r\nSubject:\r\n	Security ID:		SYSTEM\r\n	Account Name:		SERVER2019$\r\n	Account Domain:		ATOM\r\n	Logon ID:		0x3E7\r\n\r\nObject:\r\n	Object Server:		Security\r\n	Object Type:		File\r\n	Object Name:		C:\\Program Files (x86)\\Windows Defender\\MpAsDesc.dll\r\n	Handle ID:		0x4f8\r\n	Resource Attributes:	S:AI\r\n\r\nProcess Information:\r\n	Process ID:		0xbc4\r\n	Process Name:		C:\\ProgramData\\Microsoft\\Windows Defender\\Platform\\4.18.2205.7-0\\MsMpEng.exe\r\n\r\nAccess Request Information:\r\n	Accesses:		WRITE_DAC\r\n				\r\n	Access Mask:		0x40000'),
(805, 'Audit Success', '0000-00-00 00:00:00.000000', 'Microsoft-Windows-Security-Auditing', '4663', 'Removable Storage', 'An attempt was made to access an object.\r\n\r\nSubject:\r\n	Security ID:		SYSTEM\r\n	Account Name:		SERVER2019$\r\n	Account Domain:		ATOM\r\n	Logon ID:		0x3E7\r\n\r\nObject:\r\n	Object Server:		Security\r\n	Object Type:		File\r\n	Object Name:		C:\\Program Files (x86)\\Windows Defender\\MpOAV.dll\r\n	Handle ID:		0x4fc\r\n	Resource Attributes:	S:AI\r\n\r\nProcess Information:\r\n	Process ID:		0xbc4\r\n	Process Name:		C:\\ProgramData\\Microsoft\\Windows Defender\\Platform\\4.18.2205.7-0\\MsMpEng.exe\r\n\r\nAccess Request Information:\r\n	Accesses:		WRITE_DAC\r\n				\r\n	Access Mask:		0x40000'),
(806, 'Audit Success', '0000-00-00 00:00:00.000000', 'Microsoft-Windows-Security-Auditing', '4663', 'Kernel Object', 'An attempt was made to access an object.\r\n\r\nSubject:\r\n	Security ID:		SYSTEM\r\n	Account Name:		SERVER2019$\r\n	Account Domain:		ATOM\r\n	Logon ID:		0x3E7\r\n\r\nObject:\r\n	Object Server:		Security\r\n	Object Type:		Process\r\n	Object Name:		\\Device\\HarddiskVolume2\\Windows\\System32\\lsass.exe\r\n	Handle ID:		0xe70\r\n	Resource Attributes:	-\r\n\r\nProcess Information:\r\n	Process ID:		0xbc4\r\n	Process Name:		C:\\ProgramData\\Microsoft\\Windows Defender\\Platform\\4.18.2205.7-0\\MsMpEng.exe\r\n\r\nAccess Request Information:\r\n	Accesses:		Read from process memory\r\n				\r\n	Access Mask:		0x10'),
(807, 'Audit Success', '0000-00-00 00:00:00.000000', 'Microsoft-Windows-Security-Auditing', '4663', 'Removable Storage', 'An attempt was made to access an object.\r\n\r\nSubject:\r\n	Security ID:		SYSTEM\r\n	Account Name:		SERVER2019$\r\n	Account Domain:		ATOM\r\n	Logon ID:		0x3E7\r\n\r\nObject:\r\n	Object Server:		Security\r\n	Object Type:		File\r\n	Object Name:		C:\\Program Files\\Windows Defender\\ProtectionManagement.mof\r\n	Handle ID:		0x4cc\r\n	Resource Attributes:	S:AI\r\n\r\nProcess Information:\r\n	Process ID:		0xbc4\r\n	Process Name:		C:\\ProgramData\\Microsoft\\Windows Defender\\Platform\\4.18.2205.7-0\\MsMpEng.exe\r\n\r\nAccess Request Information:\r\n	Accesses:		WRITE_DAC\r\n				\r\n	Access Mask:		0x40000'),
(808, 'Audit Success', '0000-00-00 00:00:00.000000', 'Microsoft-Windows-Security-Auditing', '4663', 'Removable Storage', 'An attempt was made to access an object.\r\n\r\nSubject:\r\n	Security ID:		SYSTEM\r\n	Account Name:		SERVER2019$\r\n	Account Domain:		ATOM\r\n	Logon ID:		0x3E7\r\n\r\nObject:\r\n	Object Server:		Security\r\n	Object Type:		File\r\n	Object Name:		C:\\Program Files\\Windows Defender\\ProtectionManagement_Uninstall.mof\r\n	Handle ID:		0x4e8\r\n	Resource Attributes:	S:AI\r\n\r\nProcess Information:\r\n	Process ID:		0xbc4\r\n	Process Name:		C:\\ProgramData\\Microsoft\\Windows Defender\\Platform\\4.18.2205.7-0\\MsMpEng.exe\r\n\r\nAccess Request Information:\r\n	Accesses:		WRITE_DAC\r\n				\r\n	Access Mask:		0x40000'),
(809, 'Audit Success', '0000-00-00 00:00:00.000000', 'Microsoft-Windows-Security-Auditing', '4663', 'Removable Storage', 'An attempt was made to access an object.\r\n\r\nSubject:\r\n	Security ID:		SYSTEM\r\n	Account Name:		SERVER2019$\r\n	Account Domain:		ATOM\r\n	Logon ID:		0x3E7\r\n\r\nObject:\r\n	Object Server:		Security\r\n	Object Type:		File\r\n	Object Name:		C:\\Program Files\\Windows Defender\\ThirdPartyNotices.txt\r\n	Handle ID:		0x4cc\r\n	Resource Attributes:	S:AI\r\n\r\nProcess Information:\r\n	Process ID:		0xbc4\r\n	Process Name:		C:\\ProgramData\\Microsoft\\Windows Defender\\Platform\\4.18.2205.7-0\\MsMpEng.exe\r\n\r\nAccess Request Information:\r\n	Accesses:		WRITE_DAC\r\n				\r\n	Access Mask:		0x40000'),
(810, 'Audit Success', '0000-00-00 00:00:00.000000', 'Microsoft-Windows-Security-Auditing', '4663', 'Removable Storage', 'An attempt was made to access an object.\r\n\r\nSubject:\r\n	Security ID:		SYSTEM\r\n	Account Name:		SERVER2019$\r\n	Account Domain:		ATOM\r\n	Logon ID:		0x3E7\r\n\r\nObject:\r\n	Object Server:		Security\r\n	Object Type:		File\r\n	Object Name:		C:\\Program Files (x86)\\Windows Defender\\MsMpLics.dll\r\n	Handle ID:		0x4cc\r\n	Resource Attributes:	S:AI\r\n\r\nProcess Information:\r\n	Process ID:		0xbc4\r\n	Process Name:		C:\\ProgramData\\Microsoft\\Windows Defender\\Platform\\4.18.2205.7-0\\MsMpEng.exe\r\n\r\nAccess Request Information:\r\n	Accesses:		WRITE_DAC\r\n				\r\n	Access Mask:		0x40000'),
(811, 'Audit Success', '0000-00-00 00:00:00.000000', 'Microsoft-Windows-Security-Auditing', '4663', 'Removable Storage', 'An attempt was made to access an object.\r\n\r\nSubject:\r\n	Security ID:		SYSTEM\r\n	Account Name:		SERVER2019$\r\n	Account Domain:		ATOM\r\n	Logon ID:		0x3E7\r\n\r\nObject:\r\n	Object Server:		Security\r\n	Object Type:		File\r\n	Object Name:		C:\\Program Files\\Windows Defender\\MpProvider.dll\r\n	Handle ID:		0x4cc\r\n	Resource Attributes:	S:AI\r\n\r\nProcess Information:\r\n	Process ID:		0xbc4\r\n	Process Name:		C:\\ProgramData\\Microsoft\\Windows Defender\\Platform\\4.18.2205.7-0\\MsMpEng.exe\r\n\r\nAccess Request Information:\r\n	Accesses:		WRITE_DAC\r\n				\r\n	Access Mask:		0x40000'),
(812, 'Audit Success', '0000-00-00 00:00:00.000000', 'Microsoft-Windows-Security-Auditing', '4663', 'Kernel Object', 'An attempt was made to access an object.\r\n\r\nSubject:\r\n	Security ID:		SYSTEM\r\n	Account Name:		SERVER2019$\r\n	Account Domain:		ATOM\r\n	Logon ID:		0x3E7\r\n\r\nObject:\r\n	Object Server:		Security\r\n	Object Type:		Process\r\n	Object Name:		\\Device\\HarddiskVolume2\\Windows\\System32\\lsass.exe\r\n	Handle ID:		0xb24\r\n	Resource Attributes:	-\r\n\r\nProcess Information:\r\n	Process ID:		0xbc4\r\n	Process Name:		C:\\ProgramData\\Microsoft\\Windows Defender\\Platform\\4.18.2205.7-0\\MsMpEng.exe\r\n\r\nAccess Request Information:\r\n	Accesses:		Read from process memory\r\n				\r\n	Access Mask:		0x10'),
(813, 'Audit Success', '0000-00-00 00:00:00.000000', 'Microsoft-Windows-Security-Auditing', '4663', 'Kernel Object', 'An attempt was made to access an object.\r\n\r\nSubject:\r\n	Security ID:		SYSTEM\r\n	Account Name:		SERVER2019$\r\n	Account Domain:		ATOM\r\n	Logon ID:		0x3E7\r\n\r\nObject:\r\n	Object Server:		Security\r\n	Object Type:		Process\r\n	Object Name:		\\Device\\HarddiskVolume2\\Windows\\System32\\lsass.exe\r\n	Handle ID:		0xb24\r\n	Resource Attributes:	-\r\n\r\nProcess Information:\r\n	Process ID:		0xbc4\r\n	Process Name:		C:\\ProgramData\\Microsoft\\Windows Defender\\Platform\\4.18.2205.7-0\\MsMpEng.exe\r\n\r\nAccess Request Information:\r\n	Accesses:		Read from process memory\r\n				\r\n	Access Mask:		0x10'),
(814, 'Audit Success', '0000-00-00 00:00:00.000000', 'Microsoft-Windows-Security-Auditing', '4663', 'Removable Storage', 'An attempt was made to access an object.\r\n\r\nSubject:\r\n	Security ID:		SYSTEM\r\n	Account Name:		SERVER2019$\r\n	Account Domain:		ATOM\r\n	Logon ID:		0x3E7\r\n\r\nObject:\r\n	Object Server:		Security\r\n	Object Type:		File\r\n	Object Name:		C:\\Program Files\\Windows Defender\\MpClient.dll\r\n	Handle ID:		0x4f8\r\n	Resource Attributes:	S:AI\r\n\r\nProcess Information:\r\n	Process ID:		0xbc4\r\n	Process Name:		C:\\ProgramData\\Microsoft\\Windows Defender\\Platform\\4.18.2205.7-0\\MsMpEng.exe\r\n\r\nAccess Request Information:\r\n	Accesses:		WRITE_DAC\r\n				\r\n	Access Mask:		0x40000'),
(815, 'Audit Success', '0000-00-00 00:00:00.000000', 'Microsoft-Windows-Security-Auditing', '4663', 'Kernel Object', 'An attempt was made to access an object.\r\n\r\nSubject:\r\n	Security ID:		SYSTEM\r\n	Account Name:		SERVER2019$\r\n	Account Domain:		ATOM\r\n	Logon ID:		0x3E7\r\n\r\nObject:\r\n	Object Server:		Security\r\n	Object Type:		Process\r\n	Object Name:		\\Device\\HarddiskVolume2\\Windows\\System32\\lsass.exe\r\n	Handle ID:		0xd58\r\n	Resource Attributes:	-\r\n\r\nProcess Information:\r\n	Process ID:		0xbc4\r\n	Process Name:		C:\\ProgramData\\Microsoft\\Windows Defender\\Platform\\4.18.2205.7-0\\MsMpEng.exe\r\n\r\nAccess Request Information:\r\n	Accesses:		Read from process memory\r\n				\r\n	Access Mask:		0x10'),
(816, 'Audit Success', '0000-00-00 00:00:00.000000', 'Microsoft-Windows-Security-Auditing', '4663', 'Kernel Object', 'An attempt was made to access an object.\r\n\r\nSubject:\r\n	Security ID:		SYSTEM\r\n	Account Name:		SERVER2019$\r\n	Account Domain:		ATOM\r\n	Logon ID:		0x3E7\r\n\r\nObject:\r\n	Object Server:		Security\r\n	Object Type:		Process\r\n	Object Name:		\\Device\\HarddiskVolume2\\Windows\\System32\\lsass.exe\r\n	Handle ID:		0xae0\r\n	Resource Attributes:	-\r\n\r\nProcess Information:\r\n	Process ID:		0xbc4\r\n	Process Name:		C:\\ProgramData\\Microsoft\\Windows Defender\\Platform\\4.18.2205.7-0\\MsMpEng.exe\r\n\r\nAccess Request Information:\r\n	Accesses:		Read from process memory\r\n				\r\n	Access Mask:		0x10'),
(817, 'Audit Success', '0000-00-00 00:00:00.000000', 'Microsoft-Windows-Security-Auditing', '4663', 'Kernel Object', 'An attempt was made to access an object.\r\n\r\nSubject:\r\n	Security ID:		SYSTEM\r\n	Account Name:		SERVER2019$\r\n	Account Domain:		ATOM\r\n	Logon ID:		0x3E7\r\n\r\nObject:\r\n	Object Server:		Security\r\n	Object Type:		Process\r\n	Object Name:		\\Device\\HarddiskVolume2\\Windows\\System32\\lsass.exe\r\n	Handle ID:		0xd58\r\n	Resource Attributes:	-\r\n\r\nProcess Information:\r\n	Process ID:		0xbc4\r\n	Process Name:		C:\\ProgramData\\Microsoft\\Windows Defender\\Platform\\4.18.2205.7-0\\MsMpEng.exe\r\n\r\nAccess Request Information:\r\n	Accesses:		Read from process memory\r\n				\r\n	Access Mask:		0x10'),
(818, 'Audit Success', '0000-00-00 00:00:00.000000', 'Microsoft-Windows-Security-Auditing', '4663', 'Removable Storage', 'An attempt was made to access an object.\r\n\r\nSubject:\r\n	Security ID:		SYSTEM\r\n	Account Name:		SERVER2019$\r\n	Account Domain:		ATOM\r\n	Logon ID:		0x3E7\r\n\r\nObject:\r\n	Object Server:		Security\r\n	Object Type:		File\r\n	Object Name:		C:\\Program Files\\Windows Defender\\MpAsDesc.dll\r\n	Handle ID:		0x4f8\r\n	Resource Attributes:	S:AI\r\n\r\nProcess Information:\r\n	Process ID:		0xbc4\r\n	Process Name:		C:\\ProgramData\\Microsoft\\Windows Defender\\Platform\\4.18.2205.7-0\\MsMpEng.exe\r\n\r\nAccess Request Information:\r\n	Accesses:		WRITE_DAC\r\n				\r\n	Access Mask:		0x40000'),
(819, 'Audit Success', '0000-00-00 00:00:00.000000', 'Microsoft-Windows-Security-Auditing', '4663', 'Kernel Object', 'An attempt was made to access an object.\r\n\r\nSubject:\r\n	Security ID:		SYSTEM\r\n	Account Name:		SERVER2019$\r\n	Account Domain:		ATOM\r\n	Logon ID:		0x3E7\r\n\r\nObject:\r\n	Object Server:		Security\r\n	Object Type:		Process\r\n	Object Name:		\\Device\\HarddiskVolume2\\Windows\\System32\\lsass.exe\r\n	Handle ID:		0xae0\r\n	Resource Attributes:	-\r\n\r\nProcess Information:\r\n	Process ID:		0xbc4\r\n	Process Name:		C:\\ProgramData\\Microsoft\\Windows Defender\\Platform\\4.18.2205.7-0\\MsMpEng.exe\r\n\r\nAccess Request Information:\r\n	Accesses:		Read from process memory\r\n				\r\n	Access Mask:		0x10'),
(820, 'Audit Success', '0000-00-00 00:00:00.000000', 'Microsoft-Windows-Security-Auditing', '4663', 'Removable Storage', 'An attempt was made to access an object.\r\n\r\nSubject:\r\n	Security ID:		SYSTEM\r\n	Account Name:		SERVER2019$\r\n	Account Domain:		ATOM\r\n	Logon ID:		0x3E7\r\n\r\nObject:\r\n	Object Server:		Security\r\n	Object Type:		File\r\n	Object Name:		C:\\Program Files\\Windows Defender\\MpAzSubmit.dll\r\n	Handle ID:		0x4cc\r\n	Resource Attributes:	S:AI\r\n\r\nProcess Information:\r\n	Process ID:		0xbc4\r\n	Process Name:		C:\\ProgramData\\Microsoft\\Windows Defender\\Platform\\4.18.2205.7-0\\MsMpEng.exe\r\n\r\nAccess Request Information:\r\n	Accesses:		WRITE_DAC\r\n				\r\n	Access Mask:		0x40000'),
(821, 'Audit Success', '0000-00-00 00:00:00.000000', 'Microsoft-Windows-Security-Auditing', '4663', 'Kernel Object', 'An attempt was made to access an object.\r\n\r\nSubject:\r\n	Security ID:		SYSTEM\r\n	Account Name:		SERVER2019$\r\n	Account Domain:		ATOM\r\n	Logon ID:		0x3E7\r\n\r\nObject:\r\n	Object Server:		Security\r\n	Object Type:		Process\r\n	Object Name:		\\Device\\HarddiskVolume2\\Windows\\System32\\lsass.exe\r\n	Handle ID:		0xf58\r\n	Resource Attributes:	-\r\n\r\nProcess Information:\r\n	Process ID:		0xbc4\r\n	Process Name:		C:\\ProgramData\\Microsoft\\Windows Defender\\Platform\\4.18.2205.7-0\\MsMpEng.exe\r\n\r\nAccess Request Information:\r\n	Accesses:		Read from process memory\r\n				\r\n	Access Mask:		0x10'),
(822, 'Audit Success', '0000-00-00 00:00:00.000000', 'Microsoft-Windows-Security-Auditing', '4663', 'Removable Storage', 'An attempt was made to access an object.\r\n\r\nSubject:\r\n	Security ID:		SYSTEM\r\n	Account Name:		SERVER2019$\r\n	Account Domain:		ATOM\r\n	Logon ID:		0x3E7\r\n\r\nObject:\r\n	Object Server:		Security\r\n	Object Type:		File\r\n	Object Name:		C:\\Program Files\\Windows Defender\\MpCmdRun.exe\r\n	Handle ID:		0x4cc\r\n	Resource Attributes:	S:AI\r\n\r\nProcess Information:\r\n	Process ID:		0xbc4\r\n	Process Name:		C:\\ProgramData\\Microsoft\\Windows Defender\\Platform\\4.18.2205.7-0\\MsMpEng.exe\r\n\r\nAccess Request Information:\r\n	Accesses:		WRITE_DAC\r\n				\r\n	Access Mask:		0x40000'),
(823, 'Audit Success', '0000-00-00 00:00:00.000000', 'Microsoft-Windows-Security-Auditing', '4663', 'Removable Storage', 'An attempt was made to access an object.\r\n\r\nSubject:\r\n	Security ID:		SYSTEM\r\n	Account Name:		SERVER2019$\r\n	Account Domain:		ATOM\r\n	Logon ID:		0x3E7\r\n\r\nObject:\r\n	Object Server:		Security\r\n	Object Type:		File\r\n	Object Name:		C:\\Program Files\\Windows Defender\\MpOAV.dll\r\n	Handle ID:		0x4f0\r\n	Resource Attributes:	S:AI\r\n\r\nProcess Information:\r\n	Process ID:		0xbc4\r\n	Process Name:		C:\\ProgramData\\Microsoft\\Windows Defender\\Platform\\4.18.2205.7-0\\MsMpEng.exe\r\n\r\nAccess Request Information:\r\n	Accesses:		WRITE_DAC\r\n				\r\n	Access Mask:		0x40000'),
(824, 'Audit Success', '0000-00-00 00:00:00.000000', 'Microsoft-Windows-Security-Auditing', '4663', 'Removable Storage', 'An attempt was made to access an object.\r\n\r\nSubject:\r\n	Security ID:		SYSTEM\r\n	Account Name:		SERVER2019$\r\n	Account Domain:		ATOM\r\n	Logon ID:		0x3E7\r\n\r\nObject:\r\n	Object Server:		Security\r\n	Object Type:		File\r\n	Object Name:		C:\\Program Files\\Windows Defender\\MpEvMsg.dll\r\n	Handle ID:		0x4cc\r\n	Resource Attributes:	S:AI\r\n\r\nProcess Information:\r\n	Process ID:		0xbc4\r\n	Process Name:		C:\\ProgramData\\Microsoft\\Windows Defender\\Platform\\4.18.2205.7-0\\MsMpEng.exe\r\n\r\nAccess Request Information:\r\n	Accesses:		WRITE_DAC\r\n				\r\n	Access Mask:		0x40000'),
(825, 'Audit Success', '0000-00-00 00:00:00.000000', 'Microsoft-Windows-Security-Auditing', '4663', 'Kernel Object', 'An attempt was made to access an object.\r\n\r\nSubject:\r\n	Security ID:		SYSTEM\r\n	Account Name:		SERVER2019$\r\n	Account Domain:		ATOM\r\n	Logon ID:		0x3E7\r\n\r\nObject:\r\n	Object Server:		Security\r\n	Object Type:		Process\r\n	Object Name:		\\Device\\HarddiskVolume2\\Windows\\System32\\lsass.exe\r\n	Handle ID:		0xf58\r\n	Resource Attributes:	-\r\n\r\nProcess Information:\r\n	Process ID:		0xbc4\r\n	Process Name:		C:\\ProgramData\\Microsoft\\Windows Defender\\Platform\\4.18.2205.7-0\\MsMpEng.exe\r\n\r\nAccess Request Information:\r\n	Accesses:		Read from process memory\r\n				\r\n	Access Mask:		0x10'),
(826, 'Audit Success', '0000-00-00 00:00:00.000000', 'Microsoft-Windows-Security-Auditing', '4663', 'Removable Storage', 'An attempt was made to access an object.\r\n\r\nSubject:\r\n	Security ID:		SYSTEM\r\n	Account Name:		SERVER2019$\r\n	Account Domain:		ATOM\r\n	Logon ID:		0x3E7\r\n\r\nObject:\r\n	Object Server:		Security\r\n	Object Type:		File\r\n	Object Name:		C:\\Program Files\\Windows Defender\\MpCommu.dll\r\n	Handle ID:		0x4d0\r\n	Resource Attributes:	S:AI\r\n\r\nProcess Information:\r\n	Process ID:		0xbc4\r\n	Process Name:		C:\\ProgramData\\Microsoft\\Windows Defender\\Platform\\4.18.2205.7-0\\MsMpEng.exe\r\n\r\nAccess Request Information:\r\n	Accesses:		WRITE_DAC\r\n				\r\n	Access Mask:		0x40000'),
(827, 'Audit Success', '0000-00-00 00:00:00.000000', 'Microsoft-Windows-Security-Auditing', '4663', 'Kernel Object', 'An attempt was made to access an object.\r\n\r\nSubject:\r\n	Security ID:		SYSTEM\r\n	Account Name:		SERVER2019$\r\n	Account Domain:		ATOM\r\n	Logon ID:		0x3E7\r\n\r\nObject:\r\n	Object Server:		Security\r\n	Object Type:		Process\r\n	Object Name:		\\Device\\HarddiskVolume2\\Windows\\System32\\lsass.exe\r\n	Handle ID:		0x510\r\n	Resource Attributes:	-\r\n\r\nProcess Information:\r\n	Process ID:		0xbc4\r\n	Process Name:		C:\\ProgramData\\Microsoft\\Windows Defender\\Platform\\4.18.2205.7-0\\MsMpEng.exe\r\n\r\nAccess Request Information:\r\n	Accesses:		Read from process memory\r\n				\r\n	Access Mask:		0x10'),
(828, 'Audit Success', '0000-00-00 00:00:00.000000', 'Microsoft-Windows-Security-Auditing', '4663', 'Kernel Object', 'An attempt was made to access an object.\r\n\r\nSubject:\r\n	Security ID:		SYSTEM\r\n	Account Name:		SERVER2019$\r\n	Account Domain:		ATOM\r\n	Logon ID:		0x3E7\r\n\r\nObject:\r\n	Object Server:		Security\r\n	Object Type:		Process\r\n	Object Name:		\\Device\\HarddiskVolume2\\Windows\\System32\\lsass.exe\r\n	Handle ID:		0x510\r\n	Resource Attributes:	-\r\n\r\nProcess Information:\r\n	Process ID:		0xbc4\r\n	Process Name:		C:\\ProgramData\\Microsoft\\Windows Defender\\Platform\\4.18.2205.7-0\\MsMpEng.exe\r\n\r\nAccess Request Information:\r\n	Accesses:		Read from process memory\r\n				\r\n	Access Mask:		0x10'),
(829, 'Audit Success', '0000-00-00 00:00:00.000000', 'Microsoft-Windows-Security-Auditing', '4720', 'User Account Management', 'A user account was created.\r\n\r\nSubject:\r\n	Security ID:		ATOM\\Administrator\r\n	Account Name:		Administrator\r\n	Account Domain:		ATOM\r\n	Logon ID:		0x4E754\r\n\r\nNew Account:\r\n	Security ID:		ATOM\\Franko\r\n	Account Name:		Franko\r\n	Account Domain:		ATOM\r\n\r\nAttributes:\r\n	SAM Account Name:	Franko\r\n	Display Name:		Franko\r\n	User Principal Name:	Franko@atom.local\r\n	Home Directory:		-\r\n	Home Drive:		-\r\n	Script Path:		-\r\n	Profile Path:		-\r\n	User Workstations:	-\r\n	Password Last Set:	<never>\r\n	Account Expires:		<never>\r\n	Primary Group ID:	513\r\n	Allowed To Delegate To:	-\r\n	Old UAC Value:		0x0\r\n	New UAC Value:		0x15\r\n	User Account Control:	\r\n		Account Disabled\r\n		\'Password Not Required\' - Enabled\r\n		\'Normal Account\' - Enabled\r\n	User Parameters:	-\r\n	SID History:		-\r\n	Logon Hours:		<value not set>\r\n\r\nAdditional Information:\r\n	Privileges		-'),
(830, 'Audit Success', '0000-00-00 00:00:00.000000', 'Microsoft-Windows-Security-Auditing', '4720', 'User Account Management', 'A user account was created.\r\n\r\nSubject:\r\n	Security ID:		ATOM\\Administrator\r\n	Account Name:		Administrator\r\n	Account Domain:		ATOM\r\n	Logon ID:		0x4E754\r\n\r\nNew Account:\r\n	Security ID:		ATOM\\Binti\r\n	Account Name:		Binti\r\n	Account Domain:		ATOM\r\n\r\nAttributes:\r\n	SAM Account Name:	Binti\r\n	Display Name:		Binti\r\n	User Principal Name:	Binti@atom.local\r\n	Home Directory:		-\r\n	Home Drive:		-\r\n	Script Path:		-\r\n	Profile Path:		-\r\n	User Workstations:	-\r\n	Password Last Set:	<never>\r\n	Account Expires:		<never>\r\n	Primary Group ID:	513\r\n	Allowed To Delegate To:	-\r\n	Old UAC Value:		0x0\r\n	New UAC Value:		0x15\r\n	User Account Control:	\r\n		Account Disabled\r\n		\'Password Not Required\' - Enabled\r\n		\'Normal Account\' - Enabled\r\n	User Parameters:	-\r\n	SID History:		-\r\n	Logon Hours:		<value not set>\r\n\r\nAdditional Information:\r\n	Privileges		-'),
(831, 'Audit Success', '0000-00-00 00:00:00.000000', 'Microsoft-Windows-Security-Auditing', '4720', 'User Account Management', 'A user account was created.\r\n\r\nSubject:\r\n	Security ID:		ATOM\\Administrator\r\n	Account Name:		Administrator\r\n	Account Domain:		ATOM\r\n	Logon ID:		0x4E754\r\n\r\nNew Account:\r\n	Security ID:		ATOM\\jose\r\n	Account Name:		jose\r\n	Account Domain:		ATOM\r\n\r\nAttributes:\r\n	SAM Account Name:	jose\r\n	Display Name:		Jose Jose\r\n	User Principal Name:	jose@atom.local\r\n	Home Directory:		-\r\n	Home Drive:		-\r\n	Script Path:		-\r\n	Profile Path:		-\r\n	User Workstations:	-\r\n	Password Last Set:	<never>\r\n	Account Expires:		<never>\r\n	Primary Group ID:	513\r\n	Allowed To Delegate To:	-\r\n	Old UAC Value:		0x0\r\n	New UAC Value:		0x15\r\n	User Account Control:	\r\n		Account Disabled\r\n		\'Password Not Required\' - Enabled\r\n		\'Normal Account\' - Enabled\r\n	User Parameters:	-\r\n	SID History:		-\r\n	Logon Hours:		<value not set>\r\n\r\nAdditional Information:\r\n	Privileges		-'),
(832, 'Audit Success', '0000-00-00 00:00:00.000000', 'Microsoft-Windows-Security-Auditing', '4722', 'User Account Management', 'A user account was enabled.\r\n\r\nSubject:\r\n	Security ID:		ATOM\\Administrator\r\n	Account Name:		Administrator\r\n	Account Domain:		ATOM\r\n	Logon ID:		0x4E754\r\n\r\nTarget Account:\r\n	Security ID:		ATOM\\Franko\r\n	Account Name:		Franko\r\n	Account Domain:		ATOM'),
(833, 'Audit Success', '0000-00-00 00:00:00.000000', 'Microsoft-Windows-Security-Auditing', '4722', 'User Account Management', 'A user account was enabled.\r\n\r\nSubject:\r\n	Security ID:		ATOM\\Administrator\r\n	Account Name:		Administrator\r\n	Account Domain:		ATOM\r\n	Logon ID:		0x4E754\r\n\r\nTarget Account:\r\n	Security ID:		ATOM\\jose\r\n	Account Name:		jose\r\n	Account Domain:		ATOM'),
(834, 'Audit Success', '0000-00-00 00:00:00.000000', 'Microsoft-Windows-Security-Auditing', '4722', 'User Account Management', 'A user account was enabled.\r\n\r\nSubject:\r\n	Security ID:		ATOM\\Administrator\r\n	Account Name:		Administrator\r\n	Account Domain:		ATOM\r\n	Logon ID:		0x4E754\r\n\r\nTarget Account:\r\n	Security ID:		ATOM\\Binti\r\n	Account Name:		Binti\r\n	Account Domain:		ATOM'),
(835, 'Audit Success', '0000-00-00 00:00:00.000000', 'Microsoft-Windows-Security-Auditing', '4726', 'User Account Management', 'A user account was deleted.\r\n\r\nSubject:\r\n	Security ID:		ATOM\\Administrator\r\n	Account Name:		Administrator\r\n	Account Domain:		ATOM\r\n	Logon ID:		0x4E754\r\n\r\nTarget Account:\r\n	Security ID:		S-1-5-21-258506704-1497041089-3918771144-1604\r\n	Account Name:		Aone\r\n	Account Domain:		ATOM\r\n\r\nAdditional Information:\r\n	Privileges	-'),
(836, 'Audit Success', '0000-00-00 00:00:00.000000', 'Microsoft-Windows-Security-Auditing', '4726', 'User Account Management', 'A user account was deleted.\r\n\r\nSubject:\r\n	Security ID:		ATOM\\Administrator\r\n	Account Name:		Administrator\r\n	Account Domain:		ATOM\r\n	Logon ID:		0x4E754\r\n\r\nTarget Account:\r\n	Security ID:		S-1-5-21-258506704-1497041089-3918771144-1602\r\n	Account Name:		Disky\r\n	Account Domain:		ATOM\r\n\r\nAdditional Information:\r\n	Privileges	-'),
(837, 'Audit Success', '0000-00-00 00:00:00.000000', 'Microsoft-Windows-Security-Auditing', '4726', 'User Account Management', 'A user account was deleted.\r\n\r\nSubject:\r\n	Security ID:		ATOM\\Administrator\r\n	Account Name:		Administrator\r\n	Account Domain:		ATOM\r\n	Logon ID:		0x4E754\r\n\r\nTarget Account:\r\n	Security ID:		S-1-5-21-258506704-1497041089-3918771144-2102\r\n	Account Name:		pt\r\n	Account Domain:		ATOM\r\n\r\nAdditional Information:\r\n	Privileges	-'),
(838, 'Audit Success', '0000-00-00 00:00:00.000000', 'Microsoft-Windows-Security-Auditing', '4738', 'User Account Management', 'A user account was changed.\r\n\r\nSubject:\r\n	Security ID:		ANONYMOUS LOGON\r\n	Account Name:		ANONYMOUS LOGON\r\n	Account Domain:		NT AUTHORITY\r\n	Logon ID:		0x3E6\r\n\r\nTarget Account:\r\n	Security ID:		ATOM\\jose\r\n	Account Name:		jose\r\n	Account Domain:		ATOM\r\n\r\nChanged Attributes:\r\n	SAM Account Name:	-\r\n	Display Name:		-\r\n	User Principal Name:	-\r\n	Home Directory:		-\r\n	Home Drive:		-\r\n	Script Path:		-\r\n	Profile Path:		-\r\n	User Workstations:	-\r\n	Password Last Set:	7/14/2022 4:17:23 AM\r\n	Account Expires:		-\r\n	Primary Group ID:	-\r\n	AllowedToDelegateTo:	-\r\n	Old UAC Value:		-\r\n	New UAC Value:		-\r\n	User Account Control:	-\r\n	User Parameters:	-\r\n	SID History:		-\r\n	Logon Hours:		-\r\n\r\nAdditional Information:\r\n	Privileges:		-'),
(839, 'Audit Success', '0000-00-00 00:00:00.000000', 'Microsoft-Windows-Security-Auditing', '4738', 'User Account Management', 'A user account was changed.\r\n\r\nSubject:\r\n	Security ID:		ATOM\\Administrator\r\n	Account Name:		Administrator\r\n	Account Domain:		ATOM\r\n	Logon ID:		0x4E754\r\n\r\nTarget Account:\r\n	Security ID:		ATOM\\Franko\r\n	Account Name:		Franko\r\n	Account Domain:		ATOM\r\n\r\nChanged Attributes:\r\n	SAM Account Name:	-\r\n	Display Name:		-\r\n	User Principal Name:	-\r\n	Home Directory:		-\r\n	Home Drive:		-\r\n	Script Path:		-\r\n	Profile Path:		-\r\n	User Workstations:	-\r\n	Password Last Set:	-\r\n	Account Expires:		-\r\n	Primary Group ID:	-\r\n	AllowedToDelegateTo:	-\r\n	Old UAC Value:		-\r\n	New UAC Value:		-\r\n	User Account Control:	-\r\n	User Parameters:	-\r\n	SID History:		-\r\n	Logon Hours:		-\r\n\r\nAdditional Information:\r\n	Privileges:		-'),
(840, 'Audit Success', '0000-00-00 00:00:00.000000', 'Microsoft-Windows-Security-Auditing', '4738', 'User Account Management', 'A user account was changed.\r\n\r\nSubject:\r\n	Security ID:		ATOM\\Administrator\r\n	Account Name:		Administrator\r\n	Account Domain:		ATOM\r\n	Logon ID:		0x4E754\r\n\r\nTarget Account:\r\n	Security ID:		ATOM\\jose\r\n	Account Name:		jose\r\n	Account Domain:		ATOM\r\n\r\nChanged Attributes:\r\n	SAM Account Name:	-\r\n	Display Name:		-\r\n	User Principal Name:	-\r\n	Home Directory:		-\r\n	Home Drive:		-\r\n	Script Path:		-\r\n	Profile Path:		-\r\n	User Workstations:	-\r\n	Password Last Set:	-\r\n	Account Expires:		-\r\n	Primary Group ID:	-\r\n	AllowedToDelegateTo:	-\r\n	Old UAC Value:		-\r\n	New UAC Value:		-\r\n	User Account Control:	-\r\n	User Parameters:	-\r\n	SID History:		-\r\n	Logon Hours:		-\r\n\r\nAdditional Information:\r\n	Privileges:		-'),
(841, 'Audit Success', '0000-00-00 00:00:00.000000', 'Microsoft-Windows-Security-Auditing', '4738', 'User Account Management', 'A user account was changed.\r\n\r\nSubject:\r\n	Security ID:		ATOM\\Administrator\r\n	Account Name:		Administrator\r\n	Account Domain:		ATOM\r\n	Logon ID:		0x4E754\r\n\r\nTarget Account:\r\n	Security ID:		ATOM\\jose\r\n	Account Name:		jose\r\n	Account Domain:		ATOM\r\n\r\nChanged Attributes:\r\n	SAM Account Name:	-\r\n	Display Name:		-\r\n	User Principal Name:	-\r\n	Home Directory:		-\r\n	Home Drive:		-\r\n	Script Path:		-\r\n	Profile Path:		-\r\n	User Workstations:	-\r\n	Password Last Set:	-\r\n	Account Expires:		-\r\n	Primary Group ID:	-\r\n	AllowedToDelegateTo:	-\r\n	Old UAC Value:		0x15\r\n	New UAC Value:		0x11\r\n	User Account Control:	\r\n		\'Password Not Required\' - Disabled\r\n	User Parameters:	-\r\n	SID History:		-\r\n	Logon Hours:		-\r\n\r\nAdditional Information:\r\n	Privileges:		-'),
(842, 'Audit Success', '0000-00-00 00:00:00.000000', 'Microsoft-Windows-Security-Auditing', '4738', 'User Account Management', 'A user account was changed.\r\n\r\nSubject:\r\n	Security ID:		ATOM\\Administrator\r\n	Account Name:		Administrator\r\n	Account Domain:		ATOM\r\n	Logon ID:		0x4E754\r\n\r\nTarget Account:\r\n	Security ID:		ATOM\\Binti\r\n	Account Name:		Binti\r\n	Account Domain:		ATOM\r\n\r\nChanged Attributes:\r\n	SAM Account Name:	-\r\n	Display Name:		-\r\n	User Principal Name:	-\r\n	Home Directory:		-\r\n	Home Drive:		-\r\n	Script Path:		-\r\n	Profile Path:		-\r\n	User Workstations:	-\r\n	Password Last Set:	-\r\n	Account Expires:		-\r\n	Primary Group ID:	-\r\n	AllowedToDelegateTo:	-\r\n	Old UAC Value:		0x15\r\n	New UAC Value:		0x11\r\n	User Account Control:	\r\n		\'Password Not Required\' - Disabled\r\n	User Parameters:	-\r\n	SID History:		-\r\n	Logon Hours:		-\r\n\r\nAdditional Information:\r\n	Privileges:		-'),
(843, 'Audit Success', '0000-00-00 00:00:00.000000', 'Microsoft-Windows-Security-Auditing', '4738', 'User Account Management', 'A user account was changed.\r\n\r\nSubject:\r\n	Security ID:		ATOM\\Administrator\r\n	Account Name:		Administrator\r\n	Account Domain:		ATOM\r\n	Logon ID:		0x4E754\r\n\r\nTarget Account:\r\n	Security ID:		ATOM\\Binti\r\n	Account Name:		Binti\r\n	Account Domain:		ATOM\r\n\r\nChanged Attributes:\r\n	SAM Account Name:	-\r\n	Display Name:		-\r\n	User Principal Name:	-\r\n	Home Directory:		-\r\n	Home Drive:		-\r\n	Script Path:		-\r\n	Profile Path:		-\r\n	User Workstations:	-\r\n	Password Last Set:	-\r\n	Account Expires:		-\r\n	Primary Group ID:	-\r\n	AllowedToDelegateTo:	-\r\n	Old UAC Value:		0x11\r\n	New UAC Value:		0x10\r\n	User Account Control:	\r\n		Account Enabled\r\n	User Parameters:	-\r\n	SID History:		-\r\n	Logon Hours:		-\r\n\r\nAdditional Information:\r\n	Privileges:		-'),
(844, 'Audit Success', '0000-00-00 00:00:00.000000', 'Microsoft-Windows-Security-Auditing', '4738', 'User Account Management', 'A user account was changed.\r\n\r\nSubject:\r\n	Security ID:		ATOM\\Administrator\r\n	Account Name:		Administrator\r\n	Account Domain:		ATOM\r\n	Logon ID:		0x4E754\r\n\r\nTarget Account:\r\n	Security ID:		ATOM\\Franko\r\n	Account Name:		Franko\r\n	Account Domain:		ATOM\r\n\r\nChanged Attributes:\r\n	SAM Account Name:	-\r\n	Display Name:		-\r\n	User Principal Name:	-\r\n	Home Directory:		-\r\n	Home Drive:		-\r\n	Script Path:		-\r\n	Profile Path:		-\r\n	User Workstations:	-\r\n	Password Last Set:	-\r\n	Account Expires:		-\r\n	Primary Group ID:	-\r\n	AllowedToDelegateTo:	-\r\n	Old UAC Value:		0x15\r\n	New UAC Value:		0x11\r\n	User Account Control:	\r\n		\'Password Not Required\' - Disabled\r\n	User Parameters:	-\r\n	SID History:		-\r\n	Logon Hours:		-\r\n\r\nAdditional Information:\r\n	Privileges:		-'),
(845, 'Audit Success', '0000-00-00 00:00:00.000000', 'Microsoft-Windows-Security-Auditing', '4738', 'User Account Management', 'A user account was changed.\r\n\r\nSubject:\r\n	Security ID:		ANONYMOUS LOGON\r\n	Account Name:		ANONYMOUS LOGON\r\n	Account Domain:		NT AUTHORITY\r\n	Logon ID:		0x3E6\r\n\r\nTarget Account:\r\n	Security ID:		ATOM\\Franko\r\n	Account Name:		Franko\r\n	Account Domain:		ATOM\r\n\r\nChanged Attributes:\r\n	SAM Account Name:	-\r\n	Display Name:		-\r\n	User Principal Name:	-\r\n	Home Directory:		-\r\n	Home Drive:		-\r\n	Script Path:		-\r\n	Profile Path:		-\r\n	User Workstations:	-\r\n	Password Last Set:	7/14/2022 4:30:33 AM\r\n	Account Expires:		-\r\n	Primary Group ID:	-\r\n	AllowedToDelegateTo:	-\r\n	Old UAC Value:		-\r\n	New UAC Value:		-\r\n	User Account Control:	-\r\n	User Parameters:	-\r\n	SID History:		-\r\n	Logon Hours:		-\r\n\r\nAdditional Information:\r\n	Privileges:		-'),
(846, 'Audit Success', '0000-00-00 00:00:00.000000', 'Microsoft-Windows-Security-Auditing', '4738', 'User Account Management', 'A user account was changed.\r\n\r\nSubject:\r\n	Security ID:		ANONYMOUS LOGON\r\n	Account Name:		ANONYMOUS LOGON\r\n	Account Domain:		NT AUTHORITY\r\n	Logon ID:		0x3E6\r\n\r\nTarget Account:\r\n	Security ID:		ATOM\\Binti\r\n	Account Name:		Binti\r\n	Account Domain:		ATOM\r\n\r\nChanged Attributes:\r\n	SAM Account Name:	-\r\n	Display Name:		-\r\n	User Principal Name:	-\r\n	Home Directory:		-\r\n	Home Drive:		-\r\n	Script Path:		-\r\n	Profile Path:		-\r\n	User Workstations:	-\r\n	Password Last Set:	7/14/2022 4:29:38 AM\r\n	Account Expires:		-\r\n	Primary Group ID:	-\r\n	AllowedToDelegateTo:	-\r\n	Old UAC Value:		-\r\n	New UAC Value:		-\r\n	User Account Control:	-\r\n	User Parameters:	-\r\n	SID History:		-\r\n	Logon Hours:		-\r\n\r\nAdditional Information:\r\n	Privileges:		-'),
(847, 'Audit Success', '0000-00-00 00:00:00.000000', 'Microsoft-Windows-Security-Auditing', '4738', 'User Account Management', 'A user account was changed.\r\n\r\nSubject:\r\n	Security ID:		ATOM\\Administrator\r\n	Account Name:		Administrator\r\n	Account Domain:		ATOM\r\n	Logon ID:		0x4E754\r\n\r\nTarget Account:\r\n	Security ID:		ATOM\\Binti\r\n	Account Name:		Binti\r\n	Account Domain:		ATOM\r\n\r\nChanged Attributes:\r\n	SAM Account Name:	-\r\n	Display Name:		-\r\n	User Principal Name:	-\r\n	Home Directory:		-\r\n	Home Drive:		-\r\n	Script Path:		-\r\n	Profile Path:		-\r\n	User Workstations:	-\r\n	Password Last Set:	-\r\n	Account Expires:		-\r\n	Primary Group ID:	-\r\n	AllowedToDelegateTo:	-\r\n	Old UAC Value:		-\r\n	New UAC Value:		-\r\n	User Account Control:	-\r\n	User Parameters:	-\r\n	SID History:		-\r\n	Logon Hours:		-\r\n\r\nAdditional Information:\r\n	Privileges:		-'),
(848, 'Audit Success', '0000-00-00 00:00:00.000000', 'Microsoft-Windows-Security-Auditing', '4738', 'User Account Management', 'A user account was changed.\r\n\r\nSubject:\r\n	Security ID:		ATOM\\Administrator\r\n	Account Name:		Administrator\r\n	Account Domain:		ATOM\r\n	Logon ID:		0x4E754\r\n\r\nTarget Account:\r\n	Security ID:		ATOM\\Franko\r\n	Account Name:		Franko\r\n	Account Domain:		ATOM\r\n\r\nChanged Attributes:\r\n	SAM Account Name:	-\r\n	Display Name:		-\r\n	User Principal Name:	-\r\n	Home Directory:		-\r\n	Home Drive:		-\r\n	Script Path:		-\r\n	Profile Path:		-\r\n	User Workstations:	-\r\n	Password Last Set:	-\r\n	Account Expires:		-\r\n	Primary Group ID:	-\r\n	AllowedToDelegateTo:	-\r\n	Old UAC Value:		0x11\r\n	New UAC Value:		0x10\r\n	User Account Control:	\r\n		Account Enabled\r\n	User Parameters:	-\r\n	SID History:		-\r\n	Logon Hours:		-\r\n\r\nAdditional Information:\r\n	Privileges:		-'),
(849, 'Audit Success', '0000-00-00 00:00:00.000000', 'Microsoft-Windows-Security-Auditing', '4738', 'User Account Management', 'A user account was changed.\r\n\r\nSubject:\r\n	Security ID:		ATOM\\Administrator\r\n	Account Name:		Administrator\r\n	Account Domain:		ATOM\r\n	Logon ID:		0x4E754\r\n\r\nTarget Account:\r\n	Security ID:		ATOM\\jose\r\n	Account Name:		jose\r\n	Account Domain:		ATOM\r\n\r\nChanged Attributes:\r\n	SAM Account Name:	-\r\n	Display Name:		-\r\n	User Principal Name:	-\r\n	Home Directory:		-\r\n	Home Drive:		-\r\n	Script Path:		-\r\n	Profile Path:		-\r\n	User Workstations:	-\r\n	Password Last Set:	-\r\n	Account Expires:		-\r\n	Primary Group ID:	-\r\n	AllowedToDelegateTo:	-\r\n	Old UAC Value:		0x11\r\n	New UAC Value:		0x10\r\n	User Account Control:	\r\n		Account Enabled\r\n	User Parameters:	-\r\n	SID History:		-\r\n	Logon Hours:		-\r\n\r\nAdditional Information:\r\n	Privileges:		-'),
(850, 'Audit Success', '0000-00-00 00:00:00.000000', 'Microsoft-Windows-Security-Auditing', '5140', 'File Share', 'A network share object was accessed.\r\n	\r\nSubject:\r\n	Security ID:		NETWORK SERVICE\r\n	Account Name:		SERVER2019$\r\n	Account Domain:		ATOM\r\n	Logon ID:		0x3E4\r\n\r\nNetwork Information:	\r\n	Object Type:		File\r\n	Source Address:		fe80::18fd:2a50:fe66:a983\r\n	Source Port:		57319\r\n	\r\nShare Information:\r\n	Share Name:		\\\\*\\IPC$\r\n	Share Path:		\r\n\r\nAccess Request Information:\r\n	Access Mask:		0x1\r\n	Accesses:		ReadData (or ListDirectory)\r\n				\r\n'),
(851, 'Audit Success', '0000-00-00 00:00:00.000000', 'Microsoft-Windows-Security-Auditing', '5140', 'File Share', 'A network share object was accessed.\r\n	\r\nSubject:\r\n	Security ID:		SYSTEM\r\n	Account Name:		SERVER2019$\r\n	Account Domain:		ATOM\r\n	Logon ID:		0x3ACFB4\r\n\r\nNetwork Information:	\r\n	Object Type:		File\r\n	Source Address:		fe80::18fd:2a50:fe66:a983\r\n	Source Port:		56931\r\n	\r\nShare Information:\r\n	Share Name:		\\\\*\\SYSVOL\r\n	Share Path:		\\??\\C:\\Windows\\SYSVOL\\sysvol\r\n\r\nAccess Request Information:\r\n	Access Mask:		0x1\r\n	Accesses:		ReadData (or ListDirectory)\r\n				\r\n'),
(852, 'Audit Success', '0000-00-00 00:00:00.000000', 'Microsoft-Windows-Security-Auditing', '5140', 'File Share', 'A network share object was accessed.\r\n	\r\nSubject:\r\n	Security ID:		SYSTEM\r\n	Account Name:		SERVER2019$\r\n	Account Domain:		ATOM\r\n	Logon ID:		0x3ACFB4\r\n\r\nNetwork Information:	\r\n	Object Type:		File\r\n	Source Address:		fe80::18fd:2a50:fe66:a983\r\n	Source Port:		56931\r\n	\r\nShare Information:\r\n	Share Name:		\\\\*\\IPC$\r\n	Share Path:		\r\n\r\nAccess Request Information:\r\n	Access Mask:		0x1\r\n	Accesses:		ReadData (or ListDirectory)\r\n				\r\n'),
(853, 'Audit Success', '0000-00-00 00:00:00.000000', 'Microsoft-Windows-Security-Auditing', '5140', 'File Share', 'A network share object was accessed.\r\n	\r\nSubject:\r\n	Security ID:		SYSTEM\r\n	Account Name:		SERVER2019$\r\n	Account Domain:		ATOM\r\n	Logon ID:		0x3E48BE\r\n\r\nNetwork Information:	\r\n	Object Type:		File\r\n	Source Address:		fe80::18fd:2a50:fe66:a983\r\n	Source Port:		56931\r\n	\r\nShare Information:\r\n	Share Name:		\\\\*\\SYSVOL\r\n	Share Path:		\\??\\C:\\Windows\\SYSVOL\\sysvol\r\n\r\nAccess Request Information:\r\n	Access Mask:		0x1\r\n	Accesses:		ReadData (or ListDirectory)\r\n				\r\n'),
(854, 'Audit Success', '0000-00-00 00:00:00.000000', 'Microsoft-Windows-Security-Auditing', '5140', 'File Share', 'A network share object was accessed.\r\n	\r\nSubject:\r\n	Security ID:		SYSTEM\r\n	Account Name:		SERVER2019$\r\n	Account Domain:		ATOM\r\n	Logon ID:		0x3DC975\r\n\r\nNetwork Information:	\r\n	Object Type:		File\r\n	Source Address:		fe80::18fd:2a50:fe66:a983\r\n	Source Port:		57302\r\n	\r\nShare Information:\r\n	Share Name:		\\\\*\\SYSVOL\r\n	Share Path:		\\??\\C:\\Windows\\SYSVOL\\sysvol\r\n\r\nAccess Request Information:\r\n	Access Mask:		0x1\r\n	Accesses:		ReadData (or ListDirectory)\r\n				\r\n'),
(855, 'Audit Success', '0000-00-00 00:00:00.000000', 'Microsoft-Windows-Security-Auditing', '5140', 'File Share', 'A network share object was accessed.\r\n	\r\nSubject:\r\n	Security ID:		SYSTEM\r\n	Account Name:		SERVER2019$\r\n	Account Domain:		ATOM\r\n	Logon ID:		0x3AEE11\r\n\r\nNetwork Information:	\r\n	Object Type:		File\r\n	Source Address:		fe80::18fd:2a50:fe66:a983\r\n	Source Port:		57197\r\n	\r\nShare Information:\r\n	Share Name:		\\\\*\\SYSVOL\r\n	Share Path:		\\??\\C:\\Windows\\SYSVOL\\sysvol\r\n\r\nAccess Request Information:\r\n	Access Mask:		0x1\r\n	Accesses:		ReadData (or ListDirectory)\r\n				\r\n'),
(856, 'Audit Success', '0000-00-00 00:00:00.000000', 'Microsoft-Windows-Security-Auditing', '5140', 'File Share', 'A network share object was accessed.\r\n	\r\nSubject:\r\n	Security ID:		SYSTEM\r\n	Account Name:		SERVER2019$\r\n	Account Domain:		ATOM\r\n	Logon ID:		0x3E186D\r\n\r\nNetwork Information:	\r\n	Object Type:		File\r\n	Source Address:		fe80::18fd:2a50:fe66:a983\r\n	Source Port:		57314\r\n	\r\nShare Information:\r\n	Share Name:		\\\\*\\SYSVOL\r\n	Share Path:		\\??\\C:\\Windows\\SYSVOL\\sysvol\r\n\r\nAccess Request Information:\r\n	Access Mask:		0x1\r\n	Accesses:		ReadData (or ListDirectory)\r\n				\r\n'),
(857, 'Audit Success', '0000-00-00 00:00:00.000000', 'Microsoft-Windows-Security-Auditing', '5140', 'File Share', 'A network share object was accessed.\r\n	\r\nSubject:\r\n	Security ID:		SYSTEM\r\n	Account Name:		SERVER2019$\r\n	Account Domain:		ATOM\r\n	Logon ID:		0x3A79B7\r\n\r\nNetwork Information:	\r\n	Object Type:		File\r\n	Source Address:		fe80::18fd:2a50:fe66:a983\r\n	Source Port:		57182\r\n	\r\nShare Information:\r\n	Share Name:		\\\\*\\SYSVOL\r\n	Share Path:		\\??\\C:\\Windows\\SYSVOL\\sysvol\r\n\r\nAccess Request Information:\r\n	Access Mask:		0x1\r\n	Accesses:		ReadData (or ListDirectory)\r\n				\r\n'),
(858, 'Audit Success', '0000-00-00 00:00:00.000000', 'Microsoft-Windows-Security-Auditing', '5140', 'File Share', 'A network share object was accessed.\r\n	\r\nSubject:\r\n	Security ID:		SYSTEM\r\n	Account Name:		SERVER2019$\r\n	Account Domain:		ATOM\r\n	Logon ID:		0x3EFF8F\r\n\r\nNetwork Information:	\r\n	Object Type:		File\r\n	Source Address:		fe80::18fd:2a50:fe66:a983\r\n	Source Port:		56931\r\n	\r\nShare Information:\r\n	Share Name:		\\\\*\\SYSVOL\r\n	Share Path:		\\??\\C:\\Windows\\SYSVOL\\sysvol\r\n\r\nAccess Request Information:\r\n	Access Mask:		0x1\r\n	Accesses:		ReadData (or ListDirectory)\r\n				\r\n'),
(859, 'Audit Success', '0000-00-00 00:00:00.000000', 'Microsoft-Windows-Security-Auditing', '5140', 'File Share', 'A network share object was accessed.\r\n	\r\nSubject:\r\n	Security ID:		SYSTEM\r\n	Account Name:		SERVER2019$\r\n	Account Domain:		ATOM\r\n	Logon ID:		0x3EFF8F\r\n\r\nNetwork Information:	\r\n	Object Type:		File\r\n	Source Address:		fe80::18fd:2a50:fe66:a983\r\n	Source Port:		56931\r\n	\r\nShare Information:\r\n	Share Name:		\\\\*\\IPC$\r\n	Share Path:		\r\n\r\nAccess Request Information:\r\n	Access Mask:		0x1\r\n	Accesses:		ReadData (or ListDirectory)\r\n				\r\n'),
(860, 'Audit Success', '0000-00-00 00:00:00.000000', 'Microsoft-Windows-Security-Auditing', '5140', 'File Share', 'A network share object was accessed.\r\n	\r\nSubject:\r\n	Security ID:		ATOM\\WINDOWS10$\r\n	Account Name:		WINDOWS10$\r\n	Account Domain:		ATOM\r\n	Logon ID:		0x3D1D57\r\n\r\nNetwork Information:	\r\n	Object Type:		File\r\n	Source Address:		172.16.117.35\r\n	Source Port:		50633\r\n	\r\nShare Information:\r\n	Share Name:		\\\\*\\SYSVOL\r\n	Share Path:		\\??\\C:\\Windows\\SYSVOL\\sysvol\r\n\r\nAccess Request Information:\r\n	Access Mask:		0x1\r\n	Accesses:		ReadData (or ListDirectory)\r\n				\r\n'),
(861, 'Audit Success', '0000-00-00 00:00:00.000000', 'Microsoft-Windows-Security-Auditing', '5140', 'File Share', 'A network share object was accessed.\r\n	\r\nSubject:\r\n	Security ID:		SYSTEM\r\n	Account Name:		SERVER2019$\r\n	Account Domain:		ATOM\r\n	Logon ID:		0x3A164C\r\n\r\nNetwork Information:	\r\n	Object Type:		File\r\n	Source Address:		fe80::18fd:2a50:fe66:a983\r\n	Source Port:		57165\r\n	\r\nShare Information:\r\n	Share Name:		\\\\*\\SYSVOL\r\n	Share Path:		\\??\\C:\\Windows\\SYSVOL\\sysvol\r\n\r\nAccess Request Information:\r\n	Access Mask:		0x1\r\n	Accesses:		ReadData (or ListDirectory)\r\n				\r\n'),
(862, 'Audit Success', '0000-00-00 00:00:00.000000', 'Microsoft-Windows-Security-Auditing', '5140', 'File Share', 'A network share object was accessed.\r\n	\r\nSubject:\r\n	Security ID:		SYSTEM\r\n	Account Name:		SERVER2019$\r\n	Account Domain:		ATOM\r\n	Logon ID:		0x3E7513\r\n\r\nNetwork Information:	\r\n	Object Type:		File\r\n	Source Address:		fe80::18fd:2a50:fe66:a983\r\n	Source Port:		57319\r\n	\r\nShare Information:\r\n	Share Name:		\\\\*\\SYSVOL\r\n	Share Path:		\\??\\C:\\Windows\\SYSVOL\\sysvol\r\n\r\nAccess Request Information:\r\n	Access Mask:		0x1\r\n	Accesses:		ReadData (or ListDirectory)\r\n				\r\n'),
(863, 'Audit Success', '0000-00-00 00:00:00.000000', 'Microsoft-Windows-Security-Auditing', '5140', 'File Share', 'A network share object was accessed.\r\n	\r\nSubject:\r\n	Security ID:		ATOM\\WINDOWS10$\r\n	Account Name:		WINDOWS10$\r\n	Account Domain:		ATOM\r\n	Logon ID:		0x3A2953\r\n\r\nNetwork Information:	\r\n	Object Type:		File\r\n	Source Address:		172.16.117.35\r\n	Source Port:		50507\r\n	\r\nShare Information:\r\n	Share Name:		\\\\*\\IPC$\r\n	Share Path:		\r\n\r\nAccess Request Information:\r\n	Access Mask:		0x1\r\n	Accesses:		ReadData (or ListDirectory)\r\n				\r\n'),
(864, 'Audit Success', '0000-00-00 00:00:00.000000', 'Microsoft-Windows-Security-Auditing', '5140', 'File Share', 'A network share object was accessed.\r\n	\r\nSubject:\r\n	Security ID:		SYSTEM\r\n	Account Name:		SERVER2019$\r\n	Account Domain:		ATOM\r\n	Logon ID:		0x3EC436\r\n\r\nNetwork Information:	\r\n	Object Type:		File\r\n	Source Address:		fe80::18fd:2a50:fe66:a983\r\n	Source Port:		57337\r\n	\r\nShare Information:\r\n	Share Name:		\\\\*\\SYSVOL\r\n	Share Path:		\\??\\C:\\Windows\\SYSVOL\\sysvol\r\n\r\nAccess Request Information:\r\n	Access Mask:		0x1\r\n	Accesses:		ReadData (or ListDirectory)\r\n				\r\n'),
(865, 'Audit Success', '0000-00-00 00:00:00.000000', 'Microsoft-Windows-Security-Auditing', '5140', 'File Share', 'A network share object was accessed.\r\n	\r\nSubject:\r\n	Security ID:		ATOM\\WINDOWS10$\r\n	Account Name:		WINDOWS10$\r\n	Account Domain:		ATOM\r\n	Logon ID:		0x3E824E\r\n\r\nNetwork Information:	\r\n	Object Type:		File\r\n	Source Address:		172.16.117.35\r\n	Source Port:		50669\r\n	\r\nShare Information:\r\n	Share Name:		\\\\*\\IPC$\r\n	Share Path:		\r\n\r\nAccess Request Information:\r\n	Access Mask:		0x1\r\n	Accesses:		ReadData (or ListDirectory)\r\n				\r\n'),
(866, 'Audit Success', '0000-00-00 00:00:00.000000', 'Microsoft-Windows-Security-Auditing', '5140', 'File Share', 'A network share object was accessed.\r\n	\r\nSubject:\r\n	Security ID:		SYSTEM\r\n	Account Name:		SERVER2019$\r\n	Account Domain:		ATOM\r\n	Logon ID:		0x3DAC17\r\n\r\nNetwork Information:	\r\n	Object Type:		File\r\n	Source Address:		fe80::18fd:2a50:fe66:a983\r\n	Source Port:		56931\r\n	\r\nShare Information:\r\n	Share Name:		\\\\*\\SYSVOL\r\n	Share Path:		\\??\\C:\\Windows\\SYSVOL\\sysvol\r\n\r\nAccess Request Information:\r\n	Access Mask:		0x1\r\n	Accesses:		ReadData (or ListDirectory)\r\n				\r\n'),
(867, 'Audit Success', '0000-00-00 00:00:00.000000', 'Microsoft-Windows-Security-Auditing', '5140', 'File Share', 'A network share object was accessed.\r\n	\r\nSubject:\r\n	Security ID:		ATOM\\WINDOWS10$\r\n	Account Name:		WINDOWS10$\r\n	Account Domain:		ATOM\r\n	Logon ID:		0x3B5600\r\n\r\nNetwork Information:	\r\n	Object Type:		File\r\n	Source Address:		172.16.117.35\r\n	Source Port:		50566\r\n	\r\nShare Information:\r\n	Share Name:		\\\\*\\IPC$\r\n	Share Path:		\r\n\r\nAccess Request Information:\r\n	Access Mask:		0x1\r\n	Accesses:		ReadData (or ListDirectory)\r\n				\r\n'),
(868, 'Audit Success', '0000-00-00 00:00:00.000000', 'Microsoft-Windows-Security-Auditing', '5140', 'File Share', 'A network share object was accessed.\r\n	\r\nSubject:\r\n	Security ID:		NETWORK SERVICE\r\n	Account Name:		SERVER2019$\r\n	Account Domain:		ATOM\r\n	Logon ID:		0x3E4\r\n\r\nNetwork Information:	\r\n	Object Type:		File\r\n	Source Address:		fe80::18fd:2a50:fe66:a983\r\n	Source Port:		57243\r\n	\r\nShare Information:\r\n	Share Name:		\\\\*\\IPC$\r\n	Share Path:		\r\n\r\nAccess Request Information:\r\n	Access Mask:		0x1\r\n	Accesses:		ReadData (or ListDirectory)\r\n				\r\n'),
